[2023-06-14T23:40:34.267+0000] {taskinstance.py:1084} INFO - Dependencies all met for dep_context=non-requeueable deps ti=<TaskInstance: data_ingestion_gcs_dag.local_to_gcs_task manual__2023-06-14T23:38:27.238348+00:00 [queued]>
[2023-06-14T23:40:34.292+0000] {taskinstance.py:1084} INFO - Dependencies all met for dep_context=requeueable deps ti=<TaskInstance: data_ingestion_gcs_dag.local_to_gcs_task manual__2023-06-14T23:38:27.238348+00:00 [queued]>
[2023-06-14T23:40:34.293+0000] {taskinstance.py:1282} INFO - 
--------------------------------------------------------------------------------
[2023-06-14T23:40:34.295+0000] {taskinstance.py:1283} INFO - Starting attempt 1 of 2
[2023-06-14T23:40:34.296+0000] {taskinstance.py:1284} INFO - 
--------------------------------------------------------------------------------
[2023-06-14T23:40:34.324+0000] {taskinstance.py:1303} INFO - Executing <Task(PythonOperator): local_to_gcs_task> on 2023-06-14 23:38:27.238348+00:00
[2023-06-14T23:40:34.339+0000] {standard_task_runner.py:55} INFO - Started process 4362 to run task
[2023-06-14T23:40:34.352+0000] {standard_task_runner.py:82} INFO - Running: ['***', 'tasks', 'run', 'data_ingestion_gcs_dag', 'local_to_gcs_task', 'manual__2023-06-14T23:38:27.238348+00:00', '--job-id', '208', '--raw', '--subdir', 'DAGS_FOLDER/data_ingestion_gcs_dag.py', '--cfg-path', '/tmp/tmpmlprb_m8']
[2023-06-14T23:40:34.354+0000] {standard_task_runner.py:83} INFO - Job 208: Subtask local_to_gcs_task
[2023-06-14T23:40:34.604+0000] {task_command.py:388} INFO - Running <TaskInstance: data_ingestion_gcs_dag.local_to_gcs_task manual__2023-06-14T23:38:27.238348+00:00 [running]> on host 570ce802d94a
[2023-06-14T23:40:34.772+0000] {taskinstance.py:1511} INFO - Exporting the following env vars:
AIRFLOW_CTX_DAG_OWNER=***
AIRFLOW_CTX_DAG_ID=data_ingestion_gcs_dag
AIRFLOW_CTX_TASK_ID=local_to_gcs_task
AIRFLOW_CTX_EXECUTION_DATE=2023-06-14T23:38:27.238348+00:00
AIRFLOW_CTX_TRY_NUMBER=1
AIRFLOW_CTX_DAG_RUN_ID=manual__2023-06-14T23:38:27.238348+00:00
[2023-06-14T23:40:34.918+0000] {python.py:177} INFO - Done. Returned value was: None
[2023-06-14T23:40:34.936+0000] {taskinstance.py:1326} INFO - Marking task as SUCCESS. dag_id=data_ingestion_gcs_dag, task_id=local_to_gcs_task, execution_date=20230614T233827, start_date=20230614T234034, end_date=20230614T234034
[2023-06-14T23:40:34.973+0000] {local_task_job.py:212} INFO - Task exited with return code 0
[2023-06-14T23:40:35.009+0000] {taskinstance.py:2585} INFO - 0 downstream tasks scheduled from follow-on schedule check
