[2023-06-15T08:13:54.181+0000] {taskinstance.py:1084} INFO - Dependencies all met for dep_context=non-requeueable deps ti=<TaskInstance: data_ingestion_gcs_dag.download_dataset_task manual__2023-06-15T08:13:29.721059+00:00 [queued]>
[2023-06-15T08:13:54.263+0000] {taskinstance.py:1084} INFO - Dependencies all met for dep_context=requeueable deps ti=<TaskInstance: data_ingestion_gcs_dag.download_dataset_task manual__2023-06-15T08:13:29.721059+00:00 [queued]>
[2023-06-15T08:13:54.265+0000] {taskinstance.py:1282} INFO - 
--------------------------------------------------------------------------------
[2023-06-15T08:13:54.267+0000] {taskinstance.py:1283} INFO - Starting attempt 1 of 2
[2023-06-15T08:13:54.271+0000] {taskinstance.py:1284} INFO - 
--------------------------------------------------------------------------------
[2023-06-15T08:13:54.321+0000] {taskinstance.py:1303} INFO - Executing <Task(BashOperator): download_dataset_task> on 2023-06-15 08:13:29.721059+00:00
[2023-06-15T08:13:54.447+0000] {standard_task_runner.py:55} INFO - Started process 8791 to run task
[2023-06-15T08:13:54.466+0000] {standard_task_runner.py:82} INFO - Running: ['***', 'tasks', 'run', 'data_ingestion_gcs_dag', 'download_dataset_task', 'manual__2023-06-15T08:13:29.721059+00:00', '--job-id', '366', '--raw', '--subdir', 'DAGS_FOLDER/data_ingestion_gcs_dag.py', '--cfg-path', '/tmp/tmpg8y46s8x']
[2023-06-15T08:13:54.473+0000] {standard_task_runner.py:83} INFO - Job 366: Subtask download_dataset_task
[2023-06-15T08:13:54.675+0000] {task_command.py:388} INFO - Running <TaskInstance: data_ingestion_gcs_dag.download_dataset_task manual__2023-06-15T08:13:29.721059+00:00 [running]> on host 658b05ff6f1a
[2023-06-15T08:13:54.848+0000] {taskinstance.py:1511} INFO - Exporting the following env vars:
AIRFLOW_CTX_DAG_OWNER=***
AIRFLOW_CTX_DAG_ID=data_ingestion_gcs_dag
AIRFLOW_CTX_TASK_ID=download_dataset_task
AIRFLOW_CTX_EXECUTION_DATE=2023-06-15T08:13:29.721059+00:00
AIRFLOW_CTX_TRY_NUMBER=1
AIRFLOW_CTX_DAG_RUN_ID=manual__2023-06-15T08:13:29.721059+00:00
[2023-06-15T08:13:54.853+0000] {subprocess.py:63} INFO - Tmp dir root location: 
 /tmp
[2023-06-15T08:13:54.872+0000] {subprocess.py:75} INFO - Running command: ['/bin/bash', '-c', 'kaggle datasets download -d arnabchaki/data-science-salaries-2023 > /opt/***/data-science-salaries-2023.csv']
[2023-06-15T08:13:54.940+0000] {subprocess.py:86} INFO - Output:
[2023-06-15T08:13:58.785+0000] {subprocess.py:93} INFO -   0%|          | 0.00/25.4k [00:00<?, ?B/s]100%|██████████| 25.4k/25.4k [00:00<00:00, 1.17MB/s]
[2023-06-15T08:13:59.006+0000] {subprocess.py:97} INFO - Command exited with return code 0
[2023-06-15T08:13:59.061+0000] {taskinstance.py:1326} INFO - Marking task as SUCCESS. dag_id=data_ingestion_gcs_dag, task_id=download_dataset_task, execution_date=20230615T081329, start_date=20230615T081354, end_date=20230615T081359
[2023-06-15T08:13:59.122+0000] {local_task_job.py:212} INFO - Task exited with return code 0
[2023-06-15T08:13:59.173+0000] {taskinstance.py:2585} INFO - 1 downstream tasks scheduled from follow-on schedule check
