[2023-06-15T12:08:20.830+0000] {taskinstance.py:1084} INFO - Dependencies all met for dep_context=non-requeueable deps ti=<TaskInstance: data_ingestion_gcs_dag.download_dataset_task manual__2023-06-15T12:08:10.271745+00:00 [queued]>
[2023-06-15T12:08:20.847+0000] {taskinstance.py:1084} INFO - Dependencies all met for dep_context=requeueable deps ti=<TaskInstance: data_ingestion_gcs_dag.download_dataset_task manual__2023-06-15T12:08:10.271745+00:00 [queued]>
[2023-06-15T12:08:20.849+0000] {taskinstance.py:1282} INFO - 
--------------------------------------------------------------------------------
[2023-06-15T12:08:20.850+0000] {taskinstance.py:1283} INFO - Starting attempt 1 of 2
[2023-06-15T12:08:20.850+0000] {taskinstance.py:1284} INFO - 
--------------------------------------------------------------------------------
[2023-06-15T12:08:20.874+0000] {taskinstance.py:1303} INFO - Executing <Task(BashOperator): download_dataset_task> on 2023-06-15 12:08:10.271745+00:00
[2023-06-15T12:08:20.899+0000] {standard_task_runner.py:55} INFO - Started process 17788 to run task
[2023-06-15T12:08:20.903+0000] {standard_task_runner.py:82} INFO - Running: ['***', 'tasks', 'run', 'data_ingestion_gcs_dag', 'download_dataset_task', 'manual__2023-06-15T12:08:10.271745+00:00', '--job-id', '407', '--raw', '--subdir', 'DAGS_FOLDER/data_ingestion_gcs_dag.py', '--cfg-path', '/tmp/tmpj595lygw']
[2023-06-15T12:08:20.906+0000] {standard_task_runner.py:83} INFO - Job 407: Subtask download_dataset_task
[2023-06-15T12:08:21.028+0000] {task_command.py:388} INFO - Running <TaskInstance: data_ingestion_gcs_dag.download_dataset_task manual__2023-06-15T12:08:10.271745+00:00 [running]> on host 658b05ff6f1a
[2023-06-15T12:08:21.165+0000] {taskinstance.py:1511} INFO - Exporting the following env vars:
AIRFLOW_CTX_DAG_OWNER=***
AIRFLOW_CTX_DAG_ID=data_ingestion_gcs_dag
AIRFLOW_CTX_TASK_ID=download_dataset_task
AIRFLOW_CTX_EXECUTION_DATE=2023-06-15T12:08:10.271745+00:00
AIRFLOW_CTX_TRY_NUMBER=1
AIRFLOW_CTX_DAG_RUN_ID=manual__2023-06-15T12:08:10.271745+00:00
[2023-06-15T12:08:21.168+0000] {subprocess.py:63} INFO - Tmp dir root location: 
 /tmp
[2023-06-15T12:08:21.183+0000] {subprocess.py:75} INFO - Running command: ['/bin/bash', '-c', 'cd /opt/*** && kaggle datasets download -d arnabchaki/data-science-salaries-2023 && unzip data-science-salaries-2023.zip && rm data-science-salaries-2023.zip']
[2023-06-15T12:08:21.230+0000] {subprocess.py:86} INFO - Output:
[2023-06-15T12:08:23.120+0000] {subprocess.py:93} INFO - data-science-salaries-2023.zip: Skipping, found more recently modified local copy (use --force to force download)
[2023-06-15T12:08:23.275+0000] {subprocess.py:93} INFO - Archive:  data-science-salaries-2023.zip
[2023-06-15T12:08:23.276+0000] {subprocess.py:93} INFO -   End-of-central-directory signature not found.  Either this file is not
[2023-06-15T12:08:23.278+0000] {subprocess.py:93} INFO -   a zipfile, or it constitutes one disk of a multi-part archive.  In the
[2023-06-15T12:08:23.279+0000] {subprocess.py:93} INFO -   latter case the central directory and zipfile comment will be found on
[2023-06-15T12:08:23.280+0000] {subprocess.py:93} INFO -   the last disk(s) of this archive.
[2023-06-15T12:08:23.281+0000] {subprocess.py:93} INFO - unzip:  cannot find zipfile directory in one of data-science-salaries-2023.zip or
[2023-06-15T12:08:23.282+0000] {subprocess.py:93} INFO -         data-science-salaries-2023.zip.zip, and cannot find data-science-salaries-2023.zip.ZIP, period.
[2023-06-15T12:08:23.283+0000] {subprocess.py:97} INFO - Command exited with return code 9
[2023-06-15T12:08:23.300+0000] {taskinstance.py:1775} ERROR - Task failed with exception
Traceback (most recent call last):
  File "/home/airflow/.local/lib/python3.7/site-packages/airflow/operators/bash.py", line 197, in execute
    f"Bash command failed. The command returned a non-zero exit code {result.exit_code}."
airflow.exceptions.AirflowException: Bash command failed. The command returned a non-zero exit code 9.
[2023-06-15T12:08:23.308+0000] {taskinstance.py:1326} INFO - Marking task as UP_FOR_RETRY. dag_id=data_ingestion_gcs_dag, task_id=download_dataset_task, execution_date=20230615T120810, start_date=20230615T120820, end_date=20230615T120823
[2023-06-15T12:08:23.345+0000] {standard_task_runner.py:105} ERROR - Failed to execute job 407 for task download_dataset_task (Bash command failed. The command returned a non-zero exit code 9.; 17788)
[2023-06-15T12:08:23.371+0000] {local_task_job.py:212} INFO - Task exited with return code 1
[2023-06-15T12:08:23.410+0000] {taskinstance.py:2585} INFO - 0 downstream tasks scheduled from follow-on schedule check
