[2023-06-13T18:32:46.534+0000] {taskinstance.py:1084} INFO - Dependencies all met for dep_context=non-requeueable deps ti=<TaskInstance: data_ingestion_gcs_dag.format_to_parquet_task manual__2023-06-13T17:44:58.036409+00:00 [queued]>
[2023-06-13T18:32:46.548+0000] {taskinstance.py:1084} INFO - Dependencies all met for dep_context=requeueable deps ti=<TaskInstance: data_ingestion_gcs_dag.format_to_parquet_task manual__2023-06-13T17:44:58.036409+00:00 [queued]>
[2023-06-13T18:32:46.549+0000] {taskinstance.py:1282} INFO - 
--------------------------------------------------------------------------------
[2023-06-13T18:32:46.550+0000] {taskinstance.py:1283} INFO - Starting attempt 1 of 2
[2023-06-13T18:32:46.551+0000] {taskinstance.py:1284} INFO - 
--------------------------------------------------------------------------------
[2023-06-13T18:32:46.571+0000] {taskinstance.py:1303} INFO - Executing <Task(PythonOperator): format_to_parquet_task> on 2023-06-13 17:44:58.036409+00:00
[2023-06-13T18:32:46.579+0000] {standard_task_runner.py:55} INFO - Started process 3091 to run task
[2023-06-13T18:32:46.583+0000] {standard_task_runner.py:82} INFO - Running: ['***', 'tasks', 'run', 'data_ingestion_gcs_dag', 'format_to_parquet_task', 'manual__2023-06-13T17:44:58.036409+00:00', '--job-id', '45', '--raw', '--subdir', 'DAGS_FOLDER/data_ingestion_gcs_dag.py', '--cfg-path', '/tmp/tmp5h3or60_']
[2023-06-13T18:32:46.586+0000] {standard_task_runner.py:83} INFO - Job 45: Subtask format_to_parquet_task
[2023-06-13T18:32:46.669+0000] {task_command.py:388} INFO - Running <TaskInstance: data_ingestion_gcs_dag.format_to_parquet_task manual__2023-06-13T17:44:58.036409+00:00 [running]> on host 2adc0c380f97
[2023-06-13T18:32:46.781+0000] {taskinstance.py:1511} INFO - Exporting the following env vars:
AIRFLOW_CTX_DAG_OWNER=***
AIRFLOW_CTX_DAG_ID=data_ingestion_gcs_dag
AIRFLOW_CTX_TASK_ID=format_to_parquet_task
AIRFLOW_CTX_EXECUTION_DATE=2023-06-13T17:44:58.036409+00:00
AIRFLOW_CTX_TRY_NUMBER=1
AIRFLOW_CTX_DAG_RUN_ID=manual__2023-06-13T17:44:58.036409+00:00
[2023-06-13T18:32:46.783+0000] {data_ingestion_gcs_dag.py:41} ERROR - Can only accept source files in CSV format, for the moment
[2023-06-13T18:32:46.784+0000] {python.py:177} INFO - Done. Returned value was: None
[2023-06-13T18:32:46.800+0000] {taskinstance.py:1326} INFO - Marking task as SUCCESS. dag_id=data_ingestion_gcs_dag, task_id=format_to_parquet_task, execution_date=20230613T174458, start_date=20230613T183246, end_date=20230613T183246
[2023-06-13T18:32:46.836+0000] {local_task_job.py:212} INFO - Task exited with return code 0
[2023-06-13T18:32:46.879+0000] {taskinstance.py:2585} INFO - 1 downstream tasks scheduled from follow-on schedule check
