[2023-06-15T08:10:11.973+0000] {taskinstance.py:1084} INFO - Dependencies all met for dep_context=non-requeueable deps ti=<TaskInstance: data_ingestion_gcs_dag.format_to_parquet_task manual__2023-06-15T08:09:57.973074+00:00 [queued]>
[2023-06-15T08:10:12.010+0000] {taskinstance.py:1084} INFO - Dependencies all met for dep_context=requeueable deps ti=<TaskInstance: data_ingestion_gcs_dag.format_to_parquet_task manual__2023-06-15T08:09:57.973074+00:00 [queued]>
[2023-06-15T08:10:12.019+0000] {taskinstance.py:1282} INFO - 
--------------------------------------------------------------------------------
[2023-06-15T08:10:12.021+0000] {taskinstance.py:1283} INFO - Starting attempt 1 of 2
[2023-06-15T08:10:12.022+0000] {taskinstance.py:1284} INFO - 
--------------------------------------------------------------------------------
[2023-06-15T08:10:12.093+0000] {taskinstance.py:1303} INFO - Executing <Task(PythonOperator): format_to_parquet_task> on 2023-06-15 08:09:57.973074+00:00
[2023-06-15T08:10:12.285+0000] {standard_task_runner.py:55} INFO - Started process 8552 to run task
[2023-06-15T08:10:12.388+0000] {standard_task_runner.py:82} INFO - Running: ['***', 'tasks', 'run', 'data_ingestion_gcs_dag', 'format_to_parquet_task', 'manual__2023-06-15T08:09:57.973074+00:00', '--job-id', '359', '--raw', '--subdir', 'DAGS_FOLDER/data_ingestion_gcs_dag.py', '--cfg-path', '/tmp/tmp7tnspm38']
[2023-06-15T08:10:12.392+0000] {standard_task_runner.py:83} INFO - Job 359: Subtask format_to_parquet_task
[2023-06-15T08:10:12.715+0000] {task_command.py:388} INFO - Running <TaskInstance: data_ingestion_gcs_dag.format_to_parquet_task manual__2023-06-15T08:09:57.973074+00:00 [running]> on host 658b05ff6f1a
[2023-06-15T08:10:13.421+0000] {taskinstance.py:1511} INFO - Exporting the following env vars:
AIRFLOW_CTX_DAG_OWNER=***
AIRFLOW_CTX_DAG_ID=data_ingestion_gcs_dag
AIRFLOW_CTX_TASK_ID=format_to_parquet_task
AIRFLOW_CTX_EXECUTION_DATE=2023-06-15T08:09:57.973074+00:00
AIRFLOW_CTX_TRY_NUMBER=1
AIRFLOW_CTX_DAG_RUN_ID=manual__2023-06-15T08:09:57.973074+00:00
[2023-06-15T08:10:13.966+0000] {taskinstance.py:1775} ERROR - Task failed with exception
Traceback (most recent call last):
  File "/home/airflow/.local/lib/python3.7/site-packages/airflow/operators/python.py", line 175, in execute
    return_value = self.execute_callable()
  File "/home/airflow/.local/lib/python3.7/site-packages/airflow/operators/python.py", line 192, in execute_callable
    return self.python_callable(*self.op_args, **self.op_kwargs)
  File "/opt/airflow/dags/data_ingestion_gcs_dag.py", line 28, in format_to_parquet
    table = pv.read_csv(src_file)
  File "pyarrow/_csv.pyx", line 1217, in pyarrow._csv.read_csv
  File "pyarrow/_csv.pyx", line 1226, in pyarrow._csv.read_csv
  File "pyarrow/error.pxi", line 144, in pyarrow.lib.pyarrow_internal_check_status
  File "pyarrow/error.pxi", line 100, in pyarrow.lib.check_status
pyarrow.lib.ArrowInvalid: Empty CSV file
[2023-06-15T08:10:14.356+0000] {taskinstance.py:1326} INFO - Marking task as UP_FOR_RETRY. dag_id=data_ingestion_gcs_dag, task_id=format_to_parquet_task, execution_date=20230615T080957, start_date=20230615T081011, end_date=20230615T081014
[2023-06-15T08:10:14.473+0000] {standard_task_runner.py:105} ERROR - Failed to execute job 359 for task format_to_parquet_task (Empty CSV file; 8552)
[2023-06-15T08:10:14.584+0000] {local_task_job.py:212} INFO - Task exited with return code 1
[2023-06-15T08:10:14.807+0000] {taskinstance.py:2585} INFO - 0 downstream tasks scheduled from follow-on schedule check
