[2023-06-16T00:20:58.082+0000] {taskinstance.py:1084} INFO - Dependencies all met for dep_context=non-requeueable deps ti=<TaskInstance: data_ingestion_gcs_dag.download_dataset_task manual__2023-06-16T00:20:55.429135+00:00 [queued]>
[2023-06-16T00:20:58.094+0000] {taskinstance.py:1084} INFO - Dependencies all met for dep_context=requeueable deps ti=<TaskInstance: data_ingestion_gcs_dag.download_dataset_task manual__2023-06-16T00:20:55.429135+00:00 [queued]>
[2023-06-16T00:20:58.096+0000] {taskinstance.py:1282} INFO - 
--------------------------------------------------------------------------------
[2023-06-16T00:20:58.096+0000] {taskinstance.py:1283} INFO - Starting attempt 1 of 2
[2023-06-16T00:20:58.097+0000] {taskinstance.py:1284} INFO - 
--------------------------------------------------------------------------------
[2023-06-16T00:20:58.120+0000] {taskinstance.py:1303} INFO - Executing <Task(BashOperator): download_dataset_task> on 2023-06-16 00:20:55.429135+00:00
[2023-06-16T00:20:58.131+0000] {standard_task_runner.py:55} INFO - Started process 3266 to run task
[2023-06-16T00:20:58.134+0000] {standard_task_runner.py:82} INFO - Running: ['***', 'tasks', 'run', 'data_ingestion_gcs_dag', 'download_dataset_task', 'manual__2023-06-16T00:20:55.429135+00:00', '--job-id', '491', '--raw', '--subdir', 'DAGS_FOLDER/data_ingestion_gcs_dag.py', '--cfg-path', '/tmp/tmpqudq2c67']
[2023-06-16T00:20:58.136+0000] {standard_task_runner.py:83} INFO - Job 491: Subtask download_dataset_task
[2023-06-16T00:20:58.219+0000] {task_command.py:388} INFO - Running <TaskInstance: data_ingestion_gcs_dag.download_dataset_task manual__2023-06-16T00:20:55.429135+00:00 [running]> on host 5ecaba85f1b3
[2023-06-16T00:20:58.317+0000] {taskinstance.py:1511} INFO - Exporting the following env vars:
AIRFLOW_CTX_DAG_OWNER=***
AIRFLOW_CTX_DAG_ID=data_ingestion_gcs_dag
AIRFLOW_CTX_TASK_ID=download_dataset_task
AIRFLOW_CTX_EXECUTION_DATE=2023-06-16T00:20:55.429135+00:00
AIRFLOW_CTX_TRY_NUMBER=1
AIRFLOW_CTX_DAG_RUN_ID=manual__2023-06-16T00:20:55.429135+00:00
[2023-06-16T00:20:58.319+0000] {subprocess.py:63} INFO - Tmp dir root location: 
 /tmp
[2023-06-16T00:20:58.322+0000] {subprocess.py:75} INFO - Running command: ['/bin/bash', '-c', '\n        cd /opt/*** &&\n        if [ ! -d direct-messaging ]; then\n            mkdir direct-messaging &&\n            cd direct-messaging &&\n            kaggle datasets download -d mkechinov/direct-messaging --force &&\n            unzip direct-messaging.zip && \n            rm direct-messaging.zip\n        elif [ -d direct-messaging]: then\n            cd direct-messaging &&\n            ls &&\n        fi\n        ']
[2023-06-16T00:20:58.339+0000] {subprocess.py:86} INFO - Output:
[2023-06-16T00:20:58.341+0000] {subprocess.py:93} INFO - /bin/bash: -c: line 12: syntax error near unexpected token `fi'
[2023-06-16T00:20:58.342+0000] {subprocess.py:93} INFO - /bin/bash: -c: line 12: `        fi'
[2023-06-16T00:20:58.343+0000] {subprocess.py:97} INFO - Command exited with return code 2
[2023-06-16T00:20:58.356+0000] {taskinstance.py:1775} ERROR - Task failed with exception
Traceback (most recent call last):
  File "/home/airflow/.local/lib/python3.7/site-packages/airflow/operators/bash.py", line 197, in execute
    f"Bash command failed. The command returned a non-zero exit code {result.exit_code}."
airflow.exceptions.AirflowException: Bash command failed. The command returned a non-zero exit code 2.
[2023-06-16T00:20:58.361+0000] {taskinstance.py:1326} INFO - Marking task as UP_FOR_RETRY. dag_id=data_ingestion_gcs_dag, task_id=download_dataset_task, execution_date=20230616T002055, start_date=20230616T002058, end_date=20230616T002058
[2023-06-16T00:20:58.382+0000] {standard_task_runner.py:105} ERROR - Failed to execute job 491 for task download_dataset_task (Bash command failed. The command returned a non-zero exit code 2.; 3266)
[2023-06-16T00:20:58.427+0000] {local_task_job.py:212} INFO - Task exited with return code 1
[2023-06-16T00:20:58.458+0000] {taskinstance.py:2585} INFO - 0 downstream tasks scheduled from follow-on schedule check
