[2023-06-18T01:31:36.597+0000] {manager.py:483} INFO - Processing files using up to 2 processes at a time 
[2023-06-18T01:31:36.656+0000] {manager.py:484} INFO - Process each file at most once every 30 seconds
[2023-06-18T01:31:36.690+0000] {manager.py:486} INFO - Checking for new files in /opt/airflow/dags every 300 seconds
[2023-06-18T01:31:36.715+0000] {manager.py:726} INFO - Searching for files in /opt/airflow/dags
[2023-06-18T01:31:37.312+0000] {manager.py:729} INFO - There are 3 files in /opt/airflow/dags
[2023-06-18T01:31:38.896+0000] {manager.py:854} INFO - 
================================================================================
DAG File Processing Stats

File Path                                        PID  Runtime      # DAGs    # Errors  Last Runtime    Last Run
---------------------------------------------  -----  ---------  --------  ----------  --------------  ----------
/opt/airflow/dags/dag_ingestion_kaggle.py         82  0.52s             0           0
/opt/airflow/dags/dag_ingestion_kaggle_zip.py                           0           0
/opt/airflow/dags/dag_test_kaggle.py              81  0.65s             0           0
================================================================================
[2023-06-18T01:32:09.114+0000] {manager.py:854} INFO - 
================================================================================
DAG File Processing Stats

File Path                                        PID  Runtime      # DAGs    # Errors  Last Runtime    Last Run
---------------------------------------------  -----  ---------  --------  ----------  --------------  ----------
/opt/airflow/dags/dag_ingestion_kaggle.py         82  30.95s            0           0
/opt/airflow/dags/dag_ingestion_kaggle_zip.py                           0           0
/opt/airflow/dags/dag_test_kaggle.py              81  31.08s            0           0
================================================================================
[2023-06-18T01:32:39.874+0000] {manager.py:854} INFO - 
================================================================================
DAG File Processing Stats

File Path                                        PID  Runtime      # DAGs    # Errors  Last Runtime    Last Run
---------------------------------------------  -----  ---------  --------  ----------  --------------  -------------------
/opt/airflow/dags/dag_ingestion_kaggle.py                               0           1  31.53s          2023-06-18T01:32:09
/opt/airflow/dags/dag_test_kaggle.py             117  0.35s             0           1  31.25s          2023-06-18T01:32:09
/opt/airflow/dags/dag_ingestion_kaggle_zip.py                           1           0  29.96s          2023-06-18T01:32:39
================================================================================
[2023-06-18T01:33:10.845+0000] {manager.py:854} INFO - 
================================================================================
DAG File Processing Stats

File Path                                        PID  Runtime      # DAGs    # Errors  Last Runtime    Last Run
---------------------------------------------  -----  ---------  --------  ----------  --------------  -------------------
/opt/airflow/dags/dag_ingestion_kaggle.py        119  30.72s            0           1  31.53s          2023-06-18T01:32:09
/opt/airflow/dags/dag_test_kaggle.py             117  31.34s            0           1  31.25s          2023-06-18T01:32:09
/opt/airflow/dags/dag_ingestion_kaggle_zip.py                           1           0  29.96s          2023-06-18T01:32:39
================================================================================
[2023-06-18T01:33:42.171+0000] {manager.py:854} INFO - 
================================================================================
DAG File Processing Stats

File Path                                        PID  Runtime      # DAGs    # Errors  Last Runtime    Last Run
---------------------------------------------  -----  ---------  --------  ----------  --------------  -------------------
/opt/airflow/dags/dag_ingestion_kaggle.py        156  0.01s             0           1  30.98s          2023-06-18T01:33:11
/opt/airflow/dags/dag_test_kaggle.py             155  0.22s             0           1  31.49s          2023-06-18T01:33:10
/opt/airflow/dags/dag_ingestion_kaggle_zip.py                           1           0  12.89s          2023-06-18T01:33:23
================================================================================
[2023-06-18T01:34:12.293+0000] {manager.py:854} INFO - 
================================================================================
DAG File Processing Stats

File Path                                      PID    Runtime      # DAGs    # Errors  Last Runtime    Last Run
---------------------------------------------  -----  ---------  --------  ----------  --------------  -------------------
/opt/airflow/dags/dag_test_kaggle.py                                    0           1  18.20s          2023-06-18T01:33:59
/opt/airflow/dags/dag_ingestion_kaggle.py                               1           0  18.41s          2023-06-18T01:34:00
/opt/airflow/dags/dag_ingestion_kaggle_zip.py                           1           0  1.91s           2023-06-18T01:34:01
================================================================================
[2023-06-18T01:34:42.325+0000] {manager.py:854} INFO - 
================================================================================
DAG File Processing Stats

File Path                                        PID  Runtime      # DAGs    # Errors  Last Runtime    Last Run
---------------------------------------------  -----  ---------  --------  ----------  --------------  -------------------
/opt/airflow/dags/dag_test_kaggle.py             190  12.33s            0           1  18.20s          2023-06-18T01:33:59
/opt/airflow/dags/dag_ingestion_kaggle.py        191  11.44s            1           0  18.41s          2023-06-18T01:34:00
/opt/airflow/dags/dag_ingestion_kaggle_zip.py                           1           0  1.91s           2023-06-18T01:34:01
================================================================================
[2023-06-18T01:35:12.589+0000] {manager.py:854} INFO - 
================================================================================
DAG File Processing Stats

File Path                                      PID    Runtime      # DAGs    # Errors  Last Runtime    Last Run
---------------------------------------------  -----  ---------  --------  ----------  --------------  -------------------
/opt/airflow/dags/dag_test_kaggle.py                                    0           1  21.84s          2023-06-18T01:34:51
/opt/airflow/dags/dag_ingestion_kaggle.py                               1           0  21.30s          2023-06-18T01:34:52
/opt/airflow/dags/dag_ingestion_kaggle_zip.py                           1           0  5.85s           2023-06-18T01:34:57
================================================================================
[2023-06-18T01:35:42.801+0000] {manager.py:854} INFO - 
================================================================================
DAG File Processing Stats

File Path                                        PID  Runtime      # DAGs    # Errors  Last Runtime    Last Run
---------------------------------------------  -----  ---------  --------  ----------  --------------  -------------------
/opt/airflow/dags/dag_test_kaggle.py                                    0           1  17.77s          2023-06-18T01:35:40
/opt/airflow/dags/dag_ingestion_kaggle.py                               1           0  18.28s          2023-06-18T01:35:40
/opt/airflow/dags/dag_ingestion_kaggle_zip.py    243  2.52s             1           0  5.85s           2023-06-18T01:34:57
================================================================================
[2023-06-18T01:36:13.083+0000] {manager.py:854} INFO - 
================================================================================
DAG File Processing Stats

File Path                                        PID  Runtime      # DAGs    # Errors  Last Runtime    Last Run
---------------------------------------------  -----  ---------  --------  ----------  --------------  -------------------
/opt/airflow/dags/dag_test_kaggle.py             258  2.61s             0           1  17.77s          2023-06-18T01:35:40
/opt/airflow/dags/dag_ingestion_kaggle.py        266  1.34s             1           0  18.28s          2023-06-18T01:35:40
/opt/airflow/dags/dag_ingestion_kaggle_zip.py                           1           0  8.65s           2023-06-18T01:35:48
================================================================================
[2023-06-18T01:36:37.409+0000] {manager.py:726} INFO - Searching for files in /opt/airflow/dags
[2023-06-18T01:36:38.863+0000] {manager.py:729} INFO - There are 3 files in /opt/airflow/dags
[2023-06-18T01:36:43.182+0000] {manager.py:854} INFO - 
================================================================================
DAG File Processing Stats

File Path                                        PID  Runtime      # DAGs    # Errors  Last Runtime    Last Run
---------------------------------------------  -----  ---------  --------  ----------  --------------  -------------------
/opt/airflow/dags/dag_test_kaggle.py                                    0           1  32.33s          2023-06-18T01:36:42
/opt/airflow/dags/dag_ingestion_kaggle.py                               1           0  31.24s          2023-06-18T01:36:42
/opt/airflow/dags/dag_ingestion_kaggle_zip.py    284  0.35s             1           0  8.65s           2023-06-18T01:35:48
================================================================================
[2023-06-18T01:37:13.900+0000] {manager.py:854} INFO - 
================================================================================
DAG File Processing Stats

File Path                                        PID  Runtime      # DAGs    # Errors  Last Runtime    Last Run
---------------------------------------------  -----  ---------  --------  ----------  --------------  -------------------
/opt/airflow/dags/dag_test_kaggle.py             304  0.66s             0           1  32.33s          2023-06-18T01:36:42
/opt/airflow/dags/dag_ingestion_kaggle.py        305  0.10s             1           0  31.24s          2023-06-18T01:36:42
/opt/airflow/dags/dag_ingestion_kaggle_zip.py                           1           0  9.83s           2023-06-18T01:36:52
================================================================================
[2023-06-18T01:37:44.793+0000] {manager.py:854} INFO - 
================================================================================
DAG File Processing Stats

File Path                                      PID    Runtime      # DAGs    # Errors  Last Runtime    Last Run
---------------------------------------------  -----  ---------  --------  ----------  --------------  -------------------
/opt/airflow/dags/dag_test_kaggle.py                                    0           1  10.01s          2023-06-18T01:37:23
/opt/airflow/dags/dag_ingestion_kaggle.py                               1           0  9.54s           2023-06-18T01:37:23
/opt/airflow/dags/dag_ingestion_kaggle_zip.py                           1           0  2.26s           2023-06-18T01:37:25
================================================================================
[2023-06-18T01:38:16.006+0000] {manager.py:854} INFO - 
================================================================================
DAG File Processing Stats

File Path                                        PID  Runtime      # DAGs    # Errors  Last Runtime    Last Run
---------------------------------------------  -----  ---------  --------  ----------  --------------  -------------------
/opt/airflow/dags/dag_test_kaggle.py             340  21.98s            0           1  10.01s          2023-06-18T01:37:23
/opt/airflow/dags/dag_ingestion_kaggle.py        341  21.96s            1           0  9.54s           2023-06-18T01:37:23
/opt/airflow/dags/dag_ingestion_kaggle_zip.py                           1           0  2.26s           2023-06-18T01:37:25
================================================================================
[2023-06-18T01:38:46.157+0000] {manager.py:854} INFO - 
================================================================================
DAG File Processing Stats

File Path                                        PID  Runtime      # DAGs    # Errors  Last Runtime    Last Run
---------------------------------------------  -----  ---------  --------  ----------  --------------  -------------------
/opt/airflow/dags/dag_ingestion_kaggle.py                               0           1  33.72s          2023-06-18T01:38:27
/opt/airflow/dags/dag_test_kaggle.py                                    0           1  33.64s          2023-06-18T01:38:27
/opt/airflow/dags/dag_ingestion_kaggle_zip.py    361  18.92s            1           0  2.26s           2023-06-18T01:37:25
================================================================================
[2023-06-18T01:39:16.384+0000] {manager.py:854} INFO - 
================================================================================
DAG File Processing Stats

File Path                                        PID  Runtime      # DAGs    # Errors  Last Runtime    Last Run
---------------------------------------------  -----  ---------  --------  ----------  --------------  -------------------
/opt/airflow/dags/dag_ingestion_kaggle.py        380  18.40s            0           1  33.72s          2023-06-18T01:38:27
/opt/airflow/dags/dag_test_kaggle.py             379  18.50s            0           1  33.64s          2023-06-18T01:38:27
/opt/airflow/dags/dag_ingestion_kaggle_zip.py                           1           0  22.53s          2023-06-18T01:38:49
================================================================================
[2023-06-18T01:39:46.830+0000] {manager.py:854} INFO - 
================================================================================
DAG File Processing Stats

File Path                                      PID    Runtime      # DAGs    # Errors  Last Runtime    Last Run
---------------------------------------------  -----  ---------  --------  ----------  --------------  -------------------
/opt/airflow/dags/dag_test_kaggle.py                                    0           1  20.48s          2023-06-18T01:39:18
/opt/airflow/dags/dag_ingestion_kaggle.py                               1           0  20.71s          2023-06-18T01:39:18
/opt/airflow/dags/dag_ingestion_kaggle_zip.py                           1           0  2.05s           2023-06-18T01:39:22
================================================================================
[2023-06-18T01:40:17.109+0000] {manager.py:854} INFO - 
================================================================================
DAG File Processing Stats

File Path                                      PID    Runtime      # DAGs    # Errors  Last Runtime    Last Run
---------------------------------------------  -----  ---------  --------  ----------  --------------  -------------------
/opt/airflow/dags/dag_test_kaggle.py                                    0           1  11.71s          2023-06-18T01:40:00
/opt/airflow/dags/dag_ingestion_kaggle.py                               1           0  11.86s          2023-06-18T01:40:00
/opt/airflow/dags/dag_ingestion_kaggle_zip.py                           1           0  3.49s           2023-06-18T01:40:04
================================================================================
[2023-06-18T01:40:48.721+0000] {manager.py:854} INFO - 
================================================================================
DAG File Processing Stats

File Path                                        PID  Runtime      # DAGs    # Errors  Last Runtime    Last Run
---------------------------------------------  -----  ---------  --------  ----------  --------------  -------------------
/opt/airflow/dags/dag_test_kaggle.py             457  16.99s            0           1  11.71s          2023-06-18T01:40:00
/opt/airflow/dags/dag_ingestion_kaggle.py        458  16.60s            1           0  11.86s          2023-06-18T01:40:00
/opt/airflow/dags/dag_ingestion_kaggle_zip.py                           1           0  3.49s           2023-06-18T01:40:04
================================================================================
[2023-06-18T01:41:19.700+0000] {manager.py:854} INFO - 
================================================================================
DAG File Processing Stats

File Path                                        PID  Runtime      # DAGs    # Errors  Last Runtime    Last Run
---------------------------------------------  -----  ---------  --------  ----------  --------------  -------------------
/opt/airflow/dags/dag_test_kaggle.py             457  48.59s            0           1  11.71s          2023-06-18T01:40:00
/opt/airflow/dags/dag_ingestion_kaggle.py        458  48.20s            1           0  11.86s          2023-06-18T01:40:00
/opt/airflow/dags/dag_ingestion_kaggle_zip.py                           1           0  3.49s           2023-06-18T01:40:04
================================================================================
[2023-06-18T01:41:21.781+0000] {manager.py:1160} ERROR - Processor for /opt/airflow/dags/dag_test_kaggle.py with PID 457 started at 2023-06-18T01:40:31.084476+00:00 has timed out, killing it.
[2023-06-18T01:41:23.469+0000] {manager.py:1160} ERROR - Processor for /opt/airflow/dags/dag_ingestion_kaggle.py with PID 458 started at 2023-06-18T01:40:31.473920+00:00 has timed out, killing it.
[2023-06-18T01:41:37.629+0000] {manager.py:726} INFO - Searching for files in /opt/airflow/dags
[2023-06-18T01:41:38.999+0000] {manager.py:729} INFO - There are 3 files in /opt/airflow/dags
[2023-06-18T01:41:50.285+0000] {manager.py:854} INFO - 
================================================================================
DAG File Processing Stats

File Path                                        PID  Runtime      # DAGs    # Errors  Last Runtime    Last Run
---------------------------------------------  -----  ---------  --------  ----------  --------------  -------------------
/opt/airflow/dags/dag_ingestion_kaggle.py                               0           1  50.30s          2023-06-18T01:41:21
/opt/airflow/dags/dag_test_kaggle.py                                    0           1  50.69s          2023-06-18T01:41:21
/opt/airflow/dags/dag_ingestion_kaggle_zip.py    479  25.69s            1           0  3.49s           2023-06-18T01:40:04
================================================================================
[2023-06-18T01:42:20.581+0000] {manager.py:854} INFO - 
================================================================================
DAG File Processing Stats

File Path                                      PID    Runtime      # DAGs    # Errors  Last Runtime    Last Run
---------------------------------------------  -----  ---------  --------  ----------  --------------  -------------------
/opt/airflow/dags/dag_ingestion_kaggle_zip.py                           0           1  34.85s          2023-06-18T01:41:59
/opt/airflow/dags/dag_test_kaggle.py                                    0           1  20.26s          2023-06-18T01:42:12
/opt/airflow/dags/dag_ingestion_kaggle.py                               1           0  14.65s          2023-06-18T01:42:14
================================================================================
[2023-06-18T01:42:51.759+0000] {manager.py:854} INFO - 
================================================================================
DAG File Processing Stats

File Path                                        PID  Runtime      # DAGs    # Errors  Last Runtime    Last Run
---------------------------------------------  -----  ---------  --------  ----------  --------------  -------------------
/opt/airflow/dags/dag_ingestion_kaggle_zip.py    520  21.17s            0           1  34.85s          2023-06-18T01:41:59
/opt/airflow/dags/dag_test_kaggle.py             530  8.40s             0           1  20.26s          2023-06-18T01:42:12
/opt/airflow/dags/dag_ingestion_kaggle.py                               1           0  14.65s          2023-06-18T01:42:14
================================================================================
[2023-06-18T01:43:22.521+0000] {manager.py:854} INFO - 
================================================================================
DAG File Processing Stats

File Path                                        PID  Runtime      # DAGs    # Errors  Last Runtime    Last Run
---------------------------------------------  -----  ---------  --------  ----------  --------------  -------------------
/opt/airflow/dags/dag_ingestion_kaggle_zip.py                           0           1  34.54s          2023-06-18T01:43:04
/opt/airflow/dags/dag_test_kaggle.py             530  39.43s            0           1  20.26s          2023-06-18T01:42:12
/opt/airflow/dags/dag_ingestion_kaggle.py        542  17.64s            1           0  14.65s          2023-06-18T01:42:14
================================================================================
[2023-06-18T01:43:33.643+0000] {manager.py:1160} ERROR - Processor for /opt/airflow/dags/dag_test_kaggle.py with PID 530 started at 2023-06-18T01:42:42.886454+00:00 has timed out, killing it.
[2023-06-18T01:43:52.776+0000] {manager.py:854} INFO - 
================================================================================
DAG File Processing Stats

File Path                                      PID    Runtime      # DAGs    # Errors  Last Runtime    Last Run
---------------------------------------------  -----  ---------  --------  ----------  --------------  -------------------
/opt/airflow/dags/dag_ingestion_kaggle.py                               0           1  32.12s          2023-06-18T01:43:36
/opt/airflow/dags/dag_test_kaggle.py                                    0           1  50.76s          2023-06-18T01:43:33
/opt/airflow/dags/dag_ingestion_kaggle_zip.py                           1           0  7.54s           2023-06-18T01:43:42
================================================================================
[2023-06-18T01:44:22.969+0000] {manager.py:854} INFO - 
================================================================================
DAG File Processing Stats

File Path                                      PID    Runtime      # DAGs    # Errors  Last Runtime    Last Run
---------------------------------------------  -----  ---------  --------  ----------  --------------  -------------------
/opt/airflow/dags/dag_test_kaggle.py                                    0           1  3.06s           2023-06-18T01:44:07
/opt/airflow/dags/dag_ingestion_kaggle.py                               1           0  1.74s           2023-06-18T01:44:08
/opt/airflow/dags/dag_ingestion_kaggle_zip.py                           1           0  1.14s           2023-06-18T01:44:13
================================================================================
[2023-06-18T01:44:53.061+0000] {manager.py:854} INFO - 
================================================================================
DAG File Processing Stats

File Path                                      PID    Runtime      # DAGs    # Errors  Last Runtime    Last Run
---------------------------------------------  -----  ---------  --------  ----------  --------------  -------------------
/opt/airflow/dags/dag_test_kaggle.py                                    0           1  4.34s           2023-06-18T01:44:41
/opt/airflow/dags/dag_ingestion_kaggle.py                               1           0  3.37s           2023-06-18T01:44:42
/opt/airflow/dags/dag_ingestion_kaggle_zip.py                           1           0  1.60s           2023-06-18T01:44:45
================================================================================
[2023-06-18T01:45:23.392+0000] {manager.py:854} INFO - 
================================================================================
DAG File Processing Stats

File Path                                      PID    Runtime      # DAGs    # Errors  Last Runtime    Last Run
---------------------------------------------  -----  ---------  --------  ----------  --------------  -------------------
/opt/airflow/dags/dag_test_kaggle.py                                    0           1  1.62s           2023-06-18T01:45:13
/opt/airflow/dags/dag_ingestion_kaggle.py                               1           0  2.79s           2023-06-18T01:45:16
/opt/airflow/dags/dag_ingestion_kaggle_zip.py                           1           0  2.14s           2023-06-18T01:45:17
================================================================================
[2023-06-18T01:45:53.682+0000] {manager.py:854} INFO - 
================================================================================
DAG File Processing Stats

File Path                                      PID    Runtime      # DAGs    # Errors  Last Runtime    Last Run
---------------------------------------------  -----  ---------  --------  ----------  --------------  -------------------
/opt/airflow/dags/dag_test_kaggle.py                                    0           1  1.21s           2023-06-18T01:45:45
/opt/airflow/dags/dag_ingestion_kaggle.py                               1           0  1.41s           2023-06-18T01:45:47
/opt/airflow/dags/dag_ingestion_kaggle_zip.py                           1           0  2.26s           2023-06-18T01:45:50
================================================================================
[2023-06-18T01:46:24.411+0000] {manager.py:854} INFO - 
================================================================================
DAG File Processing Stats

File Path                                      PID    Runtime      # DAGs    # Errors  Last Runtime    Last Run
---------------------------------------------  -----  ---------  --------  ----------  --------------  -------------------
/opt/airflow/dags/dag_test_kaggle.py                                    0           1  0.85s           2023-06-18T01:46:16
/opt/airflow/dags/dag_ingestion_kaggle.py                               1           0  1.84s           2023-06-18T01:46:19
/opt/airflow/dags/dag_ingestion_kaggle_zip.py                           1           0  1.24s           2023-06-18T01:46:22
================================================================================
[2023-06-18T01:46:37.792+0000] {manager.py:726} INFO - Searching for files in /opt/airflow/dags
[2023-06-18T01:46:37.865+0000] {manager.py:729} INFO - There are 3 files in /opt/airflow/dags
[2023-06-18T01:46:54.447+0000] {manager.py:854} INFO - 
================================================================================
DAG File Processing Stats

File Path                                      PID    Runtime      # DAGs    # Errors  Last Runtime    Last Run
---------------------------------------------  -----  ---------  --------  ----------  --------------  -------------------
/opt/airflow/dags/dag_test_kaggle.py                                    0           1  1.20s           2023-06-18T01:46:48
/opt/airflow/dags/dag_ingestion_kaggle.py                               1           0  1.04s           2023-06-18T01:46:51
/opt/airflow/dags/dag_ingestion_kaggle_zip.py                           1           0  1.31s           2023-06-18T01:46:54
================================================================================
[2023-06-18T01:47:25.095+0000] {manager.py:854} INFO - 
================================================================================
DAG File Processing Stats

File Path                                        PID  Runtime      # DAGs    # Errors  Last Runtime    Last Run
---------------------------------------------  -----  ---------  --------  ----------  --------------  -------------------
/opt/airflow/dags/dag_test_kaggle.py                                    0           1  1.42s           2023-06-18T01:47:20
/opt/airflow/dags/dag_ingestion_kaggle.py                               1           0  1.54s           2023-06-18T01:47:23
/opt/airflow/dags/dag_ingestion_kaggle_zip.py    834  0.01s             1           0  1.31s           2023-06-18T01:46:54
================================================================================
[2023-06-18T01:47:55.163+0000] {manager.py:854} INFO - 
================================================================================
DAG File Processing Stats

File Path                                        PID  Runtime      # DAGs    # Errors  Last Runtime    Last Run
---------------------------------------------  -----  ---------  --------  ----------  --------------  -------------------
/opt/airflow/dags/dag_test_kaggle.py                                    0           1  1.68s           2023-06-18T01:47:52
/opt/airflow/dags/dag_ingestion_kaggle.py        866  1.15s             1           0  1.54s           2023-06-18T01:47:23
/opt/airflow/dags/dag_ingestion_kaggle_zip.py                           1           0  1.34s           2023-06-18T01:47:26
================================================================================
[2023-06-18T01:48:25.977+0000] {manager.py:854} INFO - 
================================================================================
DAG File Processing Stats

File Path                                        PID  Runtime      # DAGs    # Errors  Last Runtime    Last Run
---------------------------------------------  -----  ---------  --------  ----------  --------------  -------------------
/opt/airflow/dags/dag_test_kaggle.py                                    0           1  1.07s           2023-06-18T01:48:24
/opt/airflow/dags/dag_ingestion_kaggle.py        901  0.01s             1           0  1.57s           2023-06-18T01:47:55
/opt/airflow/dags/dag_ingestion_kaggle_zip.py                           1           0  1.18s           2023-06-18T01:47:57
================================================================================
[2023-06-18T01:48:56.413+0000] {manager.py:854} INFO - 
================================================================================
DAG File Processing Stats

File Path                                      PID    Runtime      # DAGs    # Errors  Last Runtime    Last Run
---------------------------------------------  -----  ---------  --------  ----------  --------------  -------------------
/opt/airflow/dags/dag_test_kaggle.py                                    0           1  1.11s           2023-06-18T01:48:55
/opt/airflow/dags/dag_ingestion_kaggle.py                               1           0  1.08s           2023-06-18T01:48:27
/opt/airflow/dags/dag_ingestion_kaggle_zip.py                           1           0  1.20s           2023-06-18T01:48:29
================================================================================
[2023-06-18T01:49:26.647+0000] {manager.py:854} INFO - 
================================================================================
DAG File Processing Stats

File Path                                      PID    Runtime      # DAGs    # Errors  Last Runtime    Last Run
---------------------------------------------  -----  ---------  --------  ----------  --------------  -------------------
/opt/airflow/dags/dag_test_kaggle.py                                    0           1  0.90s           2023-06-18T01:49:26
/opt/airflow/dags/dag_ingestion_kaggle.py                               1           0  1.17s           2023-06-18T01:48:58
/opt/airflow/dags/dag_ingestion_kaggle_zip.py                           1           0  1.88s           2023-06-18T01:49:01
================================================================================
[2023-06-18T01:49:56.875+0000] {manager.py:854} INFO - 
================================================================================
DAG File Processing Stats

File Path                                        PID  Runtime      # DAGs    # Errors  Last Runtime    Last Run
---------------------------------------------  -----  ---------  --------  ----------  --------------  -------------------
/opt/airflow/dags/dag_test_kaggle.py            1018  0.00s             0           1  0.90s           2023-06-18T01:49:26
/opt/airflow/dags/dag_ingestion_kaggle.py                               1           0  1.10s           2023-06-18T01:49:29
/opt/airflow/dags/dag_ingestion_kaggle_zip.py                           1           0  0.90s           2023-06-18T01:49:32
================================================================================
[2023-06-18T01:50:27.006+0000] {manager.py:854} INFO - 
================================================================================
DAG File Processing Stats

File Path                                      PID    Runtime      # DAGs    # Errors  Last Runtime    Last Run
---------------------------------------------  -----  ---------  --------  ----------  --------------  -------------------
/opt/airflow/dags/dag_test_kaggle.py                                    0           1  0.84s           2023-06-18T01:49:57
/opt/airflow/dags/dag_ingestion_kaggle.py                               1           0  1.01s           2023-06-18T01:50:01
/opt/airflow/dags/dag_ingestion_kaggle_zip.py                           1           0  1.97s           2023-06-18T01:50:04
================================================================================
[2023-06-18T01:50:57.567+0000] {manager.py:854} INFO - 
================================================================================
DAG File Processing Stats

File Path                                      PID    Runtime      # DAGs    # Errors  Last Runtime    Last Run
---------------------------------------------  -----  ---------  --------  ----------  --------------  -------------------
/opt/airflow/dags/dag_test_kaggle.py                                    0           1  1.07s           2023-06-18T01:50:29
/opt/airflow/dags/dag_ingestion_kaggle.py                               1           0  1.33s           2023-06-18T01:50:33
/opt/airflow/dags/dag_ingestion_kaggle_zip.py                           1           0  1.10s           2023-06-18T01:50:36
================================================================================
[2023-06-18T01:51:27.907+0000] {manager.py:854} INFO - 
================================================================================
DAG File Processing Stats

File Path                                      PID    Runtime      # DAGs    # Errors  Last Runtime    Last Run
---------------------------------------------  -----  ---------  --------  ----------  --------------  -------------------
/opt/airflow/dags/dag_test_kaggle.py                                    0           1  1.35s           2023-06-18T01:51:00
/opt/airflow/dags/dag_ingestion_kaggle.py                               1           0  1.17s           2023-06-18T01:51:04
/opt/airflow/dags/dag_ingestion_kaggle_zip.py                           1           0  0.94s           2023-06-18T01:51:07
================================================================================
[2023-06-18T01:51:37.991+0000] {manager.py:726} INFO - Searching for files in /opt/airflow/dags
[2023-06-18T01:51:38.077+0000] {manager.py:729} INFO - There are 3 files in /opt/airflow/dags
[2023-06-18T01:51:58.303+0000] {manager.py:854} INFO - 
================================================================================
DAG File Processing Stats

File Path                                      PID    Runtime      # DAGs    # Errors  Last Runtime    Last Run
---------------------------------------------  -----  ---------  --------  ----------  --------------  -------------------
/opt/airflow/dags/dag_test_kaggle.py                                    0           1  0.78s           2023-06-18T01:51:31
/opt/airflow/dags/dag_ingestion_kaggle.py                               1           0  1.17s           2023-06-18T01:51:36
/opt/airflow/dags/dag_ingestion_kaggle_zip.py                           1           0  1.11s           2023-06-18T01:51:39
================================================================================
[2023-06-18T01:52:28.424+0000] {manager.py:854} INFO - 
================================================================================
DAG File Processing Stats

File Path                                      PID    Runtime      # DAGs    # Errors  Last Runtime    Last Run
---------------------------------------------  -----  ---------  --------  ----------  --------------  -------------------
/opt/airflow/dags/dag_test_kaggle.py                                    0           1  0.96s           2023-06-18T01:52:03
/opt/airflow/dags/dag_ingestion_kaggle.py                               1           0  0.94s           2023-06-18T01:52:07
/opt/airflow/dags/dag_ingestion_kaggle_zip.py                           1           0  0.87s           2023-06-18T01:52:10
================================================================================
[2023-06-18T01:52:58.768+0000] {manager.py:854} INFO - 
================================================================================
DAG File Processing Stats

File Path                                      PID    Runtime      # DAGs    # Errors  Last Runtime    Last Run
---------------------------------------------  -----  ---------  --------  ----------  --------------  -------------------
/opt/airflow/dags/dag_test_kaggle.py                                    0           1  0.93s           2023-06-18T01:52:34
/opt/airflow/dags/dag_ingestion_kaggle.py                               1           0  1.05s           2023-06-18T01:52:38
/opt/airflow/dags/dag_ingestion_kaggle_zip.py                           1           0  1.15s           2023-06-18T01:52:41
================================================================================
[2023-06-18T01:53:29.254+0000] {manager.py:854} INFO - 
================================================================================
DAG File Processing Stats

File Path                                      PID    Runtime      # DAGs    # Errors  Last Runtime    Last Run
---------------------------------------------  -----  ---------  --------  ----------  --------------  -------------------
/opt/airflow/dags/dag_test_kaggle.py                                    0           1  2.85s           2023-06-18T01:53:07
/opt/airflow/dags/dag_ingestion_kaggle.py                               1           0  1.74s           2023-06-18T01:53:10
/opt/airflow/dags/dag_ingestion_kaggle_zip.py                           1           0  1.19s           2023-06-18T01:53:13
================================================================================
[2023-06-18T01:53:59.311+0000] {manager.py:854} INFO - 
================================================================================
DAG File Processing Stats

File Path                                      PID    Runtime      # DAGs    # Errors  Last Runtime    Last Run
---------------------------------------------  -----  ---------  --------  ----------  --------------  -------------------
/opt/airflow/dags/dag_test_kaggle.py                                    0           1  1.02s           2023-06-18T01:53:39
/opt/airflow/dags/dag_ingestion_kaggle.py                               1           0  1.13s           2023-06-18T01:53:41
/opt/airflow/dags/dag_ingestion_kaggle_zip.py                           1           0  1.06s           2023-06-18T01:53:44
================================================================================
[2023-06-18T01:54:29.466+0000] {manager.py:854} INFO - 
================================================================================
DAG File Processing Stats

File Path                                      PID    Runtime      # DAGs    # Errors  Last Runtime    Last Run
---------------------------------------------  -----  ---------  --------  ----------  --------------  -------------------
/opt/airflow/dags/dag_test_kaggle.py                                    0           1  0.98s           2023-06-18T01:54:10
/opt/airflow/dags/dag_ingestion_kaggle.py                               1           0  1.37s           2023-06-18T01:54:13
/opt/airflow/dags/dag_ingestion_kaggle_zip.py                           1           0  1.60s           2023-06-18T01:54:16
================================================================================
[2023-06-18T01:55:00.189+0000] {manager.py:854} INFO - 
================================================================================
DAG File Processing Stats

File Path                                      PID    Runtime      # DAGs    # Errors  Last Runtime    Last Run
---------------------------------------------  -----  ---------  --------  ----------  --------------  -------------------
/opt/airflow/dags/dag_test_kaggle.py                                    0           1  0.79s           2023-06-18T01:54:41
/opt/airflow/dags/dag_ingestion_kaggle.py                               1           0  1.18s           2023-06-18T01:54:44
/opt/airflow/dags/dag_ingestion_kaggle_zip.py                           1           0  1.13s           2023-06-18T01:54:48
================================================================================
[2023-06-18T01:55:30.309+0000] {manager.py:854} INFO - 
================================================================================
DAG File Processing Stats

File Path                                      PID    Runtime      # DAGs    # Errors  Last Runtime    Last Run
---------------------------------------------  -----  ---------  --------  ----------  --------------  -------------------
/opt/airflow/dags/dag_test_kaggle.py                                    0           1  0.81s           2023-06-18T01:55:13
/opt/airflow/dags/dag_ingestion_kaggle.py                               1           0  0.96s           2023-06-18T01:55:15
/opt/airflow/dags/dag_ingestion_kaggle_zip.py                           1           0  0.82s           2023-06-18T01:55:19
================================================================================
[2023-06-18T01:56:01.041+0000] {manager.py:854} INFO - 
================================================================================
DAG File Processing Stats

File Path                                      PID    Runtime      # DAGs    # Errors  Last Runtime    Last Run
---------------------------------------------  -----  ---------  --------  ----------  --------------  -------------------
/opt/airflow/dags/dag_test_kaggle.py                                    0           1  0.90s           2023-06-18T01:55:44
/opt/airflow/dags/dag_ingestion_kaggle.py                               1           0  1.25s           2023-06-18T01:55:47
/opt/airflow/dags/dag_ingestion_kaggle_zip.py                           1           0  2.23s           2023-06-18T01:55:52
================================================================================
[2023-06-18T01:56:31.622+0000] {manager.py:854} INFO - 
================================================================================
DAG File Processing Stats

File Path                                      PID    Runtime      # DAGs    # Errors  Last Runtime    Last Run
---------------------------------------------  -----  ---------  --------  ----------  --------------  -------------------
/opt/airflow/dags/dag_test_kaggle.py                                    0           1  1.27s           2023-06-18T01:56:16
/opt/airflow/dags/dag_ingestion_kaggle.py                               1           0  2.12s           2023-06-18T01:56:19
/opt/airflow/dags/dag_ingestion_kaggle_zip.py                           1           0  0.92s           2023-06-18T01:56:23
================================================================================
[2023-06-18T01:56:38.786+0000] {manager.py:726} INFO - Searching for files in /opt/airflow/dags
[2023-06-18T01:56:40.384+0000] {manager.py:729} INFO - There are 3 files in /opt/airflow/dags
[2023-06-18T01:57:02.069+0000] {manager.py:854} INFO - 
================================================================================
DAG File Processing Stats

File Path                                      PID    Runtime      # DAGs    # Errors  Last Runtime    Last Run
---------------------------------------------  -----  ---------  --------  ----------  --------------  -------------------
/opt/airflow/dags/dag_test_kaggle.py                                    0           1  4.29s           2023-06-18T01:56:51
/opt/airflow/dags/dag_ingestion_kaggle.py                               1           0  1.28s           2023-06-18T01:56:51
/opt/airflow/dags/dag_ingestion_kaggle_zip.py                           1           0  0.79s           2023-06-18T01:56:54
================================================================================
[2023-06-18T01:57:32.418+0000] {manager.py:854} INFO - 
================================================================================
DAG File Processing Stats

File Path                                      PID    Runtime      # DAGs    # Errors  Last Runtime    Last Run
---------------------------------------------  -----  ---------  --------  ----------  --------------  -------------------
/opt/airflow/dags/dag_test_kaggle.py                                    0           1  4.63s           2023-06-18T01:57:25
/opt/airflow/dags/dag_ingestion_kaggle.py                               1           0  4.64s           2023-06-18T01:57:26
/opt/airflow/dags/dag_ingestion_kaggle_zip.py                           1           0  0.97s           2023-06-18T01:57:26
================================================================================
[2023-06-18T01:58:02.745+0000] {manager.py:854} INFO - 
================================================================================
DAG File Processing Stats

File Path                                      PID    Runtime      # DAGs    # Errors  Last Runtime    Last Run
---------------------------------------------  -----  ---------  --------  ----------  --------------  -------------------
/opt/airflow/dags/dag_test_kaggle.py                                    0           1  1.04s           2023-06-18T01:57:57
/opt/airflow/dags/dag_ingestion_kaggle.py                               1           0  1.05s           2023-06-18T01:57:57
/opt/airflow/dags/dag_ingestion_kaggle_zip.py                           1           0  0.91s           2023-06-18T01:57:58
================================================================================
[2023-06-18T01:58:32.872+0000] {manager.py:854} INFO - 
================================================================================
DAG File Processing Stats

File Path                                      PID    Runtime      # DAGs    # Errors  Last Runtime    Last Run
---------------------------------------------  -----  ---------  --------  ----------  --------------  -------------------
/opt/airflow/dags/dag_test_kaggle.py                                    0           1  0.98s           2023-06-18T01:58:28
/opt/airflow/dags/dag_ingestion_kaggle.py                               1           0  1.11s           2023-06-18T01:58:28
/opt/airflow/dags/dag_ingestion_kaggle_zip.py                           1           0  0.86s           2023-06-18T01:58:29
================================================================================
[2023-06-18T01:59:03.073+0000] {manager.py:854} INFO - 
================================================================================
DAG File Processing Stats

File Path                                      PID    Runtime      # DAGs    # Errors  Last Runtime    Last Run
---------------------------------------------  -----  ---------  --------  ----------  --------------  -------------------
/opt/airflow/dags/dag_test_kaggle.py                                    0           1  1.38s           2023-06-18T01:58:58
/opt/airflow/dags/dag_ingestion_kaggle.py                               1           0  1.43s           2023-06-18T01:59:00
/opt/airflow/dags/dag_ingestion_kaggle_zip.py                           1           0  1.42s           2023-06-18T01:59:01
================================================================================
[2023-06-18T01:59:34.158+0000] {manager.py:854} INFO - 
================================================================================
DAG File Processing Stats

File Path                                        PID  Runtime      # DAGs    # Errors  Last Runtime    Last Run
---------------------------------------------  -----  ---------  --------  ----------  --------------  -------------------
/opt/airflow/dags/dag_test_kaggle.py                                    0           1  0.96s           2023-06-18T01:59:12
/opt/airflow/dags/dag_ingestion_kaggle.py                               1           0  1.28s           2023-06-18T01:59:31
/opt/airflow/dags/dag_ingestion_kaggle_zip.py   1763  2.63s             1           0  1.42s           2023-06-18T01:59:01
================================================================================
[2023-06-18T02:00:04.774+0000] {manager.py:854} INFO - 
================================================================================
DAG File Processing Stats

File Path                                      PID    Runtime      # DAGs    # Errors  Last Runtime    Last Run
---------------------------------------------  -----  ---------  --------  ----------  --------------  -------------------
/opt/airflow/dags/dag_test_kaggle.py                                    0           1  0.79s           2023-06-18T01:59:43
/opt/airflow/dags/dag_ingestion_kaggle.py                               1           0  2.66s           2023-06-18T02:00:04
/opt/airflow/dags/dag_ingestion_kaggle_zip.py                           1           0  4.18s           2023-06-18T01:59:35
================================================================================
[2023-06-18T02:00:35.186+0000] {manager.py:854} INFO - 
================================================================================
DAG File Processing Stats

File Path                                        PID  Runtime      # DAGs    # Errors  Last Runtime    Last Run
---------------------------------------------  -----  ---------  --------  ----------  --------------  -------------------
/opt/airflow/dags/dag_test_kaggle.py                                    0           1  0.94s           2023-06-18T02:00:14
/opt/airflow/dags/dag_ingestion_kaggle.py       1834  0.01s             1           0  2.66s           2023-06-18T02:00:04
/opt/airflow/dags/dag_ingestion_kaggle_zip.py                           1           0  2.35s           2023-06-18T02:00:08
================================================================================
[2023-06-18T02:01:05.910+0000] {manager.py:854} INFO - 
================================================================================
DAG File Processing Stats

File Path                                      PID    Runtime      # DAGs    # Errors  Last Runtime    Last Run
---------------------------------------------  -----  ---------  --------  ----------  --------------  -------------------
/opt/airflow/dags/dag_test_kaggle.py                                    0           1  1.85s           2023-06-18T02:00:47
/opt/airflow/dags/dag_ingestion_kaggle.py                               1           0  1.16s           2023-06-18T02:00:36
/opt/airflow/dags/dag_ingestion_kaggle_zip.py                           1           0  1.22s           2023-06-18T02:00:39
================================================================================
[2023-06-18T02:01:35.988+0000] {manager.py:854} INFO - 
================================================================================
DAG File Processing Stats

File Path                                      PID    Runtime      # DAGs    # Errors  Last Runtime    Last Run
---------------------------------------------  -----  ---------  --------  ----------  --------------  -------------------
/opt/airflow/dags/dag_test_kaggle.py                                    0           1  0.79s           2023-06-18T02:01:18
/opt/airflow/dags/dag_ingestion_kaggle.py                               1           0  1.02s           2023-06-18T02:01:07
/opt/airflow/dags/dag_ingestion_kaggle_zip.py                           1           0  0.89s           2023-06-18T02:01:10
================================================================================
[2023-06-18T02:01:39.031+0000] {manager.py:726} INFO - Searching for files in /opt/airflow/dags
[2023-06-18T02:01:39.142+0000] {manager.py:729} INFO - There are 3 files in /opt/airflow/dags
[2023-06-18T02:02:06.196+0000] {manager.py:854} INFO - 
================================================================================
DAG File Processing Stats

File Path                                      PID    Runtime      # DAGs    # Errors  Last Runtime    Last Run
---------------------------------------------  -----  ---------  --------  ----------  --------------  -------------------
/opt/airflow/dags/dag_test_kaggle.py                                    0           1  1.32s           2023-06-18T02:01:50
/opt/airflow/dags/dag_ingestion_kaggle.py                               1           0  1.14s           2023-06-18T02:01:39
/opt/airflow/dags/dag_ingestion_kaggle_zip.py                           1           0  1.72s           2023-06-18T02:01:42
================================================================================
[2023-06-18T02:02:36.600+0000] {manager.py:854} INFO - 
================================================================================
DAG File Processing Stats

File Path                                      PID    Runtime      # DAGs    # Errors  Last Runtime    Last Run
---------------------------------------------  -----  ---------  --------  ----------  --------------  -------------------
/opt/airflow/dags/dag_test_kaggle.py                                    0           1  1.68s           2023-06-18T02:02:22
/opt/airflow/dags/dag_ingestion_kaggle.py                               1           0  1.34s           2023-06-18T02:02:10
/opt/airflow/dags/dag_ingestion_kaggle_zip.py                           1           0  1.02s           2023-06-18T02:02:14
================================================================================
[2023-06-18T02:03:06.921+0000] {manager.py:854} INFO - 
================================================================================
DAG File Processing Stats

File Path                                      PID    Runtime      # DAGs    # Errors  Last Runtime    Last Run
---------------------------------------------  -----  ---------  --------  ----------  --------------  -------------------
/opt/airflow/dags/dag_test_kaggle.py                                    0           1  0.87s           2023-06-18T02:02:53
/opt/airflow/dags/dag_ingestion_kaggle.py                               1           0  0.96s           2023-06-18T02:02:41
/opt/airflow/dags/dag_ingestion_kaggle_zip.py                           1           0  0.89s           2023-06-18T02:02:45
================================================================================
[2023-06-18T02:03:37.556+0000] {manager.py:854} INFO - 
================================================================================
DAG File Processing Stats

File Path                                      PID    Runtime      # DAGs    # Errors  Last Runtime    Last Run
---------------------------------------------  -----  ---------  --------  ----------  --------------  -------------------
/opt/airflow/dags/dag_test_kaggle.py                                    0           1  0.88s           2023-06-18T02:03:24
/opt/airflow/dags/dag_ingestion_kaggle.py                               1           0  1.20s           2023-06-18T02:03:13
/opt/airflow/dags/dag_ingestion_kaggle_zip.py                           1           0  1.44s           2023-06-18T02:03:17
================================================================================
[2023-06-18T08:46:48.656+0000] {manager.py:483} INFO - Processing files using up to 2 processes at a time 
[2023-06-18T08:46:48.665+0000] {manager.py:484} INFO - Process each file at most once every 30 seconds
[2023-06-18T08:46:48.666+0000] {manager.py:486} INFO - Checking for new files in /opt/airflow/dags every 300 seconds
[2023-06-18T08:46:48.668+0000] {manager.py:726} INFO - Searching for files in /opt/airflow/dags
[2023-06-18T08:46:48.979+0000] {manager.py:729} INFO - There are 3 files in /opt/airflow/dags
[2023-06-18T08:46:49.165+0000] {manager.py:854} INFO - 
================================================================================
DAG File Processing Stats

File Path                                        PID  Runtime      # DAGs    # Errors  Last Runtime    Last Run
---------------------------------------------  -----  ---------  --------  ----------  --------------  ----------
/opt/airflow/dags/dag_ingestion_kaggle.py         45  0.06s             0           0
/opt/airflow/dags/dag_ingestion_kaggle_zip.py                           0           0
/opt/airflow/dags/dag_test_kaggle.py              44  0.06s             0           0
================================================================================
[2023-06-18T08:47:17.713+0000] {manager.py:854} INFO - 
================================================================================
DAG File Processing Stats

File Path                                      PID    Runtime      # DAGs    # Errors  Last Runtime    Last Run
---------------------------------------------  -----  ---------  --------  ----------  --------------  -------------------
/opt/airflow/dags/dag_test_kaggle.py                                    0           1  1.76s           2023-06-18T08:46:50
/opt/airflow/dags/dag_ingestion_kaggle.py                               1           0  1.94s           2023-06-18T08:46:51
/opt/airflow/dags/dag_ingestion_kaggle_zip.py                           1           0  1.26s           2023-06-18T08:46:52
================================================================================
[2023-06-18T08:47:48.715+0000] {manager.py:854} INFO - 
================================================================================
DAG File Processing Stats

File Path                                      PID    Runtime      # DAGs    # Errors  Last Runtime    Last Run
---------------------------------------------  -----  ---------  --------  ----------  --------------  -------------------
/opt/airflow/dags/dag_test_kaggle.py                                    0           1  5.52s           2023-06-18T08:47:26
/opt/airflow/dags/dag_ingestion_kaggle.py                               1           0  4.56s           2023-06-18T08:47:26
/opt/airflow/dags/dag_ingestion_kaggle_zip.py                           1           0  0.94s           2023-06-18T08:47:27
================================================================================
[2023-06-18T08:48:19.022+0000] {manager.py:854} INFO - 
================================================================================
DAG File Processing Stats

File Path                                      PID    Runtime      # DAGs    # Errors  Last Runtime    Last Run
---------------------------------------------  -----  ---------  --------  ----------  --------------  -------------------
/opt/airflow/dags/dag_test_kaggle.py                                    0           1  1.01s           2023-06-18T08:47:57
/opt/airflow/dags/dag_ingestion_kaggle.py                               1           0  1.11s           2023-06-18T08:47:57
/opt/airflow/dags/dag_ingestion_kaggle_zip.py                           1           0  0.93s           2023-06-18T08:47:58
================================================================================
[2023-06-18T08:48:49.775+0000] {manager.py:854} INFO - 
================================================================================
DAG File Processing Stats

File Path                                      PID    Runtime      # DAGs    # Errors  Last Runtime    Last Run
---------------------------------------------  -----  ---------  --------  ----------  --------------  -------------------
/opt/airflow/dags/dag_test_kaggle.py                                    0           1  4.26s           2023-06-18T08:48:32
/opt/airflow/dags/dag_ingestion_kaggle.py                               1           0  4.28s           2023-06-18T08:48:32
/opt/airflow/dags/dag_ingestion_kaggle_zip.py                           1           0  1.36s           2023-06-18T08:48:33
================================================================================
[2023-06-18T08:49:20.112+0000] {manager.py:854} INFO - 
================================================================================
DAG File Processing Stats

File Path                                      PID    Runtime      # DAGs    # Errors  Last Runtime    Last Run
---------------------------------------------  -----  ---------  --------  ----------  --------------  -------------------
/opt/airflow/dags/dag_test_kaggle.py                                    0           1  1.08s           2023-06-18T08:49:04
/opt/airflow/dags/dag_ingestion_kaggle.py                               1           0  1.20s           2023-06-18T08:49:04
/opt/airflow/dags/dag_ingestion_kaggle_zip.py                           1           0  0.85s           2023-06-18T08:49:04
================================================================================
[2023-06-18T08:49:50.330+0000] {manager.py:854} INFO - 
================================================================================
DAG File Processing Stats

File Path                                      PID    Runtime      # DAGs    # Errors  Last Runtime    Last Run
---------------------------------------------  -----  ---------  --------  ----------  --------------  -------------------
/opt/airflow/dags/dag_test_kaggle.py                                    0           1  2.39s           2023-06-18T08:49:36
/opt/airflow/dags/dag_ingestion_kaggle.py                               1           0  2.53s           2023-06-18T08:49:36
/opt/airflow/dags/dag_ingestion_kaggle_zip.py                           1           0  1.49s           2023-06-18T08:49:38
================================================================================
[2023-06-18T08:50:20.345+0000] {manager.py:854} INFO - 
================================================================================
DAG File Processing Stats

File Path                                      PID    Runtime      # DAGs    # Errors  Last Runtime    Last Run
---------------------------------------------  -----  ---------  --------  ----------  --------------  -------------------
/opt/airflow/dags/dag_test_kaggle.py                                    0           1  6.55s           2023-06-18T08:50:13
/opt/airflow/dags/dag_ingestion_kaggle.py                               1           0  6.89s           2023-06-18T08:50:14
/opt/airflow/dags/dag_ingestion_kaggle_zip.py                           1           0  3.31s           2023-06-18T08:50:17
================================================================================
[2023-06-18T08:50:50.471+0000] {manager.py:854} INFO - 
================================================================================
DAG File Processing Stats

File Path                                        PID  Runtime      # DAGs    # Errors  Last Runtime    Last Run
---------------------------------------------  -----  ---------  --------  ----------  --------------  -------------------
/opt/airflow/dags/dag_test_kaggle.py             330  5.53s             0           1  6.55s           2023-06-18T08:50:13
/opt/airflow/dags/dag_ingestion_kaggle.py        331  5.49s             1           0  6.89s           2023-06-18T08:50:14
/opt/airflow/dags/dag_ingestion_kaggle_zip.py                           1           0  3.31s           2023-06-18T08:50:17
================================================================================
[2023-06-18T08:51:21.062+0000] {manager.py:854} INFO - 
================================================================================
DAG File Processing Stats

File Path                                      PID    Runtime      # DAGs    # Errors  Last Runtime    Last Run
---------------------------------------------  -----  ---------  --------  ----------  --------------  -------------------
/opt/airflow/dags/dag_test_kaggle.py                                    0           1  10.54s          2023-06-18T08:50:55
/opt/airflow/dags/dag_ingestion_kaggle.py                               1           0  10.62s          2023-06-18T08:50:55
/opt/airflow/dags/dag_ingestion_kaggle_zip.py                           1           0  2.38s           2023-06-18T08:50:57
================================================================================
[2023-06-18T08:51:49.543+0000] {manager.py:726} INFO - Searching for files in /opt/airflow/dags
[2023-06-18T08:51:49.870+0000] {manager.py:729} INFO - There are 3 files in /opt/airflow/dags
[2023-06-18T08:51:51.097+0000] {manager.py:854} INFO - 
================================================================================
DAG File Processing Stats

File Path                                      PID    Runtime      # DAGs    # Errors  Last Runtime    Last Run
---------------------------------------------  -----  ---------  --------  ----------  --------------  -------------------
/opt/airflow/dags/dag_test_kaggle.py                                    0           1  2.40s           2023-06-18T08:51:28
/opt/airflow/dags/dag_ingestion_kaggle.py                               1           0  2.55s           2023-06-18T08:51:28
/opt/airflow/dags/dag_ingestion_kaggle_zip.py                           1           0  1.37s           2023-06-18T08:51:29
================================================================================
[2023-06-18T08:52:21.869+0000] {manager.py:854} INFO - 
================================================================================
DAG File Processing Stats

File Path                                      PID    Runtime      # DAGs    # Errors  Last Runtime    Last Run
---------------------------------------------  -----  ---------  --------  ----------  --------------  -------------------
/opt/airflow/dags/dag_test_kaggle.py                                    0           1  2.97s           2023-06-18T08:52:02
/opt/airflow/dags/dag_ingestion_kaggle.py                               1           0  3.07s           2023-06-18T08:52:02
/opt/airflow/dags/dag_ingestion_kaggle_zip.py                           1           0  1.32s           2023-06-18T08:52:03
================================================================================
[2023-06-18T08:52:52.139+0000] {manager.py:854} INFO - 
================================================================================
DAG File Processing Stats

File Path                                        PID  Runtime      # DAGs    # Errors  Last Runtime    Last Run
---------------------------------------------  -----  ---------  --------  ----------  --------------  -------------------
/opt/airflow/dags/dag_test_kaggle.py             441  19.24s            0           1  2.97s           2023-06-18T08:52:02
/opt/airflow/dags/dag_ingestion_kaggle.py        442  18.87s            1           0  3.07s           2023-06-18T08:52:02
/opt/airflow/dags/dag_ingestion_kaggle_zip.py                           1           0  1.32s           2023-06-18T08:52:03
================================================================================
[2023-06-18T08:53:22.488+0000] {manager.py:854} INFO - 
================================================================================
DAG File Processing Stats

File Path                                      PID    Runtime      # DAGs    # Errors  Last Runtime    Last Run
---------------------------------------------  -----  ---------  --------  ----------  --------------  -------------------
/opt/airflow/dags/dag_test_kaggle.py                                    0           1  29.67s          2023-06-18T08:53:02
/opt/airflow/dags/dag_ingestion_kaggle.py                               1           0  29.55s          2023-06-18T08:53:02
/opt/airflow/dags/dag_ingestion_kaggle_zip.py                           1           0  7.91s           2023-06-18T08:53:10
================================================================================
[2023-06-18T08:53:47.094+0000] {manager.py:465} INFO - Exiting gracefully upon receiving signal 15
[2023-06-18T08:53:47.270+0000] {manager.py:465} INFO - Exiting gracefully upon receiving signal 15
[2023-06-18T08:53:47.126+0000] {manager.py:465} INFO - Exiting gracefully upon receiving signal 15
