[2023-06-16T00:37:16.127+0000] {taskinstance.py:1084} INFO - Dependencies all met for dep_context=non-requeueable deps ti=<TaskInstance: data_ingestion_gcs_dag.download_dataset_task manual__2023-06-16T00:37:04.447780+00:00 [queued]>
[2023-06-16T00:37:16.152+0000] {taskinstance.py:1084} INFO - Dependencies all met for dep_context=requeueable deps ti=<TaskInstance: data_ingestion_gcs_dag.download_dataset_task manual__2023-06-16T00:37:04.447780+00:00 [queued]>
[2023-06-16T00:37:16.153+0000] {taskinstance.py:1282} INFO - 
--------------------------------------------------------------------------------
[2023-06-16T00:37:16.155+0000] {taskinstance.py:1283} INFO - Starting attempt 1 of 2
[2023-06-16T00:37:16.156+0000] {taskinstance.py:1284} INFO - 
--------------------------------------------------------------------------------
[2023-06-16T00:37:16.185+0000] {taskinstance.py:1303} INFO - Executing <Task(BashOperator): download_dataset_task> on 2023-06-16 00:37:04.447780+00:00
[2023-06-16T00:37:16.215+0000] {standard_task_runner.py:55} INFO - Started process 375 to run task
[2023-06-16T00:37:16.218+0000] {standard_task_runner.py:82} INFO - Running: ['***', 'tasks', 'run', 'data_ingestion_gcs_dag', 'download_dataset_task', 'manual__2023-06-16T00:37:04.447780+00:00', '--job-id', '502', '--raw', '--subdir', 'DAGS_FOLDER/data_ingestion_gcs_dag.py', '--cfg-path', '/tmp/tmpk6slm33y']
[2023-06-16T00:37:16.221+0000] {standard_task_runner.py:83} INFO - Job 502: Subtask download_dataset_task
[2023-06-16T00:37:16.314+0000] {task_command.py:388} INFO - Running <TaskInstance: data_ingestion_gcs_dag.download_dataset_task manual__2023-06-16T00:37:04.447780+00:00 [running]> on host 2a315e4d94ac
[2023-06-16T00:37:16.416+0000] {taskinstance.py:1511} INFO - Exporting the following env vars:
AIRFLOW_CTX_DAG_OWNER=***
AIRFLOW_CTX_DAG_ID=data_ingestion_gcs_dag
AIRFLOW_CTX_TASK_ID=download_dataset_task
AIRFLOW_CTX_EXECUTION_DATE=2023-06-16T00:37:04.447780+00:00
AIRFLOW_CTX_TRY_NUMBER=1
AIRFLOW_CTX_DAG_RUN_ID=manual__2023-06-16T00:37:04.447780+00:00
[2023-06-16T00:37:16.419+0000] {subprocess.py:63} INFO - Tmp dir root location: 
 /tmp
[2023-06-16T00:37:16.430+0000] {subprocess.py:75} INFO - Running command: ['/bin/bash', '-c', '\n        cd /opt/*** &&\n        if [ ! -d direct-messaging ]; then\n            mkdir direct-messaging &&\n            cd direct-messaging &&\n            kaggle datasets download -d mkechinov/direct-messaging &&\n            unzip direct-messaging.zip && \n            rm direct-messaging.zip\n        elif [ -d direct-messaging ]; then\n            cd direct-messaging &&\n            ls\n        fi\n        ']
[2023-06-16T00:37:16.453+0000] {subprocess.py:86} INFO - Output:
[2023-06-16T00:37:16.482+0000] {subprocess.py:97} INFO - Command exited with return code 0
[2023-06-16T00:37:16.523+0000] {taskinstance.py:1326} INFO - Marking task as SUCCESS. dag_id=data_ingestion_gcs_dag, task_id=download_dataset_task, execution_date=20230616T003704, start_date=20230616T003716, end_date=20230616T003716
[2023-06-16T00:37:16.592+0000] {local_task_job.py:212} INFO - Task exited with return code 0
[2023-06-16T00:37:16.630+0000] {taskinstance.py:2585} INFO - 1 downstream tasks scheduled from follow-on schedule check
