[2023-06-15T11:44:01.004+0000] {taskinstance.py:1084} INFO - Dependencies all met for dep_context=non-requeueable deps ti=<TaskInstance: data_ingestion_gcs_dag.local_to_gcs_task manual__2023-06-15T11:43:40.281478+00:00 [queued]>
[2023-06-15T11:44:01.045+0000] {taskinstance.py:1084} INFO - Dependencies all met for dep_context=requeueable deps ti=<TaskInstance: data_ingestion_gcs_dag.local_to_gcs_task manual__2023-06-15T11:43:40.281478+00:00 [queued]>
[2023-06-15T11:44:01.046+0000] {taskinstance.py:1282} INFO - 
--------------------------------------------------------------------------------
[2023-06-15T11:44:01.048+0000] {taskinstance.py:1283} INFO - Starting attempt 1 of 2
[2023-06-15T11:44:01.049+0000] {taskinstance.py:1284} INFO - 
--------------------------------------------------------------------------------
[2023-06-15T11:44:01.131+0000] {taskinstance.py:1303} INFO - Executing <Task(PythonOperator): local_to_gcs_task> on 2023-06-15 11:43:40.281478+00:00
[2023-06-15T11:44:01.159+0000] {standard_task_runner.py:55} INFO - Started process 16570 to run task
[2023-06-15T11:44:01.166+0000] {standard_task_runner.py:82} INFO - Running: ['***', 'tasks', 'run', 'data_ingestion_gcs_dag', 'local_to_gcs_task', 'manual__2023-06-15T11:43:40.281478+00:00', '--job-id', '400', '--raw', '--subdir', 'DAGS_FOLDER/data_ingestion_gcs_dag.py', '--cfg-path', '/tmp/tmpdbwheq_e']
[2023-06-15T11:44:01.173+0000] {standard_task_runner.py:83} INFO - Job 400: Subtask local_to_gcs_task
[2023-06-15T11:44:01.321+0000] {task_command.py:388} INFO - Running <TaskInstance: data_ingestion_gcs_dag.local_to_gcs_task manual__2023-06-15T11:43:40.281478+00:00 [running]> on host 658b05ff6f1a
[2023-06-15T11:44:01.483+0000] {taskinstance.py:1511} INFO - Exporting the following env vars:
AIRFLOW_CTX_DAG_OWNER=***
AIRFLOW_CTX_DAG_ID=data_ingestion_gcs_dag
AIRFLOW_CTX_TASK_ID=local_to_gcs_task
AIRFLOW_CTX_EXECUTION_DATE=2023-06-15T11:43:40.281478+00:00
AIRFLOW_CTX_TRY_NUMBER=1
AIRFLOW_CTX_DAG_RUN_ID=manual__2023-06-15T11:43:40.281478+00:00
[2023-06-15T11:44:02.527+0000] {python.py:177} INFO - Done. Returned value was: None
[2023-06-15T11:44:02.584+0000] {taskinstance.py:1326} INFO - Marking task as SUCCESS. dag_id=data_ingestion_gcs_dag, task_id=local_to_gcs_task, execution_date=20230615T114340, start_date=20230615T114401, end_date=20230615T114402
[2023-06-15T11:44:02.713+0000] {local_task_job.py:212} INFO - Task exited with return code 0
[2023-06-15T11:44:02.808+0000] {taskinstance.py:2585} INFO - 1 downstream tasks scheduled from follow-on schedule check
