[2023-06-14T11:56:13.596+0000] {taskinstance.py:1084} INFO - Dependencies all met for dep_context=non-requeueable deps ti=<TaskInstance: data_ingestion_gcs_dag.create_folder_in_bucket_task manual__2023-06-14T11:55:55.576906+00:00 [queued]>
[2023-06-14T11:56:13.648+0000] {taskinstance.py:1084} INFO - Dependencies all met for dep_context=requeueable deps ti=<TaskInstance: data_ingestion_gcs_dag.create_folder_in_bucket_task manual__2023-06-14T11:55:55.576906+00:00 [queued]>
[2023-06-14T11:56:13.650+0000] {taskinstance.py:1282} INFO - 
--------------------------------------------------------------------------------
[2023-06-14T11:56:13.663+0000] {taskinstance.py:1283} INFO - Starting attempt 1 of 2
[2023-06-14T11:56:13.673+0000] {taskinstance.py:1284} INFO - 
--------------------------------------------------------------------------------
[2023-06-14T11:56:13.832+0000] {taskinstance.py:1303} INFO - Executing <Task(PythonOperator): create_folder_in_bucket_task> on 2023-06-14 11:55:55.576906+00:00
[2023-06-14T11:56:14.292+0000] {standard_task_runner.py:55} INFO - Started process 13227 to run task
[2023-06-14T11:56:15.114+0000] {standard_task_runner.py:82} INFO - Running: ['***', 'tasks', 'run', 'data_ingestion_gcs_dag', 'create_folder_in_bucket_task', 'manual__2023-06-14T11:55:55.576906+00:00', '--job-id', '167', '--raw', '--subdir', 'DAGS_FOLDER/data_ingestion_gcs_dag.py', '--cfg-path', '/tmp/tmp2jfu2098']
[2023-06-14T11:56:15.354+0000] {standard_task_runner.py:83} INFO - Job 167: Subtask create_folder_in_bucket_task
[2023-06-14T11:56:22.097+0000] {task_command.py:388} INFO - Running <TaskInstance: data_ingestion_gcs_dag.create_folder_in_bucket_task manual__2023-06-14T11:55:55.576906+00:00 [running]> on host 2adc0c380f97
[2023-06-14T11:56:27.064+0000] {taskinstance.py:1511} INFO - Exporting the following env vars:
AIRFLOW_CTX_DAG_OWNER=***
AIRFLOW_CTX_DAG_ID=data_ingestion_gcs_dag
AIRFLOW_CTX_TASK_ID=create_folder_in_bucket_task
AIRFLOW_CTX_EXECUTION_DATE=2023-06-14T11:55:55.576906+00:00
AIRFLOW_CTX_TRY_NUMBER=1
AIRFLOW_CTX_DAG_RUN_ID=manual__2023-06-14T11:55:55.576906+00:00
[2023-06-14T11:56:30.881+0000] {python.py:177} INFO - Done. Returned value was: None
[2023-06-14T11:56:30.970+0000] {taskinstance.py:1326} INFO - Marking task as SUCCESS. dag_id=data_ingestion_gcs_dag, task_id=create_folder_in_bucket_task, execution_date=20230614T115555, start_date=20230614T115613, end_date=20230614T115630
[2023-06-14T11:56:31.177+0000] {local_task_job.py:212} INFO - Task exited with return code 0
[2023-06-14T11:56:31.367+0000] {taskinstance.py:2585} INFO - 1 downstream tasks scheduled from follow-on schedule check
