[2023-06-15T02:19:31.492+0000] {taskinstance.py:1084} INFO - Dependencies all met for dep_context=non-requeueable deps ti=<TaskInstance: data_ingestion_gcs_dag.download_kaggle_dataset_task manual__2023-06-15T02:19:27.274505+00:00 [queued]>
[2023-06-15T02:19:31.542+0000] {taskinstance.py:1084} INFO - Dependencies all met for dep_context=requeueable deps ti=<TaskInstance: data_ingestion_gcs_dag.download_kaggle_dataset_task manual__2023-06-15T02:19:27.274505+00:00 [queued]>
[2023-06-15T02:19:31.543+0000] {taskinstance.py:1282} INFO - 
--------------------------------------------------------------------------------
[2023-06-15T02:19:31.544+0000] {taskinstance.py:1283} INFO - Starting attempt 1 of 2
[2023-06-15T02:19:31.546+0000] {taskinstance.py:1284} INFO - 
--------------------------------------------------------------------------------
[2023-06-15T02:19:31.605+0000] {taskinstance.py:1303} INFO - Executing <Task(PythonOperator): download_kaggle_dataset_task> on 2023-06-15 02:19:27.274505+00:00
[2023-06-15T02:19:31.640+0000] {standard_task_runner.py:55} INFO - Started process 11789 to run task
[2023-06-15T02:19:31.644+0000] {standard_task_runner.py:82} INFO - Running: ['***', 'tasks', 'run', 'data_ingestion_gcs_dag', 'download_kaggle_dataset_task', 'manual__2023-06-15T02:19:27.274505+00:00', '--job-id', '246', '--raw', '--subdir', 'DAGS_FOLDER/data_ingestion_gcs_dag.py', '--cfg-path', '/tmp/tmpqhfh0kpa']
[2023-06-15T02:19:31.648+0000] {standard_task_runner.py:83} INFO - Job 246: Subtask download_kaggle_dataset_task
[2023-06-15T02:19:31.817+0000] {task_command.py:388} INFO - Running <TaskInstance: data_ingestion_gcs_dag.download_kaggle_dataset_task manual__2023-06-15T02:19:27.274505+00:00 [running]> on host 570ce802d94a
[2023-06-15T02:19:31.979+0000] {taskinstance.py:1511} INFO - Exporting the following env vars:
AIRFLOW_CTX_DAG_OWNER=***
AIRFLOW_CTX_DAG_ID=data_ingestion_gcs_dag
AIRFLOW_CTX_TASK_ID=download_kaggle_dataset_task
AIRFLOW_CTX_EXECUTION_DATE=2023-06-15T02:19:27.274505+00:00
AIRFLOW_CTX_TRY_NUMBER=1
AIRFLOW_CTX_DAG_RUN_ID=manual__2023-06-15T02:19:27.274505+00:00
[2023-06-15T02:19:33.047+0000] {python.py:177} INFO - Done. Returned value was: None
[2023-06-15T02:19:33.064+0000] {taskinstance.py:1326} INFO - Marking task as SUCCESS. dag_id=data_ingestion_gcs_dag, task_id=download_kaggle_dataset_task, execution_date=20230615T021927, start_date=20230615T021931, end_date=20230615T021933
[2023-06-15T02:19:33.108+0000] {local_task_job.py:212} INFO - Task exited with return code 0
[2023-06-15T02:19:33.135+0000] {dagrun.py:697} ERROR - Failed to get task for ti <TaskInstance: data_ingestion_gcs_dag.convert_to_parquet_task manual__2023-06-15T02:19:27.274505+00:00 [None]>. Marking it as removed.
[2023-06-15T02:19:33.140+0000] {dagrun.py:697} ERROR - Failed to get task for ti <TaskInstance: data_ingestion_gcs_dag.upload_to_gcs_task manual__2023-06-15T02:19:27.274505+00:00 [None]>. Marking it as removed.
[2023-06-15T02:19:33.143+0000] {dagrun.py:697} ERROR - Failed to get task for ti <TaskInstance: data_ingestion_gcs_dag.ingest_to_bigquery_task manual__2023-06-15T02:19:27.274505+00:00 [None]>. Marking it as removed.
[2023-06-15T02:19:33.146+0000] {taskinstance.py:2585} INFO - 0 downstream tasks scheduled from follow-on schedule check
