[2023-06-15T13:08:31.701+0000] {taskinstance.py:1084} INFO - Dependencies all met for dep_context=non-requeueable deps ti=<TaskInstance: data_ingestion_gcs_dag.download_dataset_task manual__2023-06-15T13:08:22.507063+00:00 [queued]>
[2023-06-15T13:08:31.723+0000] {taskinstance.py:1084} INFO - Dependencies all met for dep_context=requeueable deps ti=<TaskInstance: data_ingestion_gcs_dag.download_dataset_task manual__2023-06-15T13:08:22.507063+00:00 [queued]>
[2023-06-15T13:08:31.724+0000] {taskinstance.py:1282} INFO - 
--------------------------------------------------------------------------------
[2023-06-15T13:08:31.725+0000] {taskinstance.py:1283} INFO - Starting attempt 1 of 2
[2023-06-15T13:08:31.726+0000] {taskinstance.py:1284} INFO - 
--------------------------------------------------------------------------------
[2023-06-15T13:08:31.756+0000] {taskinstance.py:1303} INFO - Executing <Task(BashOperator): download_dataset_task> on 2023-06-15 13:08:22.507063+00:00
[2023-06-15T13:08:31.772+0000] {standard_task_runner.py:55} INFO - Started process 21226 to run task
[2023-06-15T13:08:31.777+0000] {standard_task_runner.py:82} INFO - Running: ['***', 'tasks', 'run', 'data_ingestion_gcs_dag', 'download_dataset_task', 'manual__2023-06-15T13:08:22.507063+00:00', '--job-id', '422', '--raw', '--subdir', 'DAGS_FOLDER/data_ingestion_gcs_dag.py', '--cfg-path', '/tmp/tmplw36xhbo']
[2023-06-15T13:08:31.781+0000] {standard_task_runner.py:83} INFO - Job 422: Subtask download_dataset_task
[2023-06-15T13:08:31.923+0000] {task_command.py:388} INFO - Running <TaskInstance: data_ingestion_gcs_dag.download_dataset_task manual__2023-06-15T13:08:22.507063+00:00 [running]> on host 658b05ff6f1a
[2023-06-15T13:08:32.101+0000] {taskinstance.py:1511} INFO - Exporting the following env vars:
AIRFLOW_CTX_DAG_OWNER=***
AIRFLOW_CTX_DAG_ID=data_ingestion_gcs_dag
AIRFLOW_CTX_TASK_ID=download_dataset_task
AIRFLOW_CTX_EXECUTION_DATE=2023-06-15T13:08:22.507063+00:00
AIRFLOW_CTX_TRY_NUMBER=1
AIRFLOW_CTX_DAG_RUN_ID=manual__2023-06-15T13:08:22.507063+00:00
[2023-06-15T13:08:32.106+0000] {subprocess.py:63} INFO - Tmp dir root location: 
 /tmp
[2023-06-15T13:08:32.152+0000] {subprocess.py:75} INFO - Running command: ['/bin/bash', '-c', '\n            cd /opt/*** &&\n            mkdir data-science-salaries-2023 && \n            cd data-science-salaries-2023 &&\n            kaggle datasets download -d arnabchaki/data-science-salaries-2023 --force && \n            unzip data-science-salaries-2023.zip && \n            rm data-science-salaries-2023.zip\n            ']
[2023-06-15T13:08:32.216+0000] {subprocess.py:86} INFO - Output:
[2023-06-15T13:08:34.727+0000] {subprocess.py:93} INFO - Downloading data-science-salaries-2023.zip to /opt/***/data-science-salaries-2023
[2023-06-15T13:08:34.757+0000] {subprocess.py:93} INFO -   0%|          | 0.00/25.4k [00:00<?, ?B/s]100%|██████████| 25.4k/25.4k [00:00<00:00, 3.64MB/s]
[2023-06-15T13:08:34.779+0000] {subprocess.py:93} INFO - 
[2023-06-15T13:08:35.154+0000] {subprocess.py:93} INFO - Archive:  data-science-salaries-2023.zip
[2023-06-15T13:08:35.179+0000] {subprocess.py:93} INFO -   inflating: ds_salaries.csv
[2023-06-15T13:08:35.215+0000] {subprocess.py:97} INFO - Command exited with return code 0
[2023-06-15T13:08:35.441+0000] {taskinstance.py:1326} INFO - Marking task as SUCCESS. dag_id=data_ingestion_gcs_dag, task_id=download_dataset_task, execution_date=20230615T130822, start_date=20230615T130831, end_date=20230615T130835
[2023-06-15T13:08:35.719+0000] {local_task_job.py:212} INFO - Task exited with return code 0
[2023-06-15T13:08:35.987+0000] {taskinstance.py:2585} INFO - 1 downstream tasks scheduled from follow-on schedule check
