[2023-06-15T07:43:27.734+0000] {taskinstance.py:1084} INFO - Dependencies all met for dep_context=non-requeueable deps ti=<TaskInstance: data_ingestion_gcs_dag.unzip_task manual__2023-06-15T07:43:11.934118+00:00 [queued]>
[2023-06-15T07:43:27.768+0000] {taskinstance.py:1084} INFO - Dependencies all met for dep_context=requeueable deps ti=<TaskInstance: data_ingestion_gcs_dag.unzip_task manual__2023-06-15T07:43:11.934118+00:00 [queued]>
[2023-06-15T07:43:27.769+0000] {taskinstance.py:1282} INFO - 
--------------------------------------------------------------------------------
[2023-06-15T07:43:27.771+0000] {taskinstance.py:1283} INFO - Starting attempt 1 of 2
[2023-06-15T07:43:27.772+0000] {taskinstance.py:1284} INFO - 
--------------------------------------------------------------------------------
[2023-06-15T07:43:27.814+0000] {taskinstance.py:1303} INFO - Executing <Task(BashOperator): unzip_task> on 2023-06-15 07:43:11.934118+00:00
[2023-06-15T07:43:27.826+0000] {standard_task_runner.py:55} INFO - Started process 6913 to run task
[2023-06-15T07:43:27.831+0000] {standard_task_runner.py:82} INFO - Running: ['***', 'tasks', 'run', 'data_ingestion_gcs_dag', 'unzip_task', 'manual__2023-06-15T07:43:11.934118+00:00', '--job-id', '328', '--raw', '--subdir', 'DAGS_FOLDER/data_ingestion_gcs_dag.py', '--cfg-path', '/tmp/tmplqn4uj9r']
[2023-06-15T07:43:27.835+0000] {standard_task_runner.py:83} INFO - Job 328: Subtask unzip_task
[2023-06-15T07:43:27.991+0000] {task_command.py:388} INFO - Running <TaskInstance: data_ingestion_gcs_dag.unzip_task manual__2023-06-15T07:43:11.934118+00:00 [running]> on host 658b05ff6f1a
[2023-06-15T07:43:28.173+0000] {taskinstance.py:1511} INFO - Exporting the following env vars:
AIRFLOW_CTX_DAG_OWNER=***
AIRFLOW_CTX_DAG_ID=data_ingestion_gcs_dag
AIRFLOW_CTX_TASK_ID=unzip_task
AIRFLOW_CTX_EXECUTION_DATE=2023-06-15T07:43:11.934118+00:00
AIRFLOW_CTX_TRY_NUMBER=1
AIRFLOW_CTX_DAG_RUN_ID=manual__2023-06-15T07:43:11.934118+00:00
[2023-06-15T07:43:28.188+0000] {subprocess.py:63} INFO - Tmp dir root location: 
 /tmp
[2023-06-15T07:43:28.216+0000] {subprocess.py:75} INFO - Running command: ['/bin/bash', '-c', 'if ! file -b --mime-type /opt/***/datasets/data-science-salaries-2023.zip | grep -q "application/zip"; then echo "Not a zip file"; else unzip -o /opt/***/datasets/data-science-salaries-2023.zip -d /opt/***/datasets/; fi']
[2023-06-15T07:43:28.249+0000] {subprocess.py:86} INFO - Output:
[2023-06-15T07:43:28.278+0000] {subprocess.py:93} INFO - /bin/bash: line 1: file: command not found
[2023-06-15T07:43:28.293+0000] {subprocess.py:93} INFO - Not a zip file
[2023-06-15T07:43:28.294+0000] {subprocess.py:97} INFO - Command exited with return code 0
[2023-06-15T07:43:28.340+0000] {taskinstance.py:1326} INFO - Marking task as SUCCESS. dag_id=data_ingestion_gcs_dag, task_id=unzip_task, execution_date=20230615T074311, start_date=20230615T074327, end_date=20230615T074328
[2023-06-15T07:43:28.382+0000] {local_task_job.py:212} INFO - Task exited with return code 0
[2023-06-15T07:43:28.432+0000] {taskinstance.py:2585} INFO - 1 downstream tasks scheduled from follow-on schedule check
