[2023-06-15T04:19:23.125+0000] {taskinstance.py:1084} INFO - Dependencies all met for dep_context=non-requeueable deps ti=<TaskInstance: data_ingestion_gcs_dag.download_dataset_task manual__2023-06-15T04:18:39.447758+00:00 [queued]>
[2023-06-15T04:19:23.152+0000] {taskinstance.py:1084} INFO - Dependencies all met for dep_context=requeueable deps ti=<TaskInstance: data_ingestion_gcs_dag.download_dataset_task manual__2023-06-15T04:18:39.447758+00:00 [queued]>
[2023-06-15T04:19:23.153+0000] {taskinstance.py:1282} INFO - 
--------------------------------------------------------------------------------
[2023-06-15T04:19:23.154+0000] {taskinstance.py:1283} INFO - Starting attempt 1 of 2
[2023-06-15T04:19:23.155+0000] {taskinstance.py:1284} INFO - 
--------------------------------------------------------------------------------
[2023-06-15T04:19:23.214+0000] {taskinstance.py:1303} INFO - Executing <Task(BashOperator): download_dataset_task> on 2023-06-15 04:18:39.447758+00:00
[2023-06-15T04:19:23.306+0000] {standard_task_runner.py:55} INFO - Started process 4069 to run task
[2023-06-15T04:19:23.350+0000] {standard_task_runner.py:82} INFO - Running: ['***', 'tasks', 'run', 'data_ingestion_gcs_dag', 'download_dataset_task', 'manual__2023-06-15T04:18:39.447758+00:00', '--job-id', '284', '--raw', '--subdir', 'DAGS_FOLDER/data_ingestion_gcs_dag.py', '--cfg-path', '/tmp/tmpkc78xs58']
[2023-06-15T04:19:23.357+0000] {standard_task_runner.py:83} INFO - Job 284: Subtask download_dataset_task
[2023-06-15T04:19:23.727+0000] {task_command.py:388} INFO - Running <TaskInstance: data_ingestion_gcs_dag.download_dataset_task manual__2023-06-15T04:18:39.447758+00:00 [running]> on host 7e4a92a12ba6
[2023-06-15T04:19:23.983+0000] {taskinstance.py:1511} INFO - Exporting the following env vars:
AIRFLOW_CTX_DAG_OWNER=***
AIRFLOW_CTX_DAG_ID=data_ingestion_gcs_dag
AIRFLOW_CTX_TASK_ID=download_dataset_task
AIRFLOW_CTX_EXECUTION_DATE=2023-06-15T04:18:39.447758+00:00
AIRFLOW_CTX_TRY_NUMBER=1
AIRFLOW_CTX_DAG_RUN_ID=manual__2023-06-15T04:18:39.447758+00:00
[2023-06-15T04:19:23.988+0000] {subprocess.py:63} INFO - Tmp dir root location: 
 /tmp
[2023-06-15T04:19:24.006+0000] {subprocess.py:75} INFO - Running command: ['/bin/bash', '-c', 'kaggle datasets download -d sherrytp/airline-delay-analysis -p /opt/***/airline-delay-analysis && unzip -o /opt/***/airline-delay-analysis/airline-delay-analysis.zip -d /opt/***/airline-delay-analysis']
[2023-06-15T04:19:24.061+0000] {subprocess.py:86} INFO - Output:
[2023-06-15T04:19:26.958+0000] {subprocess.py:93} INFO - airline-delay-analysis.zip: Skipping, found more recently modified local copy (use --force to force download)
[2023-06-15T04:19:27.158+0000] {subprocess.py:93} INFO - Archive:  /opt/***/airline-delay-analysis/airline-delay-analysis.zip
[2023-06-15T04:19:34.872+0000] {subprocess.py:93} INFO -   inflating: /opt/***/airline-delay-analysis/airline delay analysis/20.csv
[2023-06-15T04:20:00.979+0000] {subprocess.py:93} INFO -   inflating: /opt/***/airline-delay-analysis/airline delay analysis/2009.csv
[2023-06-15T04:20:12.530+0000] {subprocess.py:93} INFO -   inflating: /opt/***/airline-delay-analysis/airline delay analysis/2010.csv
[2023-06-15T04:20:22.979+0000] {subprocess.py:93} INFO -   inflating: /opt/***/airline-delay-analysis/airline delay analysis/2011.csv
[2023-06-15T04:20:34.481+0000] {subprocess.py:93} INFO -   inflating: /opt/***/airline-delay-analysis/airline delay analysis/2012.csv
[2023-06-15T04:20:42.105+0000] {subprocess.py:93} INFO -   inflating: /opt/***/airline-delay-analysis/airline delay analysis/2013.csv
[2023-06-15T04:20:51.213+0000] {subprocess.py:93} INFO -   inflating: /opt/***/airline-delay-analysis/airline delay analysis/2014.csv
[2023-06-15T04:20:57.913+0000] {subprocess.py:93} INFO -   inflating: /opt/***/airline-delay-analysis/airline delay analysis/2015.csv
[2023-06-15T04:21:06.090+0000] {subprocess.py:93} INFO -   inflating: /opt/***/airline-delay-analysis/airline delay analysis/2016.csv
[2023-06-15T04:21:12.878+0000] {subprocess.py:93} INFO -   inflating: /opt/***/airline-delay-analysis/airline delay analysis/2017.csv
[2023-06-15T04:21:22.362+0000] {subprocess.py:93} INFO -   inflating: /opt/***/airline-delay-analysis/airline delay analysis/2018.csv
[2023-06-15T04:21:29.800+0000] {subprocess.py:93} INFO -   inflating: /opt/***/airline-delay-analysis/airline delay analysis/2019.csv
[2023-06-15T04:21:29.830+0000] {subprocess.py:97} INFO - Command exited with return code 0
[2023-06-15T04:21:30.756+0000] {taskinstance.py:1326} INFO - Marking task as SUCCESS. dag_id=data_ingestion_gcs_dag, task_id=download_dataset_task, execution_date=20230615T041839, start_date=20230615T041923, end_date=20230615T042130
[2023-06-15T04:21:31.183+0000] {local_task_job.py:212} INFO - Task exited with return code 0
[2023-06-15T04:21:31.660+0000] {taskinstance.py:2585} INFO - 1 downstream tasks scheduled from follow-on schedule check
