[2023-06-15T12:49:09.048+0000] {taskinstance.py:1084} INFO - Dependencies all met for dep_context=non-requeueable deps ti=<TaskInstance: data_ingestion_gcs_dag.download_dataset_task manual__2023-06-15T12:48:57.545475+00:00 [queued]>
[2023-06-15T12:49:09.066+0000] {taskinstance.py:1084} INFO - Dependencies all met for dep_context=requeueable deps ti=<TaskInstance: data_ingestion_gcs_dag.download_dataset_task manual__2023-06-15T12:48:57.545475+00:00 [queued]>
[2023-06-15T12:49:09.067+0000] {taskinstance.py:1282} INFO - 
--------------------------------------------------------------------------------
[2023-06-15T12:49:09.068+0000] {taskinstance.py:1283} INFO - Starting attempt 1 of 2
[2023-06-15T12:49:09.068+0000] {taskinstance.py:1284} INFO - 
--------------------------------------------------------------------------------
[2023-06-15T12:49:09.095+0000] {taskinstance.py:1303} INFO - Executing <Task(BashOperator): download_dataset_task> on 2023-06-15 12:48:57.545475+00:00
[2023-06-15T12:49:09.106+0000] {standard_task_runner.py:55} INFO - Started process 20061 to run task
[2023-06-15T12:49:09.111+0000] {standard_task_runner.py:82} INFO - Running: ['***', 'tasks', 'run', 'data_ingestion_gcs_dag', 'download_dataset_task', 'manual__2023-06-15T12:48:57.545475+00:00', '--job-id', '411', '--raw', '--subdir', 'DAGS_FOLDER/data_ingestion_gcs_dag.py', '--cfg-path', '/tmp/tmp3_f8oeel']
[2023-06-15T12:49:09.114+0000] {standard_task_runner.py:83} INFO - Job 411: Subtask download_dataset_task
[2023-06-15T12:49:09.207+0000] {task_command.py:388} INFO - Running <TaskInstance: data_ingestion_gcs_dag.download_dataset_task manual__2023-06-15T12:48:57.545475+00:00 [running]> on host 658b05ff6f1a
[2023-06-15T12:49:09.324+0000] {taskinstance.py:1511} INFO - Exporting the following env vars:
AIRFLOW_CTX_DAG_OWNER=***
AIRFLOW_CTX_DAG_ID=data_ingestion_gcs_dag
AIRFLOW_CTX_TASK_ID=download_dataset_task
AIRFLOW_CTX_EXECUTION_DATE=2023-06-15T12:48:57.545475+00:00
AIRFLOW_CTX_TRY_NUMBER=1
AIRFLOW_CTX_DAG_RUN_ID=manual__2023-06-15T12:48:57.545475+00:00
[2023-06-15T12:49:09.327+0000] {subprocess.py:63} INFO - Tmp dir root location: 
 /tmp
[2023-06-15T12:49:09.338+0000] {subprocess.py:75} INFO - Running command: ['/bin/bash', '-c', '\n            rm -r data-science-salaries-2023 &&\n            mkdir -p /opt/***/data-science-salaries-2023 &&\n            cd /opt/*** && kaggle datasets download -d arnabchaki/data-science-salaries-2023 && unzip data-science-salaries-2023.zip && rm data-science-salaries-2023.zip']
[2023-06-15T12:49:09.368+0000] {subprocess.py:86} INFO - Output:
[2023-06-15T12:49:09.395+0000] {subprocess.py:93} INFO - rm: cannot remove 'data-science-salaries-2023': No such file or directory
[2023-06-15T12:49:09.396+0000] {subprocess.py:97} INFO - Command exited with return code 1
[2023-06-15T12:49:09.412+0000] {taskinstance.py:1775} ERROR - Task failed with exception
Traceback (most recent call last):
  File "/home/airflow/.local/lib/python3.7/site-packages/airflow/operators/bash.py", line 197, in execute
    f"Bash command failed. The command returned a non-zero exit code {result.exit_code}."
airflow.exceptions.AirflowException: Bash command failed. The command returned a non-zero exit code 1.
[2023-06-15T12:49:09.418+0000] {taskinstance.py:1326} INFO - Marking task as UP_FOR_RETRY. dag_id=data_ingestion_gcs_dag, task_id=download_dataset_task, execution_date=20230615T124857, start_date=20230615T124909, end_date=20230615T124909
[2023-06-15T12:49:09.437+0000] {standard_task_runner.py:105} ERROR - Failed to execute job 411 for task download_dataset_task (Bash command failed. The command returned a non-zero exit code 1.; 20061)
[2023-06-15T12:49:09.486+0000] {local_task_job.py:212} INFO - Task exited with return code 1
[2023-06-15T12:49:09.538+0000] {taskinstance.py:2585} INFO - 0 downstream tasks scheduled from follow-on schedule check
