[2023-06-15T11:34:40.789+0000] {taskinstance.py:1084} INFO - Dependencies all met for dep_context=non-requeueable deps ti=<TaskInstance: data_ingestion_gcs_dag.download_dataset_task manual__2023-06-15T11:34:26.368125+00:00 [queued]>
[2023-06-15T11:34:40.810+0000] {taskinstance.py:1084} INFO - Dependencies all met for dep_context=requeueable deps ti=<TaskInstance: data_ingestion_gcs_dag.download_dataset_task manual__2023-06-15T11:34:26.368125+00:00 [queued]>
[2023-06-15T11:34:40.811+0000] {taskinstance.py:1282} INFO - 
--------------------------------------------------------------------------------
[2023-06-15T11:34:40.813+0000] {taskinstance.py:1283} INFO - Starting attempt 1 of 2
[2023-06-15T11:34:40.813+0000] {taskinstance.py:1284} INFO - 
--------------------------------------------------------------------------------
[2023-06-15T11:34:40.845+0000] {taskinstance.py:1303} INFO - Executing <Task(BashOperator): download_dataset_task> on 2023-06-15 11:34:26.368125+00:00
[2023-06-15T11:34:40.905+0000] {standard_task_runner.py:55} INFO - Started process 15957 to run task
[2023-06-15T11:34:40.910+0000] {standard_task_runner.py:82} INFO - Running: ['***', 'tasks', 'run', 'data_ingestion_gcs_dag', 'download_dataset_task', 'manual__2023-06-15T11:34:26.368125+00:00', '--job-id', '384', '--raw', '--subdir', 'DAGS_FOLDER/data_ingestion_gcs_dag.py', '--cfg-path', '/tmp/tmpmpr6prcv']
[2023-06-15T11:34:40.913+0000] {standard_task_runner.py:83} INFO - Job 384: Subtask download_dataset_task
[2023-06-15T11:34:41.205+0000] {task_command.py:388} INFO - Running <TaskInstance: data_ingestion_gcs_dag.download_dataset_task manual__2023-06-15T11:34:26.368125+00:00 [running]> on host 658b05ff6f1a
[2023-06-15T11:34:41.403+0000] {taskinstance.py:1511} INFO - Exporting the following env vars:
AIRFLOW_CTX_DAG_OWNER=***
AIRFLOW_CTX_DAG_ID=data_ingestion_gcs_dag
AIRFLOW_CTX_TASK_ID=download_dataset_task
AIRFLOW_CTX_EXECUTION_DATE=2023-06-15T11:34:26.368125+00:00
AIRFLOW_CTX_TRY_NUMBER=1
AIRFLOW_CTX_DAG_RUN_ID=manual__2023-06-15T11:34:26.368125+00:00
[2023-06-15T11:34:41.409+0000] {subprocess.py:63} INFO - Tmp dir root location: 
 /tmp
[2023-06-15T11:34:41.417+0000] {subprocess.py:75} INFO - Running command: ['/bin/bash', '-c', 'kaggle datasets download -d arnabchaki/data-science-salaries-2023 -p /opt/***']
[2023-06-15T11:34:41.460+0000] {subprocess.py:86} INFO - Output:
[2023-06-15T11:34:43.176+0000] {subprocess.py:93} INFO - data-science-salaries-2023.zip: Skipping, found more recently modified local copy (use --force to force download)
[2023-06-15T11:34:43.342+0000] {subprocess.py:97} INFO - Command exited with return code 0
[2023-06-15T11:34:43.379+0000] {taskinstance.py:1326} INFO - Marking task as SUCCESS. dag_id=data_ingestion_gcs_dag, task_id=download_dataset_task, execution_date=20230615T113426, start_date=20230615T113440, end_date=20230615T113443
[2023-06-15T11:34:43.416+0000] {local_task_job.py:212} INFO - Task exited with return code 0
[2023-06-15T11:34:43.455+0000] {taskinstance.py:2585} INFO - 1 downstream tasks scheduled from follow-on schedule check
