[2023-06-14T11:37:36.015+0000] {taskinstance.py:1084} INFO - Dependencies all met for dep_context=non-requeueable deps ti=<TaskInstance: data_ingestion_gcs_dag.download_dataset_task manual__2023-06-14T11:37:09.023440+00:00 [queued]>
[2023-06-14T11:37:36.032+0000] {taskinstance.py:1084} INFO - Dependencies all met for dep_context=requeueable deps ti=<TaskInstance: data_ingestion_gcs_dag.download_dataset_task manual__2023-06-14T11:37:09.023440+00:00 [queued]>
[2023-06-14T11:37:36.033+0000] {taskinstance.py:1282} INFO - 
--------------------------------------------------------------------------------
[2023-06-14T11:37:36.034+0000] {taskinstance.py:1283} INFO - Starting attempt 1 of 2
[2023-06-14T11:37:36.035+0000] {taskinstance.py:1284} INFO - 
--------------------------------------------------------------------------------
[2023-06-14T11:37:36.067+0000] {taskinstance.py:1303} INFO - Executing <Task(PythonOperator): download_dataset_task> on 2023-06-14 11:37:09.023440+00:00
[2023-06-14T11:37:36.092+0000] {standard_task_runner.py:55} INFO - Started process 11913 to run task
[2023-06-14T11:37:36.097+0000] {standard_task_runner.py:82} INFO - Running: ['***', 'tasks', 'run', 'data_ingestion_gcs_dag', 'download_dataset_task', 'manual__2023-06-14T11:37:09.023440+00:00', '--job-id', '147', '--raw', '--subdir', 'DAGS_FOLDER/data_ingestion_gcs_dag.py', '--cfg-path', '/tmp/tmph4q3j7l2']
[2023-06-14T11:37:36.100+0000] {standard_task_runner.py:83} INFO - Job 147: Subtask download_dataset_task
[2023-06-14T11:37:36.235+0000] {task_command.py:388} INFO - Running <TaskInstance: data_ingestion_gcs_dag.download_dataset_task manual__2023-06-14T11:37:09.023440+00:00 [running]> on host 2adc0c380f97
[2023-06-14T11:37:36.352+0000] {taskinstance.py:1511} INFO - Exporting the following env vars:
AIRFLOW_CTX_DAG_OWNER=***
AIRFLOW_CTX_DAG_ID=data_ingestion_gcs_dag
AIRFLOW_CTX_TASK_ID=download_dataset_task
AIRFLOW_CTX_EXECUTION_DATE=2023-06-14T11:37:09.023440+00:00
AIRFLOW_CTX_TRY_NUMBER=1
AIRFLOW_CTX_DAG_RUN_ID=manual__2023-06-14T11:37:09.023440+00:00
[2023-06-14T11:37:37.869+0000] {python.py:177} INFO - Done. Returned value was: None
[2023-06-14T11:37:37.882+0000] {taskinstance.py:1326} INFO - Marking task as SUCCESS. dag_id=data_ingestion_gcs_dag, task_id=download_dataset_task, execution_date=20230614T113709, start_date=20230614T113736, end_date=20230614T113737
[2023-06-14T11:37:37.957+0000] {local_task_job.py:212} INFO - Task exited with return code 0
[2023-06-14T11:37:37.995+0000] {taskinstance.py:2585} INFO - 1 downstream tasks scheduled from follow-on schedule check
