[2023-06-16T00:10:00.196+0000] {taskinstance.py:1084} INFO - Dependencies all met for dep_context=non-requeueable deps ti=<TaskInstance: data_ingestion_gcs_dag.download_dataset_task scheduled__2023-06-15T00:00:00+00:00 [queued]>
[2023-06-16T00:10:00.213+0000] {taskinstance.py:1084} INFO - Dependencies all met for dep_context=requeueable deps ti=<TaskInstance: data_ingestion_gcs_dag.download_dataset_task scheduled__2023-06-15T00:00:00+00:00 [queued]>
[2023-06-16T00:10:00.214+0000] {taskinstance.py:1282} INFO - 
--------------------------------------------------------------------------------
[2023-06-16T00:10:00.215+0000] {taskinstance.py:1283} INFO - Starting attempt 1 of 2
[2023-06-16T00:10:00.215+0000] {taskinstance.py:1284} INFO - 
--------------------------------------------------------------------------------
[2023-06-16T00:10:00.239+0000] {taskinstance.py:1303} INFO - Executing <Task(BashOperator): download_dataset_task> on 2023-06-15 00:00:00+00:00
[2023-06-16T00:10:00.247+0000] {standard_task_runner.py:55} INFO - Started process 2638 to run task
[2023-06-16T00:10:00.250+0000] {standard_task_runner.py:82} INFO - Running: ['***', 'tasks', 'run', 'data_ingestion_gcs_dag', 'download_dataset_task', 'scheduled__2023-06-15T00:00:00+00:00', '--job-id', '487', '--raw', '--subdir', 'DAGS_FOLDER/data_ingestion_gcs_dag.py', '--cfg-path', '/tmp/tmphknjtbqy']
[2023-06-16T00:10:00.252+0000] {standard_task_runner.py:83} INFO - Job 487: Subtask download_dataset_task
[2023-06-16T00:10:00.332+0000] {task_command.py:388} INFO - Running <TaskInstance: data_ingestion_gcs_dag.download_dataset_task scheduled__2023-06-15T00:00:00+00:00 [running]> on host 5ecaba85f1b3
[2023-06-16T00:10:00.428+0000] {taskinstance.py:1511} INFO - Exporting the following env vars:
AIRFLOW_CTX_DAG_OWNER=***
AIRFLOW_CTX_DAG_ID=data_ingestion_gcs_dag
AIRFLOW_CTX_TASK_ID=download_dataset_task
AIRFLOW_CTX_EXECUTION_DATE=2023-06-15T00:00:00+00:00
AIRFLOW_CTX_TRY_NUMBER=1
AIRFLOW_CTX_DAG_RUN_ID=scheduled__2023-06-15T00:00:00+00:00
[2023-06-16T00:10:00.430+0000] {subprocess.py:63} INFO - Tmp dir root location: 
 /tmp
[2023-06-16T00:10:00.432+0000] {subprocess.py:75} INFO - Running command: ['/bin/bash', '-c', '\n        cd /opt/*** &&\n        if [ ! -d direct-messaging ]; then\n            mkdir direct-messaging &&\n            cd direct-messaging &&\n            kaggle datasets download -d mkechinov/direct-messaging --force &&\n            unzip direct-messaging.zip && \n            rm direct-messaging.zip\n        fi &&\n        cd direct-messaging &&\n        ls\n        ']
[2023-06-16T00:10:00.452+0000] {subprocess.py:86} INFO - Output:
[2023-06-16T00:10:00.464+0000] {subprocess.py:93} INFO - campaigns.csv
[2023-06-16T00:10:00.465+0000] {subprocess.py:93} INFO - holidays.parquet
[2023-06-16T00:10:00.466+0000] {subprocess.py:93} INFO - messages-demo.csv
[2023-06-16T00:10:00.466+0000] {subprocess.py:97} INFO - Command exited with return code 0
[2023-06-16T00:10:00.499+0000] {taskinstance.py:1326} INFO - Marking task as SUCCESS. dag_id=data_ingestion_gcs_dag, task_id=download_dataset_task, execution_date=20230615T000000, start_date=20230616T001000, end_date=20230616T001000
[2023-06-16T00:10:00.543+0000] {local_task_job.py:212} INFO - Task exited with return code 0
[2023-06-16T00:10:00.577+0000] {taskinstance.py:2585} INFO - 0 downstream tasks scheduled from follow-on schedule check
[2023-06-16T00:46:41.815+0000] {taskinstance.py:1084} INFO - Dependencies all met for dep_context=non-requeueable deps ti=<TaskInstance: data_ingestion_gcs_dag.download_dataset_task scheduled__2023-06-15T00:00:00+00:00 [queued]>
[2023-06-16T00:46:41.832+0000] {taskinstance.py:1084} INFO - Dependencies all met for dep_context=requeueable deps ti=<TaskInstance: data_ingestion_gcs_dag.download_dataset_task scheduled__2023-06-15T00:00:00+00:00 [queued]>
[2023-06-16T00:46:41.833+0000] {taskinstance.py:1282} INFO - 
--------------------------------------------------------------------------------
[2023-06-16T00:46:41.834+0000] {taskinstance.py:1283} INFO - Starting attempt 1 of 2
[2023-06-16T00:46:41.835+0000] {taskinstance.py:1284} INFO - 
--------------------------------------------------------------------------------
[2023-06-16T00:46:41.873+0000] {taskinstance.py:1303} INFO - Executing <Task(BashOperator): download_dataset_task> on 2023-06-15 00:00:00+00:00
[2023-06-16T00:46:41.942+0000] {standard_task_runner.py:55} INFO - Started process 935 to run task
[2023-06-16T00:46:41.949+0000] {standard_task_runner.py:82} INFO - Running: ['***', 'tasks', 'run', 'data_ingestion_gcs_dag', 'download_dataset_task', 'scheduled__2023-06-15T00:00:00+00:00', '--job-id', '511', '--raw', '--subdir', 'DAGS_FOLDER/data_ingestion_gcs_dag.py', '--cfg-path', '/tmp/tmp7jizmy9y']
[2023-06-16T00:46:41.951+0000] {standard_task_runner.py:83} INFO - Job 511: Subtask download_dataset_task
[2023-06-16T00:46:42.193+0000] {task_command.py:388} INFO - Running <TaskInstance: data_ingestion_gcs_dag.download_dataset_task scheduled__2023-06-15T00:00:00+00:00 [running]> on host 2a315e4d94ac
[2023-06-16T00:46:42.356+0000] {taskinstance.py:1511} INFO - Exporting the following env vars:
AIRFLOW_CTX_DAG_OWNER=***
AIRFLOW_CTX_DAG_ID=data_ingestion_gcs_dag
AIRFLOW_CTX_TASK_ID=download_dataset_task
AIRFLOW_CTX_EXECUTION_DATE=2023-06-15T00:00:00+00:00
AIRFLOW_CTX_TRY_NUMBER=1
AIRFLOW_CTX_DAG_RUN_ID=scheduled__2023-06-15T00:00:00+00:00
[2023-06-16T00:46:42.362+0000] {subprocess.py:63} INFO - Tmp dir root location: 
 /tmp
[2023-06-16T00:46:42.390+0000] {subprocess.py:75} INFO - Running command: ['/bin/bash', '-c', '\n        cd /opt/*** &&\n        if [ ! -d direct-messaging ]; then\n            mkdir direct-messaging &&\n            cd direct-messaging &&\n            kaggle datasets download -d mkechinov/direct-messaging &&\n            unzip direct-messaging.zip && \n            rm direct-messaging.zip &&\n            ls\n        else\n            cd direct-messaging &&\n            ls\n        fi\n        ']
[2023-06-16T00:46:42.447+0000] {subprocess.py:86} INFO - Output:
[2023-06-16T00:46:42.483+0000] {subprocess.py:97} INFO - Command exited with return code 0
[2023-06-16T00:46:42.582+0000] {taskinstance.py:1326} INFO - Marking task as SUCCESS. dag_id=data_ingestion_gcs_dag, task_id=download_dataset_task, execution_date=20230615T000000, start_date=20230616T004641, end_date=20230616T004642
[2023-06-16T00:46:42.656+0000] {local_task_job.py:212} INFO - Task exited with return code 0
[2023-06-16T00:46:42.784+0000] {taskinstance.py:2585} INFO - 1 downstream tasks scheduled from follow-on schedule check
