[2023-06-15T17:57:10.826+0000] {taskinstance.py:1084} INFO - Dependencies all met for dep_context=non-requeueable deps ti=<TaskInstance: data_ingestion_gcs_dag.format_to_parquet_task manual__2023-06-15T17:56:52.227283+00:00 [queued]>
[2023-06-15T17:57:10.858+0000] {taskinstance.py:1084} INFO - Dependencies all met for dep_context=requeueable deps ti=<TaskInstance: data_ingestion_gcs_dag.format_to_parquet_task manual__2023-06-15T17:56:52.227283+00:00 [queued]>
[2023-06-15T17:57:10.861+0000] {taskinstance.py:1282} INFO - 
--------------------------------------------------------------------------------
[2023-06-15T17:57:10.863+0000] {taskinstance.py:1283} INFO - Starting attempt 1 of 2
[2023-06-15T17:57:10.866+0000] {taskinstance.py:1284} INFO - 
--------------------------------------------------------------------------------
[2023-06-15T17:57:10.917+0000] {taskinstance.py:1303} INFO - Executing <Task(PythonOperator): format_to_parquet_task> on 2023-06-15 17:56:52.227283+00:00
[2023-06-15T17:57:10.954+0000] {standard_task_runner.py:55} INFO - Started process 2102 to run task
[2023-06-15T17:57:10.963+0000] {standard_task_runner.py:82} INFO - Running: ['***', 'tasks', 'run', 'data_ingestion_gcs_dag', 'format_to_parquet_task', 'manual__2023-06-15T17:56:52.227283+00:00', '--job-id', '471', '--raw', '--subdir', 'DAGS_FOLDER/data_ingestion_gcs_dag.py', '--cfg-path', '/tmp/tmpewt173bd']
[2023-06-15T17:57:10.967+0000] {standard_task_runner.py:83} INFO - Job 471: Subtask format_to_parquet_task
[2023-06-15T17:57:11.149+0000] {task_command.py:388} INFO - Running <TaskInstance: data_ingestion_gcs_dag.format_to_parquet_task manual__2023-06-15T17:56:52.227283+00:00 [running]> on host 658b05ff6f1a
[2023-06-15T17:57:11.373+0000] {taskinstance.py:1511} INFO - Exporting the following env vars:
AIRFLOW_CTX_DAG_OWNER=***
AIRFLOW_CTX_DAG_ID=data_ingestion_gcs_dag
AIRFLOW_CTX_TASK_ID=format_to_parquet_task
AIRFLOW_CTX_EXECUTION_DATE=2023-06-15T17:56:52.227283+00:00
AIRFLOW_CTX_TRY_NUMBER=1
AIRFLOW_CTX_DAG_RUN_ID=manual__2023-06-15T17:56:52.227283+00:00
[2023-06-15T17:57:11.384+0000] {data_ingestion_gcs_dag.py:27} ERROR - Can only accept source files in CSV format, for the moment
[2023-06-15T17:57:41.586+0000] {local_task_job.py:212} INFO - Task exited with return code Negsignal.SIGKILL
[2023-06-15T17:57:42.210+0000] {taskinstance.py:2585} INFO - 0 downstream tasks scheduled from follow-on schedule check
