[2023-06-14T11:38:42.423+0000] {taskinstance.py:1084} INFO - Dependencies all met for dep_context=non-requeueable deps ti=<TaskInstance: data_ingestion_gcs_dag.create_folder_in_bucket_task manual__2023-06-14T11:38:38.739861+00:00 [queued]>
[2023-06-14T11:38:42.461+0000] {taskinstance.py:1084} INFO - Dependencies all met for dep_context=requeueable deps ti=<TaskInstance: data_ingestion_gcs_dag.create_folder_in_bucket_task manual__2023-06-14T11:38:38.739861+00:00 [queued]>
[2023-06-14T11:38:42.468+0000] {taskinstance.py:1282} INFO - 
--------------------------------------------------------------------------------
[2023-06-14T11:38:42.469+0000] {taskinstance.py:1283} INFO - Starting attempt 1 of 2
[2023-06-14T11:38:42.486+0000] {taskinstance.py:1284} INFO - 
--------------------------------------------------------------------------------
[2023-06-14T11:38:42.547+0000] {taskinstance.py:1303} INFO - Executing <Task(PythonOperator): create_folder_in_bucket_task> on 2023-06-14 11:38:38.739861+00:00
[2023-06-14T11:38:42.651+0000] {standard_task_runner.py:55} INFO - Started process 12070 to run task
[2023-06-14T11:38:42.867+0000] {standard_task_runner.py:82} INFO - Running: ['***', 'tasks', 'run', 'data_ingestion_gcs_dag', 'create_folder_in_bucket_task', 'manual__2023-06-14T11:38:38.739861+00:00', '--job-id', '152', '--raw', '--subdir', 'DAGS_FOLDER/data_ingestion_gcs_dag.py', '--cfg-path', '/tmp/tmp19a_gz_p']
[2023-06-14T11:38:42.910+0000] {standard_task_runner.py:83} INFO - Job 152: Subtask create_folder_in_bucket_task
[2023-06-14T11:38:43.628+0000] {task_command.py:388} INFO - Running <TaskInstance: data_ingestion_gcs_dag.create_folder_in_bucket_task manual__2023-06-14T11:38:38.739861+00:00 [running]> on host 2adc0c380f97
[2023-06-14T11:38:43.991+0000] {taskinstance.py:1511} INFO - Exporting the following env vars:
AIRFLOW_CTX_DAG_OWNER=***
AIRFLOW_CTX_DAG_ID=data_ingestion_gcs_dag
AIRFLOW_CTX_TASK_ID=create_folder_in_bucket_task
AIRFLOW_CTX_EXECUTION_DATE=2023-06-14T11:38:38.739861+00:00
AIRFLOW_CTX_TRY_NUMBER=1
AIRFLOW_CTX_DAG_RUN_ID=manual__2023-06-14T11:38:38.739861+00:00
[2023-06-14T11:38:45.295+0000] {python.py:177} INFO - Done. Returned value was: None
[2023-06-14T11:38:45.312+0000] {taskinstance.py:1326} INFO - Marking task as SUCCESS. dag_id=data_ingestion_gcs_dag, task_id=create_folder_in_bucket_task, execution_date=20230614T113838, start_date=20230614T113842, end_date=20230614T113845
[2023-06-14T11:38:45.393+0000] {local_task_job.py:212} INFO - Task exited with return code 0
[2023-06-14T11:38:45.459+0000] {taskinstance.py:2585} INFO - 1 downstream tasks scheduled from follow-on schedule check
