[2023-06-13T18:53:02.898+0000] {taskinstance.py:1084} INFO - Dependencies all met for dep_context=non-requeueable deps ti=<TaskInstance: data_ingestion_gcs_dag.local_to_gcs_task manual__2023-06-13T18:52:48.907763+00:00 [queued]>
[2023-06-13T18:53:02.915+0000] {taskinstance.py:1084} INFO - Dependencies all met for dep_context=requeueable deps ti=<TaskInstance: data_ingestion_gcs_dag.local_to_gcs_task manual__2023-06-13T18:52:48.907763+00:00 [queued]>
[2023-06-13T18:53:02.916+0000] {taskinstance.py:1282} INFO - 
--------------------------------------------------------------------------------
[2023-06-13T18:53:02.918+0000] {taskinstance.py:1283} INFO - Starting attempt 1 of 2
[2023-06-13T18:53:02.918+0000] {taskinstance.py:1284} INFO - 
--------------------------------------------------------------------------------
[2023-06-13T18:53:02.940+0000] {taskinstance.py:1303} INFO - Executing <Task(PythonOperator): local_to_gcs_task> on 2023-06-13 18:52:48.907763+00:00
[2023-06-13T18:53:02.949+0000] {standard_task_runner.py:55} INFO - Started process 4286 to run task
[2023-06-13T18:53:02.952+0000] {standard_task_runner.py:82} INFO - Running: ['***', 'tasks', 'run', 'data_ingestion_gcs_dag', 'local_to_gcs_task', 'manual__2023-06-13T18:52:48.907763+00:00', '--job-id', '57', '--raw', '--subdir', 'DAGS_FOLDER/data_ingestion_gcs_dag.py', '--cfg-path', '/tmp/tmpk7p4q8eo']
[2023-06-13T18:53:02.955+0000] {standard_task_runner.py:83} INFO - Job 57: Subtask local_to_gcs_task
[2023-06-13T18:53:03.027+0000] {task_command.py:388} INFO - Running <TaskInstance: data_ingestion_gcs_dag.local_to_gcs_task manual__2023-06-13T18:52:48.907763+00:00 [running]> on host 2adc0c380f97
[2023-06-13T18:53:03.114+0000] {taskinstance.py:1511} INFO - Exporting the following env vars:
AIRFLOW_CTX_DAG_OWNER=***
AIRFLOW_CTX_DAG_ID=data_ingestion_gcs_dag
AIRFLOW_CTX_TASK_ID=local_to_gcs_task
AIRFLOW_CTX_EXECUTION_DATE=2023-06-13T18:52:48.907763+00:00
AIRFLOW_CTX_TRY_NUMBER=1
AIRFLOW_CTX_DAG_RUN_ID=manual__2023-06-13T18:52:48.907763+00:00
[2023-06-13T19:35:39.175+0000] {python.py:177} INFO - Done. Returned value was: None
[2023-06-13T19:35:40.598+0000] {taskinstance.py:1326} INFO - Marking task as SUCCESS. dag_id=data_ingestion_gcs_dag, task_id=local_to_gcs_task, execution_date=20230613T185248, start_date=20230613T185302, end_date=20230613T193540
[2023-06-13T19:35:41.264+0000] {local_task_job.py:212} INFO - Task exited with return code 0
[2023-06-13T19:35:41.926+0000] {taskinstance.py:2585} INFO - 1 downstream tasks scheduled from follow-on schedule check
