[2023-06-13T17:37:27.303+0000] {taskinstance.py:1084} INFO - Dependencies all met for dep_context=non-requeueable deps ti=<TaskInstance: data_ingestion_gcs_dag.download_dataset_task manual__2023-06-13T17:37:24.288205+00:00 [queued]>
[2023-06-13T17:37:27.324+0000] {taskinstance.py:1084} INFO - Dependencies all met for dep_context=requeueable deps ti=<TaskInstance: data_ingestion_gcs_dag.download_dataset_task manual__2023-06-13T17:37:24.288205+00:00 [queued]>
[2023-06-13T17:37:27.328+0000] {taskinstance.py:1282} INFO - 
--------------------------------------------------------------------------------
[2023-06-13T17:37:27.331+0000] {taskinstance.py:1283} INFO - Starting attempt 1 of 2
[2023-06-13T17:37:27.332+0000] {taskinstance.py:1284} INFO - 
--------------------------------------------------------------------------------
[2023-06-13T17:37:27.370+0000] {taskinstance.py:1303} INFO - Executing <Task(BashOperator): download_dataset_task> on 2023-06-13 17:37:24.288205+00:00
[2023-06-13T17:37:27.386+0000] {standard_task_runner.py:55} INFO - Started process 107 to run task
[2023-06-13T17:37:27.390+0000] {standard_task_runner.py:82} INFO - Running: ['***', 'tasks', 'run', 'data_ingestion_gcs_dag', 'download_dataset_task', 'manual__2023-06-13T17:37:24.288205+00:00', '--job-id', '41', '--raw', '--subdir', 'DAGS_FOLDER/data_ingestion_gcs_dag.py', '--cfg-path', '/tmp/tmpjta7wu36']
[2023-06-13T17:37:27.398+0000] {standard_task_runner.py:83} INFO - Job 41: Subtask download_dataset_task
[2023-06-13T17:37:27.556+0000] {task_command.py:388} INFO - Running <TaskInstance: data_ingestion_gcs_dag.download_dataset_task manual__2023-06-13T17:37:24.288205+00:00 [running]> on host 2adc0c380f97
[2023-06-13T17:37:27.670+0000] {taskinstance.py:1511} INFO - Exporting the following env vars:
AIRFLOW_CTX_DAG_OWNER=***
AIRFLOW_CTX_DAG_ID=data_ingestion_gcs_dag
AIRFLOW_CTX_TASK_ID=download_dataset_task
AIRFLOW_CTX_EXECUTION_DATE=2023-06-13T17:37:24.288205+00:00
AIRFLOW_CTX_TRY_NUMBER=1
AIRFLOW_CTX_DAG_RUN_ID=manual__2023-06-13T17:37:24.288205+00:00
[2023-06-13T17:37:27.675+0000] {subprocess.py:63} INFO - Tmp dir root location: 
 /tmp
[2023-06-13T17:37:27.690+0000] {subprocess.py:75} INFO - Running command: ['/bin/bash', '-c', 'kaggle datasets download -d sherrytp/airline_delay_analysis -p /opt/***/airline_delay_analysis']
[2023-06-13T17:37:27.730+0000] {subprocess.py:86} INFO - Output:
[2023-06-13T17:37:28.465+0000] {subprocess.py:93} INFO - 403 - Forbidden
[2023-06-13T17:37:28.663+0000] {subprocess.py:97} INFO - Command exited with return code 1
[2023-06-13T17:37:28.678+0000] {taskinstance.py:1775} ERROR - Task failed with exception
Traceback (most recent call last):
  File "/home/airflow/.local/lib/python3.7/site-packages/airflow/operators/bash.py", line 197, in execute
    f"Bash command failed. The command returned a non-zero exit code {result.exit_code}."
airflow.exceptions.AirflowException: Bash command failed. The command returned a non-zero exit code 1.
[2023-06-13T17:37:28.684+0000] {taskinstance.py:1326} INFO - Marking task as UP_FOR_RETRY. dag_id=data_ingestion_gcs_dag, task_id=download_dataset_task, execution_date=20230613T173724, start_date=20230613T173727, end_date=20230613T173728
[2023-06-13T17:37:28.709+0000] {standard_task_runner.py:105} ERROR - Failed to execute job 41 for task download_dataset_task (Bash command failed. The command returned a non-zero exit code 1.; 107)
[2023-06-13T17:37:28.734+0000] {local_task_job.py:212} INFO - Task exited with return code 1
[2023-06-13T17:37:28.767+0000] {taskinstance.py:2585} INFO - 0 downstream tasks scheduled from follow-on schedule check
