[2023-06-15T17:40:02.948+0000] {taskinstance.py:1084} INFO - Dependencies all met for dep_context=non-requeueable deps ti=<TaskInstance: data_ingestion_gcs_dag.format_to_parquet_task manual__2023-06-15T17:39:37.297695+00:00 [queued]>
[2023-06-15T17:40:02.966+0000] {taskinstance.py:1084} INFO - Dependencies all met for dep_context=requeueable deps ti=<TaskInstance: data_ingestion_gcs_dag.format_to_parquet_task manual__2023-06-15T17:39:37.297695+00:00 [queued]>
[2023-06-15T17:40:02.968+0000] {taskinstance.py:1282} INFO - 
--------------------------------------------------------------------------------
[2023-06-15T17:40:02.969+0000] {taskinstance.py:1283} INFO - Starting attempt 1 of 2
[2023-06-15T17:40:02.969+0000] {taskinstance.py:1284} INFO - 
--------------------------------------------------------------------------------
[2023-06-15T17:40:03.002+0000] {taskinstance.py:1303} INFO - Executing <Task(PythonOperator): format_to_parquet_task> on 2023-06-15 17:39:37.297695+00:00
[2023-06-15T17:40:03.015+0000] {standard_task_runner.py:55} INFO - Started process 1238 to run task
[2023-06-15T17:40:03.021+0000] {standard_task_runner.py:82} INFO - Running: ['***', 'tasks', 'run', 'data_ingestion_gcs_dag', 'format_to_parquet_task', 'manual__2023-06-15T17:39:37.297695+00:00', '--job-id', '463', '--raw', '--subdir', 'DAGS_FOLDER/data_ingestion_gcs_dag.py', '--cfg-path', '/tmp/tmplld31079']
[2023-06-15T17:40:03.024+0000] {standard_task_runner.py:83} INFO - Job 463: Subtask format_to_parquet_task
[2023-06-15T17:40:03.139+0000] {task_command.py:388} INFO - Running <TaskInstance: data_ingestion_gcs_dag.format_to_parquet_task manual__2023-06-15T17:39:37.297695+00:00 [running]> on host 658b05ff6f1a
[2023-06-15T17:40:03.309+0000] {taskinstance.py:1511} INFO - Exporting the following env vars:
AIRFLOW_CTX_DAG_OWNER=***
AIRFLOW_CTX_DAG_ID=data_ingestion_gcs_dag
AIRFLOW_CTX_TASK_ID=format_to_parquet_task
AIRFLOW_CTX_EXECUTION_DATE=2023-06-15T17:39:37.297695+00:00
AIRFLOW_CTX_TRY_NUMBER=1
AIRFLOW_CTX_DAG_RUN_ID=manual__2023-06-15T17:39:37.297695+00:00
[2023-06-15T17:40:03.315+0000] {data_ingestion_gcs_dag.py:27} ERROR - Can only accept source files in CSV format, for the moment
[2023-06-15T17:40:56.708+0000] {local_task_job.py:212} INFO - Task exited with return code Negsignal.SIGKILL
[2023-06-15T17:40:57.956+0000] {taskinstance.py:2585} INFO - 0 downstream tasks scheduled from follow-on schedule check
