[2023-06-14T09:36:43.793+0000] {taskinstance.py:1084} INFO - Dependencies all met for dep_context=non-requeueable deps ti=<TaskInstance: data_ingestion_gcs_dag.format_to_parquet_task manual__2023-06-14T09:36:26.081036+00:00 [queued]>
[2023-06-14T09:36:43.812+0000] {taskinstance.py:1084} INFO - Dependencies all met for dep_context=requeueable deps ti=<TaskInstance: data_ingestion_gcs_dag.format_to_parquet_task manual__2023-06-14T09:36:26.081036+00:00 [queued]>
[2023-06-14T09:36:43.813+0000] {taskinstance.py:1282} INFO - 
--------------------------------------------------------------------------------
[2023-06-14T09:36:43.814+0000] {taskinstance.py:1283} INFO - Starting attempt 1 of 2
[2023-06-14T09:36:43.815+0000] {taskinstance.py:1284} INFO - 
--------------------------------------------------------------------------------
[2023-06-14T09:36:43.843+0000] {taskinstance.py:1303} INFO - Executing <Task(PythonOperator): format_to_parquet_task> on 2023-06-14 09:36:26.081036+00:00
[2023-06-14T09:36:43.857+0000] {standard_task_runner.py:55} INFO - Started process 5072 to run task
[2023-06-14T09:36:43.861+0000] {standard_task_runner.py:82} INFO - Running: ['***', 'tasks', 'run', 'data_ingestion_gcs_dag', 'format_to_parquet_task', 'manual__2023-06-14T09:36:26.081036+00:00', '--job-id', '127', '--raw', '--subdir', 'DAGS_FOLDER/data_ingestion_gcs_dag.py', '--cfg-path', '/tmp/tmpfe57u1ny']
[2023-06-14T09:36:43.864+0000] {standard_task_runner.py:83} INFO - Job 127: Subtask format_to_parquet_task
[2023-06-14T09:36:43.989+0000] {task_command.py:388} INFO - Running <TaskInstance: data_ingestion_gcs_dag.format_to_parquet_task manual__2023-06-14T09:36:26.081036+00:00 [running]> on host 2adc0c380f97
[2023-06-14T09:36:44.093+0000] {taskinstance.py:1511} INFO - Exporting the following env vars:
AIRFLOW_CTX_DAG_OWNER=***
AIRFLOW_CTX_DAG_ID=data_ingestion_gcs_dag
AIRFLOW_CTX_TASK_ID=format_to_parquet_task
AIRFLOW_CTX_EXECUTION_DATE=2023-06-14T09:36:26.081036+00:00
AIRFLOW_CTX_TRY_NUMBER=1
AIRFLOW_CTX_DAG_RUN_ID=manual__2023-06-14T09:36:26.081036+00:00
[2023-06-14T09:36:44.095+0000] {data_ingestion_gcs_dag.py:55} ERROR - Can only accept source files in CSV format, for the moment
[2023-06-14T09:36:44.096+0000] {python.py:177} INFO - Done. Returned value was: None
[2023-06-14T09:36:44.108+0000] {taskinstance.py:1326} INFO - Marking task as SUCCESS. dag_id=data_ingestion_gcs_dag, task_id=format_to_parquet_task, execution_date=20230614T093626, start_date=20230614T093643, end_date=20230614T093644
[2023-06-14T09:36:44.155+0000] {local_task_job.py:212} INFO - Task exited with return code 0
[2023-06-14T09:36:44.191+0000] {taskinstance.py:2585} INFO - 0 downstream tasks scheduled from follow-on schedule check
