[2023-06-16T00:46:57.294+0000] {taskinstance.py:1084} INFO - Dependencies all met for dep_context=non-requeueable deps ti=<TaskInstance: data_ingestion_gcs_dag.format_to_parquet_task manual__2023-06-16T00:46:16.134133+00:00 [queued]>
[2023-06-16T00:46:57.308+0000] {taskinstance.py:1084} INFO - Dependencies all met for dep_context=requeueable deps ti=<TaskInstance: data_ingestion_gcs_dag.format_to_parquet_task manual__2023-06-16T00:46:16.134133+00:00 [queued]>
[2023-06-16T00:46:57.309+0000] {taskinstance.py:1282} INFO - 
--------------------------------------------------------------------------------
[2023-06-16T00:46:57.318+0000] {taskinstance.py:1283} INFO - Starting attempt 1 of 2
[2023-06-16T00:46:57.319+0000] {taskinstance.py:1284} INFO - 
--------------------------------------------------------------------------------
[2023-06-16T00:46:57.375+0000] {taskinstance.py:1303} INFO - Executing <Task(PythonOperator): format_to_parquet_task> on 2023-06-16 00:46:16.134133+00:00
[2023-06-16T00:46:57.383+0000] {standard_task_runner.py:55} INFO - Started process 971 to run task
[2023-06-16T00:46:57.386+0000] {standard_task_runner.py:82} INFO - Running: ['***', 'tasks', 'run', 'data_ingestion_gcs_dag', 'format_to_parquet_task', 'manual__2023-06-16T00:46:16.134133+00:00', '--job-id', '515', '--raw', '--subdir', 'DAGS_FOLDER/data_ingestion_gcs_dag.py', '--cfg-path', '/tmp/tmp2ru8xwyg']
[2023-06-16T00:46:57.388+0000] {standard_task_runner.py:83} INFO - Job 515: Subtask format_to_parquet_task
[2023-06-16T00:46:57.501+0000] {task_command.py:388} INFO - Running <TaskInstance: data_ingestion_gcs_dag.format_to_parquet_task manual__2023-06-16T00:46:16.134133+00:00 [running]> on host 2a315e4d94ac
[2023-06-16T00:46:57.595+0000] {taskinstance.py:1511} INFO - Exporting the following env vars:
AIRFLOW_CTX_DAG_OWNER=***
AIRFLOW_CTX_DAG_ID=data_ingestion_gcs_dag
AIRFLOW_CTX_TASK_ID=format_to_parquet_task
AIRFLOW_CTX_EXECUTION_DATE=2023-06-16T00:46:16.134133+00:00
AIRFLOW_CTX_TRY_NUMBER=1
AIRFLOW_CTX_DAG_RUN_ID=manual__2023-06-16T00:46:16.134133+00:00
[2023-06-16T00:46:57.598+0000] {python.py:177} INFO - Done. Returned value was: None
[2023-06-16T00:46:57.610+0000] {taskinstance.py:1326} INFO - Marking task as SUCCESS. dag_id=data_ingestion_gcs_dag, task_id=format_to_parquet_task, execution_date=20230616T004616, start_date=20230616T004657, end_date=20230616T004657
[2023-06-16T00:46:57.679+0000] {local_task_job.py:212} INFO - Task exited with return code 0
[2023-06-16T00:46:57.706+0000] {taskinstance.py:2585} INFO - 1 downstream tasks scheduled from follow-on schedule check
