[2023-06-15T07:46:33.826+0000] {taskinstance.py:1084} INFO - Dependencies all met for dep_context=non-requeueable deps ti=<TaskInstance: data_ingestion_gcs_dag.download_dataset_task manual__2023-06-15T07:46:29.905392+00:00 [queued]>
[2023-06-15T07:46:33.853+0000] {taskinstance.py:1084} INFO - Dependencies all met for dep_context=requeueable deps ti=<TaskInstance: data_ingestion_gcs_dag.download_dataset_task manual__2023-06-15T07:46:29.905392+00:00 [queued]>
[2023-06-15T07:46:33.854+0000] {taskinstance.py:1282} INFO - 
--------------------------------------------------------------------------------
[2023-06-15T07:46:33.855+0000] {taskinstance.py:1283} INFO - Starting attempt 1 of 2
[2023-06-15T07:46:33.856+0000] {taskinstance.py:1284} INFO - 
--------------------------------------------------------------------------------
[2023-06-15T07:46:33.891+0000] {taskinstance.py:1303} INFO - Executing <Task(PythonOperator): download_dataset_task> on 2023-06-15 07:46:29.905392+00:00
[2023-06-15T07:46:33.919+0000] {standard_task_runner.py:55} INFO - Started process 7101 to run task
[2023-06-15T07:46:33.923+0000] {standard_task_runner.py:82} INFO - Running: ['***', 'tasks', 'run', 'data_ingestion_gcs_dag', 'download_dataset_task', 'manual__2023-06-15T07:46:29.905392+00:00', '--job-id', '333', '--raw', '--subdir', 'DAGS_FOLDER/data_ingestion_gcs_dag.py', '--cfg-path', '/tmp/tmpg740hv62']
[2023-06-15T07:46:33.926+0000] {standard_task_runner.py:83} INFO - Job 333: Subtask download_dataset_task
[2023-06-15T07:46:34.064+0000] {task_command.py:388} INFO - Running <TaskInstance: data_ingestion_gcs_dag.download_dataset_task manual__2023-06-15T07:46:29.905392+00:00 [running]> on host 658b05ff6f1a
[2023-06-15T07:46:34.277+0000] {taskinstance.py:1511} INFO - Exporting the following env vars:
AIRFLOW_CTX_DAG_OWNER=***
AIRFLOW_CTX_DAG_ID=data_ingestion_gcs_dag
AIRFLOW_CTX_TASK_ID=download_dataset_task
AIRFLOW_CTX_EXECUTION_DATE=2023-06-15T07:46:29.905392+00:00
AIRFLOW_CTX_TRY_NUMBER=1
AIRFLOW_CTX_DAG_RUN_ID=manual__2023-06-15T07:46:29.905392+00:00
[2023-06-15T07:46:34.283+0000] {data_ingestion_gcs_dag.py:66} INFO - File already exists, skipping download.
[2023-06-15T07:46:34.285+0000] {python.py:177} INFO - Done. Returned value was: None
[2023-06-15T07:46:34.301+0000] {taskinstance.py:1326} INFO - Marking task as SUCCESS. dag_id=data_ingestion_gcs_dag, task_id=download_dataset_task, execution_date=20230615T074629, start_date=20230615T074633, end_date=20230615T074634
[2023-06-15T07:46:34.349+0000] {local_task_job.py:212} INFO - Task exited with return code 0
[2023-06-15T07:46:34.397+0000] {taskinstance.py:2585} INFO - 1 downstream tasks scheduled from follow-on schedule check
