[2023-06-15T17:54:04.840+0000] {taskinstance.py:1084} INFO - Dependencies all met for dep_context=non-requeueable deps ti=<TaskInstance: data_ingestion_gcs_dag.download_dataset_task manual__2023-06-15T17:53:52.429169+00:00 [queued]>
[2023-06-15T17:54:04.861+0000] {taskinstance.py:1084} INFO - Dependencies all met for dep_context=requeueable deps ti=<TaskInstance: data_ingestion_gcs_dag.download_dataset_task manual__2023-06-15T17:53:52.429169+00:00 [queued]>
[2023-06-15T17:54:04.862+0000] {taskinstance.py:1282} INFO - 
--------------------------------------------------------------------------------
[2023-06-15T17:54:04.864+0000] {taskinstance.py:1283} INFO - Starting attempt 1 of 2
[2023-06-15T17:54:04.865+0000] {taskinstance.py:1284} INFO - 
--------------------------------------------------------------------------------
[2023-06-15T17:54:04.897+0000] {taskinstance.py:1303} INFO - Executing <Task(BashOperator): download_dataset_task> on 2023-06-15 17:53:52.429169+00:00
[2023-06-15T17:54:04.917+0000] {standard_task_runner.py:55} INFO - Started process 1924 to run task
[2023-06-15T17:54:04.921+0000] {standard_task_runner.py:82} INFO - Running: ['***', 'tasks', 'run', 'data_ingestion_gcs_dag', 'download_dataset_task', 'manual__2023-06-15T17:53:52.429169+00:00', '--job-id', '469', '--raw', '--subdir', 'DAGS_FOLDER/data_ingestion_gcs_dag.py', '--cfg-path', '/tmp/tmp2gw1xqev']
[2023-06-15T17:54:04.924+0000] {standard_task_runner.py:83} INFO - Job 469: Subtask download_dataset_task
[2023-06-15T17:54:05.033+0000] {task_command.py:388} INFO - Running <TaskInstance: data_ingestion_gcs_dag.download_dataset_task manual__2023-06-15T17:53:52.429169+00:00 [running]> on host 658b05ff6f1a
[2023-06-15T17:54:05.163+0000] {taskinstance.py:1511} INFO - Exporting the following env vars:
AIRFLOW_CTX_DAG_OWNER=***
AIRFLOW_CTX_DAG_ID=data_ingestion_gcs_dag
AIRFLOW_CTX_TASK_ID=download_dataset_task
AIRFLOW_CTX_EXECUTION_DATE=2023-06-15T17:53:52.429169+00:00
AIRFLOW_CTX_TRY_NUMBER=1
AIRFLOW_CTX_DAG_RUN_ID=manual__2023-06-15T17:53:52.429169+00:00
[2023-06-15T17:54:05.166+0000] {subprocess.py:63} INFO - Tmp dir root location: 
 /tmp
[2023-06-15T17:54:05.178+0000] {subprocess.py:75} INFO - Running command: ['/bin/bash', '-c', '\n        cd /opt/*** &&\n        if [ ! -d direct-messaging ]; then\n            mkdir direct-messaging &&\n            cd direct-messaging &&\n            kaggle datasets download -d mkechinov/direct-messaging --force &&\n            unzip direct-messaging.zip && \n            rm direct-messaging.zip &&\n            ls\n        fi &&\n        ']
[2023-06-15T17:54:05.203+0000] {subprocess.py:86} INFO - Output:
[2023-06-15T17:54:05.217+0000] {subprocess.py:93} INFO - /bin/bash: -c: line 12: syntax error: unexpected end of file
[2023-06-15T17:54:05.218+0000] {subprocess.py:97} INFO - Command exited with return code 2
[2023-06-15T17:54:05.235+0000] {taskinstance.py:1775} ERROR - Task failed with exception
Traceback (most recent call last):
  File "/home/airflow/.local/lib/python3.7/site-packages/airflow/operators/bash.py", line 197, in execute
    f"Bash command failed. The command returned a non-zero exit code {result.exit_code}."
airflow.exceptions.AirflowException: Bash command failed. The command returned a non-zero exit code 2.
[2023-06-15T17:54:05.242+0000] {taskinstance.py:1326} INFO - Marking task as UP_FOR_RETRY. dag_id=data_ingestion_gcs_dag, task_id=download_dataset_task, execution_date=20230615T175352, start_date=20230615T175404, end_date=20230615T175405
[2023-06-15T17:54:05.267+0000] {standard_task_runner.py:105} ERROR - Failed to execute job 469 for task download_dataset_task (Bash command failed. The command returned a non-zero exit code 2.; 1924)
[2023-06-15T17:54:05.294+0000] {local_task_job.py:212} INFO - Task exited with return code 1
[2023-06-15T17:54:05.339+0000] {taskinstance.py:2585} INFO - 0 downstream tasks scheduled from follow-on schedule check
