[2023-06-14T23:22:58.646+0000] {taskinstance.py:1084} INFO - Dependencies all met for dep_context=non-requeueable deps ti=<TaskInstance: data_ingestion_gcs_dag.download_dataset_task manual__2023-06-14T23:17:45.611486+00:00 [queued]>
[2023-06-14T23:22:58.662+0000] {taskinstance.py:1084} INFO - Dependencies all met for dep_context=requeueable deps ti=<TaskInstance: data_ingestion_gcs_dag.download_dataset_task manual__2023-06-14T23:17:45.611486+00:00 [queued]>
[2023-06-14T23:22:58.663+0000] {taskinstance.py:1282} INFO - 
--------------------------------------------------------------------------------
[2023-06-14T23:22:58.664+0000] {taskinstance.py:1283} INFO - Starting attempt 2 of 2
[2023-06-14T23:22:58.665+0000] {taskinstance.py:1284} INFO - 
--------------------------------------------------------------------------------
[2023-06-14T23:22:58.686+0000] {taskinstance.py:1303} INFO - Executing <Task(BashOperator): download_dataset_task> on 2023-06-14 23:17:45.611486+00:00
[2023-06-14T23:22:58.705+0000] {standard_task_runner.py:55} INFO - Started process 3375 to run task
[2023-06-14T23:22:58.708+0000] {standard_task_runner.py:82} INFO - Running: ['***', 'tasks', 'run', 'data_ingestion_gcs_dag', 'download_dataset_task', 'manual__2023-06-14T23:17:45.611486+00:00', '--job-id', '203', '--raw', '--subdir', 'DAGS_FOLDER/data_ingestion_gcs_dag.py', '--cfg-path', '/tmp/tmp6lelo57m']
[2023-06-14T23:22:58.710+0000] {standard_task_runner.py:83} INFO - Job 203: Subtask download_dataset_task
[2023-06-14T23:22:58.792+0000] {task_command.py:388} INFO - Running <TaskInstance: data_ingestion_gcs_dag.download_dataset_task manual__2023-06-14T23:17:45.611486+00:00 [running]> on host 570ce802d94a
[2023-06-14T23:22:58.919+0000] {taskinstance.py:1511} INFO - Exporting the following env vars:
AIRFLOW_CTX_DAG_OWNER=***
AIRFLOW_CTX_DAG_ID=data_ingestion_gcs_dag
AIRFLOW_CTX_TASK_ID=download_dataset_task
AIRFLOW_CTX_EXECUTION_DATE=2023-06-14T23:17:45.611486+00:00
AIRFLOW_CTX_TRY_NUMBER=2
AIRFLOW_CTX_DAG_RUN_ID=manual__2023-06-14T23:17:45.611486+00:00
[2023-06-14T23:22:58.923+0000] {subprocess.py:63} INFO - Tmp dir root location: 
 /tmp
[2023-06-14T23:22:58.936+0000] {subprocess.py:75} INFO - Running command: ['/bin/bash', '-c', 'kaggle datasets download -d sherrytp/airline-delay-analysis -p /opt/***/airline-delay-analysis && unzip -o /opt/***/airline-delay-analysis/airline-delay-analysis.zip -d /opt/***/airline-delay-analysis']
[2023-06-14T23:22:58.971+0000] {subprocess.py:86} INFO - Output:
[2023-06-14T23:23:00.309+0000] {subprocess.py:93} INFO - airline-delay-analysis.zip: Skipping, found more recently modified local copy (use --force to force download)
[2023-06-14T23:23:00.487+0000] {subprocess.py:93} INFO - Archive:  /opt/***/airline-delay-analysis/airline-delay-analysis.zip
[2023-06-14T23:23:08.508+0000] {subprocess.py:93} INFO -   inflating: /opt/***/airline-delay-analysis/airline delay analysis/20.csv
[2023-06-14T23:23:26.596+0000] {subprocess.py:93} INFO -   inflating: /opt/***/airline-delay-analysis/airline delay analysis/2009.csv
[2023-06-14T23:23:35.402+0000] {subprocess.py:93} INFO -   inflating: /opt/***/airline-delay-analysis/airline delay analysis/2010.csv
[2023-06-14T23:23:46.465+0000] {subprocess.py:93} INFO -   inflating: /opt/***/airline-delay-analysis/airline delay analysis/2011.csv
[2023-06-14T23:23:54.926+0000] {subprocess.py:93} INFO -   inflating: /opt/***/airline-delay-analysis/airline delay analysis/2012.csv
[2023-06-14T23:24:00.354+0000] {local_task_job.py:277} WARNING - State of this instance has been externally set to failed. Terminating instance.
[2023-06-14T23:24:00.651+0000] {process_utils.py:133} INFO - Sending Signals.SIGTERM to group 3375. PIDs of all processes in the group: [3376, 3375]
[2023-06-14T23:24:00.654+0000] {process_utils.py:84} INFO - Sending the signal Signals.SIGTERM to group 3375
[2023-06-14T23:24:00.670+0000] {taskinstance.py:1482} ERROR - Received SIGTERM. Terminating subprocesses.
[2023-06-14T23:24:00.781+0000] {subprocess.py:104} INFO - Sending SIGTERM signal to process group
[2023-06-14T23:24:01.610+0000] {process_utils.py:79} INFO - Process psutil.Process(pid=3375, status='terminated', exitcode=0, started='23:22:57') (3375) terminated with exit code 0
[2023-06-14T23:24:01.618+0000] {process_utils.py:79} INFO - Process psutil.Process(pid=3376, status='terminated', started='23:22:58') (3376) terminated with exit code None
