[2023-06-15T08:12:10.929+0000] {taskinstance.py:1084} INFO - Dependencies all met for dep_context=non-requeueable deps ti=<TaskInstance: data_ingestion_gcs_dag.download_dataset_task manual__2023-06-15T08:11:43.574706+00:00 [queued]>
[2023-06-15T08:12:10.949+0000] {taskinstance.py:1084} INFO - Dependencies all met for dep_context=requeueable deps ti=<TaskInstance: data_ingestion_gcs_dag.download_dataset_task manual__2023-06-15T08:11:43.574706+00:00 [queued]>
[2023-06-15T08:12:10.951+0000] {taskinstance.py:1282} INFO - 
--------------------------------------------------------------------------------
[2023-06-15T08:12:10.952+0000] {taskinstance.py:1283} INFO - Starting attempt 1 of 2
[2023-06-15T08:12:10.953+0000] {taskinstance.py:1284} INFO - 
--------------------------------------------------------------------------------
[2023-06-15T08:12:10.982+0000] {taskinstance.py:1303} INFO - Executing <Task(BashOperator): download_dataset_task> on 2023-06-15 08:11:43.574706+00:00
[2023-06-15T08:12:10.994+0000] {standard_task_runner.py:55} INFO - Started process 8687 to run task
[2023-06-15T08:12:10.998+0000] {standard_task_runner.py:82} INFO - Running: ['***', 'tasks', 'run', 'data_ingestion_gcs_dag', 'download_dataset_task', 'manual__2023-06-15T08:11:43.574706+00:00', '--job-id', '363', '--raw', '--subdir', 'DAGS_FOLDER/data_ingestion_gcs_dag.py', '--cfg-path', '/tmp/tmpmi12ih43']
[2023-06-15T08:12:11.001+0000] {standard_task_runner.py:83} INFO - Job 363: Subtask download_dataset_task
[2023-06-15T08:12:11.111+0000] {task_command.py:388} INFO - Running <TaskInstance: data_ingestion_gcs_dag.download_dataset_task manual__2023-06-15T08:11:43.574706+00:00 [running]> on host 658b05ff6f1a
[2023-06-15T08:12:11.238+0000] {taskinstance.py:1511} INFO - Exporting the following env vars:
AIRFLOW_CTX_DAG_OWNER=***
AIRFLOW_CTX_DAG_ID=data_ingestion_gcs_dag
AIRFLOW_CTX_TASK_ID=download_dataset_task
AIRFLOW_CTX_EXECUTION_DATE=2023-06-15T08:11:43.574706+00:00
AIRFLOW_CTX_TRY_NUMBER=1
AIRFLOW_CTX_DAG_RUN_ID=manual__2023-06-15T08:11:43.574706+00:00
[2023-06-15T08:12:11.242+0000] {subprocess.py:63} INFO - Tmp dir root location: 
 /tmp
[2023-06-15T08:12:11.263+0000] {subprocess.py:75} INFO - Running command: ['/bin/bash', '-c', 'kaggle datasets download -d arnabchaki/data-science-salaries-2023 > /opt/***/data-science-salaries-2023.csv']
[2023-06-15T08:12:11.307+0000] {subprocess.py:86} INFO - Output:
[2023-06-15T08:12:12.978+0000] {subprocess.py:93} INFO -   0%|          | 0.00/25.4k [00:00<?, ?B/s]100%|██████████| 25.4k/25.4k [00:00<00:00, 908kB/s]
[2023-06-15T08:12:13.155+0000] {subprocess.py:97} INFO - Command exited with return code 0
[2023-06-15T08:12:13.195+0000] {taskinstance.py:1326} INFO - Marking task as SUCCESS. dag_id=data_ingestion_gcs_dag, task_id=download_dataset_task, execution_date=20230615T081143, start_date=20230615T081210, end_date=20230615T081213
[2023-06-15T08:12:13.265+0000] {local_task_job.py:212} INFO - Task exited with return code 0
[2023-06-15T08:12:13.290+0000] {dagrun.py:697} ERROR - Failed to get task for ti <TaskInstance: data_ingestion_gcs_dag.format_to_parquet_task manual__2023-06-15T08:11:43.574706+00:00 [up_for_retry]>. Marking it as removed.
[2023-06-15T08:12:13.309+0000] {taskinstance.py:2585} INFO - 1 downstream tasks scheduled from follow-on schedule check
