[2023-06-14T09:26:48.910+0000] {taskinstance.py:1084} INFO - Dependencies all met for dep_context=non-requeueable deps ti=<TaskInstance: data_ingestion_gcs_dag.list_files_task manual__2023-06-14T09:26:27.663322+00:00 [queued]>
[2023-06-14T09:26:48.928+0000] {taskinstance.py:1084} INFO - Dependencies all met for dep_context=requeueable deps ti=<TaskInstance: data_ingestion_gcs_dag.list_files_task manual__2023-06-14T09:26:27.663322+00:00 [queued]>
[2023-06-14T09:26:48.929+0000] {taskinstance.py:1282} INFO - 
--------------------------------------------------------------------------------
[2023-06-14T09:26:48.930+0000] {taskinstance.py:1283} INFO - Starting attempt 1 of 2
[2023-06-14T09:26:48.931+0000] {taskinstance.py:1284} INFO - 
--------------------------------------------------------------------------------
[2023-06-14T09:26:48.964+0000] {taskinstance.py:1303} INFO - Executing <Task(PythonOperator): list_files_task> on 2023-06-14 09:26:27.663322+00:00
[2023-06-14T09:26:48.984+0000] {standard_task_runner.py:55} INFO - Started process 4507 to run task
[2023-06-14T09:26:48.989+0000] {standard_task_runner.py:82} INFO - Running: ['***', 'tasks', 'run', 'data_ingestion_gcs_dag', 'list_files_task', 'manual__2023-06-14T09:26:27.663322+00:00', '--job-id', '122', '--raw', '--subdir', 'DAGS_FOLDER/data_ingestion_gcs_dag.py', '--cfg-path', '/tmp/tmpzha054da']
[2023-06-14T09:26:48.994+0000] {standard_task_runner.py:83} INFO - Job 122: Subtask list_files_task
[2023-06-14T09:26:49.155+0000] {task_command.py:388} INFO - Running <TaskInstance: data_ingestion_gcs_dag.list_files_task manual__2023-06-14T09:26:27.663322+00:00 [running]> on host 2adc0c380f97
[2023-06-14T09:26:49.344+0000] {taskinstance.py:1511} INFO - Exporting the following env vars:
AIRFLOW_CTX_DAG_OWNER=***
AIRFLOW_CTX_DAG_ID=data_ingestion_gcs_dag
AIRFLOW_CTX_TASK_ID=list_files_task
AIRFLOW_CTX_EXECUTION_DATE=2023-06-14T09:26:27.663322+00:00
AIRFLOW_CTX_TRY_NUMBER=1
AIRFLOW_CTX_DAG_RUN_ID=manual__2023-06-14T09:26:27.663322+00:00
[2023-06-14T09:26:50.463+0000] {python.py:177} INFO - Done. Returned value was: []
[2023-06-14T09:26:50.797+0000] {taskinstance.py:1326} INFO - Marking task as SUCCESS. dag_id=data_ingestion_gcs_dag, task_id=list_files_task, execution_date=20230614T092627, start_date=20230614T092648, end_date=20230614T092650
[2023-06-14T09:26:50.882+0000] {local_task_job.py:212} INFO - Task exited with return code 0
[2023-06-14T09:26:50.958+0000] {taskinstance.py:2585} INFO - 1 downstream tasks scheduled from follow-on schedule check
