[2023-06-16T01:01:22.896+0000] {taskinstance.py:1084} INFO - Dependencies all met for dep_context=non-requeueable deps ti=<TaskInstance: data_ingestion_gcs_dag.format_to_parquet_task manual__2023-06-16T01:00:17.602002+00:00 [queued]>
[2023-06-16T01:01:22.912+0000] {taskinstance.py:1084} INFO - Dependencies all met for dep_context=requeueable deps ti=<TaskInstance: data_ingestion_gcs_dag.format_to_parquet_task manual__2023-06-16T01:00:17.602002+00:00 [queued]>
[2023-06-16T01:01:22.913+0000] {taskinstance.py:1282} INFO - 
--------------------------------------------------------------------------------
[2023-06-16T01:01:22.914+0000] {taskinstance.py:1283} INFO - Starting attempt 1 of 2
[2023-06-16T01:01:22.914+0000] {taskinstance.py:1284} INFO - 
--------------------------------------------------------------------------------
[2023-06-16T01:01:22.941+0000] {taskinstance.py:1303} INFO - Executing <Task(PythonOperator): format_to_parquet_task> on 2023-06-16 01:00:17.602002+00:00
[2023-06-16T01:01:22.977+0000] {standard_task_runner.py:55} INFO - Started process 1786 to run task
[2023-06-16T01:01:22.981+0000] {standard_task_runner.py:82} INFO - Running: ['***', 'tasks', 'run', 'data_ingestion_gcs_dag', 'format_to_parquet_task', 'manual__2023-06-16T01:00:17.602002+00:00', '--job-id', '518', '--raw', '--subdir', 'DAGS_FOLDER/data_ingestion_gcs_dag.py', '--cfg-path', '/tmp/tmp8rx41o2n']
[2023-06-16T01:01:22.984+0000] {standard_task_runner.py:83} INFO - Job 518: Subtask format_to_parquet_task
[2023-06-16T01:01:23.104+0000] {task_command.py:388} INFO - Running <TaskInstance: data_ingestion_gcs_dag.format_to_parquet_task manual__2023-06-16T01:00:17.602002+00:00 [running]> on host 2a315e4d94ac
[2023-06-16T01:01:23.206+0000] {taskinstance.py:1511} INFO - Exporting the following env vars:
AIRFLOW_CTX_DAG_OWNER=***
AIRFLOW_CTX_DAG_ID=data_ingestion_gcs_dag
AIRFLOW_CTX_TASK_ID=format_to_parquet_task
AIRFLOW_CTX_EXECUTION_DATE=2023-06-16T01:00:17.602002+00:00
AIRFLOW_CTX_TRY_NUMBER=1
AIRFLOW_CTX_DAG_RUN_ID=manual__2023-06-16T01:00:17.602002+00:00
[2023-06-16T01:01:23.209+0000] {logging_mixin.py:137} INFO - now next iteration: application_details_granted_2023.csv
[2023-06-16T01:01:23.210+0000] {logging_mixin.py:137} INFO - file path succed : application_details_granted_2023.csv
[2023-06-16T01:01:23.454+0000] {logging_mixin.py:137} INFO - table succeed: application_details_granted_2023.csv
[2023-06-16T01:01:23.529+0000] {logging_mixin.py:137} INFO - write succeed: application_details_granted_2023.csv
[2023-06-16T01:01:23.531+0000] {logging_mixin.py:137} INFO - now next iteration: application_details_granted_2019.csv
[2023-06-16T01:01:23.532+0000] {logging_mixin.py:137} INFO - file path succed : application_details_granted_2019.csv
[2023-06-16T01:01:23.725+0000] {logging_mixin.py:137} INFO - table succeed: application_details_granted_2019.csv
[2023-06-16T01:01:23.756+0000] {logging_mixin.py:137} INFO - write succeed: application_details_granted_2019.csv
[2023-06-16T01:01:23.760+0000] {logging_mixin.py:137} INFO - now next iteration: application_details_granted_2021.csv
[2023-06-16T01:01:23.761+0000] {logging_mixin.py:137} INFO - file path succed : application_details_granted_2021.csv
[2023-06-16T01:01:23.949+0000] {logging_mixin.py:137} INFO - table succeed: application_details_granted_2021.csv
[2023-06-16T01:01:23.988+0000] {logging_mixin.py:137} INFO - write succeed: application_details_granted_2021.csv
[2023-06-16T01:01:23.993+0000] {logging_mixin.py:137} INFO - now next iteration: application_details_granted_2018.csv
[2023-06-16T01:01:23.996+0000] {logging_mixin.py:137} INFO - file path succed : application_details_granted_2018.csv
[2023-06-16T01:01:24.169+0000] {logging_mixin.py:137} INFO - table succeed: application_details_granted_2018.csv
[2023-06-16T01:01:24.185+0000] {logging_mixin.py:137} INFO - write succeed: application_details_granted_2018.csv
[2023-06-16T01:01:24.187+0000] {logging_mixin.py:137} INFO - now next iteration: application_details_granted_2017.csv
[2023-06-16T01:01:24.189+0000] {logging_mixin.py:137} INFO - file path succed : application_details_granted_2017.csv
[2023-06-16T01:01:24.362+0000] {logging_mixin.py:137} INFO - table succeed: application_details_granted_2017.csv
[2023-06-16T01:01:24.383+0000] {logging_mixin.py:137} INFO - write succeed: application_details_granted_2017.csv
[2023-06-16T01:01:24.387+0000] {logging_mixin.py:137} INFO - now next iteration: application_details_granted_2016.csv
[2023-06-16T01:01:24.388+0000] {logging_mixin.py:137} INFO - file path succed : application_details_granted_2016.csv
[2023-06-16T01:01:24.570+0000] {logging_mixin.py:137} INFO - table succeed: application_details_granted_2016.csv
[2023-06-16T01:01:24.583+0000] {logging_mixin.py:137} INFO - write succeed: application_details_granted_2016.csv
[2023-06-16T01:01:24.586+0000] {logging_mixin.py:137} INFO - now next iteration: application_details_granted_2020.csv
[2023-06-16T01:01:24.587+0000] {logging_mixin.py:137} INFO - file path succed : application_details_granted_2020.csv
[2023-06-16T01:01:24.768+0000] {logging_mixin.py:137} INFO - table succeed: application_details_granted_2020.csv
[2023-06-16T01:01:24.814+0000] {logging_mixin.py:137} INFO - write succeed: application_details_granted_2020.csv
[2023-06-16T01:01:24.817+0000] {logging_mixin.py:137} INFO - now next iteration: application_details_granted_2022.csv
[2023-06-16T01:01:24.817+0000] {logging_mixin.py:137} INFO - file path succed : application_details_granted_2022.csv
[2023-06-16T01:01:24.989+0000] {logging_mixin.py:137} INFO - table succeed: application_details_granted_2022.csv
[2023-06-16T01:01:25.024+0000] {logging_mixin.py:137} INFO - write succeed: application_details_granted_2022.csv
[2023-06-16T01:01:25.029+0000] {python.py:177} INFO - Done. Returned value was: None
[2023-06-16T01:01:25.054+0000] {taskinstance.py:1326} INFO - Marking task as SUCCESS. dag_id=data_ingestion_gcs_dag, task_id=format_to_parquet_task, execution_date=20230616T010017, start_date=20230616T010122, end_date=20230616T010125
[2023-06-16T01:01:25.127+0000] {local_task_job.py:212} INFO - Task exited with return code 0
[2023-06-16T01:01:25.154+0000] {taskinstance.py:2585} INFO - 1 downstream tasks scheduled from follow-on schedule check
