[2023-06-15T08:08:26.610+0000] {taskinstance.py:1084} INFO - Dependencies all met for dep_context=non-requeueable deps ti=<TaskInstance: data_ingestion_gcs_dag.download_dataset_task manual__2023-06-15T08:08:01.533196+00:00 [queued]>
[2023-06-15T08:08:26.630+0000] {taskinstance.py:1084} INFO - Dependencies all met for dep_context=requeueable deps ti=<TaskInstance: data_ingestion_gcs_dag.download_dataset_task manual__2023-06-15T08:08:01.533196+00:00 [queued]>
[2023-06-15T08:08:26.632+0000] {taskinstance.py:1282} INFO - 
--------------------------------------------------------------------------------
[2023-06-15T08:08:26.634+0000] {taskinstance.py:1283} INFO - Starting attempt 1 of 2
[2023-06-15T08:08:26.636+0000] {taskinstance.py:1284} INFO - 
--------------------------------------------------------------------------------
[2023-06-15T08:08:26.682+0000] {taskinstance.py:1303} INFO - Executing <Task(BashOperator): download_dataset_task> on 2023-06-15 08:08:01.533196+00:00
[2023-06-15T08:08:26.716+0000] {standard_task_runner.py:55} INFO - Started process 8426 to run task
[2023-06-15T08:08:26.734+0000] {standard_task_runner.py:82} INFO - Running: ['***', 'tasks', 'run', 'data_ingestion_gcs_dag', 'download_dataset_task', 'manual__2023-06-15T08:08:01.533196+00:00', '--job-id', '355', '--raw', '--subdir', 'DAGS_FOLDER/data_ingestion_gcs_dag.py', '--cfg-path', '/tmp/tmptqqp6_8a']
[2023-06-15T08:08:26.753+0000] {standard_task_runner.py:83} INFO - Job 355: Subtask download_dataset_task
[2023-06-15T08:08:26.945+0000] {task_command.py:388} INFO - Running <TaskInstance: data_ingestion_gcs_dag.download_dataset_task manual__2023-06-15T08:08:01.533196+00:00 [running]> on host 658b05ff6f1a
[2023-06-15T08:08:27.133+0000] {taskinstance.py:1511} INFO - Exporting the following env vars:
AIRFLOW_CTX_DAG_OWNER=***
AIRFLOW_CTX_DAG_ID=data_ingestion_gcs_dag
AIRFLOW_CTX_TASK_ID=download_dataset_task
AIRFLOW_CTX_EXECUTION_DATE=2023-06-15T08:08:01.533196+00:00
AIRFLOW_CTX_TRY_NUMBER=1
AIRFLOW_CTX_DAG_RUN_ID=manual__2023-06-15T08:08:01.533196+00:00
[2023-06-15T08:08:27.140+0000] {subprocess.py:63} INFO - Tmp dir root location: 
 /tmp
[2023-06-15T08:08:27.168+0000] {subprocess.py:75} INFO - Running command: ['/bin/bash', '-c', 'kaggle datasets download -d arnabchaki/data-science-salaries-2023 > /opt/***/data-science-salaries-2023.csv']
[2023-06-15T08:08:27.312+0000] {subprocess.py:86} INFO - Output:
[2023-06-15T08:08:29.201+0000] {subprocess.py:93} INFO -   0%|          | 0.00/25.4k [00:00<?, ?B/s]100%|██████████| 25.4k/25.4k [00:00<00:00, 892kB/s]
[2023-06-15T08:08:29.421+0000] {subprocess.py:97} INFO - Command exited with return code 0
[2023-06-15T08:08:29.500+0000] {taskinstance.py:1326} INFO - Marking task as SUCCESS. dag_id=data_ingestion_gcs_dag, task_id=download_dataset_task, execution_date=20230615T080801, start_date=20230615T080826, end_date=20230615T080829
[2023-06-15T08:08:29.588+0000] {local_task_job.py:212} INFO - Task exited with return code 0
[2023-06-15T08:08:29.643+0000] {taskinstance.py:2585} INFO - 1 downstream tasks scheduled from follow-on schedule check
