[2023-06-14T08:35:00.117+0000] {taskinstance.py:1084} INFO - Dependencies all met for dep_context=non-requeueable deps ti=<TaskInstance: data_ingestion_gcs_dag.local_to_gcs_task manual__2023-06-14T08:34:34.809756+00:00 [queued]>
[2023-06-14T08:35:00.134+0000] {taskinstance.py:1084} INFO - Dependencies all met for dep_context=requeueable deps ti=<TaskInstance: data_ingestion_gcs_dag.local_to_gcs_task manual__2023-06-14T08:34:34.809756+00:00 [queued]>
[2023-06-14T08:35:00.136+0000] {taskinstance.py:1282} INFO - 
--------------------------------------------------------------------------------
[2023-06-14T08:35:00.137+0000] {taskinstance.py:1283} INFO - Starting attempt 1 of 2
[2023-06-14T08:35:00.138+0000] {taskinstance.py:1284} INFO - 
--------------------------------------------------------------------------------
[2023-06-14T08:35:00.161+0000] {taskinstance.py:1303} INFO - Executing <Task(PythonOperator): local_to_gcs_task> on 2023-06-14 08:34:34.809756+00:00
[2023-06-14T08:35:00.172+0000] {standard_task_runner.py:55} INFO - Started process 1639 to run task
[2023-06-14T08:35:00.175+0000] {standard_task_runner.py:82} INFO - Running: ['***', 'tasks', 'run', 'data_ingestion_gcs_dag', 'local_to_gcs_task', 'manual__2023-06-14T08:34:34.809756+00:00', '--job-id', '110', '--raw', '--subdir', 'DAGS_FOLDER/data_ingestion_gcs_dag.py', '--cfg-path', '/tmp/tmpmmzm3dhl']
[2023-06-14T08:35:00.177+0000] {standard_task_runner.py:83} INFO - Job 110: Subtask local_to_gcs_task
[2023-06-14T08:35:00.260+0000] {task_command.py:388} INFO - Running <TaskInstance: data_ingestion_gcs_dag.local_to_gcs_task manual__2023-06-14T08:34:34.809756+00:00 [running]> on host 2adc0c380f97
[2023-06-14T08:35:00.370+0000] {taskinstance.py:1511} INFO - Exporting the following env vars:
AIRFLOW_CTX_DAG_OWNER=***
AIRFLOW_CTX_DAG_ID=data_ingestion_gcs_dag
AIRFLOW_CTX_TASK_ID=local_to_gcs_task
AIRFLOW_CTX_EXECUTION_DATE=2023-06-14T08:34:34.809756+00:00
AIRFLOW_CTX_TRY_NUMBER=1
AIRFLOW_CTX_DAG_RUN_ID=manual__2023-06-14T08:34:34.809756+00:00
[2023-06-14T08:42:01.195+0000] {local_task_job.py:277} WARNING - State of this instance has been externally set to failed. Terminating instance.
[2023-06-14T08:42:01.841+0000] {process_utils.py:133} INFO - Sending Signals.SIGTERM to group 1639. PIDs of all processes in the group: [1639]
[2023-06-14T08:42:01.868+0000] {process_utils.py:84} INFO - Sending the signal Signals.SIGTERM to group 1639
[2023-06-14T08:42:01.917+0000] {taskinstance.py:1482} ERROR - Received SIGTERM. Terminating subprocesses.
[2023-06-14T08:42:04.106+0000] {process_utils.py:79} INFO - Process psutil.Process(pid=1639, status='terminated', exitcode=0, started='08:34:59') (1639) terminated with exit code 0
