[2023-06-15T17:06:18.770+0000] {taskinstance.py:1084} INFO - Dependencies all met for dep_context=non-requeueable deps ti=<TaskInstance: data_ingestion_gcs_dag.download_dataset_task manual__2023-06-15T17:05:30.286367+00:00 [queued]>
[2023-06-15T17:06:18.839+0000] {taskinstance.py:1084} INFO - Dependencies all met for dep_context=requeueable deps ti=<TaskInstance: data_ingestion_gcs_dag.download_dataset_task manual__2023-06-15T17:05:30.286367+00:00 [queued]>
[2023-06-15T17:06:18.845+0000] {taskinstance.py:1282} INFO - 
--------------------------------------------------------------------------------
[2023-06-15T17:06:18.847+0000] {taskinstance.py:1283} INFO - Starting attempt 1 of 2
[2023-06-15T17:06:18.847+0000] {taskinstance.py:1284} INFO - 
--------------------------------------------------------------------------------
[2023-06-15T17:06:18.951+0000] {taskinstance.py:1303} INFO - Executing <Task(BashOperator): download_dataset_task> on 2023-06-15 17:05:30.286367+00:00
[2023-06-15T17:06:19.018+0000] {standard_task_runner.py:55} INFO - Started process 31978 to run task
[2023-06-15T17:06:19.171+0000] {standard_task_runner.py:82} INFO - Running: ['***', 'tasks', 'run', 'data_ingestion_gcs_dag', 'download_dataset_task', 'manual__2023-06-15T17:05:30.286367+00:00', '--job-id', '446', '--raw', '--subdir', 'DAGS_FOLDER/data_ingestion_gcs_dag.py', '--cfg-path', '/tmp/tmp147262x6']
[2023-06-15T17:06:19.189+0000] {standard_task_runner.py:83} INFO - Job 446: Subtask download_dataset_task
[2023-06-15T17:06:21.113+0000] {task_command.py:388} INFO - Running <TaskInstance: data_ingestion_gcs_dag.download_dataset_task manual__2023-06-15T17:05:30.286367+00:00 [running]> on host 658b05ff6f1a
[2023-06-15T17:06:22.267+0000] {taskinstance.py:1511} INFO - Exporting the following env vars:
AIRFLOW_CTX_DAG_OWNER=***
AIRFLOW_CTX_DAG_ID=data_ingestion_gcs_dag
AIRFLOW_CTX_TASK_ID=download_dataset_task
AIRFLOW_CTX_EXECUTION_DATE=2023-06-15T17:05:30.286367+00:00
AIRFLOW_CTX_TRY_NUMBER=1
AIRFLOW_CTX_DAG_RUN_ID=manual__2023-06-15T17:05:30.286367+00:00
[2023-06-15T17:06:22.282+0000] {subprocess.py:63} INFO - Tmp dir root location: 
 /tmp
[2023-06-15T17:06:22.373+0000] {subprocess.py:75} INFO - Running command: ['/bin/bash', '-c', '\n            cd /opt/*** &&\n            mkdir direct-messaging &&\n            cd direct-messaging &&\n            kaggle datasets download -d mkechinov/direct-messaging --force && \n            unzip direct-messaging.zip && \n            rm direct-messaging.zip\n            ']
[2023-06-15T17:06:22.636+0000] {subprocess.py:86} INFO - Output:
[2023-06-15T17:06:26.586+0000] {subprocess.py:93} INFO - Downloading direct-messaging.zip to /opt/***/direct-messaging
[2023-06-15T17:06:45.022+0000] {local_task_job.py:277} WARNING - State of this instance has been externally set to failed. Terminating instance.
[2023-06-15T17:06:45.080+0000] {process_utils.py:133} INFO - Sending Signals.SIGTERM to group 31978. PIDs of all processes in the group: [31980, 31982, 31978]
[2023-06-15T17:06:45.094+0000] {process_utils.py:84} INFO - Sending the signal Signals.SIGTERM to group 31978
[2023-06-15T17:06:45.096+0000] {taskinstance.py:1482} ERROR - Received SIGTERM. Terminating subprocesses.
[2023-06-15T17:06:45.105+0000] {subprocess.py:104} INFO - Sending SIGTERM signal to process group
[2023-06-15T17:06:45.472+0000] {process_utils.py:79} INFO - Process psutil.Process(pid=31978, status='terminated', exitcode=0, started='17:06:18') (31978) terminated with exit code 0
[2023-06-15T17:06:45.488+0000] {process_utils.py:79} INFO - Process psutil.Process(pid=31980, status='terminated', started='17:06:22') (31980) terminated with exit code None
[2023-06-15T17:06:45.493+0000] {process_utils.py:79} INFO - Process psutil.Process(pid=31982, status='terminated', started='17:06:22') (31982) terminated with exit code None
