[2023-06-15T07:46:38.623+0000] {taskinstance.py:1084} INFO - Dependencies all met for dep_context=non-requeueable deps ti=<TaskInstance: data_ingestion_gcs_dag.format_to_parquet_task manual__2023-06-15T07:46:29.905392+00:00 [queued]>
[2023-06-15T07:46:38.647+0000] {taskinstance.py:1084} INFO - Dependencies all met for dep_context=requeueable deps ti=<TaskInstance: data_ingestion_gcs_dag.format_to_parquet_task manual__2023-06-15T07:46:29.905392+00:00 [queued]>
[2023-06-15T07:46:38.648+0000] {taskinstance.py:1282} INFO - 
--------------------------------------------------------------------------------
[2023-06-15T07:46:38.650+0000] {taskinstance.py:1283} INFO - Starting attempt 1 of 2
[2023-06-15T07:46:38.651+0000] {taskinstance.py:1284} INFO - 
--------------------------------------------------------------------------------
[2023-06-15T07:46:38.685+0000] {taskinstance.py:1303} INFO - Executing <Task(PythonOperator): format_to_parquet_task> on 2023-06-15 07:46:29.905392+00:00
[2023-06-15T07:46:38.701+0000] {standard_task_runner.py:55} INFO - Started process 7114 to run task
[2023-06-15T07:46:38.705+0000] {standard_task_runner.py:82} INFO - Running: ['***', 'tasks', 'run', 'data_ingestion_gcs_dag', 'format_to_parquet_task', 'manual__2023-06-15T07:46:29.905392+00:00', '--job-id', '335', '--raw', '--subdir', 'DAGS_FOLDER/data_ingestion_gcs_dag.py', '--cfg-path', '/tmp/tmp9eszszch']
[2023-06-15T07:46:38.708+0000] {standard_task_runner.py:83} INFO - Job 335: Subtask format_to_parquet_task
[2023-06-15T07:46:38.838+0000] {task_command.py:388} INFO - Running <TaskInstance: data_ingestion_gcs_dag.format_to_parquet_task manual__2023-06-15T07:46:29.905392+00:00 [running]> on host 658b05ff6f1a
[2023-06-15T07:46:38.960+0000] {taskinstance.py:1511} INFO - Exporting the following env vars:
AIRFLOW_CTX_DAG_OWNER=***
AIRFLOW_CTX_DAG_ID=data_ingestion_gcs_dag
AIRFLOW_CTX_TASK_ID=format_to_parquet_task
AIRFLOW_CTX_EXECUTION_DATE=2023-06-15T07:46:29.905392+00:00
AIRFLOW_CTX_TRY_NUMBER=1
AIRFLOW_CTX_DAG_RUN_ID=manual__2023-06-15T07:46:29.905392+00:00
[2023-06-15T07:46:38.964+0000] {taskinstance.py:1775} ERROR - Task failed with exception
Traceback (most recent call last):
  File "/home/airflow/.local/lib/python3.7/site-packages/airflow/operators/python.py", line 175, in execute
    return_value = self.execute_callable()
  File "/home/airflow/.local/lib/python3.7/site-packages/airflow/operators/python.py", line 192, in execute_callable
    return self.python_callable(*self.op_args, **self.op_kwargs)
TypeError: format_to_parquet() missing 1 required positional argument: 'src_file'
[2023-06-15T07:46:38.984+0000] {taskinstance.py:1326} INFO - Marking task as UP_FOR_RETRY. dag_id=data_ingestion_gcs_dag, task_id=format_to_parquet_task, execution_date=20230615T074629, start_date=20230615T074638, end_date=20230615T074638
[2023-06-15T07:46:39.007+0000] {standard_task_runner.py:105} ERROR - Failed to execute job 335 for task format_to_parquet_task (format_to_parquet() missing 1 required positional argument: 'src_file'; 7114)
[2023-06-15T07:46:39.039+0000] {local_task_job.py:212} INFO - Task exited with return code 1
[2023-06-15T07:46:39.073+0000] {taskinstance.py:2585} INFO - 0 downstream tasks scheduled from follow-on schedule check
