[2023-06-15T07:51:55.972+0000] {taskinstance.py:1084} INFO - Dependencies all met for dep_context=non-requeueable deps ti=<TaskInstance: data_ingestion_gcs_dag.format_to_parquet_task manual__2023-06-15T07:46:29.905392+00:00 [queued]>
[2023-06-15T07:51:55.989+0000] {taskinstance.py:1084} INFO - Dependencies all met for dep_context=requeueable deps ti=<TaskInstance: data_ingestion_gcs_dag.format_to_parquet_task manual__2023-06-15T07:46:29.905392+00:00 [queued]>
[2023-06-15T07:51:55.990+0000] {taskinstance.py:1282} INFO - 
--------------------------------------------------------------------------------
[2023-06-15T07:51:55.991+0000] {taskinstance.py:1283} INFO - Starting attempt 2 of 2
[2023-06-15T07:51:55.991+0000] {taskinstance.py:1284} INFO - 
--------------------------------------------------------------------------------
[2023-06-15T07:51:56.014+0000] {taskinstance.py:1303} INFO - Executing <Task(PythonOperator): format_to_parquet_task> on 2023-06-15 07:46:29.905392+00:00
[2023-06-15T07:51:56.042+0000] {standard_task_runner.py:55} INFO - Started process 7395 to run task
[2023-06-15T07:51:56.048+0000] {standard_task_runner.py:82} INFO - Running: ['***', 'tasks', 'run', 'data_ingestion_gcs_dag', 'format_to_parquet_task', 'manual__2023-06-15T07:46:29.905392+00:00', '--job-id', '336', '--raw', '--subdir', 'DAGS_FOLDER/data_ingestion_gcs_dag.py', '--cfg-path', '/tmp/tmp3q__wvc4']
[2023-06-15T07:51:56.054+0000] {standard_task_runner.py:83} INFO - Job 336: Subtask format_to_parquet_task
[2023-06-15T07:51:56.187+0000] {task_command.py:388} INFO - Running <TaskInstance: data_ingestion_gcs_dag.format_to_parquet_task manual__2023-06-15T07:46:29.905392+00:00 [running]> on host 658b05ff6f1a
[2023-06-15T07:51:56.372+0000] {taskinstance.py:1511} INFO - Exporting the following env vars:
AIRFLOW_CTX_DAG_OWNER=***
AIRFLOW_CTX_DAG_ID=data_ingestion_gcs_dag
AIRFLOW_CTX_TASK_ID=format_to_parquet_task
AIRFLOW_CTX_EXECUTION_DATE=2023-06-15T07:46:29.905392+00:00
AIRFLOW_CTX_TRY_NUMBER=2
AIRFLOW_CTX_DAG_RUN_ID=manual__2023-06-15T07:46:29.905392+00:00
[2023-06-15T07:51:56.378+0000] {data_ingestion_gcs_dag.py:26} ERROR - Can only accept source files in CSV format, for the moment
[2023-06-15T07:51:56.382+0000] {python.py:177} INFO - Done. Returned value was: None
[2023-06-15T07:51:56.405+0000] {taskinstance.py:1326} INFO - Marking task as SUCCESS. dag_id=data_ingestion_gcs_dag, task_id=format_to_parquet_task, execution_date=20230615T074629, start_date=20230615T075155, end_date=20230615T075156
[2023-06-15T07:51:56.460+0000] {local_task_job.py:212} INFO - Task exited with return code 0
[2023-06-15T07:51:56.513+0000] {taskinstance.py:2585} INFO - 1 downstream tasks scheduled from follow-on schedule check
