[2023-06-15T13:04:42.011+0000] {taskinstance.py:1084} INFO - Dependencies all met for dep_context=non-requeueable deps ti=<TaskInstance: data_ingestion_gcs_dag.download_dataset_task manual__2023-06-15T13:04:16.689854+00:00 [queued]>
[2023-06-15T13:04:42.056+0000] {taskinstance.py:1084} INFO - Dependencies all met for dep_context=requeueable deps ti=<TaskInstance: data_ingestion_gcs_dag.download_dataset_task manual__2023-06-15T13:04:16.689854+00:00 [queued]>
[2023-06-15T13:04:42.060+0000] {taskinstance.py:1282} INFO - 
--------------------------------------------------------------------------------
[2023-06-15T13:04:42.062+0000] {taskinstance.py:1283} INFO - Starting attempt 1 of 2
[2023-06-15T13:04:42.064+0000] {taskinstance.py:1284} INFO - 
--------------------------------------------------------------------------------
[2023-06-15T13:04:42.121+0000] {taskinstance.py:1303} INFO - Executing <Task(BashOperator): download_dataset_task> on 2023-06-15 13:04:16.689854+00:00
[2023-06-15T13:04:42.140+0000] {standard_task_runner.py:55} INFO - Started process 20994 to run task
[2023-06-15T13:04:42.144+0000] {standard_task_runner.py:82} INFO - Running: ['***', 'tasks', 'run', 'data_ingestion_gcs_dag', 'download_dataset_task', 'manual__2023-06-15T13:04:16.689854+00:00', '--job-id', '420', '--raw', '--subdir', 'DAGS_FOLDER/data_ingestion_gcs_dag.py', '--cfg-path', '/tmp/tmp_quw62hp']
[2023-06-15T13:04:42.148+0000] {standard_task_runner.py:83} INFO - Job 420: Subtask download_dataset_task
[2023-06-15T13:04:42.267+0000] {task_command.py:388} INFO - Running <TaskInstance: data_ingestion_gcs_dag.download_dataset_task manual__2023-06-15T13:04:16.689854+00:00 [running]> on host 658b05ff6f1a
[2023-06-15T13:04:42.425+0000] {taskinstance.py:1511} INFO - Exporting the following env vars:
AIRFLOW_CTX_DAG_OWNER=***
AIRFLOW_CTX_DAG_ID=data_ingestion_gcs_dag
AIRFLOW_CTX_TASK_ID=download_dataset_task
AIRFLOW_CTX_EXECUTION_DATE=2023-06-15T13:04:16.689854+00:00
AIRFLOW_CTX_TRY_NUMBER=1
AIRFLOW_CTX_DAG_RUN_ID=manual__2023-06-15T13:04:16.689854+00:00
[2023-06-15T13:04:42.432+0000] {subprocess.py:63} INFO - Tmp dir root location: 
 /tmp
[2023-06-15T13:04:42.439+0000] {subprocess.py:75} INFO - Running command: ['/bin/bash', '-c', '\n            mkdir data-science-salaries-2023 &&\n            cd /opt/*** && kaggle datasets download -d arnabchaki/data-science-salaries-2023 --force && unzip data-science-salaries-2023.zip && rm data-science-salaries-2023.zip\n            ']
[2023-06-15T13:04:42.506+0000] {subprocess.py:86} INFO - Output:
[2023-06-15T13:04:44.867+0000] {subprocess.py:93} INFO - Downloading data-science-salaries-2023.zip to /opt/***
[2023-06-15T13:04:44.896+0000] {subprocess.py:93} INFO -   0%|          | 0.00/25.4k [00:00<?, ?B/s]100%|██████████| 25.4k/25.4k [00:00<00:00, 926kB/s]
[2023-06-15T13:04:44.899+0000] {subprocess.py:93} INFO - 
[2023-06-15T13:04:45.122+0000] {subprocess.py:93} INFO - Archive:  data-science-salaries-2023.zip
[2023-06-15T13:04:45.131+0000] {subprocess.py:93} INFO -   inflating: ds_salaries.csv
[2023-06-15T13:04:45.136+0000] {subprocess.py:97} INFO - Command exited with return code 0
[2023-06-15T13:04:45.183+0000] {taskinstance.py:1326} INFO - Marking task as SUCCESS. dag_id=data_ingestion_gcs_dag, task_id=download_dataset_task, execution_date=20230615T130416, start_date=20230615T130442, end_date=20230615T130445
[2023-06-15T13:04:45.217+0000] {local_task_job.py:212} INFO - Task exited with return code 0
[2023-06-15T13:04:45.267+0000] {taskinstance.py:2585} INFO - 1 downstream tasks scheduled from follow-on schedule check
