[2023-06-14T10:21:20.174+0000] {taskinstance.py:1084} INFO - Dependencies all met for dep_context=non-requeueable deps ti=<TaskInstance: data_ingestion_gcs_dag.list_files_task manual__2023-06-14T10:03:04.075164+00:00 [queued]>
[2023-06-14T10:21:20.204+0000] {taskinstance.py:1084} INFO - Dependencies all met for dep_context=requeueable deps ti=<TaskInstance: data_ingestion_gcs_dag.list_files_task manual__2023-06-14T10:03:04.075164+00:00 [queued]>
[2023-06-14T10:21:20.205+0000] {taskinstance.py:1282} INFO - 
--------------------------------------------------------------------------------
[2023-06-14T10:21:20.206+0000] {taskinstance.py:1283} INFO - Starting attempt 1 of 2
[2023-06-14T10:21:20.207+0000] {taskinstance.py:1284} INFO - 
--------------------------------------------------------------------------------
[2023-06-14T10:21:20.244+0000] {taskinstance.py:1303} INFO - Executing <Task(PythonOperator): list_files_task> on 2023-06-14 10:03:04.075164+00:00
[2023-06-14T10:21:20.274+0000] {standard_task_runner.py:55} INFO - Started process 7513 to run task
[2023-06-14T10:21:20.279+0000] {standard_task_runner.py:82} INFO - Running: ['***', 'tasks', 'run', 'data_ingestion_gcs_dag', 'list_files_task', 'manual__2023-06-14T10:03:04.075164+00:00', '--job-id', '136', '--raw', '--subdir', 'DAGS_FOLDER/data_ingestion_gcs_dag.py', '--cfg-path', '/tmp/tmp27tpcuff']
[2023-06-14T10:21:20.302+0000] {standard_task_runner.py:83} INFO - Job 136: Subtask list_files_task
[2023-06-14T10:21:20.500+0000] {task_command.py:388} INFO - Running <TaskInstance: data_ingestion_gcs_dag.list_files_task manual__2023-06-14T10:03:04.075164+00:00 [running]> on host 2adc0c380f97
[2023-06-14T10:21:20.713+0000] {taskinstance.py:1511} INFO - Exporting the following env vars:
AIRFLOW_CTX_DAG_OWNER=***
AIRFLOW_CTX_DAG_ID=data_ingestion_gcs_dag
AIRFLOW_CTX_TASK_ID=list_files_task
AIRFLOW_CTX_EXECUTION_DATE=2023-06-14T10:03:04.075164+00:00
AIRFLOW_CTX_TRY_NUMBER=1
AIRFLOW_CTX_DAG_RUN_ID=manual__2023-06-14T10:03:04.075164+00:00
[2023-06-14T10:21:21.712+0000] {python.py:177} INFO - Done. Returned value was: ['gs://myproject1-delay-airline/raw/airline-delay-analysis.zip']
[2023-06-14T10:21:21.762+0000] {taskinstance.py:1326} INFO - Marking task as SUCCESS. dag_id=data_ingestion_gcs_dag, task_id=list_files_task, execution_date=20230614T100304, start_date=20230614T102120, end_date=20230614T102121
[2023-06-14T10:21:21.801+0000] {local_task_job.py:212} INFO - Task exited with return code 0
[2023-06-14T10:21:21.838+0000] {taskinstance.py:2585} INFO - 1 downstream tasks scheduled from follow-on schedule check
