[2023-06-15T12:58:35.003+0000] {taskinstance.py:1084} INFO - Dependencies all met for dep_context=non-requeueable deps ti=<TaskInstance: data_ingestion_gcs_dag.download_dataset_task manual__2023-06-15T12:53:13.150471+00:00 [queued]>
[2023-06-15T12:58:35.020+0000] {taskinstance.py:1084} INFO - Dependencies all met for dep_context=requeueable deps ti=<TaskInstance: data_ingestion_gcs_dag.download_dataset_task manual__2023-06-15T12:53:13.150471+00:00 [queued]>
[2023-06-15T12:58:35.021+0000] {taskinstance.py:1282} INFO - 
--------------------------------------------------------------------------------
[2023-06-15T12:58:35.022+0000] {taskinstance.py:1283} INFO - Starting attempt 2 of 2
[2023-06-15T12:58:35.023+0000] {taskinstance.py:1284} INFO - 
--------------------------------------------------------------------------------
[2023-06-15T12:58:35.053+0000] {taskinstance.py:1303} INFO - Executing <Task(BashOperator): download_dataset_task> on 2023-06-15 12:53:13.150471+00:00
[2023-06-15T12:58:35.088+0000] {standard_task_runner.py:55} INFO - Started process 20594 to run task
[2023-06-15T12:58:35.092+0000] {standard_task_runner.py:82} INFO - Running: ['***', 'tasks', 'run', 'data_ingestion_gcs_dag', 'download_dataset_task', 'manual__2023-06-15T12:53:13.150471+00:00', '--job-id', '415', '--raw', '--subdir', 'DAGS_FOLDER/data_ingestion_gcs_dag.py', '--cfg-path', '/tmp/tmpykdgcp6t']
[2023-06-15T12:58:35.095+0000] {standard_task_runner.py:83} INFO - Job 415: Subtask download_dataset_task
[2023-06-15T12:58:35.306+0000] {task_command.py:388} INFO - Running <TaskInstance: data_ingestion_gcs_dag.download_dataset_task manual__2023-06-15T12:53:13.150471+00:00 [running]> on host 658b05ff6f1a
[2023-06-15T12:58:35.462+0000] {taskinstance.py:1511} INFO - Exporting the following env vars:
AIRFLOW_CTX_DAG_OWNER=***
AIRFLOW_CTX_DAG_ID=data_ingestion_gcs_dag
AIRFLOW_CTX_TASK_ID=download_dataset_task
AIRFLOW_CTX_EXECUTION_DATE=2023-06-15T12:53:13.150471+00:00
AIRFLOW_CTX_TRY_NUMBER=2
AIRFLOW_CTX_DAG_RUN_ID=manual__2023-06-15T12:53:13.150471+00:00
[2023-06-15T12:58:35.467+0000] {subprocess.py:63} INFO - Tmp dir root location: 
 /tmp
[2023-06-15T12:58:35.489+0000] {subprocess.py:75} INFO - Running command: ['/bin/bash', '-c', '\n            cd /opt/*** && kaggle datasets download -d arnabchaki/data-science-salaries-2023 --force && unzip data-science-salaries-2023.zip && rm data-science-salaries-2023.zip\n            ']
[2023-06-15T12:58:35.544+0000] {subprocess.py:86} INFO - Output:
[2023-06-15T12:58:37.862+0000] {subprocess.py:93} INFO - Downloading data-science-salaries-2023.zip to /opt/***
[2023-06-15T12:58:38.032+0000] {subprocess.py:93} INFO -   0%|          | 0.00/25.4k [00:00<?, ?B/s]100%|██████████| 25.4k/25.4k [00:00<00:00, 156kB/s]100%|██████████| 25.4k/25.4k [00:00<00:00, 155kB/s]
[2023-06-15T12:58:38.033+0000] {subprocess.py:93} INFO - 
[2023-06-15T12:58:38.242+0000] {subprocess.py:93} INFO - Archive:  data-science-salaries-2023.zip
[2023-06-15T12:58:38.248+0000] {subprocess.py:93} INFO - replace ds_salaries.csv? [y]es, [n]o, [A]ll, [N]one, [r]ename:  NULL
[2023-06-15T12:58:38.249+0000] {subprocess.py:93} INFO - (EOF or read error, treating as "[N]one" ...)
[2023-06-15T12:58:38.250+0000] {subprocess.py:97} INFO - Command exited with return code 1
[2023-06-15T12:58:38.271+0000] {taskinstance.py:1775} ERROR - Task failed with exception
Traceback (most recent call last):
  File "/home/airflow/.local/lib/python3.7/site-packages/airflow/operators/bash.py", line 197, in execute
    f"Bash command failed. The command returned a non-zero exit code {result.exit_code}."
airflow.exceptions.AirflowException: Bash command failed. The command returned a non-zero exit code 1.
[2023-06-15T12:58:38.279+0000] {taskinstance.py:1326} INFO - Marking task as FAILED. dag_id=data_ingestion_gcs_dag, task_id=download_dataset_task, execution_date=20230615T125313, start_date=20230615T125835, end_date=20230615T125838
[2023-06-15T12:58:38.311+0000] {standard_task_runner.py:105} ERROR - Failed to execute job 415 for task download_dataset_task (Bash command failed. The command returned a non-zero exit code 1.; 20594)
[2023-06-15T12:58:38.337+0000] {local_task_job.py:212} INFO - Task exited with return code 1
[2023-06-15T12:58:38.394+0000] {taskinstance.py:2585} INFO - 0 downstream tasks scheduled from follow-on schedule check
