[2023-06-15T12:53:19.433+0000] {taskinstance.py:1084} INFO - Dependencies all met for dep_context=non-requeueable deps ti=<TaskInstance: data_ingestion_gcs_dag.download_dataset_task manual__2023-06-15T12:53:13.150471+00:00 [queued]>
[2023-06-15T12:53:19.451+0000] {taskinstance.py:1084} INFO - Dependencies all met for dep_context=requeueable deps ti=<TaskInstance: data_ingestion_gcs_dag.download_dataset_task manual__2023-06-15T12:53:13.150471+00:00 [queued]>
[2023-06-15T12:53:19.452+0000] {taskinstance.py:1282} INFO - 
--------------------------------------------------------------------------------
[2023-06-15T12:53:19.454+0000] {taskinstance.py:1283} INFO - Starting attempt 1 of 2
[2023-06-15T12:53:19.454+0000] {taskinstance.py:1284} INFO - 
--------------------------------------------------------------------------------
[2023-06-15T12:53:19.486+0000] {taskinstance.py:1303} INFO - Executing <Task(BashOperator): download_dataset_task> on 2023-06-15 12:53:13.150471+00:00
[2023-06-15T12:53:19.498+0000] {standard_task_runner.py:55} INFO - Started process 20290 to run task
[2023-06-15T12:53:19.502+0000] {standard_task_runner.py:82} INFO - Running: ['***', 'tasks', 'run', 'data_ingestion_gcs_dag', 'download_dataset_task', 'manual__2023-06-15T12:53:13.150471+00:00', '--job-id', '414', '--raw', '--subdir', 'DAGS_FOLDER/data_ingestion_gcs_dag.py', '--cfg-path', '/tmp/tmpfi8tx4en']
[2023-06-15T12:53:19.505+0000] {standard_task_runner.py:83} INFO - Job 414: Subtask download_dataset_task
[2023-06-15T12:53:19.619+0000] {task_command.py:388} INFO - Running <TaskInstance: data_ingestion_gcs_dag.download_dataset_task manual__2023-06-15T12:53:13.150471+00:00 [running]> on host 658b05ff6f1a
[2023-06-15T12:53:19.787+0000] {taskinstance.py:1511} INFO - Exporting the following env vars:
AIRFLOW_CTX_DAG_OWNER=***
AIRFLOW_CTX_DAG_ID=data_ingestion_gcs_dag
AIRFLOW_CTX_TASK_ID=download_dataset_task
AIRFLOW_CTX_EXECUTION_DATE=2023-06-15T12:53:13.150471+00:00
AIRFLOW_CTX_TRY_NUMBER=1
AIRFLOW_CTX_DAG_RUN_ID=manual__2023-06-15T12:53:13.150471+00:00
[2023-06-15T12:53:19.792+0000] {subprocess.py:63} INFO - Tmp dir root location: 
 /tmp
[2023-06-15T12:53:19.799+0000] {subprocess.py:75} INFO - Running command: ['/bin/bash', '-c', '\n            cd /opt/*** && kaggle datasets download -d arnabchaki/data-science-salaries-2023 && unzip data-science-salaries-2023.zip && rm data-science-salaries-2023.zip']
[2023-06-15T12:53:19.826+0000] {subprocess.py:86} INFO - Output:
[2023-06-15T12:53:22.249+0000] {subprocess.py:93} INFO - data-science-salaries-2023.zip: Skipping, found more recently modified local copy (use --force to force download)
[2023-06-15T12:53:22.466+0000] {subprocess.py:93} INFO - Archive:  data-science-salaries-2023.zip
[2023-06-15T12:53:22.467+0000] {subprocess.py:93} INFO -   End-of-central-directory signature not found.  Either this file is not
[2023-06-15T12:53:22.468+0000] {subprocess.py:93} INFO -   a zipfile, or it constitutes one disk of a multi-part archive.  In the
[2023-06-15T12:53:22.469+0000] {subprocess.py:93} INFO -   latter case the central directory and zipfile comment will be found on
[2023-06-15T12:53:22.470+0000] {subprocess.py:93} INFO -   the last disk(s) of this archive.
[2023-06-15T12:53:22.471+0000] {subprocess.py:93} INFO - unzip:  cannot find zipfile directory in one of data-science-salaries-2023.zip or
[2023-06-15T12:53:22.472+0000] {subprocess.py:93} INFO -         data-science-salaries-2023.zip.zip, and cannot find data-science-salaries-2023.zip.ZIP, period.
[2023-06-15T12:53:22.474+0000] {subprocess.py:97} INFO - Command exited with return code 9
[2023-06-15T12:53:22.494+0000] {taskinstance.py:1775} ERROR - Task failed with exception
Traceback (most recent call last):
  File "/home/airflow/.local/lib/python3.7/site-packages/airflow/operators/bash.py", line 197, in execute
    f"Bash command failed. The command returned a non-zero exit code {result.exit_code}."
airflow.exceptions.AirflowException: Bash command failed. The command returned a non-zero exit code 9.
[2023-06-15T12:53:22.505+0000] {taskinstance.py:1326} INFO - Marking task as UP_FOR_RETRY. dag_id=data_ingestion_gcs_dag, task_id=download_dataset_task, execution_date=20230615T125313, start_date=20230615T125319, end_date=20230615T125322
[2023-06-15T12:53:22.537+0000] {standard_task_runner.py:105} ERROR - Failed to execute job 414 for task download_dataset_task (Bash command failed. The command returned a non-zero exit code 9.; 20290)
[2023-06-15T12:53:22.583+0000] {local_task_job.py:212} INFO - Task exited with return code 1
[2023-06-15T12:53:22.643+0000] {taskinstance.py:2585} INFO - 0 downstream tasks scheduled from follow-on schedule check
