[2023-06-16T00:10:05.022+0000] {taskinstance.py:1084} INFO - Dependencies all met for dep_context=non-requeueable deps ti=<TaskInstance: data_ingestion_gcs_dag.format_to_parquet_task scheduled__2023-06-15T00:00:00+00:00 [queued]>
[2023-06-16T00:10:05.035+0000] {taskinstance.py:1084} INFO - Dependencies all met for dep_context=requeueable deps ti=<TaskInstance: data_ingestion_gcs_dag.format_to_parquet_task scheduled__2023-06-15T00:00:00+00:00 [queued]>
[2023-06-16T00:10:05.036+0000] {taskinstance.py:1282} INFO - 
--------------------------------------------------------------------------------
[2023-06-16T00:10:05.037+0000] {taskinstance.py:1283} INFO - Starting attempt 1 of 2
[2023-06-16T00:10:05.038+0000] {taskinstance.py:1284} INFO - 
--------------------------------------------------------------------------------
[2023-06-16T00:10:05.061+0000] {taskinstance.py:1303} INFO - Executing <Task(PythonOperator): format_to_parquet_task> on 2023-06-15 00:00:00+00:00
[2023-06-16T00:10:05.070+0000] {standard_task_runner.py:55} INFO - Started process 2645 to run task
[2023-06-16T00:10:05.073+0000] {standard_task_runner.py:82} INFO - Running: ['***', 'tasks', 'run', 'data_ingestion_gcs_dag', 'format_to_parquet_task', 'scheduled__2023-06-15T00:00:00+00:00', '--job-id', '488', '--raw', '--subdir', 'DAGS_FOLDER/data_ingestion_gcs_dag.py', '--cfg-path', '/tmp/tmp_v7d15q2']
[2023-06-16T00:10:05.075+0000] {standard_task_runner.py:83} INFO - Job 488: Subtask format_to_parquet_task
[2023-06-16T00:10:05.166+0000] {task_command.py:388} INFO - Running <TaskInstance: data_ingestion_gcs_dag.format_to_parquet_task scheduled__2023-06-15T00:00:00+00:00 [running]> on host 5ecaba85f1b3
[2023-06-16T00:10:05.270+0000] {taskinstance.py:1511} INFO - Exporting the following env vars:
AIRFLOW_CTX_DAG_OWNER=***
AIRFLOW_CTX_DAG_ID=data_ingestion_gcs_dag
AIRFLOW_CTX_TASK_ID=format_to_parquet_task
AIRFLOW_CTX_EXECUTION_DATE=2023-06-15T00:00:00+00:00
AIRFLOW_CTX_TRY_NUMBER=1
AIRFLOW_CTX_DAG_RUN_ID=scheduled__2023-06-15T00:00:00+00:00
[2023-06-16T00:10:05.272+0000] {data_ingestion_gcs_dag.py:27} ERROR - Can only accept source files in CSV format, for the moment
[2023-06-16T00:10:05.273+0000] {logging_mixin.py:137} INFO - now next iteration: messages-demo.csv
[2023-06-16T00:10:05.274+0000] {logging_mixin.py:137} INFO - file path succed : messages-demo.csv
[2023-06-16T00:10:38.833+0000] {local_task_job.py:212} INFO - Task exited with return code Negsignal.SIGKILL
[2023-06-16T00:10:39.461+0000] {taskinstance.py:2585} INFO - 0 downstream tasks scheduled from follow-on schedule check
[2023-06-16T00:46:45.822+0000] {taskinstance.py:1084} INFO - Dependencies all met for dep_context=non-requeueable deps ti=<TaskInstance: data_ingestion_gcs_dag.format_to_parquet_task scheduled__2023-06-15T00:00:00+00:00 [queued]>
[2023-06-16T00:46:45.848+0000] {taskinstance.py:1084} INFO - Dependencies all met for dep_context=requeueable deps ti=<TaskInstance: data_ingestion_gcs_dag.format_to_parquet_task scheduled__2023-06-15T00:00:00+00:00 [queued]>
[2023-06-16T00:46:45.849+0000] {taskinstance.py:1282} INFO - 
--------------------------------------------------------------------------------
[2023-06-16T00:46:45.849+0000] {taskinstance.py:1283} INFO - Starting attempt 1 of 2
[2023-06-16T00:46:45.850+0000] {taskinstance.py:1284} INFO - 
--------------------------------------------------------------------------------
[2023-06-16T00:46:45.891+0000] {taskinstance.py:1303} INFO - Executing <Task(PythonOperator): format_to_parquet_task> on 2023-06-15 00:00:00+00:00
[2023-06-16T00:46:45.899+0000] {standard_task_runner.py:55} INFO - Started process 942 to run task
[2023-06-16T00:46:45.903+0000] {standard_task_runner.py:82} INFO - Running: ['***', 'tasks', 'run', 'data_ingestion_gcs_dag', 'format_to_parquet_task', 'scheduled__2023-06-15T00:00:00+00:00', '--job-id', '512', '--raw', '--subdir', 'DAGS_FOLDER/data_ingestion_gcs_dag.py', '--cfg-path', '/tmp/tmpiowzukhf']
[2023-06-16T00:46:45.905+0000] {standard_task_runner.py:83} INFO - Job 512: Subtask format_to_parquet_task
[2023-06-16T00:46:46.058+0000] {task_command.py:388} INFO - Running <TaskInstance: data_ingestion_gcs_dag.format_to_parquet_task scheduled__2023-06-15T00:00:00+00:00 [running]> on host 2a315e4d94ac
[2023-06-16T00:46:46.162+0000] {taskinstance.py:1511} INFO - Exporting the following env vars:
AIRFLOW_CTX_DAG_OWNER=***
AIRFLOW_CTX_DAG_ID=data_ingestion_gcs_dag
AIRFLOW_CTX_TASK_ID=format_to_parquet_task
AIRFLOW_CTX_EXECUTION_DATE=2023-06-15T00:00:00+00:00
AIRFLOW_CTX_TRY_NUMBER=1
AIRFLOW_CTX_DAG_RUN_ID=scheduled__2023-06-15T00:00:00+00:00
[2023-06-16T00:46:46.165+0000] {python.py:177} INFO - Done. Returned value was: None
[2023-06-16T00:46:46.178+0000] {taskinstance.py:1326} INFO - Marking task as SUCCESS. dag_id=data_ingestion_gcs_dag, task_id=format_to_parquet_task, execution_date=20230615T000000, start_date=20230616T004645, end_date=20230616T004646
[2023-06-16T00:46:46.239+0000] {local_task_job.py:212} INFO - Task exited with return code 0
[2023-06-16T00:46:46.270+0000] {taskinstance.py:2585} INFO - 0 downstream tasks scheduled from follow-on schedule check
