[2023-06-13T17:28:31.956+0000] {taskinstance.py:1084} INFO - Dependencies all met for dep_context=non-requeueable deps ti=<TaskInstance: data_ingestion_gcs_dag.download_dataset_task manual__2023-06-13T17:28:19.129114+00:00 [queued]>
[2023-06-13T17:28:31.992+0000] {taskinstance.py:1084} INFO - Dependencies all met for dep_context=requeueable deps ti=<TaskInstance: data_ingestion_gcs_dag.download_dataset_task manual__2023-06-13T17:28:19.129114+00:00 [queued]>
[2023-06-13T17:28:31.994+0000] {taskinstance.py:1282} INFO - 
--------------------------------------------------------------------------------
[2023-06-13T17:28:32.002+0000] {taskinstance.py:1283} INFO - Starting attempt 1 of 2
[2023-06-13T17:28:32.003+0000] {taskinstance.py:1284} INFO - 
--------------------------------------------------------------------------------
[2023-06-13T17:28:32.031+0000] {taskinstance.py:1303} INFO - Executing <Task(BashOperator): download_dataset_task> on 2023-06-13 17:28:19.129114+00:00
[2023-06-13T17:28:32.070+0000] {standard_task_runner.py:55} INFO - Started process 905 to run task
[2023-06-13T17:28:32.081+0000] {standard_task_runner.py:82} INFO - Running: ['***', 'tasks', 'run', 'data_ingestion_gcs_dag', 'download_dataset_task', 'manual__2023-06-13T17:28:19.129114+00:00', '--job-id', '37', '--raw', '--subdir', 'DAGS_FOLDER/data_ingestion_gcs_dag.py', '--cfg-path', '/tmp/tmp3ntfyq3t']
[2023-06-13T17:28:32.084+0000] {standard_task_runner.py:83} INFO - Job 37: Subtask download_dataset_task
[2023-06-13T17:28:32.276+0000] {task_command.py:388} INFO - Running <TaskInstance: data_ingestion_gcs_dag.download_dataset_task manual__2023-06-13T17:28:19.129114+00:00 [running]> on host 2adc0c380f97
[2023-06-13T17:28:32.441+0000] {taskinstance.py:1511} INFO - Exporting the following env vars:
AIRFLOW_CTX_DAG_OWNER=***
AIRFLOW_CTX_DAG_ID=data_ingestion_gcs_dag
AIRFLOW_CTX_TASK_ID=download_dataset_task
AIRFLOW_CTX_EXECUTION_DATE=2023-06-13T17:28:19.129114+00:00
AIRFLOW_CTX_TRY_NUMBER=1
AIRFLOW_CTX_DAG_RUN_ID=manual__2023-06-13T17:28:19.129114+00:00
[2023-06-13T17:28:32.444+0000] {subprocess.py:63} INFO - Tmp dir root location: 
 /tmp
[2023-06-13T17:28:32.468+0000] {subprocess.py:75} INFO - Running command: ['/bin/bash', '-c', 'kaggle datasets download -d sherrytp/airline_delay_analysis -p /opt/***/airline_delay_analysis']
[2023-06-13T17:28:32.525+0000] {subprocess.py:86} INFO - Output:
[2023-06-13T17:28:34.340+0000] {subprocess.py:93} INFO - 403 - Forbidden
[2023-06-13T17:28:34.478+0000] {subprocess.py:97} INFO - Command exited with return code 1
[2023-06-13T17:28:34.493+0000] {taskinstance.py:1775} ERROR - Task failed with exception
Traceback (most recent call last):
  File "/home/airflow/.local/lib/python3.7/site-packages/airflow/operators/bash.py", line 197, in execute
    f"Bash command failed. The command returned a non-zero exit code {result.exit_code}."
airflow.exceptions.AirflowException: Bash command failed. The command returned a non-zero exit code 1.
[2023-06-13T17:28:34.501+0000] {taskinstance.py:1326} INFO - Marking task as UP_FOR_RETRY. dag_id=data_ingestion_gcs_dag, task_id=download_dataset_task, execution_date=20230613T172819, start_date=20230613T172831, end_date=20230613T172834
[2023-06-13T17:28:34.527+0000] {standard_task_runner.py:105} ERROR - Failed to execute job 37 for task download_dataset_task (Bash command failed. The command returned a non-zero exit code 1.; 905)
[2023-06-13T17:28:34.577+0000] {local_task_job.py:212} INFO - Task exited with return code 1
[2023-06-13T17:28:34.608+0000] {taskinstance.py:2585} INFO - 0 downstream tasks scheduled from follow-on schedule check
