[2023-06-13T17:37:15.507+0000] {taskinstance.py:1084} INFO - Dependencies all met for dep_context=non-requeueable deps ti=<TaskInstance: data_ingestion_gcs_dag.download_dataset_task manual__2023-06-13T17:28:19.129114+00:00 [queued]>
[2023-06-13T17:37:15.529+0000] {taskinstance.py:1084} INFO - Dependencies all met for dep_context=requeueable deps ti=<TaskInstance: data_ingestion_gcs_dag.download_dataset_task manual__2023-06-13T17:28:19.129114+00:00 [queued]>
[2023-06-13T17:37:15.531+0000] {taskinstance.py:1282} INFO - 
--------------------------------------------------------------------------------
[2023-06-13T17:37:15.533+0000] {taskinstance.py:1283} INFO - Starting attempt 2 of 2
[2023-06-13T17:37:15.534+0000] {taskinstance.py:1284} INFO - 
--------------------------------------------------------------------------------
[2023-06-13T17:37:15.565+0000] {taskinstance.py:1303} INFO - Executing <Task(BashOperator): download_dataset_task> on 2023-06-13 17:28:19.129114+00:00
[2023-06-13T17:37:15.592+0000] {standard_task_runner.py:55} INFO - Started process 75 to run task
[2023-06-13T17:37:15.600+0000] {standard_task_runner.py:82} INFO - Running: ['***', 'tasks', 'run', 'data_ingestion_gcs_dag', 'download_dataset_task', 'manual__2023-06-13T17:28:19.129114+00:00', '--job-id', '40', '--raw', '--subdir', 'DAGS_FOLDER/data_ingestion_gcs_dag.py', '--cfg-path', '/tmp/tmp3dr5mjfr']
[2023-06-13T17:37:15.603+0000] {standard_task_runner.py:83} INFO - Job 40: Subtask download_dataset_task
[2023-06-13T17:37:15.730+0000] {task_command.py:388} INFO - Running <TaskInstance: data_ingestion_gcs_dag.download_dataset_task manual__2023-06-13T17:28:19.129114+00:00 [running]> on host 2adc0c380f97
[2023-06-13T17:37:15.861+0000] {taskinstance.py:1511} INFO - Exporting the following env vars:
AIRFLOW_CTX_DAG_OWNER=***
AIRFLOW_CTX_DAG_ID=data_ingestion_gcs_dag
AIRFLOW_CTX_TASK_ID=download_dataset_task
AIRFLOW_CTX_EXECUTION_DATE=2023-06-13T17:28:19.129114+00:00
AIRFLOW_CTX_TRY_NUMBER=2
AIRFLOW_CTX_DAG_RUN_ID=manual__2023-06-13T17:28:19.129114+00:00
[2023-06-13T17:37:15.864+0000] {subprocess.py:63} INFO - Tmp dir root location: 
 /tmp
[2023-06-13T17:37:15.871+0000] {subprocess.py:75} INFO - Running command: ['/bin/bash', '-c', 'kaggle datasets download -d sherrytp/airline_delay_analysis -p /opt/***/airline_delay_analysis']
[2023-06-13T17:37:15.914+0000] {subprocess.py:86} INFO - Output:
[2023-06-13T17:37:17.113+0000] {subprocess.py:93} INFO - 403 - Forbidden
[2023-06-13T17:37:17.487+0000] {subprocess.py:97} INFO - Command exited with return code 1
[2023-06-13T17:37:17.665+0000] {local_task_job.py:212} INFO - Task exited with return code 0
[2023-06-13T17:37:17.823+0000] {taskinstance.py:2585} INFO - 0 downstream tasks scheduled from follow-on schedule check
