[2023-06-15T02:20:33.593+0000] {taskinstance.py:1084} INFO - Dependencies all met for dep_context=non-requeueable deps ti=<TaskInstance: data_ingestion_gcs_dag.local_to_gcs_task manual__2023-06-15T02:20:21.535894+00:00 [queued]>
[2023-06-15T02:20:33.623+0000] {taskinstance.py:1084} INFO - Dependencies all met for dep_context=requeueable deps ti=<TaskInstance: data_ingestion_gcs_dag.local_to_gcs_task manual__2023-06-15T02:20:21.535894+00:00 [queued]>
[2023-06-15T02:20:33.624+0000] {taskinstance.py:1282} INFO - 
--------------------------------------------------------------------------------
[2023-06-15T02:20:33.625+0000] {taskinstance.py:1283} INFO - Starting attempt 1 of 2
[2023-06-15T02:20:33.626+0000] {taskinstance.py:1284} INFO - 
--------------------------------------------------------------------------------
[2023-06-15T02:20:33.654+0000] {taskinstance.py:1303} INFO - Executing <Task(PythonOperator): local_to_gcs_task> on 2023-06-15 02:20:21.535894+00:00
[2023-06-15T02:20:33.671+0000] {standard_task_runner.py:55} INFO - Started process 11935 to run task
[2023-06-15T02:20:33.675+0000] {standard_task_runner.py:82} INFO - Running: ['***', 'tasks', 'run', 'data_ingestion_gcs_dag', 'local_to_gcs_task', 'manual__2023-06-15T02:20:21.535894+00:00', '--job-id', '249', '--raw', '--subdir', 'DAGS_FOLDER/data_ingestion_gcs_dag.py', '--cfg-path', '/tmp/tmpnd9v5yy5']
[2023-06-15T02:20:33.679+0000] {standard_task_runner.py:83} INFO - Job 249: Subtask local_to_gcs_task
[2023-06-15T02:20:33.777+0000] {task_command.py:388} INFO - Running <TaskInstance: data_ingestion_gcs_dag.local_to_gcs_task manual__2023-06-15T02:20:21.535894+00:00 [running]> on host 570ce802d94a
[2023-06-15T02:20:33.877+0000] {taskinstance.py:1511} INFO - Exporting the following env vars:
AIRFLOW_CTX_DAG_OWNER=***
AIRFLOW_CTX_DAG_ID=data_ingestion_gcs_dag
AIRFLOW_CTX_TASK_ID=local_to_gcs_task
AIRFLOW_CTX_EXECUTION_DATE=2023-06-15T02:20:21.535894+00:00
AIRFLOW_CTX_TRY_NUMBER=1
AIRFLOW_CTX_DAG_RUN_ID=manual__2023-06-15T02:20:21.535894+00:00
[2023-06-15T02:20:34.526+0000] {python.py:177} INFO - Done. Returned value was: None
[2023-06-15T02:20:34.554+0000] {taskinstance.py:1326} INFO - Marking task as SUCCESS. dag_id=data_ingestion_gcs_dag, task_id=local_to_gcs_task, execution_date=20230615T022021, start_date=20230615T022033, end_date=20230615T022034
[2023-06-15T02:20:34.614+0000] {local_task_job.py:212} INFO - Task exited with return code 0
[2023-06-15T02:20:34.668+0000] {taskinstance.py:2585} INFO - 1 downstream tasks scheduled from follow-on schedule check
