[2023-06-15T11:27:11.840+0000] {taskinstance.py:1084} INFO - Dependencies all met for dep_context=non-requeueable deps ti=<TaskInstance: data_ingestion_gcs_dag.bigquery_external_table_task manual__2023-06-15T11:26:48.079546+00:00 [queued]>
[2023-06-15T11:27:11.858+0000] {taskinstance.py:1084} INFO - Dependencies all met for dep_context=requeueable deps ti=<TaskInstance: data_ingestion_gcs_dag.bigquery_external_table_task manual__2023-06-15T11:26:48.079546+00:00 [queued]>
[2023-06-15T11:27:11.858+0000] {taskinstance.py:1282} INFO - 
--------------------------------------------------------------------------------
[2023-06-15T11:27:11.859+0000] {taskinstance.py:1283} INFO - Starting attempt 1 of 2
[2023-06-15T11:27:11.860+0000] {taskinstance.py:1284} INFO - 
--------------------------------------------------------------------------------
[2023-06-15T11:27:11.890+0000] {taskinstance.py:1303} INFO - Executing <Task(BigQueryCreateExternalTableOperator): bigquery_external_table_task> on 2023-06-15 11:26:48.079546+00:00
[2023-06-15T11:27:11.925+0000] {standard_task_runner.py:55} INFO - Started process 15532 to run task
[2023-06-15T11:27:11.929+0000] {standard_task_runner.py:82} INFO - Running: ['***', 'tasks', 'run', 'data_ingestion_gcs_dag', 'bigquery_external_table_task', 'manual__2023-06-15T11:26:48.079546+00:00', '--job-id', '379', '--raw', '--subdir', 'DAGS_FOLDER/data_ingestion_gcs_dag.py', '--cfg-path', '/tmp/tmpgou3sm0i']
[2023-06-15T11:27:11.932+0000] {standard_task_runner.py:83} INFO - Job 379: Subtask bigquery_external_table_task
[2023-06-15T11:27:12.054+0000] {task_command.py:388} INFO - Running <TaskInstance: data_ingestion_gcs_dag.bigquery_external_table_task manual__2023-06-15T11:26:48.079546+00:00 [running]> on host 658b05ff6f1a
[2023-06-15T11:27:12.169+0000] {taskinstance.py:1511} INFO - Exporting the following env vars:
AIRFLOW_CTX_DAG_OWNER=***
AIRFLOW_CTX_DAG_ID=data_ingestion_gcs_dag
AIRFLOW_CTX_TASK_ID=bigquery_external_table_task
AIRFLOW_CTX_EXECUTION_DATE=2023-06-15T11:26:48.079546+00:00
AIRFLOW_CTX_TRY_NUMBER=1
AIRFLOW_CTX_DAG_RUN_ID=manual__2023-06-15T11:26:48.079546+00:00
[2023-06-15T11:27:12.173+0000] {crypto.py:83} WARNING - empty cryptography key - values will not be stored encrypted.
[2023-06-15T11:27:12.174+0000] {base.py:73} INFO - Using connection ID 'google_cloud_default' for task execution.
[2023-06-15T11:27:13.252+0000] {taskinstance.py:1326} INFO - Marking task as SUCCESS. dag_id=data_ingestion_gcs_dag, task_id=bigquery_external_table_task, execution_date=20230615T112648, start_date=20230615T112711, end_date=20230615T112713
[2023-06-15T11:27:13.311+0000] {local_task_job.py:212} INFO - Task exited with return code 0
[2023-06-15T11:27:13.334+0000] {taskinstance.py:2585} INFO - 0 downstream tasks scheduled from follow-on schedule check
