[2023-06-15T10:54:28.633+0000] {taskinstance.py:1084} INFO - Dependencies all met for dep_context=non-requeueable deps ti=<TaskInstance: data_ingestion_gcs_dag.download_dataset_task manual__2023-06-15T10:54:15.751714+00:00 [queued]>
[2023-06-15T10:54:28.662+0000] {taskinstance.py:1084} INFO - Dependencies all met for dep_context=requeueable deps ti=<TaskInstance: data_ingestion_gcs_dag.download_dataset_task manual__2023-06-15T10:54:15.751714+00:00 [queued]>
[2023-06-15T10:54:28.663+0000] {taskinstance.py:1282} INFO - 
--------------------------------------------------------------------------------
[2023-06-15T10:54:28.664+0000] {taskinstance.py:1283} INFO - Starting attempt 1 of 2
[2023-06-15T10:54:28.665+0000] {taskinstance.py:1284} INFO - 
--------------------------------------------------------------------------------
[2023-06-15T10:54:28.695+0000] {taskinstance.py:1303} INFO - Executing <Task(BashOperator): download_dataset_task> on 2023-06-15 10:54:15.751714+00:00
[2023-06-15T10:54:28.734+0000] {standard_task_runner.py:55} INFO - Started process 13651 to run task
[2023-06-15T10:54:28.744+0000] {standard_task_runner.py:82} INFO - Running: ['***', 'tasks', 'run', 'data_ingestion_gcs_dag', 'download_dataset_task', 'manual__2023-06-15T10:54:15.751714+00:00', '--job-id', '372', '--raw', '--subdir', 'DAGS_FOLDER/data_ingestion_gcs_dag.py', '--cfg-path', '/tmp/tmptb5wx_uq']
[2023-06-15T10:54:28.779+0000] {standard_task_runner.py:83} INFO - Job 372: Subtask download_dataset_task
[2023-06-15T10:54:29.726+0000] {task_command.py:388} INFO - Running <TaskInstance: data_ingestion_gcs_dag.download_dataset_task manual__2023-06-15T10:54:15.751714+00:00 [running]> on host 658b05ff6f1a
[2023-06-15T10:54:30.091+0000] {taskinstance.py:1511} INFO - Exporting the following env vars:
AIRFLOW_CTX_DAG_OWNER=***
AIRFLOW_CTX_DAG_ID=data_ingestion_gcs_dag
AIRFLOW_CTX_TASK_ID=download_dataset_task
AIRFLOW_CTX_EXECUTION_DATE=2023-06-15T10:54:15.751714+00:00
AIRFLOW_CTX_TRY_NUMBER=1
AIRFLOW_CTX_DAG_RUN_ID=manual__2023-06-15T10:54:15.751714+00:00
[2023-06-15T10:54:30.104+0000] {subprocess.py:63} INFO - Tmp dir root location: 
 /tmp
[2023-06-15T10:54:30.116+0000] {subprocess.py:75} INFO - Running command: ['/bin/bash', '-c', 'kaggle datasets download -d arnabchaki/data-science-salaries-2023 > /opt/***/data-science-salaries-2023.csv']
[2023-06-15T10:54:30.202+0000] {subprocess.py:86} INFO - Output:
[2023-06-15T10:54:34.143+0000] {subprocess.py:93} INFO -   0%|          | 0.00/25.4k [00:00<?, ?B/s]100%|██████████| 25.4k/25.4k [00:00<00:00, 1.03MB/s]
[2023-06-15T10:54:34.358+0000] {subprocess.py:97} INFO - Command exited with return code 0
[2023-06-15T10:54:34.431+0000] {taskinstance.py:1326} INFO - Marking task as SUCCESS. dag_id=data_ingestion_gcs_dag, task_id=download_dataset_task, execution_date=20230615T105415, start_date=20230615T105428, end_date=20230615T105434
[2023-06-15T10:54:34.486+0000] {local_task_job.py:212} INFO - Task exited with return code 0
[2023-06-15T10:54:34.548+0000] {taskinstance.py:2585} INFO - 1 downstream tasks scheduled from follow-on schedule check
