[2023-06-14T01:46:56.188+0000] {taskinstance.py:1084} INFO - Dependencies all met for dep_context=non-requeueable deps ti=<TaskInstance: data_ingestion_gcs_dag.format_to_parquet_task scheduled__2023-06-13T00:00:00+00:00 [queued]>
[2023-06-14T01:46:56.314+0000] {taskinstance.py:1084} INFO - Dependencies all met for dep_context=requeueable deps ti=<TaskInstance: data_ingestion_gcs_dag.format_to_parquet_task scheduled__2023-06-13T00:00:00+00:00 [queued]>
[2023-06-14T01:46:56.321+0000] {taskinstance.py:1282} INFO - 
--------------------------------------------------------------------------------
[2023-06-14T01:46:56.323+0000] {taskinstance.py:1283} INFO - Starting attempt 1 of 2
[2023-06-14T01:46:56.325+0000] {taskinstance.py:1284} INFO - 
--------------------------------------------------------------------------------
[2023-06-14T01:46:56.442+0000] {taskinstance.py:1303} INFO - Executing <Task(PythonOperator): format_to_parquet_task> on 2023-06-13 00:00:00+00:00
[2023-06-14T01:46:56.534+0000] {standard_task_runner.py:55} INFO - Started process 246 to run task
[2023-06-14T01:46:56.556+0000] {standard_task_runner.py:82} INFO - Running: ['***', 'tasks', 'run', 'data_ingestion_gcs_dag', 'format_to_parquet_task', 'scheduled__2023-06-13T00:00:00+00:00', '--job-id', '101', '--raw', '--subdir', 'DAGS_FOLDER/data_ingestion_gcs_dag.py', '--cfg-path', '/tmp/tmpa8uj75g5']
[2023-06-14T01:46:56.565+0000] {standard_task_runner.py:83} INFO - Job 101: Subtask format_to_parquet_task
[2023-06-14T01:46:57.151+0000] {task_command.py:388} INFO - Running <TaskInstance: data_ingestion_gcs_dag.format_to_parquet_task scheduled__2023-06-13T00:00:00+00:00 [running]> on host 2adc0c380f97
[2023-06-14T01:46:58.324+0000] {taskinstance.py:1511} INFO - Exporting the following env vars:
AIRFLOW_CTX_DAG_OWNER=***
AIRFLOW_CTX_DAG_ID=data_ingestion_gcs_dag
AIRFLOW_CTX_TASK_ID=format_to_parquet_task
AIRFLOW_CTX_EXECUTION_DATE=2023-06-13T00:00:00+00:00
AIRFLOW_CTX_TRY_NUMBER=1
AIRFLOW_CTX_DAG_RUN_ID=scheduled__2023-06-13T00:00:00+00:00
[2023-06-14T01:46:58.363+0000] {data_ingestion_gcs_dag.py:43} ERROR - Can only accept source files in CSV format, for the moment
[2023-06-14T01:46:58.371+0000] {python.py:177} INFO - Done. Returned value was: None
[2023-06-14T01:46:58.504+0000] {taskinstance.py:1326} INFO - Marking task as SUCCESS. dag_id=data_ingestion_gcs_dag, task_id=format_to_parquet_task, execution_date=20230613T000000, start_date=20230614T014656, end_date=20230614T014658
[2023-06-14T01:46:58.707+0000] {local_task_job.py:212} INFO - Task exited with return code 0
[2023-06-14T01:47:04.877+0000] {taskinstance.py:2585} INFO - 0 downstream tasks scheduled from follow-on schedule check
