[2023-06-16T00:46:59.682+0000] {taskinstance.py:1084} INFO - Dependencies all met for dep_context=non-requeueable deps ti=<TaskInstance: data_ingestion_gcs_dag.local_to_gcs_task manual__2023-06-16T00:46:16.134133+00:00 [queued]>
[2023-06-16T00:46:59.700+0000] {taskinstance.py:1084} INFO - Dependencies all met for dep_context=requeueable deps ti=<TaskInstance: data_ingestion_gcs_dag.local_to_gcs_task manual__2023-06-16T00:46:16.134133+00:00 [queued]>
[2023-06-16T00:46:59.701+0000] {taskinstance.py:1282} INFO - 
--------------------------------------------------------------------------------
[2023-06-16T00:46:59.702+0000] {taskinstance.py:1283} INFO - Starting attempt 1 of 2
[2023-06-16T00:46:59.703+0000] {taskinstance.py:1284} INFO - 
--------------------------------------------------------------------------------
[2023-06-16T00:46:59.724+0000] {taskinstance.py:1303} INFO - Executing <Task(PythonOperator): local_to_gcs_task> on 2023-06-16 00:46:16.134133+00:00
[2023-06-16T00:46:59.731+0000] {standard_task_runner.py:55} INFO - Started process 976 to run task
[2023-06-16T00:46:59.735+0000] {standard_task_runner.py:82} INFO - Running: ['***', 'tasks', 'run', 'data_ingestion_gcs_dag', 'local_to_gcs_task', 'manual__2023-06-16T00:46:16.134133+00:00', '--job-id', '516', '--raw', '--subdir', 'DAGS_FOLDER/data_ingestion_gcs_dag.py', '--cfg-path', '/tmp/tmpt6hptvbe']
[2023-06-16T00:46:59.737+0000] {standard_task_runner.py:83} INFO - Job 516: Subtask local_to_gcs_task
[2023-06-16T00:46:59.822+0000] {task_command.py:388} INFO - Running <TaskInstance: data_ingestion_gcs_dag.local_to_gcs_task manual__2023-06-16T00:46:16.134133+00:00 [running]> on host 2a315e4d94ac
[2023-06-16T00:46:59.915+0000] {taskinstance.py:1511} INFO - Exporting the following env vars:
AIRFLOW_CTX_DAG_OWNER=***
AIRFLOW_CTX_DAG_ID=data_ingestion_gcs_dag
AIRFLOW_CTX_TASK_ID=local_to_gcs_task
AIRFLOW_CTX_EXECUTION_DATE=2023-06-16T00:46:16.134133+00:00
AIRFLOW_CTX_TRY_NUMBER=1
AIRFLOW_CTX_DAG_RUN_ID=manual__2023-06-16T00:46:16.134133+00:00
[2023-06-16T00:46:59.917+0000] {python.py:177} INFO - Done. Returned value was: None
[2023-06-16T00:46:59.931+0000] {taskinstance.py:1326} INFO - Marking task as SUCCESS. dag_id=data_ingestion_gcs_dag, task_id=local_to_gcs_task, execution_date=20230616T004616, start_date=20230616T004659, end_date=20230616T004659
[2023-06-16T00:46:59.988+0000] {local_task_job.py:212} INFO - Task exited with return code 0
[2023-06-16T00:47:00.007+0000] {taskinstance.py:2585} INFO - 0 downstream tasks scheduled from follow-on schedule check
