[2023-06-15T13:15:37.145+0000] {taskinstance.py:1084} INFO - Dependencies all met for dep_context=non-requeueable deps ti=<TaskInstance: data_ingestion_gcs_dag.download_dataset_task manual__2023-06-15T13:14:58.642534+00:00 [queued]>
[2023-06-15T13:15:37.163+0000] {taskinstance.py:1084} INFO - Dependencies all met for dep_context=requeueable deps ti=<TaskInstance: data_ingestion_gcs_dag.download_dataset_task manual__2023-06-15T13:14:58.642534+00:00 [queued]>
[2023-06-15T13:15:37.164+0000] {taskinstance.py:1282} INFO - 
--------------------------------------------------------------------------------
[2023-06-15T13:15:37.165+0000] {taskinstance.py:1283} INFO - Starting attempt 1 of 2
[2023-06-15T13:15:37.166+0000] {taskinstance.py:1284} INFO - 
--------------------------------------------------------------------------------
[2023-06-15T13:15:37.191+0000] {taskinstance.py:1303} INFO - Executing <Task(BashOperator): download_dataset_task> on 2023-06-15 13:14:58.642534+00:00
[2023-06-15T13:15:37.216+0000] {standard_task_runner.py:55} INFO - Started process 21668 to run task
[2023-06-15T13:15:37.220+0000] {standard_task_runner.py:82} INFO - Running: ['***', 'tasks', 'run', 'data_ingestion_gcs_dag', 'download_dataset_task', 'manual__2023-06-15T13:14:58.642534+00:00', '--job-id', '431', '--raw', '--subdir', 'DAGS_FOLDER/data_ingestion_gcs_dag.py', '--cfg-path', '/tmp/tmpl0568iq2']
[2023-06-15T13:15:37.222+0000] {standard_task_runner.py:83} INFO - Job 431: Subtask download_dataset_task
[2023-06-15T13:15:37.321+0000] {task_command.py:388} INFO - Running <TaskInstance: data_ingestion_gcs_dag.download_dataset_task manual__2023-06-15T13:14:58.642534+00:00 [running]> on host 658b05ff6f1a
[2023-06-15T13:15:37.444+0000] {taskinstance.py:1511} INFO - Exporting the following env vars:
AIRFLOW_CTX_DAG_OWNER=***
AIRFLOW_CTX_DAG_ID=data_ingestion_gcs_dag
AIRFLOW_CTX_TASK_ID=download_dataset_task
AIRFLOW_CTX_EXECUTION_DATE=2023-06-15T13:14:58.642534+00:00
AIRFLOW_CTX_TRY_NUMBER=1
AIRFLOW_CTX_DAG_RUN_ID=manual__2023-06-15T13:14:58.642534+00:00
[2023-06-15T13:15:37.448+0000] {subprocess.py:63} INFO - Tmp dir root location: 
 /tmp
[2023-06-15T13:15:37.462+0000] {subprocess.py:75} INFO - Running command: ['/bin/bash', '-c', '\n            cd /opt/*** &&\n            cd data-science-salaries-2023 &&\n            rm -f data-science-salaries-2023.zip &&\n            rm ds_salaries.csv &&\n            kaggle datasets download -d arnabchaki/data-science-salaries-2023 --force && \n            unzip data-science-salaries-2023.zip && \n            rm data-science-salaries-2023.zip\n            ']
[2023-06-15T13:15:37.501+0000] {subprocess.py:86} INFO - Output:
[2023-06-15T13:15:39.049+0000] {subprocess.py:93} INFO - Downloading data-science-salaries-2023.zip to /opt/***/data-science-salaries-2023
[2023-06-15T13:15:39.068+0000] {subprocess.py:93} INFO -   0%|          | 0.00/25.4k [00:00<?, ?B/s]100%|██████████| 25.4k/25.4k [00:00<00:00, 1.47MB/s]
[2023-06-15T13:15:39.070+0000] {subprocess.py:93} INFO - 
[2023-06-15T13:15:39.284+0000] {subprocess.py:93} INFO - Archive:  data-science-salaries-2023.zip
[2023-06-15T13:15:39.290+0000] {subprocess.py:93} INFO -   inflating: ds_salaries.csv
[2023-06-15T13:15:39.293+0000] {subprocess.py:97} INFO - Command exited with return code 0
[2023-06-15T13:15:39.337+0000] {taskinstance.py:1326} INFO - Marking task as SUCCESS. dag_id=data_ingestion_gcs_dag, task_id=download_dataset_task, execution_date=20230615T131458, start_date=20230615T131537, end_date=20230615T131539
[2023-06-15T13:15:39.407+0000] {local_task_job.py:212} INFO - Task exited with return code 0
[2023-06-15T13:15:39.451+0000] {taskinstance.py:2585} INFO - 1 downstream tasks scheduled from follow-on schedule check
