[2023-06-14T23:24:10.752+0000] {taskinstance.py:1084} INFO - Dependencies all met for dep_context=non-requeueable deps ti=<TaskInstance: data_ingestion_gcs_dag.download_dataset_task manual__2023-06-14T23:23:58.132945+00:00 [queued]>
[2023-06-14T23:24:10.776+0000] {taskinstance.py:1084} INFO - Dependencies all met for dep_context=requeueable deps ti=<TaskInstance: data_ingestion_gcs_dag.download_dataset_task manual__2023-06-14T23:23:58.132945+00:00 [queued]>
[2023-06-14T23:24:10.777+0000] {taskinstance.py:1282} INFO - 
--------------------------------------------------------------------------------
[2023-06-14T23:24:10.790+0000] {taskinstance.py:1283} INFO - Starting attempt 1 of 2
[2023-06-14T23:24:10.790+0000] {taskinstance.py:1284} INFO - 
--------------------------------------------------------------------------------
[2023-06-14T23:24:10.827+0000] {taskinstance.py:1303} INFO - Executing <Task(BashOperator): download_dataset_task> on 2023-06-14 23:23:58.132945+00:00
[2023-06-14T23:24:10.960+0000] {standard_task_runner.py:55} INFO - Started process 3444 to run task
[2023-06-14T23:24:10.963+0000] {standard_task_runner.py:82} INFO - Running: ['***', 'tasks', 'run', 'data_ingestion_gcs_dag', 'download_dataset_task', 'manual__2023-06-14T23:23:58.132945+00:00', '--job-id', '204', '--raw', '--subdir', 'DAGS_FOLDER/data_ingestion_gcs_dag.py', '--cfg-path', '/tmp/tmpmbsfb95h']
[2023-06-14T23:24:10.964+0000] {standard_task_runner.py:83} INFO - Job 204: Subtask download_dataset_task
[2023-06-14T23:24:11.047+0000] {task_command.py:388} INFO - Running <TaskInstance: data_ingestion_gcs_dag.download_dataset_task manual__2023-06-14T23:23:58.132945+00:00 [running]> on host 570ce802d94a
[2023-06-14T23:24:11.171+0000] {taskinstance.py:1511} INFO - Exporting the following env vars:
AIRFLOW_CTX_DAG_OWNER=***
AIRFLOW_CTX_DAG_ID=data_ingestion_gcs_dag
AIRFLOW_CTX_TASK_ID=download_dataset_task
AIRFLOW_CTX_EXECUTION_DATE=2023-06-14T23:23:58.132945+00:00
AIRFLOW_CTX_TRY_NUMBER=1
AIRFLOW_CTX_DAG_RUN_ID=manual__2023-06-14T23:23:58.132945+00:00
[2023-06-14T23:24:11.177+0000] {subprocess.py:63} INFO - Tmp dir root location: 
 /tmp
[2023-06-14T23:24:11.179+0000] {subprocess.py:75} INFO - Running command: ['/bin/bash', '-c', 'kaggle datasets download -d sherrytp/airline-delay-analysis -p /opt/***/airline-delay-analysis && unzip -o /opt/***/airline-delay-analysis/airline-delay-analysis.zip -d /opt/***/airline-delay-analysis']
[2023-06-14T23:24:11.224+0000] {subprocess.py:86} INFO - Output:
[2023-06-14T23:24:12.754+0000] {subprocess.py:93} INFO - airline-delay-analysis.zip: Skipping, found more recently modified local copy (use --force to force download)
[2023-06-14T23:24:13.013+0000] {subprocess.py:93} INFO - Archive:  /opt/***/airline-delay-analysis/airline-delay-analysis.zip
[2023-06-14T23:24:17.797+0000] {subprocess.py:93} INFO -   inflating: /opt/***/airline-delay-analysis/airline delay analysis/20.csv
[2023-06-14T23:24:27.681+0000] {subprocess.py:93} INFO -   inflating: /opt/***/airline-delay-analysis/airline delay analysis/2009.csv
[2023-06-14T23:24:35.206+0000] {subprocess.py:93} INFO -   inflating: /opt/***/airline-delay-analysis/airline delay analysis/2010.csv
[2023-06-14T23:24:41.498+0000] {subprocess.py:93} INFO -   inflating: /opt/***/airline-delay-analysis/airline delay analysis/2011.csv
[2023-06-14T23:24:51.031+0000] {subprocess.py:93} INFO -   inflating: /opt/***/airline-delay-analysis/airline delay analysis/2012.csv
[2023-06-14T23:24:58.261+0000] {subprocess.py:93} INFO -   inflating: /opt/***/airline-delay-analysis/airline delay analysis/2013.csv
[2023-06-14T23:25:05.816+0000] {subprocess.py:93} INFO -   inflating: /opt/***/airline-delay-analysis/airline delay analysis/2014.csv
[2023-06-14T23:25:11.879+0000] {subprocess.py:93} INFO -   inflating: /opt/***/airline-delay-analysis/airline delay analysis/2015.csv
[2023-06-14T23:25:18.758+0000] {subprocess.py:93} INFO -   inflating: /opt/***/airline-delay-analysis/airline delay analysis/2016.csv
[2023-06-14T23:25:25.456+0000] {subprocess.py:93} INFO -   inflating: /opt/***/airline-delay-analysis/airline delay analysis/2017.csv
[2023-06-14T23:25:32.947+0000] {subprocess.py:93} INFO -   inflating: /opt/***/airline-delay-analysis/airline delay analysis/2018.csv
[2023-06-14T23:25:39.899+0000] {subprocess.py:93} INFO -   inflating: /opt/***/airline-delay-analysis/airline delay analysis/2019.csv
[2023-06-14T23:25:39.912+0000] {subprocess.py:97} INFO - Command exited with return code 0
[2023-06-14T23:25:40.200+0000] {taskinstance.py:1326} INFO - Marking task as SUCCESS. dag_id=data_ingestion_gcs_dag, task_id=download_dataset_task, execution_date=20230614T232358, start_date=20230614T232410, end_date=20230614T232540
[2023-06-14T23:25:40.366+0000] {local_task_job.py:212} INFO - Task exited with return code 0
[2023-06-14T23:25:40.507+0000] {taskinstance.py:2585} INFO - 1 downstream tasks scheduled from follow-on schedule check
