[2023-06-14T11:56:46.058+0000] {taskinstance.py:1084} INFO - Dependencies all met for dep_context=non-requeueable deps ti=<TaskInstance: data_ingestion_gcs_dag.download_dataset_task manual__2023-06-14T11:55:55.576906+00:00 [queued]>
[2023-06-14T11:56:46.083+0000] {taskinstance.py:1084} INFO - Dependencies all met for dep_context=requeueable deps ti=<TaskInstance: data_ingestion_gcs_dag.download_dataset_task manual__2023-06-14T11:55:55.576906+00:00 [queued]>
[2023-06-14T11:56:46.084+0000] {taskinstance.py:1282} INFO - 
--------------------------------------------------------------------------------
[2023-06-14T11:56:46.087+0000] {taskinstance.py:1283} INFO - Starting attempt 1 of 2
[2023-06-14T11:56:46.089+0000] {taskinstance.py:1284} INFO - 
--------------------------------------------------------------------------------
[2023-06-14T11:56:46.133+0000] {taskinstance.py:1303} INFO - Executing <Task(PythonOperator): download_dataset_task> on 2023-06-14 11:55:55.576906+00:00
[2023-06-14T11:56:46.143+0000] {standard_task_runner.py:55} INFO - Started process 13257 to run task
[2023-06-14T11:56:46.147+0000] {standard_task_runner.py:82} INFO - Running: ['***', 'tasks', 'run', 'data_ingestion_gcs_dag', 'download_dataset_task', 'manual__2023-06-14T11:55:55.576906+00:00', '--job-id', '169', '--raw', '--subdir', 'DAGS_FOLDER/data_ingestion_gcs_dag.py', '--cfg-path', '/tmp/tmpzxpa972n']
[2023-06-14T11:56:46.150+0000] {standard_task_runner.py:83} INFO - Job 169: Subtask download_dataset_task
[2023-06-14T11:56:46.288+0000] {task_command.py:388} INFO - Running <TaskInstance: data_ingestion_gcs_dag.download_dataset_task manual__2023-06-14T11:55:55.576906+00:00 [running]> on host 2adc0c380f97
[2023-06-14T11:56:46.451+0000] {taskinstance.py:1511} INFO - Exporting the following env vars:
AIRFLOW_CTX_DAG_OWNER=***
AIRFLOW_CTX_DAG_ID=data_ingestion_gcs_dag
AIRFLOW_CTX_TASK_ID=download_dataset_task
AIRFLOW_CTX_EXECUTION_DATE=2023-06-14T11:55:55.576906+00:00
AIRFLOW_CTX_TRY_NUMBER=1
AIRFLOW_CTX_DAG_RUN_ID=manual__2023-06-14T11:55:55.576906+00:00
[2023-06-14T11:56:47.893+0000] {python.py:177} INFO - Done. Returned value was: None
[2023-06-14T11:56:47.912+0000] {taskinstance.py:1326} INFO - Marking task as SUCCESS. dag_id=data_ingestion_gcs_dag, task_id=download_dataset_task, execution_date=20230614T115555, start_date=20230614T115646, end_date=20230614T115647
[2023-06-14T11:56:47.975+0000] {local_task_job.py:212} INFO - Task exited with return code 0
[2023-06-14T11:56:48.037+0000] {taskinstance.py:2585} INFO - 1 downstream tasks scheduled from follow-on schedule check
