[2023-06-15T04:21:50.438+0000] {taskinstance.py:1084} INFO - Dependencies all met for dep_context=non-requeueable deps ti=<TaskInstance: data_ingestion_gcs_dag.local_to_gcs_task manual__2023-06-15T04:18:39.447758+00:00 [queued]>
[2023-06-15T04:21:50.465+0000] {taskinstance.py:1084} INFO - Dependencies all met for dep_context=requeueable deps ti=<TaskInstance: data_ingestion_gcs_dag.local_to_gcs_task manual__2023-06-15T04:18:39.447758+00:00 [queued]>
[2023-06-15T04:21:50.466+0000] {taskinstance.py:1282} INFO - 
--------------------------------------------------------------------------------
[2023-06-15T04:21:50.468+0000] {taskinstance.py:1283} INFO - Starting attempt 1 of 2
[2023-06-15T04:21:50.470+0000] {taskinstance.py:1284} INFO - 
--------------------------------------------------------------------------------
[2023-06-15T04:21:50.509+0000] {taskinstance.py:1303} INFO - Executing <Task(PythonOperator): local_to_gcs_task> on 2023-06-15 04:18:39.447758+00:00
[2023-06-15T04:21:50.523+0000] {standard_task_runner.py:55} INFO - Started process 4190 to run task
[2023-06-15T04:21:50.528+0000] {standard_task_runner.py:82} INFO - Running: ['***', 'tasks', 'run', 'data_ingestion_gcs_dag', 'local_to_gcs_task', 'manual__2023-06-15T04:18:39.447758+00:00', '--job-id', '286', '--raw', '--subdir', 'DAGS_FOLDER/data_ingestion_kaggle2.py', '--cfg-path', '/tmp/tmpg3xo854y']
[2023-06-15T04:21:50.530+0000] {standard_task_runner.py:83} INFO - Job 286: Subtask local_to_gcs_task
[2023-06-15T04:21:50.650+0000] {task_command.py:388} INFO - Running <TaskInstance: data_ingestion_gcs_dag.local_to_gcs_task manual__2023-06-15T04:18:39.447758+00:00 [running]> on host 7e4a92a12ba6
[2023-06-15T04:21:50.828+0000] {taskinstance.py:1511} INFO - Exporting the following env vars:
AIRFLOW_CTX_DAG_OWNER=***
AIRFLOW_CTX_DAG_ID=data_ingestion_gcs_dag
AIRFLOW_CTX_TASK_ID=local_to_gcs_task
AIRFLOW_CTX_EXECUTION_DATE=2023-06-15T04:18:39.447758+00:00
AIRFLOW_CTX_TRY_NUMBER=1
AIRFLOW_CTX_DAG_RUN_ID=manual__2023-06-15T04:18:39.447758+00:00
[2023-06-15T04:21:50.977+0000] {python.py:177} INFO - Done. Returned value was: None
[2023-06-15T04:21:50.996+0000] {taskinstance.py:1326} INFO - Marking task as SUCCESS. dag_id=data_ingestion_gcs_dag, task_id=local_to_gcs_task, execution_date=20230615T041839, start_date=20230615T042150, end_date=20230615T042150
[2023-06-15T04:21:51.065+0000] {local_task_job.py:212} INFO - Task exited with return code 0
[2023-06-15T04:21:51.107+0000] {taskinstance.py:2585} INFO - 1 downstream tasks scheduled from follow-on schedule check
