[2023-06-16T01:10:51.936+0000] {taskinstance.py:1084} INFO - Dependencies all met for dep_context=non-requeueable deps ti=<TaskInstance: data_ingestion_gcs_dag.format_to_parquet_task manual__2023-06-16T01:10:40.595286+00:00 [queued]>
[2023-06-16T01:10:51.950+0000] {taskinstance.py:1084} INFO - Dependencies all met for dep_context=requeueable deps ti=<TaskInstance: data_ingestion_gcs_dag.format_to_parquet_task manual__2023-06-16T01:10:40.595286+00:00 [queued]>
[2023-06-16T01:10:51.952+0000] {taskinstance.py:1282} INFO - 
--------------------------------------------------------------------------------
[2023-06-16T01:10:51.953+0000] {taskinstance.py:1283} INFO - Starting attempt 1 of 2
[2023-06-16T01:10:51.954+0000] {taskinstance.py:1284} INFO - 
--------------------------------------------------------------------------------
[2023-06-16T01:10:51.994+0000] {taskinstance.py:1303} INFO - Executing <Task(PythonOperator): format_to_parquet_task> on 2023-06-16 01:10:40.595286+00:00
[2023-06-16T01:10:52.004+0000] {standard_task_runner.py:55} INFO - Started process 2351 to run task
[2023-06-16T01:10:52.037+0000] {standard_task_runner.py:82} INFO - Running: ['***', 'tasks', 'run', 'data_ingestion_gcs_dag', 'format_to_parquet_task', 'manual__2023-06-16T01:10:40.595286+00:00', '--job-id', '525', '--raw', '--subdir', 'DAGS_FOLDER/data_ingestion_gcs_dag.py', '--cfg-path', '/tmp/tmpxzt5chfn']
[2023-06-16T01:10:52.054+0000] {standard_task_runner.py:83} INFO - Job 525: Subtask format_to_parquet_task
[2023-06-16T01:10:52.457+0000] {task_command.py:388} INFO - Running <TaskInstance: data_ingestion_gcs_dag.format_to_parquet_task manual__2023-06-16T01:10:40.595286+00:00 [running]> on host 2a315e4d94ac
[2023-06-16T01:10:52.680+0000] {taskinstance.py:1511} INFO - Exporting the following env vars:
AIRFLOW_CTX_DAG_OWNER=***
AIRFLOW_CTX_DAG_ID=data_ingestion_gcs_dag
AIRFLOW_CTX_TASK_ID=format_to_parquet_task
AIRFLOW_CTX_EXECUTION_DATE=2023-06-16T01:10:40.595286+00:00
AIRFLOW_CTX_TRY_NUMBER=1
AIRFLOW_CTX_DAG_RUN_ID=manual__2023-06-16T01:10:40.595286+00:00
[2023-06-16T01:10:52.683+0000] {data_ingestion_gcs_dag.py:27} ERROR - Can only accept source files in CSV format, for the moment
[2023-06-16T01:10:52.684+0000] {data_ingestion_gcs_dag.py:27} ERROR - Can only accept source files in CSV format, for the moment
[2023-06-16T01:10:52.685+0000] {data_ingestion_gcs_dag.py:27} ERROR - Can only accept source files in CSV format, for the moment
[2023-06-16T01:10:52.686+0000] {data_ingestion_gcs_dag.py:27} ERROR - Can only accept source files in CSV format, for the moment
[2023-06-16T01:10:52.687+0000] {data_ingestion_gcs_dag.py:27} ERROR - Can only accept source files in CSV format, for the moment
[2023-06-16T01:10:52.688+0000] {data_ingestion_gcs_dag.py:27} ERROR - Can only accept source files in CSV format, for the moment
[2023-06-16T01:10:52.689+0000] {data_ingestion_gcs_dag.py:27} ERROR - Can only accept source files in CSV format, for the moment
[2023-06-16T01:10:52.690+0000] {data_ingestion_gcs_dag.py:27} ERROR - Can only accept source files in CSV format, for the moment
[2023-06-16T01:10:52.691+0000] {python.py:177} INFO - Done. Returned value was: None
[2023-06-16T01:10:52.706+0000] {taskinstance.py:1326} INFO - Marking task as SUCCESS. dag_id=data_ingestion_gcs_dag, task_id=format_to_parquet_task, execution_date=20230616T011040, start_date=20230616T011051, end_date=20230616T011052
[2023-06-16T01:10:52.745+0000] {local_task_job.py:212} INFO - Task exited with return code 0
[2023-06-16T01:10:52.778+0000] {taskinstance.py:2585} INFO - 1 downstream tasks scheduled from follow-on schedule check
