[2023-06-15T11:35:40.668+0000] {taskinstance.py:1084} INFO - Dependencies all met for dep_context=non-requeueable deps ti=<TaskInstance: data_ingestion_gcs_dag.download_dataset_task manual__2023-06-15T11:35:29.256267+00:00 [queued]>
[2023-06-15T11:35:40.710+0000] {taskinstance.py:1084} INFO - Dependencies all met for dep_context=requeueable deps ti=<TaskInstance: data_ingestion_gcs_dag.download_dataset_task manual__2023-06-15T11:35:29.256267+00:00 [queued]>
[2023-06-15T11:35:40.713+0000] {taskinstance.py:1282} INFO - 
--------------------------------------------------------------------------------
[2023-06-15T11:35:40.717+0000] {taskinstance.py:1283} INFO - Starting attempt 1 of 2
[2023-06-15T11:35:40.718+0000] {taskinstance.py:1284} INFO - 
--------------------------------------------------------------------------------
[2023-06-15T11:35:40.747+0000] {taskinstance.py:1303} INFO - Executing <Task(BashOperator): download_dataset_task> on 2023-06-15 11:35:29.256267+00:00
[2023-06-15T11:35:40.796+0000] {standard_task_runner.py:55} INFO - Started process 16039 to run task
[2023-06-15T11:35:40.798+0000] {standard_task_runner.py:82} INFO - Running: ['***', 'tasks', 'run', 'data_ingestion_gcs_dag', 'download_dataset_task', 'manual__2023-06-15T11:35:29.256267+00:00', '--job-id', '387', '--raw', '--subdir', 'DAGS_FOLDER/data_ingestion_gcs_dag.py', '--cfg-path', '/tmp/tmpkk6vnju1']
[2023-06-15T11:35:40.800+0000] {standard_task_runner.py:83} INFO - Job 387: Subtask download_dataset_task
[2023-06-15T11:35:40.975+0000] {task_command.py:388} INFO - Running <TaskInstance: data_ingestion_gcs_dag.download_dataset_task manual__2023-06-15T11:35:29.256267+00:00 [running]> on host 658b05ff6f1a
[2023-06-15T11:35:41.145+0000] {taskinstance.py:1511} INFO - Exporting the following env vars:
AIRFLOW_CTX_DAG_OWNER=***
AIRFLOW_CTX_DAG_ID=data_ingestion_gcs_dag
AIRFLOW_CTX_TASK_ID=download_dataset_task
AIRFLOW_CTX_EXECUTION_DATE=2023-06-15T11:35:29.256267+00:00
AIRFLOW_CTX_TRY_NUMBER=1
AIRFLOW_CTX_DAG_RUN_ID=manual__2023-06-15T11:35:29.256267+00:00
[2023-06-15T11:35:41.159+0000] {subprocess.py:63} INFO - Tmp dir root location: 
 /tmp
[2023-06-15T11:35:41.175+0000] {subprocess.py:75} INFO - Running command: ['/bin/bash', '-c', 'kaggle datasets download -d arnabchaki/data-science-salaries-2023 -p /opt/***']
[2023-06-15T11:35:41.244+0000] {subprocess.py:86} INFO - Output:
[2023-06-15T11:35:42.891+0000] {subprocess.py:93} INFO - data-science-salaries-2023.zip: Skipping, found more recently modified local copy (use --force to force download)
[2023-06-15T11:35:43.167+0000] {subprocess.py:97} INFO - Command exited with return code 0
[2023-06-15T11:35:43.247+0000] {taskinstance.py:1326} INFO - Marking task as SUCCESS. dag_id=data_ingestion_gcs_dag, task_id=download_dataset_task, execution_date=20230615T113529, start_date=20230615T113540, end_date=20230615T113543
[2023-06-15T11:35:43.301+0000] {local_task_job.py:212} INFO - Task exited with return code 0
[2023-06-15T11:35:43.369+0000] {taskinstance.py:2585} INFO - 1 downstream tasks scheduled from follow-on schedule check
