[2023-06-15T12:01:59.817+0000] {taskinstance.py:1084} INFO - Dependencies all met for dep_context=non-requeueable deps ti=<TaskInstance: data_ingestion_gcs_dag.download_dataset_task manual__2023-06-15T12:01:45.376925+00:00 [queued]>
[2023-06-15T12:01:59.859+0000] {taskinstance.py:1084} INFO - Dependencies all met for dep_context=requeueable deps ti=<TaskInstance: data_ingestion_gcs_dag.download_dataset_task manual__2023-06-15T12:01:45.376925+00:00 [queued]>
[2023-06-15T12:01:59.860+0000] {taskinstance.py:1282} INFO - 
--------------------------------------------------------------------------------
[2023-06-15T12:01:59.862+0000] {taskinstance.py:1283} INFO - Starting attempt 1 of 2
[2023-06-15T12:01:59.863+0000] {taskinstance.py:1284} INFO - 
--------------------------------------------------------------------------------
[2023-06-15T12:01:59.895+0000] {taskinstance.py:1303} INFO - Executing <Task(BashOperator): download_dataset_task> on 2023-06-15 12:01:45.376925+00:00
[2023-06-15T12:01:59.914+0000] {standard_task_runner.py:55} INFO - Started process 17440 to run task
[2023-06-15T12:01:59.943+0000] {standard_task_runner.py:82} INFO - Running: ['***', 'tasks', 'run', 'data_ingestion_gcs_dag', 'download_dataset_task', 'manual__2023-06-15T12:01:45.376925+00:00', '--job-id', '405', '--raw', '--subdir', 'DAGS_FOLDER/data_ingestion_gcs_dag.py', '--cfg-path', '/tmp/tmpb0oj1d9u']
[2023-06-15T12:01:59.993+0000] {standard_task_runner.py:83} INFO - Job 405: Subtask download_dataset_task
[2023-06-15T12:02:00.239+0000] {task_command.py:388} INFO - Running <TaskInstance: data_ingestion_gcs_dag.download_dataset_task manual__2023-06-15T12:01:45.376925+00:00 [running]> on host 658b05ff6f1a
[2023-06-15T12:02:00.413+0000] {taskinstance.py:1511} INFO - Exporting the following env vars:
AIRFLOW_CTX_DAG_OWNER=***
AIRFLOW_CTX_DAG_ID=data_ingestion_gcs_dag
AIRFLOW_CTX_TASK_ID=download_dataset_task
AIRFLOW_CTX_EXECUTION_DATE=2023-06-15T12:01:45.376925+00:00
AIRFLOW_CTX_TRY_NUMBER=1
AIRFLOW_CTX_DAG_RUN_ID=manual__2023-06-15T12:01:45.376925+00:00
[2023-06-15T12:02:00.419+0000] {subprocess.py:63} INFO - Tmp dir root location: 
 /tmp
[2023-06-15T12:02:00.459+0000] {subprocess.py:75} INFO - Running command: ['/bin/bash', '-c', 'cd /opt/*** && kaggle datasets download -d arnabchaki/data-science-salaries-2023 && unzip data-science-salaries-2023.zip && rm data-science-salaries-2023.zip']
[2023-06-15T12:02:00.494+0000] {subprocess.py:86} INFO - Output:
[2023-06-15T12:02:02.632+0000] {subprocess.py:93} INFO - data-science-salaries-2023.zip: Skipping, found more recently modified local copy (use --force to force download)
[2023-06-15T12:02:02.863+0000] {subprocess.py:93} INFO - Archive:  data-science-salaries-2023.zip
[2023-06-15T12:02:02.865+0000] {subprocess.py:93} INFO -   End-of-central-directory signature not found.  Either this file is not
[2023-06-15T12:02:02.868+0000] {subprocess.py:93} INFO -   a zipfile, or it constitutes one disk of a multi-part archive.  In the
[2023-06-15T12:02:02.869+0000] {subprocess.py:93} INFO -   latter case the central directory and zipfile comment will be found on
[2023-06-15T12:02:02.870+0000] {subprocess.py:93} INFO -   the last disk(s) of this archive.
[2023-06-15T12:02:02.871+0000] {subprocess.py:93} INFO - unzip:  cannot find zipfile directory in one of data-science-salaries-2023.zip or
[2023-06-15T12:02:02.873+0000] {subprocess.py:93} INFO -         data-science-salaries-2023.zip.zip, and cannot find data-science-salaries-2023.zip.ZIP, period.
[2023-06-15T12:02:02.876+0000] {subprocess.py:97} INFO - Command exited with return code 9
[2023-06-15T12:02:02.898+0000] {taskinstance.py:1775} ERROR - Task failed with exception
Traceback (most recent call last):
  File "/home/airflow/.local/lib/python3.7/site-packages/airflow/operators/bash.py", line 197, in execute
    f"Bash command failed. The command returned a non-zero exit code {result.exit_code}."
airflow.exceptions.AirflowException: Bash command failed. The command returned a non-zero exit code 9.
[2023-06-15T12:02:02.906+0000] {taskinstance.py:1326} INFO - Marking task as UP_FOR_RETRY. dag_id=data_ingestion_gcs_dag, task_id=download_dataset_task, execution_date=20230615T120145, start_date=20230615T120159, end_date=20230615T120202
[2023-06-15T12:02:02.956+0000] {standard_task_runner.py:105} ERROR - Failed to execute job 405 for task download_dataset_task (Bash command failed. The command returned a non-zero exit code 9.; 17440)
[2023-06-15T12:02:03.015+0000] {local_task_job.py:212} INFO - Task exited with return code 1
[2023-06-15T12:02:03.116+0000] {taskinstance.py:2585} INFO - 0 downstream tasks scheduled from follow-on schedule check
