[2023-06-15T18:10:52.639+0000] {taskinstance.py:1084} INFO - Dependencies all met for dep_context=non-requeueable deps ti=<TaskInstance: data_ingestion_gcs_dag.download_dataset_task manual__2023-06-15T18:10:42.912395+00:00 [queued]>
[2023-06-15T18:10:52.656+0000] {taskinstance.py:1084} INFO - Dependencies all met for dep_context=requeueable deps ti=<TaskInstance: data_ingestion_gcs_dag.download_dataset_task manual__2023-06-15T18:10:42.912395+00:00 [queued]>
[2023-06-15T18:10:52.657+0000] {taskinstance.py:1282} INFO - 
--------------------------------------------------------------------------------
[2023-06-15T18:10:52.658+0000] {taskinstance.py:1283} INFO - Starting attempt 1 of 2
[2023-06-15T18:10:52.659+0000] {taskinstance.py:1284} INFO - 
--------------------------------------------------------------------------------
[2023-06-15T18:10:52.684+0000] {taskinstance.py:1303} INFO - Executing <Task(BashOperator): download_dataset_task> on 2023-06-15 18:10:42.912395+00:00
[2023-06-15T18:10:52.704+0000] {standard_task_runner.py:55} INFO - Started process 2826 to run task
[2023-06-15T18:10:52.707+0000] {standard_task_runner.py:82} INFO - Running: ['***', 'tasks', 'run', 'data_ingestion_gcs_dag', 'download_dataset_task', 'manual__2023-06-15T18:10:42.912395+00:00', '--job-id', '476', '--raw', '--subdir', 'DAGS_FOLDER/data_ingestion_gcs_dag.py', '--cfg-path', '/tmp/tmpfab66y0g']
[2023-06-15T18:10:52.710+0000] {standard_task_runner.py:83} INFO - Job 476: Subtask download_dataset_task
[2023-06-15T18:10:52.817+0000] {task_command.py:388} INFO - Running <TaskInstance: data_ingestion_gcs_dag.download_dataset_task manual__2023-06-15T18:10:42.912395+00:00 [running]> on host 658b05ff6f1a
[2023-06-15T18:10:52.942+0000] {taskinstance.py:1511} INFO - Exporting the following env vars:
AIRFLOW_CTX_DAG_OWNER=***
AIRFLOW_CTX_DAG_ID=data_ingestion_gcs_dag
AIRFLOW_CTX_TASK_ID=download_dataset_task
AIRFLOW_CTX_EXECUTION_DATE=2023-06-15T18:10:42.912395+00:00
AIRFLOW_CTX_TRY_NUMBER=1
AIRFLOW_CTX_DAG_RUN_ID=manual__2023-06-15T18:10:42.912395+00:00
[2023-06-15T18:10:52.945+0000] {subprocess.py:63} INFO - Tmp dir root location: 
 /tmp
[2023-06-15T18:10:52.952+0000] {subprocess.py:75} INFO - Running command: ['/bin/bash', '-c', '\n        cd /opt/*** &&\n        if [ ! -d direct-messaging ]; then\n            mkdir direct-messaging &&\n            cd direct-messaging &&\n            kaggle datasets download -d mkechinov/direct-messaging --force &&\n            unzip direct-messaging.zip && \n            rm direct-messaging.zip\n        fi &&\n        cd direct-messaging &&\n        ls\n        ']
[2023-06-15T18:10:52.985+0000] {subprocess.py:86} INFO - Output:
[2023-06-15T18:10:53.036+0000] {subprocess.py:93} INFO - campaigns.csv
[2023-06-15T18:10:53.038+0000] {subprocess.py:93} INFO - holidays.parquet
[2023-06-15T18:10:53.038+0000] {subprocess.py:93} INFO - messages-demo.csv
[2023-06-15T18:10:53.039+0000] {subprocess.py:97} INFO - Command exited with return code 0
[2023-06-15T18:10:53.087+0000] {taskinstance.py:1326} INFO - Marking task as SUCCESS. dag_id=data_ingestion_gcs_dag, task_id=download_dataset_task, execution_date=20230615T181042, start_date=20230615T181052, end_date=20230615T181053
[2023-06-15T18:10:53.165+0000] {local_task_job.py:212} INFO - Task exited with return code 0
[2023-06-15T18:10:53.218+0000] {taskinstance.py:2585} INFO - 1 downstream tasks scheduled from follow-on schedule check
