[2023-06-17T00:00:13.932+0000] {taskinstance.py:1084} INFO - Dependencies all met for dep_context=non-requeueable deps ti=<TaskInstance: data_ingestion_gcs_dag.local_to_gcs_task scheduled__2023-06-16T00:00:00+00:00 [queued]>
[2023-06-17T00:00:13.962+0000] {taskinstance.py:1084} INFO - Dependencies all met for dep_context=requeueable deps ti=<TaskInstance: data_ingestion_gcs_dag.local_to_gcs_task scheduled__2023-06-16T00:00:00+00:00 [queued]>
[2023-06-17T00:00:13.963+0000] {taskinstance.py:1282} INFO - 
--------------------------------------------------------------------------------
[2023-06-17T00:00:13.964+0000] {taskinstance.py:1283} INFO - Starting attempt 1 of 2
[2023-06-17T00:00:13.965+0000] {taskinstance.py:1284} INFO - 
--------------------------------------------------------------------------------
[2023-06-17T00:00:13.997+0000] {taskinstance.py:1303} INFO - Executing <Task(PythonOperator): local_to_gcs_task> on 2023-06-16 00:00:00+00:00
[2023-06-17T00:00:14.018+0000] {standard_task_runner.py:55} INFO - Started process 4149 to run task
[2023-06-17T00:00:14.044+0000] {standard_task_runner.py:82} INFO - Running: ['***', 'tasks', 'run', 'data_ingestion_gcs_dag', 'local_to_gcs_task', 'scheduled__2023-06-16T00:00:00+00:00', '--job-id', '539', '--raw', '--subdir', 'DAGS_FOLDER/data_ingestion_gcs_dag.py', '--cfg-path', '/tmp/tmpm8iruxmg']
[2023-06-17T00:00:14.047+0000] {standard_task_runner.py:83} INFO - Job 539: Subtask local_to_gcs_task
[2023-06-17T00:00:14.166+0000] {task_command.py:388} INFO - Running <TaskInstance: data_ingestion_gcs_dag.local_to_gcs_task scheduled__2023-06-16T00:00:00+00:00 [running]> on host 2a315e4d94ac
[2023-06-17T00:00:14.323+0000] {taskinstance.py:1511} INFO - Exporting the following env vars:
AIRFLOW_CTX_DAG_OWNER=***
AIRFLOW_CTX_DAG_ID=data_ingestion_gcs_dag
AIRFLOW_CTX_TASK_ID=local_to_gcs_task
AIRFLOW_CTX_EXECUTION_DATE=2023-06-16T00:00:00+00:00
AIRFLOW_CTX_TRY_NUMBER=1
AIRFLOW_CTX_DAG_RUN_ID=scheduled__2023-06-16T00:00:00+00:00
[2023-06-17T00:00:22.280+0000] {python.py:177} INFO - Done. Returned value was: None
[2023-06-17T00:00:22.301+0000] {taskinstance.py:1326} INFO - Marking task as SUCCESS. dag_id=data_ingestion_gcs_dag, task_id=local_to_gcs_task, execution_date=20230616T000000, start_date=20230617T000013, end_date=20230617T000022
[2023-06-17T00:00:22.331+0000] {local_task_job.py:212} INFO - Task exited with return code 0
[2023-06-17T00:00:22.350+0000] {taskinstance.py:2585} INFO - 0 downstream tasks scheduled from follow-on schedule check
