[2023-06-14T11:37:29.117+0000] {taskinstance.py:1084} INFO - Dependencies all met for dep_context=non-requeueable deps ti=<TaskInstance: data_ingestion_gcs_dag.create_folder_in_bucket_task manual__2023-06-14T11:37:09.023440+00:00 [queued]>
[2023-06-14T11:37:29.165+0000] {taskinstance.py:1084} INFO - Dependencies all met for dep_context=requeueable deps ti=<TaskInstance: data_ingestion_gcs_dag.create_folder_in_bucket_task manual__2023-06-14T11:37:09.023440+00:00 [queued]>
[2023-06-14T11:37:29.178+0000] {taskinstance.py:1282} INFO - 
--------------------------------------------------------------------------------
[2023-06-14T11:37:29.180+0000] {taskinstance.py:1283} INFO - Starting attempt 1 of 2
[2023-06-14T11:37:29.180+0000] {taskinstance.py:1284} INFO - 
--------------------------------------------------------------------------------
[2023-06-14T11:37:29.213+0000] {taskinstance.py:1303} INFO - Executing <Task(PythonOperator): create_folder_in_bucket_task> on 2023-06-14 11:37:09.023440+00:00
[2023-06-14T11:37:29.231+0000] {standard_task_runner.py:55} INFO - Started process 11891 to run task
[2023-06-14T11:37:29.235+0000] {standard_task_runner.py:82} INFO - Running: ['***', 'tasks', 'run', 'data_ingestion_gcs_dag', 'create_folder_in_bucket_task', 'manual__2023-06-14T11:37:09.023440+00:00', '--job-id', '146', '--raw', '--subdir', 'DAGS_FOLDER/data_ingestion_gcs_dag.py', '--cfg-path', '/tmp/tmpmlrsl7q7']
[2023-06-14T11:37:29.248+0000] {standard_task_runner.py:83} INFO - Job 146: Subtask create_folder_in_bucket_task
[2023-06-14T11:37:29.403+0000] {task_command.py:388} INFO - Running <TaskInstance: data_ingestion_gcs_dag.create_folder_in_bucket_task manual__2023-06-14T11:37:09.023440+00:00 [running]> on host 2adc0c380f97
[2023-06-14T11:37:29.625+0000] {taskinstance.py:1511} INFO - Exporting the following env vars:
AIRFLOW_CTX_DAG_OWNER=***
AIRFLOW_CTX_DAG_ID=data_ingestion_gcs_dag
AIRFLOW_CTX_TASK_ID=create_folder_in_bucket_task
AIRFLOW_CTX_EXECUTION_DATE=2023-06-14T11:37:09.023440+00:00
AIRFLOW_CTX_TRY_NUMBER=1
AIRFLOW_CTX_DAG_RUN_ID=manual__2023-06-14T11:37:09.023440+00:00
[2023-06-14T11:37:31.793+0000] {python.py:177} INFO - Done. Returned value was: None
[2023-06-14T11:37:31.835+0000] {taskinstance.py:1326} INFO - Marking task as SUCCESS. dag_id=data_ingestion_gcs_dag, task_id=create_folder_in_bucket_task, execution_date=20230614T113709, start_date=20230614T113729, end_date=20230614T113731
[2023-06-14T11:37:31.915+0000] {local_task_job.py:212} INFO - Task exited with return code 0
[2023-06-14T11:37:31.993+0000] {taskinstance.py:2585} INFO - 1 downstream tasks scheduled from follow-on schedule check
