[2023-06-15T02:22:18.858+0000] {taskinstance.py:1084} INFO - Dependencies all met for dep_context=non-requeueable deps ti=<TaskInstance: data_ingestion_gcs_dag.download_dataset_task manual__2023-06-15T02:20:21.535894+00:00 [queued]>
[2023-06-15T02:22:18.876+0000] {taskinstance.py:1084} INFO - Dependencies all met for dep_context=requeueable deps ti=<TaskInstance: data_ingestion_gcs_dag.download_dataset_task manual__2023-06-15T02:20:21.535894+00:00 [queued]>
[2023-06-15T02:22:18.877+0000] {taskinstance.py:1282} INFO - 
--------------------------------------------------------------------------------
[2023-06-15T02:22:18.878+0000] {taskinstance.py:1283} INFO - Starting attempt 1 of 2
[2023-06-15T02:22:18.879+0000] {taskinstance.py:1284} INFO - 
--------------------------------------------------------------------------------
[2023-06-15T02:22:18.906+0000] {taskinstance.py:1303} INFO - Executing <Task(BashOperator): download_dataset_task> on 2023-06-15 02:20:21.535894+00:00
[2023-06-15T02:22:18.942+0000] {standard_task_runner.py:55} INFO - Started process 12049 to run task
[2023-06-15T02:22:19.050+0000] {standard_task_runner.py:82} INFO - Running: ['***', 'tasks', 'run', 'data_ingestion_gcs_dag', 'download_dataset_task', 'manual__2023-06-15T02:20:21.535894+00:00', '--job-id', '251', '--raw', '--subdir', 'DAGS_FOLDER/data_ingestion_gcs_dag.py', '--cfg-path', '/tmp/tmp0y58kjpk']
[2023-06-15T02:22:19.058+0000] {standard_task_runner.py:83} INFO - Job 251: Subtask download_dataset_task
[2023-06-15T02:22:19.495+0000] {task_command.py:388} INFO - Running <TaskInstance: data_ingestion_gcs_dag.download_dataset_task manual__2023-06-15T02:20:21.535894+00:00 [running]> on host 570ce802d94a
[2023-06-15T02:22:19.647+0000] {taskinstance.py:1511} INFO - Exporting the following env vars:
AIRFLOW_CTX_DAG_OWNER=***
AIRFLOW_CTX_DAG_ID=data_ingestion_gcs_dag
AIRFLOW_CTX_TASK_ID=download_dataset_task
AIRFLOW_CTX_EXECUTION_DATE=2023-06-15T02:20:21.535894+00:00
AIRFLOW_CTX_TRY_NUMBER=1
AIRFLOW_CTX_DAG_RUN_ID=manual__2023-06-15T02:20:21.535894+00:00
[2023-06-15T02:22:19.681+0000] {subprocess.py:63} INFO - Tmp dir root location: 
 /tmp
[2023-06-15T02:22:19.699+0000] {subprocess.py:75} INFO - Running command: ['/bin/bash', '-c', 'kaggle datasets download -d sherrytp/airline-delay-analysis -p /opt/***/airline-delay-analysis && unzip -o /opt/***/airline-delay-analysis/airline-delay-analysis.zip -d /opt/***/airline-delay-analysis']
[2023-06-15T02:22:19.773+0000] {subprocess.py:86} INFO - Output:
[2023-06-15T02:22:21.694+0000] {subprocess.py:93} INFO - airline-delay-analysis.zip: Skipping, found more recently modified local copy (use --force to force download)
[2023-06-15T02:22:21.894+0000] {subprocess.py:93} INFO - Archive:  /opt/***/airline-delay-analysis/airline-delay-analysis.zip
[2023-06-15T02:22:27.499+0000] {subprocess.py:93} INFO -   inflating: /opt/***/airline-delay-analysis/airline delay analysis/20.csv
[2023-06-15T02:22:52.137+0000] {subprocess.py:93} INFO -   inflating: /opt/***/airline-delay-analysis/airline delay analysis/2009.csv
[2023-06-15T02:23:13.797+0000] {subprocess.py:93} INFO -   inflating: /opt/***/airline-delay-analysis/airline delay analysis/2010.csv
[2023-06-15T02:23:24.763+0000] {subprocess.py:93} INFO -   inflating: /opt/***/airline-delay-analysis/airline delay analysis/2011.csv
[2023-06-15T02:23:33.786+0000] {subprocess.py:93} INFO -   inflating: /opt/***/airline-delay-analysis/airline delay analysis/2012.csv
[2023-06-15T02:23:42.561+0000] {subprocess.py:93} INFO -   inflating: /opt/***/airline-delay-analysis/airline delay analysis/2013.csv
[2023-06-15T02:23:53.131+0000] {subprocess.py:93} INFO -   inflating: /opt/***/airline-delay-analysis/airline delay analysis/2014.csv
[2023-06-15T02:24:02.207+0000] {subprocess.py:93} INFO -   inflating: /opt/***/airline-delay-analysis/airline delay analysis/2015.csv
[2023-06-15T02:24:09.197+0000] {subprocess.py:93} INFO -   inflating: /opt/***/airline-delay-analysis/airline delay analysis/2016.csv
[2023-06-15T02:24:17.980+0000] {subprocess.py:93} INFO -   inflating: /opt/***/airline-delay-analysis/airline delay analysis/2017.csv
[2023-06-15T02:24:26.868+0000] {subprocess.py:93} INFO -   inflating: /opt/***/airline-delay-analysis/airline delay analysis/2018.csv
[2023-06-15T02:24:37.267+0000] {subprocess.py:93} INFO -   inflating: /opt/***/airline-delay-analysis/airline delay analysis/2019.csv
[2023-06-15T02:24:37.309+0000] {subprocess.py:97} INFO - Command exited with return code 0
[2023-06-15T02:24:38.110+0000] {taskinstance.py:1326} INFO - Marking task as SUCCESS. dag_id=data_ingestion_gcs_dag, task_id=download_dataset_task, execution_date=20230615T022021, start_date=20230615T022218, end_date=20230615T022438
[2023-06-15T02:24:38.403+0000] {local_task_job.py:212} INFO - Task exited with return code 0
[2023-06-15T02:24:38.632+0000] {dagrun.py:697} ERROR - Failed to get task for ti <TaskInstance: data_ingestion_gcs_dag.format_to_parquet_task manual__2023-06-15T02:20:21.535894+00:00 [None]>. Marking it as removed.
[2023-06-15T02:24:38.777+0000] {dagrun.py:697} ERROR - Failed to get task for ti <TaskInstance: data_ingestion_gcs_dag.bigquery_external_table_task manual__2023-06-15T02:20:21.535894+00:00 [failed]>. Marking it as removed.
[2023-06-15T02:24:38.784+0000] {taskinstance.py:2585} INFO - 0 downstream tasks scheduled from follow-on schedule check
