[2023-06-13T18:52:56.068+0000] {taskinstance.py:1084} INFO - Dependencies all met for dep_context=non-requeueable deps ti=<TaskInstance: data_ingestion_gcs_dag.download_dataset_task manual__2023-06-13T18:52:48.907763+00:00 [queued]>
[2023-06-13T18:52:56.082+0000] {taskinstance.py:1084} INFO - Dependencies all met for dep_context=requeueable deps ti=<TaskInstance: data_ingestion_gcs_dag.download_dataset_task manual__2023-06-13T18:52:48.907763+00:00 [queued]>
[2023-06-13T18:52:56.083+0000] {taskinstance.py:1282} INFO - 
--------------------------------------------------------------------------------
[2023-06-13T18:52:56.084+0000] {taskinstance.py:1283} INFO - Starting attempt 1 of 2
[2023-06-13T18:52:56.084+0000] {taskinstance.py:1284} INFO - 
--------------------------------------------------------------------------------
[2023-06-13T18:52:56.104+0000] {taskinstance.py:1303} INFO - Executing <Task(BashOperator): download_dataset_task> on 2023-06-13 18:52:48.907763+00:00
[2023-06-13T18:52:56.115+0000] {standard_task_runner.py:55} INFO - Started process 4261 to run task
[2023-06-13T18:52:56.119+0000] {standard_task_runner.py:82} INFO - Running: ['***', 'tasks', 'run', 'data_ingestion_gcs_dag', 'download_dataset_task', 'manual__2023-06-13T18:52:48.907763+00:00', '--job-id', '55', '--raw', '--subdir', 'DAGS_FOLDER/data_ingestion_gcs_dag.py', '--cfg-path', '/tmp/tmp5kdihqzr']
[2023-06-13T18:52:56.121+0000] {standard_task_runner.py:83} INFO - Job 55: Subtask download_dataset_task
[2023-06-13T18:52:56.201+0000] {task_command.py:388} INFO - Running <TaskInstance: data_ingestion_gcs_dag.download_dataset_task manual__2023-06-13T18:52:48.907763+00:00 [running]> on host 2adc0c380f97
[2023-06-13T18:52:56.287+0000] {taskinstance.py:1511} INFO - Exporting the following env vars:
AIRFLOW_CTX_DAG_OWNER=***
AIRFLOW_CTX_DAG_ID=data_ingestion_gcs_dag
AIRFLOW_CTX_TASK_ID=download_dataset_task
AIRFLOW_CTX_EXECUTION_DATE=2023-06-13T18:52:48.907763+00:00
AIRFLOW_CTX_TRY_NUMBER=1
AIRFLOW_CTX_DAG_RUN_ID=manual__2023-06-13T18:52:48.907763+00:00
[2023-06-13T18:52:56.289+0000] {subprocess.py:63} INFO - Tmp dir root location: 
 /tmp
[2023-06-13T18:52:56.293+0000] {subprocess.py:75} INFO - Running command: ['/bin/bash', '-c', 'kaggle datasets download -d sherrytp/airline-delay-analysis -p /opt/***/airline-delay-analysis']
[2023-06-13T18:52:56.321+0000] {subprocess.py:86} INFO - Output:
[2023-06-13T18:52:58.504+0000] {subprocess.py:93} INFO - airline-delay-analysis.zip: Skipping, found more recently modified local copy (use --force to force download)
[2023-06-13T18:52:58.751+0000] {subprocess.py:97} INFO - Command exited with return code 0
[2023-06-13T18:52:58.806+0000] {taskinstance.py:1326} INFO - Marking task as SUCCESS. dag_id=data_ingestion_gcs_dag, task_id=download_dataset_task, execution_date=20230613T185248, start_date=20230613T185256, end_date=20230613T185258
[2023-06-13T18:52:58.847+0000] {local_task_job.py:212} INFO - Task exited with return code 0
[2023-06-13T18:52:58.900+0000] {taskinstance.py:2585} INFO - 1 downstream tasks scheduled from follow-on schedule check
