[2023-06-15T01:41:10.395+0000] {taskinstance.py:1084} INFO - Dependencies all met for dep_context=non-requeueable deps ti=<TaskInstance: data_ingestion_gcs_dag.download_kaggle_dataset_task manual__2023-06-15T01:41:05.925774+00:00 [queued]>
[2023-06-15T01:41:10.410+0000] {taskinstance.py:1084} INFO - Dependencies all met for dep_context=requeueable deps ti=<TaskInstance: data_ingestion_gcs_dag.download_kaggle_dataset_task manual__2023-06-15T01:41:05.925774+00:00 [queued]>
[2023-06-15T01:41:10.412+0000] {taskinstance.py:1282} INFO - 
--------------------------------------------------------------------------------
[2023-06-15T01:41:10.413+0000] {taskinstance.py:1283} INFO - Starting attempt 1 of 2
[2023-06-15T01:41:10.414+0000] {taskinstance.py:1284} INFO - 
--------------------------------------------------------------------------------
[2023-06-15T01:41:10.436+0000] {taskinstance.py:1303} INFO - Executing <Task(PythonOperator): download_kaggle_dataset_task> on 2023-06-15 01:41:05.925774+00:00
[2023-06-15T01:41:10.448+0000] {standard_task_runner.py:55} INFO - Started process 9558 to run task
[2023-06-15T01:41:10.452+0000] {standard_task_runner.py:82} INFO - Running: ['***', 'tasks', 'run', 'data_ingestion_gcs_dag', 'download_kaggle_dataset_task', 'manual__2023-06-15T01:41:05.925774+00:00', '--job-id', '236', '--raw', '--subdir', 'DAGS_FOLDER/data_ingestion_gcs_dag.py', '--cfg-path', '/tmp/tmpwsb6o76l']
[2023-06-15T01:41:10.454+0000] {standard_task_runner.py:83} INFO - Job 236: Subtask download_kaggle_dataset_task
[2023-06-15T01:41:10.536+0000] {task_command.py:388} INFO - Running <TaskInstance: data_ingestion_gcs_dag.download_kaggle_dataset_task manual__2023-06-15T01:41:05.925774+00:00 [running]> on host 570ce802d94a
[2023-06-15T01:41:10.624+0000] {taskinstance.py:1511} INFO - Exporting the following env vars:
AIRFLOW_CTX_DAG_OWNER=***
AIRFLOW_CTX_DAG_ID=data_ingestion_gcs_dag
AIRFLOW_CTX_TASK_ID=download_kaggle_dataset_task
AIRFLOW_CTX_EXECUTION_DATE=2023-06-15T01:41:05.925774+00:00
AIRFLOW_CTX_TRY_NUMBER=1
AIRFLOW_CTX_DAG_RUN_ID=manual__2023-06-15T01:41:05.925774+00:00
[2023-06-15T01:41:11.648+0000] {data_ingestion_gcs_dag.py:27} INFO - Downloaded and unzipped sherrytp/airline-delay-analysis dataset to /opt/***
[2023-06-15T01:41:11.650+0000] {data_ingestion_gcs_dag.py:30} INFO - File in the directory: logs
[2023-06-15T01:41:11.651+0000] {data_ingestion_gcs_dag.py:30} INFO - File in the directory: dags
[2023-06-15T01:41:11.653+0000] {data_ingestion_gcs_dag.py:30} INFO - File in the directory: ***-worker.pid
[2023-06-15T01:41:11.654+0000] {data_ingestion_gcs_dag.py:30} INFO - File in the directory: webserver_config.py
[2023-06-15T01:41:11.655+0000] {data_ingestion_gcs_dag.py:30} INFO - File in the directory: airline-delay-analysis.zip
[2023-06-15T01:41:11.657+0000] {data_ingestion_gcs_dag.py:30} INFO - File in the directory: airline-delay-analysis
[2023-06-15T01:41:11.658+0000] {data_ingestion_gcs_dag.py:30} INFO - File in the directory: airline delay analysis
[2023-06-15T01:41:11.659+0000] {data_ingestion_gcs_dag.py:30} INFO - File in the directory: plugins
[2023-06-15T01:41:11.661+0000] {data_ingestion_gcs_dag.py:30} INFO - File in the directory: ***.cfg
[2023-06-15T01:41:11.662+0000] {data_ingestion_gcs_dag.py:30} INFO - File in the directory: requirements.txt
[2023-06-15T01:41:11.668+0000] {python.py:177} INFO - Done. Returned value was: None
[2023-06-15T01:41:11.697+0000] {taskinstance.py:1326} INFO - Marking task as SUCCESS. dag_id=data_ingestion_gcs_dag, task_id=download_kaggle_dataset_task, execution_date=20230615T014105, start_date=20230615T014110, end_date=20230615T014111
[2023-06-15T01:41:11.753+0000] {local_task_job.py:212} INFO - Task exited with return code 0
[2023-06-15T01:41:11.836+0000] {taskinstance.py:2585} INFO - 1 downstream tasks scheduled from follow-on schedule check
