[2023-06-15T17:39:53.088+0000] {taskinstance.py:1084} INFO - Dependencies all met for dep_context=non-requeueable deps ti=<TaskInstance: data_ingestion_gcs_dag.download_dataset_task manual__2023-06-15T17:39:37.297695+00:00 [queued]>
[2023-06-15T17:39:53.131+0000] {taskinstance.py:1084} INFO - Dependencies all met for dep_context=requeueable deps ti=<TaskInstance: data_ingestion_gcs_dag.download_dataset_task manual__2023-06-15T17:39:37.297695+00:00 [queued]>
[2023-06-15T17:39:53.132+0000] {taskinstance.py:1282} INFO - 
--------------------------------------------------------------------------------
[2023-06-15T17:39:53.133+0000] {taskinstance.py:1283} INFO - Starting attempt 1 of 2
[2023-06-15T17:39:53.135+0000] {taskinstance.py:1284} INFO - 
--------------------------------------------------------------------------------
[2023-06-15T17:39:53.189+0000] {taskinstance.py:1303} INFO - Executing <Task(BashOperator): download_dataset_task> on 2023-06-15 17:39:37.297695+00:00
[2023-06-15T17:39:53.239+0000] {standard_task_runner.py:55} INFO - Started process 1232 to run task
[2023-06-15T17:39:53.326+0000] {standard_task_runner.py:82} INFO - Running: ['***', 'tasks', 'run', 'data_ingestion_gcs_dag', 'download_dataset_task', 'manual__2023-06-15T17:39:37.297695+00:00', '--job-id', '462', '--raw', '--subdir', 'DAGS_FOLDER/data_ingestion_gcs_dag.py', '--cfg-path', '/tmp/tmpra_eb3ti']
[2023-06-15T17:39:53.335+0000] {standard_task_runner.py:83} INFO - Job 462: Subtask download_dataset_task
[2023-06-15T17:39:53.553+0000] {task_command.py:388} INFO - Running <TaskInstance: data_ingestion_gcs_dag.download_dataset_task manual__2023-06-15T17:39:37.297695+00:00 [running]> on host 658b05ff6f1a
[2023-06-15T17:39:54.021+0000] {taskinstance.py:1511} INFO - Exporting the following env vars:
AIRFLOW_CTX_DAG_OWNER=***
AIRFLOW_CTX_DAG_ID=data_ingestion_gcs_dag
AIRFLOW_CTX_TASK_ID=download_dataset_task
AIRFLOW_CTX_EXECUTION_DATE=2023-06-15T17:39:37.297695+00:00
AIRFLOW_CTX_TRY_NUMBER=1
AIRFLOW_CTX_DAG_RUN_ID=manual__2023-06-15T17:39:37.297695+00:00
[2023-06-15T17:39:54.061+0000] {subprocess.py:63} INFO - Tmp dir root location: 
 /tmp
[2023-06-15T17:39:54.127+0000] {subprocess.py:75} INFO - Running command: ['/bin/bash', '-c', '\n        cd /opt/*** &&\n        if [ ! -d direct-messaging ]; then\n            mkdir direct-messaging &&\n            cd direct-messaging &&\n            kaggle datasets download -d mkechinov/direct-messaging --force &&\n            unzip direct-messaging.zip && \n            rm direct-messaging.zip\n        fi\n        ']
[2023-06-15T17:39:54.351+0000] {subprocess.py:86} INFO - Output:
[2023-06-15T17:39:54.404+0000] {subprocess.py:97} INFO - Command exited with return code 0
[2023-06-15T17:39:54.611+0000] {taskinstance.py:1326} INFO - Marking task as SUCCESS. dag_id=data_ingestion_gcs_dag, task_id=download_dataset_task, execution_date=20230615T173937, start_date=20230615T173953, end_date=20230615T173954
[2023-06-15T17:39:54.752+0000] {local_task_job.py:212} INFO - Task exited with return code 0
[2023-06-15T17:39:54.910+0000] {taskinstance.py:2585} INFO - 1 downstream tasks scheduled from follow-on schedule check
