[2023-06-16T00:37:19.283+0000] {taskinstance.py:1084} INFO - Dependencies all met for dep_context=non-requeueable deps ti=<TaskInstance: data_ingestion_gcs_dag.format_to_parquet_task manual__2023-06-16T00:37:04.447780+00:00 [queued]>
[2023-06-16T00:37:19.295+0000] {taskinstance.py:1084} INFO - Dependencies all met for dep_context=requeueable deps ti=<TaskInstance: data_ingestion_gcs_dag.format_to_parquet_task manual__2023-06-16T00:37:04.447780+00:00 [queued]>
[2023-06-16T00:37:19.297+0000] {taskinstance.py:1282} INFO - 
--------------------------------------------------------------------------------
[2023-06-16T00:37:19.301+0000] {taskinstance.py:1283} INFO - Starting attempt 1 of 2
[2023-06-16T00:37:19.302+0000] {taskinstance.py:1284} INFO - 
--------------------------------------------------------------------------------
[2023-06-16T00:37:19.358+0000] {taskinstance.py:1303} INFO - Executing <Task(PythonOperator): format_to_parquet_task> on 2023-06-16 00:37:04.447780+00:00
[2023-06-16T00:37:19.366+0000] {standard_task_runner.py:55} INFO - Started process 382 to run task
[2023-06-16T00:37:19.369+0000] {standard_task_runner.py:82} INFO - Running: ['***', 'tasks', 'run', 'data_ingestion_gcs_dag', 'format_to_parquet_task', 'manual__2023-06-16T00:37:04.447780+00:00', '--job-id', '503', '--raw', '--subdir', 'DAGS_FOLDER/data_ingestion_gcs_dag.py', '--cfg-path', '/tmp/tmp6seumx1i']
[2023-06-16T00:37:19.372+0000] {standard_task_runner.py:83} INFO - Job 503: Subtask format_to_parquet_task
[2023-06-16T00:37:19.492+0000] {task_command.py:388} INFO - Running <TaskInstance: data_ingestion_gcs_dag.format_to_parquet_task manual__2023-06-16T00:37:04.447780+00:00 [running]> on host 2a315e4d94ac
[2023-06-16T00:37:19.657+0000] {taskinstance.py:1511} INFO - Exporting the following env vars:
AIRFLOW_CTX_DAG_OWNER=***
AIRFLOW_CTX_DAG_ID=data_ingestion_gcs_dag
AIRFLOW_CTX_TASK_ID=format_to_parquet_task
AIRFLOW_CTX_EXECUTION_DATE=2023-06-16T00:37:04.447780+00:00
AIRFLOW_CTX_TRY_NUMBER=1
AIRFLOW_CTX_DAG_RUN_ID=manual__2023-06-16T00:37:04.447780+00:00
[2023-06-16T00:37:19.660+0000] {python.py:177} INFO - Done. Returned value was: None
[2023-06-16T00:37:19.676+0000] {taskinstance.py:1326} INFO - Marking task as SUCCESS. dag_id=data_ingestion_gcs_dag, task_id=format_to_parquet_task, execution_date=20230616T003704, start_date=20230616T003719, end_date=20230616T003719
[2023-06-16T00:37:19.744+0000] {local_task_job.py:212} INFO - Task exited with return code 0
[2023-06-16T00:37:19.774+0000] {taskinstance.py:2585} INFO - 1 downstream tasks scheduled from follow-on schedule check
