[2023-06-15T11:26:07.760+0000] {taskinstance.py:1084} INFO - Dependencies all met for dep_context=non-requeueable deps ti=<TaskInstance: data_ingestion_gcs_dag.download_dataset_task manual__2023-06-15T11:25:55.135790+00:00 [queued]>
[2023-06-15T11:26:07.774+0000] {taskinstance.py:1084} INFO - Dependencies all met for dep_context=requeueable deps ti=<TaskInstance: data_ingestion_gcs_dag.download_dataset_task manual__2023-06-15T11:25:55.135790+00:00 [queued]>
[2023-06-15T11:26:07.776+0000] {taskinstance.py:1282} INFO - 
--------------------------------------------------------------------------------
[2023-06-15T11:26:07.777+0000] {taskinstance.py:1283} INFO - Starting attempt 1 of 2
[2023-06-15T11:26:07.778+0000] {taskinstance.py:1284} INFO - 
--------------------------------------------------------------------------------
[2023-06-15T11:26:07.797+0000] {taskinstance.py:1303} INFO - Executing <Task(BashOperator): download_dataset_task> on 2023-06-15 11:25:55.135790+00:00
[2023-06-15T11:26:07.817+0000] {standard_task_runner.py:55} INFO - Started process 15432 to run task
[2023-06-15T11:26:07.820+0000] {standard_task_runner.py:82} INFO - Running: ['***', 'tasks', 'run', 'data_ingestion_gcs_dag', 'download_dataset_task', 'manual__2023-06-15T11:25:55.135790+00:00', '--job-id', '375', '--raw', '--subdir', 'DAGS_FOLDER/data_ingestion_gcs_dag.py', '--cfg-path', '/tmp/tmpqs13vf9k']
[2023-06-15T11:26:07.822+0000] {standard_task_runner.py:83} INFO - Job 375: Subtask download_dataset_task
[2023-06-15T11:26:07.921+0000] {task_command.py:388} INFO - Running <TaskInstance: data_ingestion_gcs_dag.download_dataset_task manual__2023-06-15T11:25:55.135790+00:00 [running]> on host 658b05ff6f1a
[2023-06-15T11:26:08.044+0000] {taskinstance.py:1511} INFO - Exporting the following env vars:
AIRFLOW_CTX_DAG_OWNER=***
AIRFLOW_CTX_DAG_ID=data_ingestion_gcs_dag
AIRFLOW_CTX_TASK_ID=download_dataset_task
AIRFLOW_CTX_EXECUTION_DATE=2023-06-15T11:25:55.135790+00:00
AIRFLOW_CTX_TRY_NUMBER=1
AIRFLOW_CTX_DAG_RUN_ID=manual__2023-06-15T11:25:55.135790+00:00
[2023-06-15T11:26:08.047+0000] {subprocess.py:63} INFO - Tmp dir root location: 
 /tmp
[2023-06-15T11:26:08.062+0000] {subprocess.py:75} INFO - Running command: ['/bin/bash', '-c', 'kaggle datasets download -d arnabchaki/data-science-salaries-2023 -p /opt/***']
[2023-06-15T11:26:08.090+0000] {subprocess.py:86} INFO - Output:
[2023-06-15T11:26:09.678+0000] {subprocess.py:93} INFO - Downloading data-science-salaries-2023.zip to /opt/***
[2023-06-15T11:26:09.690+0000] {subprocess.py:93} INFO -   0%|          | 0.00/25.4k [00:00<?, ?B/s]100%|██████████| 25.4k/25.4k [00:00<00:00, 2.20MB/s]
[2023-06-15T11:26:09.692+0000] {subprocess.py:93} INFO - 
[2023-06-15T11:26:09.865+0000] {subprocess.py:97} INFO - Command exited with return code 0
[2023-06-15T11:26:09.900+0000] {taskinstance.py:1326} INFO - Marking task as SUCCESS. dag_id=data_ingestion_gcs_dag, task_id=download_dataset_task, execution_date=20230615T112555, start_date=20230615T112607, end_date=20230615T112609
[2023-06-15T11:26:09.963+0000] {local_task_job.py:212} INFO - Task exited with return code 0
[2023-06-15T11:26:10.005+0000] {taskinstance.py:2585} INFO - 1 downstream tasks scheduled from follow-on schedule check
