[2023-06-15T04:10:57.732+0000] {taskinstance.py:1084} INFO - Dependencies all met for dep_context=non-requeueable deps ti=<TaskInstance: data_ingestion_gcs_dag.format_to_parquet_task manual__2023-06-15T04:03:18.639865+00:00 [queued]>
[2023-06-15T04:10:57.751+0000] {taskinstance.py:1084} INFO - Dependencies all met for dep_context=requeueable deps ti=<TaskInstance: data_ingestion_gcs_dag.format_to_parquet_task manual__2023-06-15T04:03:18.639865+00:00 [queued]>
[2023-06-15T04:10:57.752+0000] {taskinstance.py:1282} INFO - 
--------------------------------------------------------------------------------
[2023-06-15T04:10:57.753+0000] {taskinstance.py:1283} INFO - Starting attempt 1 of 2
[2023-06-15T04:10:57.754+0000] {taskinstance.py:1284} INFO - 
--------------------------------------------------------------------------------
[2023-06-15T04:10:57.778+0000] {taskinstance.py:1303} INFO - Executing <Task(PythonOperator): format_to_parquet_task> on 2023-06-15 04:03:18.639865+00:00
[2023-06-15T04:10:57.790+0000] {standard_task_runner.py:55} INFO - Started process 3600 to run task
[2023-06-15T04:10:57.794+0000] {standard_task_runner.py:82} INFO - Running: ['***', 'tasks', 'run', 'data_ingestion_gcs_dag', 'format_to_parquet_task', 'manual__2023-06-15T04:03:18.639865+00:00', '--job-id', '278', '--raw', '--subdir', 'DAGS_FOLDER/data_ingestion_kaggle2.py', '--cfg-path', '/tmp/tmpsk2rurs5']
[2023-06-15T04:10:57.795+0000] {standard_task_runner.py:83} INFO - Job 278: Subtask format_to_parquet_task
[2023-06-15T04:10:57.885+0000] {task_command.py:388} INFO - Running <TaskInstance: data_ingestion_gcs_dag.format_to_parquet_task manual__2023-06-15T04:03:18.639865+00:00 [running]> on host 7e4a92a12ba6
[2023-06-15T04:10:57.995+0000] {taskinstance.py:1511} INFO - Exporting the following env vars:
AIRFLOW_CTX_DAG_OWNER=***
AIRFLOW_CTX_DAG_ID=data_ingestion_gcs_dag
AIRFLOW_CTX_TASK_ID=format_to_parquet_task
AIRFLOW_CTX_EXECUTION_DATE=2023-06-15T04:03:18.639865+00:00
AIRFLOW_CTX_TRY_NUMBER=1
AIRFLOW_CTX_DAG_RUN_ID=manual__2023-06-15T04:03:18.639865+00:00
[2023-06-15T04:10:57.999+0000] {data_ingestion_kaggle2.py:45} ERROR - Can only accept source files in CSV format, for the moment
[2023-06-15T04:10:58.000+0000] {python.py:177} INFO - Done. Returned value was: None
[2023-06-15T04:10:58.014+0000] {taskinstance.py:1326} INFO - Marking task as SUCCESS. dag_id=data_ingestion_gcs_dag, task_id=format_to_parquet_task, execution_date=20230615T040318, start_date=20230615T041057, end_date=20230615T041058
[2023-06-15T04:10:58.046+0000] {local_task_job.py:212} INFO - Task exited with return code 0
[2023-06-15T04:10:58.086+0000] {taskinstance.py:2585} INFO - 1 downstream tasks scheduled from follow-on schedule check
