[2023-06-15T11:26:12.243+0000] {taskinstance.py:1084} INFO - Dependencies all met for dep_context=non-requeueable deps ti=<TaskInstance: data_ingestion_gcs_dag.local_to_gcs_task manual__2023-06-15T11:25:55.135790+00:00 [queued]>
[2023-06-15T11:26:12.257+0000] {taskinstance.py:1084} INFO - Dependencies all met for dep_context=requeueable deps ti=<TaskInstance: data_ingestion_gcs_dag.local_to_gcs_task manual__2023-06-15T11:25:55.135790+00:00 [queued]>
[2023-06-15T11:26:12.258+0000] {taskinstance.py:1282} INFO - 
--------------------------------------------------------------------------------
[2023-06-15T11:26:12.259+0000] {taskinstance.py:1283} INFO - Starting attempt 1 of 2
[2023-06-15T11:26:12.260+0000] {taskinstance.py:1284} INFO - 
--------------------------------------------------------------------------------
[2023-06-15T11:26:12.278+0000] {taskinstance.py:1303} INFO - Executing <Task(PythonOperator): local_to_gcs_task> on 2023-06-15 11:25:55.135790+00:00
[2023-06-15T11:26:12.288+0000] {standard_task_runner.py:55} INFO - Started process 15453 to run task
[2023-06-15T11:26:12.292+0000] {standard_task_runner.py:82} INFO - Running: ['***', 'tasks', 'run', 'data_ingestion_gcs_dag', 'local_to_gcs_task', 'manual__2023-06-15T11:25:55.135790+00:00', '--job-id', '376', '--raw', '--subdir', 'DAGS_FOLDER/data_ingestion_gcs_dag.py', '--cfg-path', '/tmp/tmp0gje7iyb']
[2023-06-15T11:26:12.295+0000] {standard_task_runner.py:83} INFO - Job 376: Subtask local_to_gcs_task
[2023-06-15T11:26:12.377+0000] {task_command.py:388} INFO - Running <TaskInstance: data_ingestion_gcs_dag.local_to_gcs_task manual__2023-06-15T11:25:55.135790+00:00 [running]> on host 658b05ff6f1a
[2023-06-15T11:26:12.469+0000] {taskinstance.py:1511} INFO - Exporting the following env vars:
AIRFLOW_CTX_DAG_OWNER=***
AIRFLOW_CTX_DAG_ID=data_ingestion_gcs_dag
AIRFLOW_CTX_TASK_ID=local_to_gcs_task
AIRFLOW_CTX_EXECUTION_DATE=2023-06-15T11:25:55.135790+00:00
AIRFLOW_CTX_TRY_NUMBER=1
AIRFLOW_CTX_DAG_RUN_ID=manual__2023-06-15T11:25:55.135790+00:00
[2023-06-15T11:26:12.595+0000] {taskinstance.py:1775} ERROR - Task failed with exception
Traceback (most recent call last):
  File "/home/airflow/.local/lib/python3.7/site-packages/airflow/operators/python.py", line 175, in execute
    return_value = self.execute_callable()
  File "/home/airflow/.local/lib/python3.7/site-packages/airflow/operators/python.py", line 192, in execute_callable
    return self.python_callable(*self.op_args, **self.op_kwargs)
  File "/opt/airflow/dags/data_ingestion_gcs_dag.py", line 51, in upload_to_gcs
    blob.upload_from_filename(local_file)
  File "/home/airflow/.local/lib/python3.7/site-packages/google/cloud/storage/blob.py", line 2681, in upload_from_filename
    with open(filename, "rb") as file_obj:
IsADirectoryError: [Errno 21] Is a directory: '/opt/airflow/'
[2023-06-15T11:26:12.629+0000] {taskinstance.py:1326} INFO - Marking task as UP_FOR_RETRY. dag_id=data_ingestion_gcs_dag, task_id=local_to_gcs_task, execution_date=20230615T112555, start_date=20230615T112612, end_date=20230615T112612
[2023-06-15T11:26:12.673+0000] {standard_task_runner.py:105} ERROR - Failed to execute job 376 for task local_to_gcs_task ([Errno 21] Is a directory: '/opt/airflow/'; 15453)
[2023-06-15T11:26:12.705+0000] {local_task_job.py:212} INFO - Task exited with return code 1
[2023-06-15T11:26:12.745+0000] {taskinstance.py:2585} INFO - 0 downstream tasks scheduled from follow-on schedule check
