[2023-06-15T02:35:09.947+0000] {taskinstance.py:1084} INFO - Dependencies all met for dep_context=non-requeueable deps ti=<TaskInstance: data_ingestion_gcs_dag.download_dataset_task manual__2023-06-15T02:23:07.501177+00:00 [queued]>
[2023-06-15T02:35:09.966+0000] {taskinstance.py:1084} INFO - Dependencies all met for dep_context=requeueable deps ti=<TaskInstance: data_ingestion_gcs_dag.download_dataset_task manual__2023-06-15T02:23:07.501177+00:00 [queued]>
[2023-06-15T02:35:09.967+0000] {taskinstance.py:1282} INFO - 
--------------------------------------------------------------------------------
[2023-06-15T02:35:09.968+0000] {taskinstance.py:1283} INFO - Starting attempt 2 of 2
[2023-06-15T02:35:09.969+0000] {taskinstance.py:1284} INFO - 
--------------------------------------------------------------------------------
[2023-06-15T02:35:10.000+0000] {taskinstance.py:1303} INFO - Executing <Task(PythonOperator): download_dataset_task> on 2023-06-15 02:23:07.501177+00:00
[2023-06-15T02:35:10.019+0000] {standard_task_runner.py:55} INFO - Started process 12733 to run task
[2023-06-15T02:35:10.026+0000] {standard_task_runner.py:82} INFO - Running: ['***', 'tasks', 'run', 'data_ingestion_gcs_dag', 'download_dataset_task', 'manual__2023-06-15T02:23:07.501177+00:00', '--job-id', '258', '--raw', '--subdir', 'DAGS_FOLDER/data_ingestion_gcs_dag.py', '--cfg-path', '/tmp/tmpy8ofm99f']
[2023-06-15T02:35:10.028+0000] {standard_task_runner.py:83} INFO - Job 258: Subtask download_dataset_task
[2023-06-15T02:35:10.144+0000] {task_command.py:388} INFO - Running <TaskInstance: data_ingestion_gcs_dag.download_dataset_task manual__2023-06-15T02:23:07.501177+00:00 [running]> on host 570ce802d94a
[2023-06-15T02:35:10.271+0000] {taskinstance.py:1511} INFO - Exporting the following env vars:
AIRFLOW_CTX_DAG_OWNER=***
AIRFLOW_CTX_DAG_ID=data_ingestion_gcs_dag
AIRFLOW_CTX_TASK_ID=download_dataset_task
AIRFLOW_CTX_EXECUTION_DATE=2023-06-15T02:23:07.501177+00:00
AIRFLOW_CTX_TRY_NUMBER=2
AIRFLOW_CTX_DAG_RUN_ID=manual__2023-06-15T02:23:07.501177+00:00
[2023-06-15T02:35:11.453+0000] {python.py:177} INFO - Done. Returned value was: None
[2023-06-15T02:35:11.486+0000] {taskinstance.py:1326} INFO - Marking task as SUCCESS. dag_id=data_ingestion_gcs_dag, task_id=download_dataset_task, execution_date=20230615T022307, start_date=20230615T023509, end_date=20230615T023511
[2023-06-15T02:35:11.573+0000] {local_task_job.py:212} INFO - Task exited with return code 0
[2023-06-15T02:35:11.625+0000] {taskinstance.py:2585} INFO - 1 downstream tasks scheduled from follow-on schedule check
