[2023-06-15T07:58:42.515+0000] {taskinstance.py:1084} INFO - Dependencies all met for dep_context=non-requeueable deps ti=<TaskInstance: data_ingestion_gcs_dag.format_to_parquet_task manual__2023-06-15T07:58:35.108136+00:00 [queued]>
[2023-06-15T07:58:42.534+0000] {taskinstance.py:1084} INFO - Dependencies all met for dep_context=requeueable deps ti=<TaskInstance: data_ingestion_gcs_dag.format_to_parquet_task manual__2023-06-15T07:58:35.108136+00:00 [queued]>
[2023-06-15T07:58:42.535+0000] {taskinstance.py:1282} INFO - 
--------------------------------------------------------------------------------
[2023-06-15T07:58:42.537+0000] {taskinstance.py:1283} INFO - Starting attempt 1 of 2
[2023-06-15T07:58:42.538+0000] {taskinstance.py:1284} INFO - 
--------------------------------------------------------------------------------
[2023-06-15T07:58:42.573+0000] {taskinstance.py:1303} INFO - Executing <Task(PythonOperator): format_to_parquet_task> on 2023-06-15 07:58:35.108136+00:00
[2023-06-15T07:58:42.589+0000] {standard_task_runner.py:55} INFO - Started process 7818 to run task
[2023-06-15T07:58:42.592+0000] {standard_task_runner.py:82} INFO - Running: ['***', 'tasks', 'run', 'data_ingestion_gcs_dag', 'format_to_parquet_task', 'manual__2023-06-15T07:58:35.108136+00:00', '--job-id', '344', '--raw', '--subdir', 'DAGS_FOLDER/data_ingestion_gcs_dag.py', '--cfg-path', '/tmp/tmp_5iqqkpo']
[2023-06-15T07:58:42.596+0000] {standard_task_runner.py:83} INFO - Job 344: Subtask format_to_parquet_task
[2023-06-15T07:58:42.715+0000] {task_command.py:388} INFO - Running <TaskInstance: data_ingestion_gcs_dag.format_to_parquet_task manual__2023-06-15T07:58:35.108136+00:00 [running]> on host 658b05ff6f1a
[2023-06-15T07:58:42.845+0000] {taskinstance.py:1511} INFO - Exporting the following env vars:
AIRFLOW_CTX_DAG_OWNER=***
AIRFLOW_CTX_DAG_ID=data_ingestion_gcs_dag
AIRFLOW_CTX_TASK_ID=format_to_parquet_task
AIRFLOW_CTX_EXECUTION_DATE=2023-06-15T07:58:35.108136+00:00
AIRFLOW_CTX_TRY_NUMBER=1
AIRFLOW_CTX_DAG_RUN_ID=manual__2023-06-15T07:58:35.108136+00:00
[2023-06-15T07:58:42.849+0000] {data_ingestion_gcs_dag.py:26} ERROR - Can only accept source files in CSV format, for the moment
[2023-06-15T07:58:42.850+0000] {python.py:177} INFO - Done. Returned value was: None
[2023-06-15T07:58:42.867+0000] {taskinstance.py:1326} INFO - Marking task as SUCCESS. dag_id=data_ingestion_gcs_dag, task_id=format_to_parquet_task, execution_date=20230615T075835, start_date=20230615T075842, end_date=20230615T075842
[2023-06-15T07:58:42.930+0000] {local_task_job.py:212} INFO - Task exited with return code 0
[2023-06-15T07:58:42.982+0000] {taskinstance.py:2585} INFO - 1 downstream tasks scheduled from follow-on schedule check
