[2023-06-15T04:08:41.789+0000] {taskinstance.py:1084} INFO - Dependencies all met for dep_context=non-requeueable deps ti=<TaskInstance: data_ingestion_gcs_dag.download_dataset_task manual__2023-06-15T04:03:18.639865+00:00 [queued]>
[2023-06-15T04:08:41.811+0000] {taskinstance.py:1084} INFO - Dependencies all met for dep_context=requeueable deps ti=<TaskInstance: data_ingestion_gcs_dag.download_dataset_task manual__2023-06-15T04:03:18.639865+00:00 [queued]>
[2023-06-15T04:08:41.812+0000] {taskinstance.py:1282} INFO - 
--------------------------------------------------------------------------------
[2023-06-15T04:08:41.814+0000] {taskinstance.py:1283} INFO - Starting attempt 2 of 2
[2023-06-15T04:08:41.815+0000] {taskinstance.py:1284} INFO - 
--------------------------------------------------------------------------------
[2023-06-15T04:08:41.842+0000] {taskinstance.py:1303} INFO - Executing <Task(BashOperator): download_dataset_task> on 2023-06-15 04:03:18.639865+00:00
[2023-06-15T04:08:41.866+0000] {standard_task_runner.py:55} INFO - Started process 3482 to run task
[2023-06-15T04:08:41.871+0000] {standard_task_runner.py:82} INFO - Running: ['***', 'tasks', 'run', 'data_ingestion_gcs_dag', 'download_dataset_task', 'manual__2023-06-15T04:03:18.639865+00:00', '--job-id', '277', '--raw', '--subdir', 'DAGS_FOLDER/data_ingestion_gcs_dag.py', '--cfg-path', '/tmp/tmpwqqmx6qu']
[2023-06-15T04:08:41.874+0000] {standard_task_runner.py:83} INFO - Job 277: Subtask download_dataset_task
[2023-06-15T04:08:41.981+0000] {task_command.py:388} INFO - Running <TaskInstance: data_ingestion_gcs_dag.download_dataset_task manual__2023-06-15T04:03:18.639865+00:00 [running]> on host 7e4a92a12ba6
[2023-06-15T04:08:42.133+0000] {taskinstance.py:1511} INFO - Exporting the following env vars:
AIRFLOW_CTX_DAG_OWNER=***
AIRFLOW_CTX_DAG_ID=data_ingestion_gcs_dag
AIRFLOW_CTX_TASK_ID=download_dataset_task
AIRFLOW_CTX_EXECUTION_DATE=2023-06-15T04:03:18.639865+00:00
AIRFLOW_CTX_TRY_NUMBER=2
AIRFLOW_CTX_DAG_RUN_ID=manual__2023-06-15T04:03:18.639865+00:00
[2023-06-15T04:08:42.136+0000] {subprocess.py:63} INFO - Tmp dir root location: 
 /tmp
[2023-06-15T04:08:42.151+0000] {subprocess.py:75} INFO - Running command: ['/bin/bash', '-c', 'kaggle datasets download -d sherrytp/airline-delay-analysis -p /opt/***/airline-delay-analysis && unzip -o /opt/***/airline-delay-analysis/airline-delay-analysis.zip -d /opt/***/airline-delay-analysis']
[2023-06-15T04:08:42.174+0000] {subprocess.py:86} INFO - Output:
[2023-06-15T04:08:43.536+0000] {subprocess.py:93} INFO - airline-delay-analysis.zip: Skipping, found more recently modified local copy (use --force to force download)
[2023-06-15T04:08:43.752+0000] {subprocess.py:93} INFO - Archive:  /opt/***/airline-delay-analysis/airline-delay-analysis.zip
[2023-06-15T04:08:49.304+0000] {subprocess.py:93} INFO -   inflating: /opt/***/airline-delay-analysis/airline delay analysis/20.csv
[2023-06-15T04:09:10.446+0000] {subprocess.py:93} INFO -   inflating: /opt/***/airline-delay-analysis/airline delay analysis/2009.csv
[2023-06-15T04:09:23.024+0000] {subprocess.py:93} INFO -   inflating: /opt/***/airline-delay-analysis/airline delay analysis/2010.csv
[2023-06-15T04:09:34.357+0000] {subprocess.py:93} INFO -   inflating: /opt/***/airline-delay-analysis/airline delay analysis/2011.csv
[2023-06-15T04:09:44.139+0000] {subprocess.py:93} INFO -   inflating: /opt/***/airline-delay-analysis/airline delay analysis/2012.csv
[2023-06-15T04:09:55.006+0000] {subprocess.py:93} INFO -   inflating: /opt/***/airline-delay-analysis/airline delay analysis/2013.csv
[2023-06-15T04:10:02.803+0000] {subprocess.py:93} INFO -   inflating: /opt/***/airline-delay-analysis/airline delay analysis/2014.csv
[2023-06-15T04:10:09.680+0000] {subprocess.py:93} INFO -   inflating: /opt/***/airline-delay-analysis/airline delay analysis/2015.csv
[2023-06-15T04:10:17.353+0000] {subprocess.py:93} INFO -   inflating: /opt/***/airline-delay-analysis/airline delay analysis/2016.csv
[2023-06-15T04:10:23.882+0000] {subprocess.py:93} INFO -   inflating: /opt/***/airline-delay-analysis/airline delay analysis/2017.csv
[2023-06-15T04:10:34.173+0000] {subprocess.py:93} INFO -   inflating: /opt/***/airline-delay-analysis/airline delay analysis/2018.csv
[2023-06-15T04:10:41.419+0000] {subprocess.py:93} INFO -   inflating: /opt/***/airline-delay-analysis/airline delay analysis/2019.csv
[2023-06-15T04:10:41.534+0000] {subprocess.py:97} INFO - Command exited with return code 0
[2023-06-15T04:10:42.314+0000] {taskinstance.py:1326} INFO - Marking task as SUCCESS. dag_id=data_ingestion_gcs_dag, task_id=download_dataset_task, execution_date=20230615T040318, start_date=20230615T040841, end_date=20230615T041042
[2023-06-15T04:10:42.641+0000] {local_task_job.py:212} INFO - Task exited with return code 0
[2023-06-15T04:10:42.888+0000] {dagrun.py:697} ERROR - Failed to get task for ti <TaskInstance: data_ingestion_gcs_dag.bigquery_external_table_task manual__2023-06-15T04:03:18.639865+00:00 [None]>. Marking it as removed.
[2023-06-15T04:10:43.028+0000] {taskinstance.py:2585} INFO - 0 downstream tasks scheduled from follow-on schedule check
