[2023-06-15T04:29:23.507+0000] {taskinstance.py:1084} INFO - Dependencies all met for dep_context=non-requeueable deps ti=<TaskInstance: data_ingestion_gcs_dag.local_to_gcs_task manual__2023-06-15T04:19:11.809448+00:00 [queued]>
[2023-06-15T04:29:23.526+0000] {taskinstance.py:1084} INFO - Dependencies all met for dep_context=requeueable deps ti=<TaskInstance: data_ingestion_gcs_dag.local_to_gcs_task manual__2023-06-15T04:19:11.809448+00:00 [queued]>
[2023-06-15T04:29:23.527+0000] {taskinstance.py:1282} INFO - 
--------------------------------------------------------------------------------
[2023-06-15T04:29:23.532+0000] {taskinstance.py:1283} INFO - Starting attempt 1 of 2
[2023-06-15T04:29:23.533+0000] {taskinstance.py:1284} INFO - 
--------------------------------------------------------------------------------
[2023-06-15T04:29:23.570+0000] {taskinstance.py:1303} INFO - Executing <Task(PythonOperator): local_to_gcs_task> on 2023-06-15 04:19:11.809448+00:00
[2023-06-15T04:29:23.580+0000] {standard_task_runner.py:55} INFO - Started process 4622 to run task
[2023-06-15T04:29:23.584+0000] {standard_task_runner.py:82} INFO - Running: ['***', 'tasks', 'run', 'data_ingestion_gcs_dag', 'local_to_gcs_task', 'manual__2023-06-15T04:19:11.809448+00:00', '--job-id', '291', '--raw', '--subdir', 'DAGS_FOLDER/data_ingestion_kaggle2.py', '--cfg-path', '/tmp/tmp7nc07tfu']
[2023-06-15T04:29:23.585+0000] {standard_task_runner.py:83} INFO - Job 291: Subtask local_to_gcs_task
[2023-06-15T04:29:23.732+0000] {task_command.py:388} INFO - Running <TaskInstance: data_ingestion_gcs_dag.local_to_gcs_task manual__2023-06-15T04:19:11.809448+00:00 [running]> on host 7e4a92a12ba6
[2023-06-15T04:29:23.845+0000] {taskinstance.py:1511} INFO - Exporting the following env vars:
AIRFLOW_CTX_DAG_OWNER=***
AIRFLOW_CTX_DAG_ID=data_ingestion_gcs_dag
AIRFLOW_CTX_TASK_ID=local_to_gcs_task
AIRFLOW_CTX_EXECUTION_DATE=2023-06-15T04:19:11.809448+00:00
AIRFLOW_CTX_TRY_NUMBER=1
AIRFLOW_CTX_DAG_RUN_ID=manual__2023-06-15T04:19:11.809448+00:00
[2023-06-15T04:29:23.986+0000] {python.py:177} INFO - Done. Returned value was: None
[2023-06-15T04:29:24.005+0000] {taskinstance.py:1326} INFO - Marking task as SUCCESS. dag_id=data_ingestion_gcs_dag, task_id=local_to_gcs_task, execution_date=20230615T041911, start_date=20230615T042923, end_date=20230615T042924
[2023-06-15T04:29:24.081+0000] {local_task_job.py:212} INFO - Task exited with return code 0
[2023-06-15T04:29:24.112+0000] {taskinstance.py:2585} INFO - 1 downstream tasks scheduled from follow-on schedule check
