[2023-06-15T01:33:54.975+0000] {taskinstance.py:1084} INFO - Dependencies all met for dep_context=non-requeueable deps ti=<TaskInstance: data_ingestion_gcs_dag.local_to_gcs_task manual__2023-06-15T01:33:39.978862+00:00 [queued]>
[2023-06-15T01:33:54.994+0000] {taskinstance.py:1084} INFO - Dependencies all met for dep_context=requeueable deps ti=<TaskInstance: data_ingestion_gcs_dag.local_to_gcs_task manual__2023-06-15T01:33:39.978862+00:00 [queued]>
[2023-06-15T01:33:54.995+0000] {taskinstance.py:1282} INFO - 
--------------------------------------------------------------------------------
[2023-06-15T01:33:54.996+0000] {taskinstance.py:1283} INFO - Starting attempt 1 of 2
[2023-06-15T01:33:54.997+0000] {taskinstance.py:1284} INFO - 
--------------------------------------------------------------------------------
[2023-06-15T01:33:55.023+0000] {taskinstance.py:1303} INFO - Executing <Task(PythonOperator): local_to_gcs_task> on 2023-06-15 01:33:39.978862+00:00
[2023-06-15T01:33:55.040+0000] {standard_task_runner.py:55} INFO - Started process 9027 to run task
[2023-06-15T01:33:55.044+0000] {standard_task_runner.py:82} INFO - Running: ['***', 'tasks', 'run', 'data_ingestion_gcs_dag', 'local_to_gcs_task', 'manual__2023-06-15T01:33:39.978862+00:00', '--job-id', '230', '--raw', '--subdir', 'DAGS_FOLDER/data_ingestion_gcs_dag.py', '--cfg-path', '/tmp/tmpql3lzbju']
[2023-06-15T01:33:55.046+0000] {standard_task_runner.py:83} INFO - Job 230: Subtask local_to_gcs_task
[2023-06-15T01:33:55.150+0000] {task_command.py:388} INFO - Running <TaskInstance: data_ingestion_gcs_dag.local_to_gcs_task manual__2023-06-15T01:33:39.978862+00:00 [running]> on host 570ce802d94a
[2023-06-15T01:33:55.272+0000] {taskinstance.py:1511} INFO - Exporting the following env vars:
AIRFLOW_CTX_DAG_OWNER=***
AIRFLOW_CTX_DAG_ID=data_ingestion_gcs_dag
AIRFLOW_CTX_TASK_ID=local_to_gcs_task
AIRFLOW_CTX_EXECUTION_DATE=2023-06-15T01:33:39.978862+00:00
AIRFLOW_CTX_TRY_NUMBER=1
AIRFLOW_CTX_DAG_RUN_ID=manual__2023-06-15T01:33:39.978862+00:00
[2023-06-15T01:33:55.962+0000] {python.py:177} INFO - Done. Returned value was: None
[2023-06-15T01:33:55.982+0000] {taskinstance.py:1326} INFO - Marking task as SUCCESS. dag_id=data_ingestion_gcs_dag, task_id=local_to_gcs_task, execution_date=20230615T013339, start_date=20230615T013354, end_date=20230615T013355
[2023-06-15T01:33:56.020+0000] {local_task_job.py:212} INFO - Task exited with return code 0
[2023-06-15T01:33:56.057+0000] {taskinstance.py:2585} INFO - 1 downstream tasks scheduled from follow-on schedule check
