[2023-06-15T11:34:40.779+0000] {taskinstance.py:1084} INFO - Dependencies all met for dep_context=non-requeueable deps ti=<TaskInstance: data_ingestion_gcs_dag.unzip_task manual__2023-06-15T11:34:26.368125+00:00 [queued]>
[2023-06-15T11:34:40.811+0000] {taskinstance.py:1084} INFO - Dependencies all met for dep_context=requeueable deps ti=<TaskInstance: data_ingestion_gcs_dag.unzip_task manual__2023-06-15T11:34:26.368125+00:00 [queued]>
[2023-06-15T11:34:40.811+0000] {taskinstance.py:1282} INFO - 
--------------------------------------------------------------------------------
[2023-06-15T11:34:40.813+0000] {taskinstance.py:1283} INFO - Starting attempt 1 of 2
[2023-06-15T11:34:40.814+0000] {taskinstance.py:1284} INFO - 
--------------------------------------------------------------------------------
[2023-06-15T11:34:40.842+0000] {taskinstance.py:1303} INFO - Executing <Task(BashOperator): unzip_task> on 2023-06-15 11:34:26.368125+00:00
[2023-06-15T11:34:40.862+0000] {standard_task_runner.py:55} INFO - Started process 15956 to run task
[2023-06-15T11:34:40.870+0000] {standard_task_runner.py:82} INFO - Running: ['***', 'tasks', 'run', 'data_ingestion_gcs_dag', 'unzip_task', 'manual__2023-06-15T11:34:26.368125+00:00', '--job-id', '383', '--raw', '--subdir', 'DAGS_FOLDER/data_ingestion_gcs_dag.py', '--cfg-path', '/tmp/tmpxzkhe8w_']
[2023-06-15T11:34:40.873+0000] {standard_task_runner.py:83} INFO - Job 383: Subtask unzip_task
[2023-06-15T11:34:41.052+0000] {task_command.py:388} INFO - Running <TaskInstance: data_ingestion_gcs_dag.unzip_task manual__2023-06-15T11:34:26.368125+00:00 [running]> on host 658b05ff6f1a
[2023-06-15T11:34:41.323+0000] {taskinstance.py:1511} INFO - Exporting the following env vars:
AIRFLOW_CTX_DAG_OWNER=***
AIRFLOW_CTX_DAG_ID=data_ingestion_gcs_dag
AIRFLOW_CTX_TASK_ID=unzip_task
AIRFLOW_CTX_EXECUTION_DATE=2023-06-15T11:34:26.368125+00:00
AIRFLOW_CTX_TRY_NUMBER=1
AIRFLOW_CTX_DAG_RUN_ID=manual__2023-06-15T11:34:26.368125+00:00
[2023-06-15T11:34:41.330+0000] {subprocess.py:63} INFO - Tmp dir root location: 
 /tmp
[2023-06-15T11:34:41.354+0000] {subprocess.py:75} INFO - Running command: ['/bin/bash', '-c', 'unzip -o /opt/***/data-science-salaries-2023.zip -d /opt/***/']
[2023-06-15T11:34:41.434+0000] {subprocess.py:86} INFO - Output:
[2023-06-15T11:34:41.481+0000] {subprocess.py:93} INFO - Archive:  /opt/***/data-science-salaries-2023.zip
[2023-06-15T11:34:41.484+0000] {subprocess.py:93} INFO -   inflating: /opt/***/ds_salaries.csv
[2023-06-15T11:34:41.486+0000] {subprocess.py:97} INFO - Command exited with return code 0
[2023-06-15T11:34:41.534+0000] {taskinstance.py:1326} INFO - Marking task as SUCCESS. dag_id=data_ingestion_gcs_dag, task_id=unzip_task, execution_date=20230615T113426, start_date=20230615T113440, end_date=20230615T113441
[2023-06-15T11:34:41.624+0000] {local_task_job.py:212} INFO - Task exited with return code 0
[2023-06-15T11:34:41.658+0000] {taskinstance.py:2585} INFO - 0 downstream tasks scheduled from follow-on schedule check
