[2023-06-15T07:45:03.104+0000] {taskinstance.py:1084} INFO - Dependencies all met for dep_context=non-requeueable deps ti=<TaskInstance: data_ingestion_gcs_dag.download_dataset_task manual__2023-06-15T07:44:59.613645+00:00 [queued]>
[2023-06-15T07:45:03.128+0000] {taskinstance.py:1084} INFO - Dependencies all met for dep_context=requeueable deps ti=<TaskInstance: data_ingestion_gcs_dag.download_dataset_task manual__2023-06-15T07:44:59.613645+00:00 [queued]>
[2023-06-15T07:45:03.129+0000] {taskinstance.py:1282} INFO - 
--------------------------------------------------------------------------------
[2023-06-15T07:45:03.131+0000] {taskinstance.py:1283} INFO - Starting attempt 1 of 2
[2023-06-15T07:45:03.131+0000] {taskinstance.py:1284} INFO - 
--------------------------------------------------------------------------------
[2023-06-15T07:45:03.162+0000] {taskinstance.py:1303} INFO - Executing <Task(PythonOperator): download_dataset_task> on 2023-06-15 07:44:59.613645+00:00
[2023-06-15T07:45:03.177+0000] {standard_task_runner.py:55} INFO - Started process 7010 to run task
[2023-06-15T07:45:03.180+0000] {standard_task_runner.py:82} INFO - Running: ['***', 'tasks', 'run', 'data_ingestion_gcs_dag', 'download_dataset_task', 'manual__2023-06-15T07:44:59.613645+00:00', '--job-id', '330', '--raw', '--subdir', 'DAGS_FOLDER/data_ingestion_gcs_dag.py', '--cfg-path', '/tmp/tmp9eaepk0p']
[2023-06-15T07:45:03.184+0000] {standard_task_runner.py:83} INFO - Job 330: Subtask download_dataset_task
[2023-06-15T07:45:03.343+0000] {task_command.py:388} INFO - Running <TaskInstance: data_ingestion_gcs_dag.download_dataset_task manual__2023-06-15T07:44:59.613645+00:00 [running]> on host 658b05ff6f1a
[2023-06-15T07:45:03.502+0000] {taskinstance.py:1511} INFO - Exporting the following env vars:
AIRFLOW_CTX_DAG_OWNER=***
AIRFLOW_CTX_DAG_ID=data_ingestion_gcs_dag
AIRFLOW_CTX_TASK_ID=download_dataset_task
AIRFLOW_CTX_EXECUTION_DATE=2023-06-15T07:44:59.613645+00:00
AIRFLOW_CTX_TRY_NUMBER=1
AIRFLOW_CTX_DAG_RUN_ID=manual__2023-06-15T07:44:59.613645+00:00
[2023-06-15T07:45:03.508+0000] {data_ingestion_gcs_dag.py:68} INFO - File already exists, skipping download.
[2023-06-15T07:45:03.509+0000] {python.py:177} INFO - Done. Returned value was: None
[2023-06-15T07:45:03.523+0000] {taskinstance.py:1326} INFO - Marking task as SUCCESS. dag_id=data_ingestion_gcs_dag, task_id=download_dataset_task, execution_date=20230615T074459, start_date=20230615T074503, end_date=20230615T074503
[2023-06-15T07:45:03.563+0000] {local_task_job.py:212} INFO - Task exited with return code 0
[2023-06-15T07:45:03.604+0000] {taskinstance.py:2585} INFO - 1 downstream tasks scheduled from follow-on schedule check
