[2023-06-15T01:23:10.924+0000] {taskinstance.py:1084} INFO - Dependencies all met for dep_context=non-requeueable deps ti=<TaskInstance: data_ingestion_gcs_dag.format_to_parquet_task manual__2023-06-15T01:22:54.571162+00:00 [queued]>
[2023-06-15T01:23:10.939+0000] {taskinstance.py:1084} INFO - Dependencies all met for dep_context=requeueable deps ti=<TaskInstance: data_ingestion_gcs_dag.format_to_parquet_task manual__2023-06-15T01:22:54.571162+00:00 [queued]>
[2023-06-15T01:23:10.940+0000] {taskinstance.py:1282} INFO - 
--------------------------------------------------------------------------------
[2023-06-15T01:23:10.942+0000] {taskinstance.py:1283} INFO - Starting attempt 1 of 2
[2023-06-15T01:23:10.942+0000] {taskinstance.py:1284} INFO - 
--------------------------------------------------------------------------------
[2023-06-15T01:23:10.966+0000] {taskinstance.py:1303} INFO - Executing <Task(PythonOperator): format_to_parquet_task> on 2023-06-15 01:22:54.571162+00:00
[2023-06-15T01:23:10.976+0000] {standard_task_runner.py:55} INFO - Started process 8147 to run task
[2023-06-15T01:23:10.980+0000] {standard_task_runner.py:82} INFO - Running: ['***', 'tasks', 'run', 'data_ingestion_gcs_dag', 'format_to_parquet_task', 'manual__2023-06-15T01:22:54.571162+00:00', '--job-id', '216', '--raw', '--subdir', 'DAGS_FOLDER/data_ingestion_gcs_dag.py', '--cfg-path', '/tmp/tmp7qhpx3z0']
[2023-06-15T01:23:10.982+0000] {standard_task_runner.py:83} INFO - Job 216: Subtask format_to_parquet_task
[2023-06-15T01:23:11.075+0000] {task_command.py:388} INFO - Running <TaskInstance: data_ingestion_gcs_dag.format_to_parquet_task manual__2023-06-15T01:22:54.571162+00:00 [running]> on host 570ce802d94a
[2023-06-15T01:23:11.188+0000] {taskinstance.py:1511} INFO - Exporting the following env vars:
AIRFLOW_CTX_DAG_OWNER=***
AIRFLOW_CTX_DAG_ID=data_ingestion_gcs_dag
AIRFLOW_CTX_TASK_ID=format_to_parquet_task
AIRFLOW_CTX_EXECUTION_DATE=2023-06-15T01:22:54.571162+00:00
AIRFLOW_CTX_TRY_NUMBER=1
AIRFLOW_CTX_DAG_RUN_ID=manual__2023-06-15T01:22:54.571162+00:00
[2023-06-15T01:23:11.190+0000] {python.py:177} INFO - Done. Returned value was: None
[2023-06-15T01:23:11.206+0000] {taskinstance.py:1326} INFO - Marking task as SUCCESS. dag_id=data_ingestion_gcs_dag, task_id=format_to_parquet_task, execution_date=20230615T012254, start_date=20230615T012310, end_date=20230615T012311
[2023-06-15T01:23:11.232+0000] {local_task_job.py:212} INFO - Task exited with return code 0
[2023-06-15T01:23:11.268+0000] {taskinstance.py:2585} INFO - 1 downstream tasks scheduled from follow-on schedule check
