[2023-06-15T03:31:44.566+0000] {taskinstance.py:1084} INFO - Dependencies all met for dep_context=non-requeueable deps ti=<TaskInstance: data_ingestion_gcs_dag.local_to_gcs_task manual__2023-06-15T03:08:05.587439+00:00 [queued]>
[2023-06-15T03:31:44.582+0000] {taskinstance.py:1084} INFO - Dependencies all met for dep_context=requeueable deps ti=<TaskInstance: data_ingestion_gcs_dag.local_to_gcs_task manual__2023-06-15T03:08:05.587439+00:00 [queued]>
[2023-06-15T03:31:44.583+0000] {taskinstance.py:1282} INFO - 
--------------------------------------------------------------------------------
[2023-06-15T03:31:44.584+0000] {taskinstance.py:1283} INFO - Starting attempt 1 of 2
[2023-06-15T03:31:44.585+0000] {taskinstance.py:1284} INFO - 
--------------------------------------------------------------------------------
[2023-06-15T03:31:44.609+0000] {taskinstance.py:1303} INFO - Executing <Task(PythonOperator): local_to_gcs_task> on 2023-06-15 03:08:05.587439+00:00
[2023-06-15T03:31:44.625+0000] {standard_task_runner.py:55} INFO - Started process 1483 to run task
[2023-06-15T03:31:44.628+0000] {standard_task_runner.py:82} INFO - Running: ['***', 'tasks', 'run', 'data_ingestion_gcs_dag', 'local_to_gcs_task', 'manual__2023-06-15T03:08:05.587439+00:00', '--job-id', '270', '--raw', '--subdir', 'DAGS_FOLDER/data_ingestion_kaggle2.py', '--cfg-path', '/tmp/tmp6bsj3xws']
[2023-06-15T03:31:44.629+0000] {standard_task_runner.py:83} INFO - Job 270: Subtask local_to_gcs_task
[2023-06-15T03:31:44.743+0000] {task_command.py:388} INFO - Running <TaskInstance: data_ingestion_gcs_dag.local_to_gcs_task manual__2023-06-15T03:08:05.587439+00:00 [running]> on host 7e4a92a12ba6
[2023-06-15T03:31:44.895+0000] {taskinstance.py:1511} INFO - Exporting the following env vars:
AIRFLOW_CTX_DAG_OWNER=***
AIRFLOW_CTX_DAG_ID=data_ingestion_gcs_dag
AIRFLOW_CTX_TASK_ID=local_to_gcs_task
AIRFLOW_CTX_EXECUTION_DATE=2023-06-15T03:08:05.587439+00:00
AIRFLOW_CTX_TRY_NUMBER=1
AIRFLOW_CTX_DAG_RUN_ID=manual__2023-06-15T03:08:05.587439+00:00
[2023-06-15T03:31:45.011+0000] {python.py:177} INFO - Done. Returned value was: None
[2023-06-15T03:31:45.038+0000] {taskinstance.py:1326} INFO - Marking task as SUCCESS. dag_id=data_ingestion_gcs_dag, task_id=local_to_gcs_task, execution_date=20230615T030805, start_date=20230615T033144, end_date=20230615T033145
[2023-06-15T03:31:45.082+0000] {local_task_job.py:212} INFO - Task exited with return code 0
[2023-06-15T03:31:45.121+0000] {taskinstance.py:2585} INFO - 1 downstream tasks scheduled from follow-on schedule check
