[2023-06-14T08:42:20.969+0000] {taskinstance.py:1084} INFO - Dependencies all met for dep_context=non-requeueable deps ti=<TaskInstance: data_ingestion_gcs_dag.download_dataset_task manual__2023-06-14T08:42:02.352140+00:00 [queued]>
[2023-06-14T08:42:20.988+0000] {taskinstance.py:1084} INFO - Dependencies all met for dep_context=requeueable deps ti=<TaskInstance: data_ingestion_gcs_dag.download_dataset_task manual__2023-06-14T08:42:02.352140+00:00 [queued]>
[2023-06-14T08:42:20.989+0000] {taskinstance.py:1282} INFO - 
--------------------------------------------------------------------------------
[2023-06-14T08:42:20.990+0000] {taskinstance.py:1283} INFO - Starting attempt 1 of 2
[2023-06-14T08:42:20.991+0000] {taskinstance.py:1284} INFO - 
--------------------------------------------------------------------------------
[2023-06-14T08:42:21.017+0000] {taskinstance.py:1303} INFO - Executing <Task(BashOperator): download_dataset_task> on 2023-06-14 08:42:02.352140+00:00
[2023-06-14T08:42:21.037+0000] {standard_task_runner.py:55} INFO - Started process 1989 to run task
[2023-06-14T08:42:21.041+0000] {standard_task_runner.py:82} INFO - Running: ['***', 'tasks', 'run', 'data_ingestion_gcs_dag', 'download_dataset_task', 'manual__2023-06-14T08:42:02.352140+00:00', '--job-id', '111', '--raw', '--subdir', 'DAGS_FOLDER/data_ingestion_gcs_dag.py', '--cfg-path', '/tmp/tmpa11q6b98']
[2023-06-14T08:42:21.042+0000] {standard_task_runner.py:83} INFO - Job 111: Subtask download_dataset_task
[2023-06-14T08:42:21.138+0000] {task_command.py:388} INFO - Running <TaskInstance: data_ingestion_gcs_dag.download_dataset_task manual__2023-06-14T08:42:02.352140+00:00 [running]> on host 2adc0c380f97
[2023-06-14T08:42:21.257+0000] {taskinstance.py:1511} INFO - Exporting the following env vars:
AIRFLOW_CTX_DAG_OWNER=***
AIRFLOW_CTX_DAG_ID=data_ingestion_gcs_dag
AIRFLOW_CTX_TASK_ID=download_dataset_task
AIRFLOW_CTX_EXECUTION_DATE=2023-06-14T08:42:02.352140+00:00
AIRFLOW_CTX_TRY_NUMBER=1
AIRFLOW_CTX_DAG_RUN_ID=manual__2023-06-14T08:42:02.352140+00:00
[2023-06-14T08:42:21.262+0000] {subprocess.py:63} INFO - Tmp dir root location: 
 /tmp
[2023-06-14T08:42:21.280+0000] {subprocess.py:75} INFO - Running command: ['/bin/bash', '-c', 'kaggle datasets download -d sherrytp/airline-delay-analysis -p /opt/***/airline-delay-analysis']
[2023-06-14T08:42:21.304+0000] {subprocess.py:86} INFO - Output:
[2023-06-14T08:42:23.342+0000] {subprocess.py:93} INFO - airline-delay-analysis.zip: Skipping, found more recently modified local copy (use --force to force download)
[2023-06-14T08:42:23.485+0000] {subprocess.py:97} INFO - Command exited with return code 0
[2023-06-14T08:42:23.564+0000] {taskinstance.py:1326} INFO - Marking task as SUCCESS. dag_id=data_ingestion_gcs_dag, task_id=download_dataset_task, execution_date=20230614T084202, start_date=20230614T084220, end_date=20230614T084223
[2023-06-14T08:42:23.665+0000] {local_task_job.py:212} INFO - Task exited with return code 0
[2023-06-14T08:42:23.769+0000] {taskinstance.py:2585} INFO - 1 downstream tasks scheduled from follow-on schedule check
