[2023-06-18T01:32:09.753+0000] {processor.py:153} INFO - Started process (PID=96) to work on /opt/airflow/dags/dag_ingestion_kaggle_zip.py
[2023-06-18T01:32:09.768+0000] {processor.py:743} INFO - Processing file /opt/airflow/dags/dag_ingestion_kaggle_zip.py for tasks to queue
[2023-06-18T01:32:09.773+0000] {logging_mixin.py:137} INFO - [2023-06-18T01:32:09.773+0000] {dagbag.py:532} INFO - Filling up the DagBag from /opt/airflow/dags/dag_ingestion_kaggle_zip.py
[2023-06-18T01:32:37.808+0000] {processor.py:753} INFO - DAG(s) dict_keys(['data_ingestion_gcs_dag']) retrieved from /opt/airflow/dags/dag_ingestion_kaggle_zip.py
[2023-06-18T01:32:38.317+0000] {logging_mixin.py:137} INFO - [2023-06-18T01:32:38.315+0000] {dag.py:2693} INFO - Sync 1 DAGs
[2023-06-18T01:32:38.659+0000] {logging_mixin.py:137} INFO - [2023-06-18T01:32:38.658+0000] {dag.py:3444} INFO - Setting next_dagrun for data_ingestion_gcs_dag to 2023-06-18T00:00:00+00:00, run_after=2023-06-19T00:00:00+00:00
[2023-06-18T01:32:39.035+0000] {processor.py:175} INFO - Processing /opt/airflow/dags/dag_ingestion_kaggle_zip.py took 29.489 seconds
[2023-06-18T01:33:11.170+0000] {processor.py:153} INFO - Started process (PID=133) to work on /opt/airflow/dags/dag_ingestion_kaggle_zip.py
[2023-06-18T01:33:11.179+0000] {processor.py:743} INFO - Processing file /opt/airflow/dags/dag_ingestion_kaggle_zip.py for tasks to queue
[2023-06-18T01:33:11.186+0000] {logging_mixin.py:137} INFO - [2023-06-18T01:33:11.185+0000] {dagbag.py:532} INFO - Filling up the DagBag from /opt/airflow/dags/dag_ingestion_kaggle_zip.py
[2023-06-18T01:33:23.578+0000] {processor.py:753} INFO - DAG(s) dict_keys(['data_ingestion_gcs_dag']) retrieved from /opt/airflow/dags/dag_ingestion_kaggle_zip.py
[2023-06-18T01:33:23.645+0000] {logging_mixin.py:137} INFO - [2023-06-18T01:33:23.645+0000] {dag.py:2693} INFO - Sync 1 DAGs
[2023-06-18T01:33:23.726+0000] {logging_mixin.py:137} INFO - [2023-06-18T01:33:23.725+0000] {dag.py:3444} INFO - Setting next_dagrun for data_ingestion_gcs_dag to 2023-06-18T00:00:00+00:00, run_after=2023-06-19T00:00:00+00:00
[2023-06-18T01:33:23.793+0000] {processor.py:175} INFO - Processing /opt/airflow/dags/dag_ingestion_kaggle_zip.py took 12.657 seconds
[2023-06-18T01:33:59.922+0000] {processor.py:153} INFO - Started process (PID=165) to work on /opt/airflow/dags/dag_ingestion_kaggle_zip.py
[2023-06-18T01:33:59.924+0000] {processor.py:743} INFO - Processing file /opt/airflow/dags/dag_ingestion_kaggle_zip.py for tasks to queue
[2023-06-18T01:33:59.926+0000] {logging_mixin.py:137} INFO - [2023-06-18T01:33:59.926+0000] {dagbag.py:532} INFO - Filling up the DagBag from /opt/airflow/dags/dag_ingestion_kaggle_zip.py
[2023-06-18T01:34:01.433+0000] {processor.py:753} INFO - DAG(s) dict_keys(['data_ingestion_gcs_dag']) retrieved from /opt/airflow/dags/dag_ingestion_kaggle_zip.py
[2023-06-18T01:34:01.532+0000] {logging_mixin.py:137} INFO - [2023-06-18T01:34:01.530+0000] {dag.py:2693} INFO - Sync 1 DAGs
[2023-06-18T01:34:01.595+0000] {logging_mixin.py:137} INFO - [2023-06-18T01:34:01.594+0000] {dag.py:3444} INFO - Setting next_dagrun for data_ingestion_gcs_dag to 2023-06-18T00:00:00+00:00, run_after=2023-06-19T00:00:00+00:00
[2023-06-18T01:34:01.705+0000] {processor.py:175} INFO - Processing /opt/airflow/dags/dag_ingestion_kaggle_zip.py took 1.797 seconds
[2023-06-18T01:34:51.935+0000] {processor.py:153} INFO - Started process (PID=207) to work on /opt/airflow/dags/dag_ingestion_kaggle_zip.py
[2023-06-18T01:34:51.941+0000] {processor.py:743} INFO - Processing file /opt/airflow/dags/dag_ingestion_kaggle_zip.py for tasks to queue
[2023-06-18T01:34:51.945+0000] {logging_mixin.py:137} INFO - [2023-06-18T01:34:51.945+0000] {dagbag.py:532} INFO - Filling up the DagBag from /opt/airflow/dags/dag_ingestion_kaggle_zip.py
[2023-06-18T01:34:56.937+0000] {processor.py:753} INFO - DAG(s) dict_keys(['data_ingestion_gcs_dag']) retrieved from /opt/airflow/dags/dag_ingestion_kaggle_zip.py
[2023-06-18T01:34:57.362+0000] {logging_mixin.py:137} INFO - [2023-06-18T01:34:57.361+0000] {dag.py:2693} INFO - Sync 1 DAGs
[2023-06-18T01:34:57.457+0000] {logging_mixin.py:137} INFO - [2023-06-18T01:34:57.457+0000] {dag.py:3444} INFO - Setting next_dagrun for data_ingestion_gcs_dag to 2023-06-18T00:00:00+00:00, run_after=2023-06-19T00:00:00+00:00
[2023-06-18T01:34:57.611+0000] {processor.py:175} INFO - Processing /opt/airflow/dags/dag_ingestion_kaggle_zip.py took 5.686 seconds
[2023-06-18T01:35:40.435+0000] {processor.py:153} INFO - Started process (PID=243) to work on /opt/airflow/dags/dag_ingestion_kaggle_zip.py
[2023-06-18T01:35:40.445+0000] {processor.py:743} INFO - Processing file /opt/airflow/dags/dag_ingestion_kaggle_zip.py for tasks to queue
[2023-06-18T01:35:40.459+0000] {logging_mixin.py:137} INFO - [2023-06-18T01:35:40.458+0000] {dagbag.py:532} INFO - Filling up the DagBag from /opt/airflow/dags/dag_ingestion_kaggle_zip.py
[2023-06-18T01:35:48.171+0000] {processor.py:753} INFO - DAG(s) dict_keys(['data_ingestion_gcs_dag']) retrieved from /opt/airflow/dags/dag_ingestion_kaggle_zip.py
[2023-06-18T01:35:48.287+0000] {logging_mixin.py:137} INFO - [2023-06-18T01:35:48.275+0000] {dag.py:2693} INFO - Sync 1 DAGs
[2023-06-18T01:35:48.731+0000] {logging_mixin.py:137} INFO - [2023-06-18T01:35:48.731+0000] {dag.py:3444} INFO - Setting next_dagrun for data_ingestion_gcs_dag to 2023-06-18T00:00:00+00:00, run_after=2023-06-19T00:00:00+00:00
[2023-06-18T01:35:48.864+0000] {processor.py:175} INFO - Processing /opt/airflow/dags/dag_ingestion_kaggle_zip.py took 8.489 seconds
[2023-06-18T01:36:43.284+0000] {processor.py:153} INFO - Started process (PID=284) to work on /opt/airflow/dags/dag_ingestion_kaggle_zip.py
[2023-06-18T01:36:43.336+0000] {processor.py:743} INFO - Processing file /opt/airflow/dags/dag_ingestion_kaggle_zip.py for tasks to queue
[2023-06-18T01:36:43.360+0000] {logging_mixin.py:137} INFO - [2023-06-18T01:36:43.359+0000] {dagbag.py:532} INFO - Filling up the DagBag from /opt/airflow/dags/dag_ingestion_kaggle_zip.py
[2023-06-18T01:36:51.085+0000] {processor.py:753} INFO - DAG(s) dict_keys(['data_ingestion_gcs_dag']) retrieved from /opt/airflow/dags/dag_ingestion_kaggle_zip.py
[2023-06-18T01:36:52.085+0000] {logging_mixin.py:137} INFO - [2023-06-18T01:36:52.084+0000] {dag.py:2693} INFO - Sync 1 DAGs
[2023-06-18T01:36:52.348+0000] {logging_mixin.py:137} INFO - [2023-06-18T01:36:52.347+0000] {dag.py:3444} INFO - Setting next_dagrun for data_ingestion_gcs_dag to 2023-06-18T00:00:00+00:00, run_after=2023-06-19T00:00:00+00:00
[2023-06-18T01:36:52.564+0000] {processor.py:175} INFO - Processing /opt/airflow/dags/dag_ingestion_kaggle_zip.py took 9.386 seconds
[2023-06-18T01:37:23.319+0000] {processor.py:153} INFO - Started process (PID=321) to work on /opt/airflow/dags/dag_ingestion_kaggle_zip.py
[2023-06-18T01:37:23.321+0000] {processor.py:743} INFO - Processing file /opt/airflow/dags/dag_ingestion_kaggle_zip.py for tasks to queue
[2023-06-18T01:37:23.323+0000] {logging_mixin.py:137} INFO - [2023-06-18T01:37:23.323+0000] {dagbag.py:532} INFO - Filling up the DagBag from /opt/airflow/dags/dag_ingestion_kaggle_zip.py
[2023-06-18T01:37:25.250+0000] {processor.py:753} INFO - DAG(s) dict_keys(['data_ingestion_gcs_dag']) retrieved from /opt/airflow/dags/dag_ingestion_kaggle_zip.py
[2023-06-18T01:37:25.306+0000] {logging_mixin.py:137} INFO - [2023-06-18T01:37:25.305+0000] {dag.py:2693} INFO - Sync 1 DAGs
[2023-06-18T01:37:25.386+0000] {logging_mixin.py:137} INFO - [2023-06-18T01:37:25.386+0000] {dag.py:3444} INFO - Setting next_dagrun for data_ingestion_gcs_dag to 2023-06-18T00:00:00+00:00, run_after=2023-06-19T00:00:00+00:00
[2023-06-18T01:37:25.510+0000] {processor.py:175} INFO - Processing /opt/airflow/dags/dag_ingestion_kaggle_zip.py took 2.195 seconds
[2023-06-18T01:38:27.550+0000] {processor.py:153} INFO - Started process (PID=361) to work on /opt/airflow/dags/dag_ingestion_kaggle_zip.py
[2023-06-18T01:38:27.571+0000] {processor.py:743} INFO - Processing file /opt/airflow/dags/dag_ingestion_kaggle_zip.py for tasks to queue
[2023-06-18T01:38:27.586+0000] {logging_mixin.py:137} INFO - [2023-06-18T01:38:27.583+0000] {dagbag.py:532} INFO - Filling up the DagBag from /opt/airflow/dags/dag_ingestion_kaggle_zip.py
[2023-06-18T01:38:49.085+0000] {processor.py:753} INFO - DAG(s) dict_keys(['data_ingestion_gcs_dag']) retrieved from /opt/airflow/dags/dag_ingestion_kaggle_zip.py
[2023-06-18T01:38:49.361+0000] {logging_mixin.py:137} INFO - [2023-06-18T01:38:49.354+0000] {dag.py:2693} INFO - Sync 1 DAGs
[2023-06-18T01:38:49.551+0000] {logging_mixin.py:137} INFO - [2023-06-18T01:38:49.550+0000] {dag.py:3444} INFO - Setting next_dagrun for data_ingestion_gcs_dag to 2023-06-18T00:00:00+00:00, run_after=2023-06-19T00:00:00+00:00
[2023-06-18T01:38:49.709+0000] {processor.py:175} INFO - Processing /opt/airflow/dags/dag_ingestion_kaggle_zip.py took 22.276 seconds
[2023-06-18T01:39:20.687+0000] {processor.py:153} INFO - Started process (PID=396) to work on /opt/airflow/dags/dag_ingestion_kaggle_zip.py
[2023-06-18T01:39:20.695+0000] {processor.py:743} INFO - Processing file /opt/airflow/dags/dag_ingestion_kaggle_zip.py for tasks to queue
[2023-06-18T01:39:20.726+0000] {logging_mixin.py:137} INFO - [2023-06-18T01:39:20.726+0000] {dagbag.py:532} INFO - Filling up the DagBag from /opt/airflow/dags/dag_ingestion_kaggle_zip.py
[2023-06-18T01:39:22.292+0000] {processor.py:753} INFO - DAG(s) dict_keys(['data_ingestion_gcs_dag']) retrieved from /opt/airflow/dags/dag_ingestion_kaggle_zip.py
[2023-06-18T01:39:22.382+0000] {logging_mixin.py:137} INFO - [2023-06-18T01:39:22.380+0000] {dag.py:2693} INFO - Sync 1 DAGs
[2023-06-18T01:39:22.452+0000] {logging_mixin.py:137} INFO - [2023-06-18T01:39:22.452+0000] {dag.py:3444} INFO - Setting next_dagrun for data_ingestion_gcs_dag to 2023-06-18T00:00:00+00:00, run_after=2023-06-19T00:00:00+00:00
[2023-06-18T01:39:22.502+0000] {processor.py:175} INFO - Processing /opt/airflow/dags/dag_ingestion_kaggle_zip.py took 1.875 seconds
[2023-06-18T01:40:00.749+0000] {processor.py:153} INFO - Started process (PID=432) to work on /opt/airflow/dags/dag_ingestion_kaggle_zip.py
[2023-06-18T01:40:00.762+0000] {processor.py:743} INFO - Processing file /opt/airflow/dags/dag_ingestion_kaggle_zip.py for tasks to queue
[2023-06-18T01:40:00.765+0000] {logging_mixin.py:137} INFO - [2023-06-18T01:40:00.764+0000] {dagbag.py:532} INFO - Filling up the DagBag from /opt/airflow/dags/dag_ingestion_kaggle_zip.py
[2023-06-18T01:40:03.253+0000] {processor.py:753} INFO - DAG(s) dict_keys(['data_ingestion_gcs_dag']) retrieved from /opt/airflow/dags/dag_ingestion_kaggle_zip.py
[2023-06-18T01:40:03.314+0000] {logging_mixin.py:137} INFO - [2023-06-18T01:40:03.306+0000] {dag.py:2693} INFO - Sync 1 DAGs
[2023-06-18T01:40:03.542+0000] {logging_mixin.py:137} INFO - [2023-06-18T01:40:03.541+0000] {dag.py:3444} INFO - Setting next_dagrun for data_ingestion_gcs_dag to 2023-06-18T00:00:00+00:00, run_after=2023-06-19T00:00:00+00:00
[2023-06-18T01:40:03.906+0000] {processor.py:175} INFO - Processing /opt/airflow/dags/dag_ingestion_kaggle_zip.py took 3.161 seconds
[2023-06-18T01:41:26.533+0000] {processor.py:153} INFO - Started process (PID=479) to work on /opt/airflow/dags/dag_ingestion_kaggle_zip.py
[2023-06-18T01:41:26.587+0000] {processor.py:743} INFO - Processing file /opt/airflow/dags/dag_ingestion_kaggle_zip.py for tasks to queue
[2023-06-18T01:41:26.723+0000] {logging_mixin.py:137} INFO - [2023-06-18T01:41:26.696+0000] {dagbag.py:532} INFO - Filling up the DagBag from /opt/airflow/dags/dag_ingestion_kaggle_zip.py
[2023-06-18T01:41:57.122+0000] {logging_mixin.py:137} INFO - [2023-06-18T01:41:57.114+0000] {timeout.py:68} ERROR - Process timed out, PID: 479
[2023-06-18T01:41:58.246+0000] {logging_mixin.py:137} INFO - [2023-06-18T01:41:57.134+0000] {dagbag.py:341} ERROR - Failed to import: /opt/airflow/dags/dag_ingestion_kaggle_zip.py
Traceback (most recent call last):
  File "/home/airflow/.local/lib/python3.7/site-packages/airflow/models/dagbag.py", line 337, in parse
    loader.exec_module(new_module)
  File "<frozen importlib._bootstrap_external>", line 728, in exec_module
  File "<frozen importlib._bootstrap>", line 219, in _call_with_frames_removed
  File "/opt/airflow/dags/dag_ingestion_kaggle_zip.py", line 10, in <module>
    from airflow.providers.google.cloud.operators.bigquery import BigQueryCreateExternalTableOperator
  File "/home/airflow/.local/lib/python3.7/site-packages/airflow/providers/google/cloud/operators/bigquery.py", line 29, in <module>
    from google.cloud.bigquery import DEFAULT_RETRY, CopyJob, ExtractJob, LoadJob, QueryJob
  File "/home/airflow/.local/lib/python3.7/site-packages/google/cloud/bigquery/__init__.py", line 35, in <module>
    from google.cloud.bigquery.client import Client
  File "/home/airflow/.local/lib/python3.7/site-packages/google/cloud/bigquery/client.py", line 67, in <module>
    from google.cloud.bigquery._helpers import _del_sub_prop
  File "<frozen importlib._bootstrap>", line 983, in _find_and_load
  File "<frozen importlib._bootstrap>", line 967, in _find_and_load_unlocked
  File "<frozen importlib._bootstrap>", line 677, in _load_unlocked
  File "<frozen importlib._bootstrap_external>", line 724, in exec_module
  File "<frozen importlib._bootstrap_external>", line 818, in get_code
  File "<frozen importlib._bootstrap_external>", line 917, in get_data
  File "/home/airflow/.local/lib/python3.7/site-packages/airflow/utils/timeout.py", line 69, in handle_timeout
    raise AirflowTaskTimeout(self.error_message)
airflow.exceptions.AirflowTaskTimeout: DagBag import timeout for /opt/airflow/dags/dag_ingestion_kaggle_zip.py after 30.0s.
Please take a look at these docs to improve your DAG import time:
* https://airflow.apache.org/docs/apache-airflow/2.5.2/best-practices.html#top-level-python-code
* https://airflow.apache.org/docs/apache-airflow/2.5.2/best-practices.html#reducing-dag-complexity, PID: 479
[2023-06-18T01:41:58.253+0000] {processor.py:755} WARNING - No viable dags retrieved from /opt/airflow/dags/dag_ingestion_kaggle_zip.py
[2023-06-18T01:41:59.257+0000] {processor.py:175} INFO - Processing /opt/airflow/dags/dag_ingestion_kaggle_zip.py took 33.250 seconds
[2023-06-18T01:42:30.227+0000] {processor.py:153} INFO - Started process (PID=520) to work on /opt/airflow/dags/dag_ingestion_kaggle_zip.py
[2023-06-18T01:42:30.230+0000] {processor.py:743} INFO - Processing file /opt/airflow/dags/dag_ingestion_kaggle_zip.py for tasks to queue
[2023-06-18T01:42:30.233+0000] {logging_mixin.py:137} INFO - [2023-06-18T01:42:30.231+0000] {dagbag.py:532} INFO - Filling up the DagBag from /opt/airflow/dags/dag_ingestion_kaggle_zip.py
[2023-06-18T01:43:02.042+0000] {logging_mixin.py:137} INFO - [2023-06-18T01:43:01.730+0000] {timeout.py:68} ERROR - Process timed out, PID: 520
[2023-06-18T01:43:02.810+0000] {logging_mixin.py:137} INFO - [2023-06-18T01:43:02.234+0000] {dagbag.py:341} ERROR - Failed to import: /opt/airflow/dags/dag_ingestion_kaggle_zip.py
Traceback (most recent call last):
  File "/home/airflow/.local/lib/python3.7/site-packages/airflow/models/dagbag.py", line 337, in parse
    loader.exec_module(new_module)
  File "<frozen importlib._bootstrap_external>", line 728, in exec_module
  File "<frozen importlib._bootstrap>", line 219, in _call_with_frames_removed
  File "/opt/airflow/dags/dag_ingestion_kaggle_zip.py", line 10, in <module>
    from airflow.providers.google.cloud.operators.bigquery import BigQueryCreateExternalTableOperator
  File "/home/airflow/.local/lib/python3.7/site-packages/airflow/providers/google/cloud/operators/bigquery.py", line 29, in <module>
    from google.cloud.bigquery import DEFAULT_RETRY, CopyJob, ExtractJob, LoadJob, QueryJob
  File "/home/airflow/.local/lib/python3.7/site-packages/google/cloud/bigquery/__init__.py", line 35, in <module>
    from google.cloud.bigquery.client import Client
  File "/home/airflow/.local/lib/python3.7/site-packages/google/cloud/bigquery/client.py", line 61, in <module>
    from google.cloud.bigquery_storage_v1.services.big_query_read.client import (
  File "/home/airflow/.local/lib/python3.7/site-packages/google/cloud/bigquery_storage_v1/__init__.py", line 25, in <module>
    from google.cloud.bigquery_storage_v1 import client
  File "/home/airflow/.local/lib/python3.7/site-packages/google/cloud/bigquery_storage_v1/client.py", line 26, in <module>
    from google.cloud.bigquery_storage_v1 import reader
  File "/home/airflow/.local/lib/python3.7/site-packages/google/cloud/bigquery_storage_v1/reader.py", line 30, in <module>
    import pandas
  File "/home/airflow/.local/lib/python3.7/site-packages/pandas/__init__.py", line 143, in <module>
    from pandas.io.api import (
  File "/home/airflow/.local/lib/python3.7/site-packages/pandas/io/api.py", line 28, in <module>
    from pandas.io.pytables import (
  File "<frozen importlib._bootstrap>", line 983, in _find_and_load
  File "<frozen importlib._bootstrap>", line 967, in _find_and_load_unlocked
  File "<frozen importlib._bootstrap>", line 677, in _load_unlocked
  File "<frozen importlib._bootstrap_external>", line 724, in exec_module
  File "<frozen importlib._bootstrap_external>", line 857, in get_code
  File "<frozen importlib._bootstrap_external>", line 525, in _compile_bytecode
  File "/home/airflow/.local/lib/python3.7/site-packages/airflow/utils/timeout.py", line 69, in handle_timeout
    raise AirflowTaskTimeout(self.error_message)
airflow.exceptions.AirflowTaskTimeout: DagBag import timeout for /opt/airflow/dags/dag_ingestion_kaggle_zip.py after 30.0s.
Please take a look at these docs to improve your DAG import time:
* https://airflow.apache.org/docs/apache-airflow/2.5.2/best-practices.html#top-level-python-code
* https://airflow.apache.org/docs/apache-airflow/2.5.2/best-practices.html#reducing-dag-complexity, PID: 520
[2023-06-18T01:43:03.002+0000] {processor.py:755} WARNING - No viable dags retrieved from /opt/airflow/dags/dag_ingestion_kaggle_zip.py
[2023-06-18T01:43:04.185+0000] {processor.py:175} INFO - Processing /opt/airflow/dags/dag_ingestion_kaggle_zip.py took 33.953 seconds
[2023-06-18T01:43:35.492+0000] {processor.py:153} INFO - Started process (PID=553) to work on /opt/airflow/dags/dag_ingestion_kaggle_zip.py
[2023-06-18T01:43:35.496+0000] {processor.py:743} INFO - Processing file /opt/airflow/dags/dag_ingestion_kaggle_zip.py for tasks to queue
[2023-06-18T01:43:35.508+0000] {logging_mixin.py:137} INFO - [2023-06-18T01:43:35.507+0000] {dagbag.py:532} INFO - Filling up the DagBag from /opt/airflow/dags/dag_ingestion_kaggle_zip.py
[2023-06-18T01:43:42.279+0000] {processor.py:753} INFO - DAG(s) dict_keys(['data_ingestion_gcs_dag']) retrieved from /opt/airflow/dags/dag_ingestion_kaggle_zip.py
[2023-06-18T01:43:42.412+0000] {logging_mixin.py:137} INFO - [2023-06-18T01:43:42.411+0000] {dag.py:2693} INFO - Sync 1 DAGs
[2023-06-18T01:43:42.463+0000] {logging_mixin.py:137} INFO - [2023-06-18T01:43:42.463+0000] {dag.py:3444} INFO - Setting next_dagrun for data_ingestion_gcs_dag to 2023-06-18T00:00:00+00:00, run_after=2023-06-19T00:00:00+00:00
[2023-06-18T01:43:42.512+0000] {processor.py:175} INFO - Processing /opt/airflow/dags/dag_ingestion_kaggle_zip.py took 7.196 seconds
[2023-06-18T01:44:12.697+0000] {processor.py:153} INFO - Started process (PID=589) to work on /opt/airflow/dags/dag_ingestion_kaggle_zip.py
[2023-06-18T01:44:12.704+0000] {processor.py:743} INFO - Processing file /opt/airflow/dags/dag_ingestion_kaggle_zip.py for tasks to queue
[2023-06-18T01:44:12.705+0000] {logging_mixin.py:137} INFO - [2023-06-18T01:44:12.705+0000] {dagbag.py:532} INFO - Filling up the DagBag from /opt/airflow/dags/dag_ingestion_kaggle_zip.py
[2023-06-18T01:44:13.618+0000] {processor.py:753} INFO - DAG(s) dict_keys(['data_ingestion_gcs_dag']) retrieved from /opt/airflow/dags/dag_ingestion_kaggle_zip.py
[2023-06-18T01:44:13.648+0000] {logging_mixin.py:137} INFO - [2023-06-18T01:44:13.646+0000] {dag.py:2693} INFO - Sync 1 DAGs
[2023-06-18T01:44:13.707+0000] {logging_mixin.py:137} INFO - [2023-06-18T01:44:13.707+0000] {dag.py:3444} INFO - Setting next_dagrun for data_ingestion_gcs_dag to 2023-06-18T00:00:00+00:00, run_after=2023-06-19T00:00:00+00:00
[2023-06-18T01:44:13.762+0000] {processor.py:175} INFO - Processing /opt/airflow/dags/dag_ingestion_kaggle_zip.py took 1.070 seconds
[2023-06-18T01:44:43.877+0000] {processor.py:153} INFO - Started process (PID=626) to work on /opt/airflow/dags/dag_ingestion_kaggle_zip.py
[2023-06-18T01:44:43.879+0000] {processor.py:743} INFO - Processing file /opt/airflow/dags/dag_ingestion_kaggle_zip.py for tasks to queue
[2023-06-18T01:44:43.881+0000] {logging_mixin.py:137} INFO - [2023-06-18T01:44:43.881+0000] {dagbag.py:532} INFO - Filling up the DagBag from /opt/airflow/dags/dag_ingestion_kaggle_zip.py
[2023-06-18T01:44:45.275+0000] {processor.py:753} INFO - DAG(s) dict_keys(['data_ingestion_gcs_dag']) retrieved from /opt/airflow/dags/dag_ingestion_kaggle_zip.py
[2023-06-18T01:44:45.300+0000] {logging_mixin.py:137} INFO - [2023-06-18T01:44:45.300+0000] {dag.py:2693} INFO - Sync 1 DAGs
[2023-06-18T01:44:45.376+0000] {logging_mixin.py:137} INFO - [2023-06-18T01:44:45.376+0000] {dag.py:3444} INFO - Setting next_dagrun for data_ingestion_gcs_dag to 2023-06-18T00:00:00+00:00, run_after=2023-06-19T00:00:00+00:00
[2023-06-18T01:44:45.422+0000] {processor.py:175} INFO - Processing /opt/airflow/dags/dag_ingestion_kaggle_zip.py took 1.548 seconds
[2023-06-18T01:45:15.808+0000] {processor.py:153} INFO - Started process (PID=663) to work on /opt/airflow/dags/dag_ingestion_kaggle_zip.py
[2023-06-18T01:45:15.811+0000] {processor.py:743} INFO - Processing file /opt/airflow/dags/dag_ingestion_kaggle_zip.py for tasks to queue
[2023-06-18T01:45:15.814+0000] {logging_mixin.py:137} INFO - [2023-06-18T01:45:15.813+0000] {dagbag.py:532} INFO - Filling up the DagBag from /opt/airflow/dags/dag_ingestion_kaggle_zip.py
[2023-06-18T01:45:17.619+0000] {processor.py:753} INFO - DAG(s) dict_keys(['data_ingestion_gcs_dag']) retrieved from /opt/airflow/dags/dag_ingestion_kaggle_zip.py
[2023-06-18T01:45:17.763+0000] {logging_mixin.py:137} INFO - [2023-06-18T01:45:17.762+0000] {dag.py:2693} INFO - Sync 1 DAGs
[2023-06-18T01:45:17.805+0000] {logging_mixin.py:137} INFO - [2023-06-18T01:45:17.804+0000] {dag.py:3444} INFO - Setting next_dagrun for data_ingestion_gcs_dag to 2023-06-18T00:00:00+00:00, run_after=2023-06-19T00:00:00+00:00
[2023-06-18T01:45:17.847+0000] {processor.py:175} INFO - Processing /opt/airflow/dags/dag_ingestion_kaggle_zip.py took 2.046 seconds
[2023-06-18T01:45:48.625+0000] {processor.py:153} INFO - Started process (PID=711) to work on /opt/airflow/dags/dag_ingestion_kaggle_zip.py
[2023-06-18T01:45:48.627+0000] {processor.py:743} INFO - Processing file /opt/airflow/dags/dag_ingestion_kaggle_zip.py for tasks to queue
[2023-06-18T01:45:48.629+0000] {logging_mixin.py:137} INFO - [2023-06-18T01:45:48.629+0000] {dagbag.py:532} INFO - Filling up the DagBag from /opt/airflow/dags/dag_ingestion_kaggle_zip.py
[2023-06-18T01:45:50.592+0000] {processor.py:753} INFO - DAG(s) dict_keys(['data_ingestion_gcs_dag']) retrieved from /opt/airflow/dags/dag_ingestion_kaggle_zip.py
[2023-06-18T01:45:50.638+0000] {logging_mixin.py:137} INFO - [2023-06-18T01:45:50.636+0000] {dag.py:2693} INFO - Sync 1 DAGs
[2023-06-18T01:45:50.695+0000] {logging_mixin.py:137} INFO - [2023-06-18T01:45:50.695+0000] {dag.py:3444} INFO - Setting next_dagrun for data_ingestion_gcs_dag to 2023-06-18T00:00:00+00:00, run_after=2023-06-19T00:00:00+00:00
[2023-06-18T01:45:50.764+0000] {processor.py:175} INFO - Processing /opt/airflow/dags/dag_ingestion_kaggle_zip.py took 2.147 seconds
[2023-06-18T01:46:21.417+0000] {processor.py:153} INFO - Started process (PID=748) to work on /opt/airflow/dags/dag_ingestion_kaggle_zip.py
[2023-06-18T01:46:21.419+0000] {processor.py:743} INFO - Processing file /opt/airflow/dags/dag_ingestion_kaggle_zip.py for tasks to queue
[2023-06-18T01:46:21.420+0000] {logging_mixin.py:137} INFO - [2023-06-18T01:46:21.420+0000] {dagbag.py:532} INFO - Filling up the DagBag from /opt/airflow/dags/dag_ingestion_kaggle_zip.py
[2023-06-18T01:46:22.453+0000] {processor.py:753} INFO - DAG(s) dict_keys(['data_ingestion_gcs_dag']) retrieved from /opt/airflow/dags/dag_ingestion_kaggle_zip.py
[2023-06-18T01:46:22.477+0000] {logging_mixin.py:137} INFO - [2023-06-18T01:46:22.476+0000] {dag.py:2693} INFO - Sync 1 DAGs
[2023-06-18T01:46:22.543+0000] {logging_mixin.py:137} INFO - [2023-06-18T01:46:22.543+0000] {dag.py:3444} INFO - Setting next_dagrun for data_ingestion_gcs_dag to 2023-06-18T00:00:00+00:00, run_after=2023-06-19T00:00:00+00:00
[2023-06-18T01:46:22.594+0000] {processor.py:175} INFO - Processing /opt/airflow/dags/dag_ingestion_kaggle_zip.py took 1.181 seconds
[2023-06-18T01:46:53.155+0000] {processor.py:153} INFO - Started process (PID=794) to work on /opt/airflow/dags/dag_ingestion_kaggle_zip.py
[2023-06-18T01:46:53.157+0000] {processor.py:743} INFO - Processing file /opt/airflow/dags/dag_ingestion_kaggle_zip.py for tasks to queue
[2023-06-18T01:46:53.159+0000] {logging_mixin.py:137} INFO - [2023-06-18T01:46:53.158+0000] {dagbag.py:532} INFO - Filling up the DagBag from /opt/airflow/dags/dag_ingestion_kaggle_zip.py
[2023-06-18T01:46:54.240+0000] {processor.py:753} INFO - DAG(s) dict_keys(['data_ingestion_gcs_dag']) retrieved from /opt/airflow/dags/dag_ingestion_kaggle_zip.py
[2023-06-18T01:46:54.339+0000] {logging_mixin.py:137} INFO - [2023-06-18T01:46:54.338+0000] {dag.py:2693} INFO - Sync 1 DAGs
[2023-06-18T01:46:54.376+0000] {logging_mixin.py:137} INFO - [2023-06-18T01:46:54.376+0000] {dag.py:3444} INFO - Setting next_dagrun for data_ingestion_gcs_dag to 2023-06-18T00:00:00+00:00, run_after=2023-06-19T00:00:00+00:00
[2023-06-18T01:46:54.411+0000] {processor.py:175} INFO - Processing /opt/airflow/dags/dag_ingestion_kaggle_zip.py took 1.258 seconds
[2023-06-18T01:47:25.117+0000] {processor.py:153} INFO - Started process (PID=834) to work on /opt/airflow/dags/dag_ingestion_kaggle_zip.py
[2023-06-18T01:47:25.119+0000] {processor.py:743} INFO - Processing file /opt/airflow/dags/dag_ingestion_kaggle_zip.py for tasks to queue
[2023-06-18T01:47:25.121+0000] {logging_mixin.py:137} INFO - [2023-06-18T01:47:25.120+0000] {dagbag.py:532} INFO - Filling up the DagBag from /opt/airflow/dags/dag_ingestion_kaggle_zip.py
[2023-06-18T01:47:26.237+0000] {processor.py:753} INFO - DAG(s) dict_keys(['data_ingestion_gcs_dag']) retrieved from /opt/airflow/dags/dag_ingestion_kaggle_zip.py
[2023-06-18T01:47:26.274+0000] {logging_mixin.py:137} INFO - [2023-06-18T01:47:26.273+0000] {dag.py:2693} INFO - Sync 1 DAGs
[2023-06-18T01:47:26.319+0000] {logging_mixin.py:137} INFO - [2023-06-18T01:47:26.318+0000] {dag.py:3444} INFO - Setting next_dagrun for data_ingestion_gcs_dag to 2023-06-18T00:00:00+00:00, run_after=2023-06-19T00:00:00+00:00
[2023-06-18T01:47:26.363+0000] {processor.py:175} INFO - Processing /opt/airflow/dags/dag_ingestion_kaggle_zip.py took 1.249 seconds
[2023-06-18T01:47:56.635+0000] {processor.py:153} INFO - Started process (PID=870) to work on /opt/airflow/dags/dag_ingestion_kaggle_zip.py
[2023-06-18T01:47:56.637+0000] {processor.py:743} INFO - Processing file /opt/airflow/dags/dag_ingestion_kaggle_zip.py for tasks to queue
[2023-06-18T01:47:56.638+0000] {logging_mixin.py:137} INFO - [2023-06-18T01:47:56.638+0000] {dagbag.py:532} INFO - Filling up the DagBag from /opt/airflow/dags/dag_ingestion_kaggle_zip.py
[2023-06-18T01:47:57.658+0000] {processor.py:753} INFO - DAG(s) dict_keys(['data_ingestion_gcs_dag']) retrieved from /opt/airflow/dags/dag_ingestion_kaggle_zip.py
[2023-06-18T01:47:57.689+0000] {logging_mixin.py:137} INFO - [2023-06-18T01:47:57.688+0000] {dag.py:2693} INFO - Sync 1 DAGs
[2023-06-18T01:47:57.734+0000] {logging_mixin.py:137} INFO - [2023-06-18T01:47:57.734+0000] {dag.py:3444} INFO - Setting next_dagrun for data_ingestion_gcs_dag to 2023-06-18T00:00:00+00:00, run_after=2023-06-19T00:00:00+00:00
[2023-06-18T01:47:57.768+0000] {processor.py:175} INFO - Processing /opt/airflow/dags/dag_ingestion_kaggle_zip.py took 1.136 seconds
[2023-06-18T01:48:28.034+0000] {processor.py:153} INFO - Started process (PID=915) to work on /opt/airflow/dags/dag_ingestion_kaggle_zip.py
[2023-06-18T01:48:28.036+0000] {processor.py:743} INFO - Processing file /opt/airflow/dags/dag_ingestion_kaggle_zip.py for tasks to queue
[2023-06-18T01:48:28.038+0000] {logging_mixin.py:137} INFO - [2023-06-18T01:48:28.037+0000] {dagbag.py:532} INFO - Filling up the DagBag from /opt/airflow/dags/dag_ingestion_kaggle_zip.py
[2023-06-18T01:48:28.971+0000] {processor.py:753} INFO - DAG(s) dict_keys(['data_ingestion_gcs_dag']) retrieved from /opt/airflow/dags/dag_ingestion_kaggle_zip.py
[2023-06-18T01:48:29.090+0000] {logging_mixin.py:137} INFO - [2023-06-18T01:48:29.089+0000] {dag.py:2693} INFO - Sync 1 DAGs
[2023-06-18T01:48:29.137+0000] {logging_mixin.py:137} INFO - [2023-06-18T01:48:29.137+0000] {dag.py:3444} INFO - Setting next_dagrun for data_ingestion_gcs_dag to 2023-06-18T00:00:00+00:00, run_after=2023-06-19T00:00:00+00:00
[2023-06-18T01:48:29.173+0000] {processor.py:175} INFO - Processing /opt/airflow/dags/dag_ingestion_kaggle_zip.py took 1.142 seconds
[2023-06-18T01:48:59.576+0000] {processor.py:153} INFO - Started process (PID=954) to work on /opt/airflow/dags/dag_ingestion_kaggle_zip.py
[2023-06-18T01:48:59.578+0000] {processor.py:743} INFO - Processing file /opt/airflow/dags/dag_ingestion_kaggle_zip.py for tasks to queue
[2023-06-18T01:48:59.580+0000] {logging_mixin.py:137} INFO - [2023-06-18T01:48:59.579+0000] {dagbag.py:532} INFO - Filling up the DagBag from /opt/airflow/dags/dag_ingestion_kaggle_zip.py
[2023-06-18T01:49:01.169+0000] {processor.py:753} INFO - DAG(s) dict_keys(['data_ingestion_gcs_dag']) retrieved from /opt/airflow/dags/dag_ingestion_kaggle_zip.py
[2023-06-18T01:49:01.286+0000] {logging_mixin.py:137} INFO - [2023-06-18T01:49:01.283+0000] {dag.py:2693} INFO - Sync 1 DAGs
[2023-06-18T01:49:01.358+0000] {logging_mixin.py:137} INFO - [2023-06-18T01:49:01.358+0000] {dag.py:3444} INFO - Setting next_dagrun for data_ingestion_gcs_dag to 2023-06-18T00:00:00+00:00, run_after=2023-06-19T00:00:00+00:00
[2023-06-18T01:49:01.396+0000] {processor.py:175} INFO - Processing /opt/airflow/dags/dag_ingestion_kaggle_zip.py took 1.824 seconds
[2023-06-18T01:49:31.744+0000] {processor.py:153} INFO - Started process (PID=990) to work on /opt/airflow/dags/dag_ingestion_kaggle_zip.py
[2023-06-18T01:49:31.746+0000] {processor.py:743} INFO - Processing file /opt/airflow/dags/dag_ingestion_kaggle_zip.py for tasks to queue
[2023-06-18T01:49:31.748+0000] {logging_mixin.py:137} INFO - [2023-06-18T01:49:31.747+0000] {dagbag.py:532} INFO - Filling up the DagBag from /opt/airflow/dags/dag_ingestion_kaggle_zip.py
[2023-06-18T01:49:32.516+0000] {processor.py:753} INFO - DAG(s) dict_keys(['data_ingestion_gcs_dag']) retrieved from /opt/airflow/dags/dag_ingestion_kaggle_zip.py
[2023-06-18T01:49:32.530+0000] {logging_mixin.py:137} INFO - [2023-06-18T01:49:32.529+0000] {dag.py:2693} INFO - Sync 1 DAGs
[2023-06-18T01:49:32.563+0000] {logging_mixin.py:137} INFO - [2023-06-18T01:49:32.563+0000] {dag.py:3444} INFO - Setting next_dagrun for data_ingestion_gcs_dag to 2023-06-18T00:00:00+00:00, run_after=2023-06-19T00:00:00+00:00
[2023-06-18T01:49:32.590+0000] {processor.py:175} INFO - Processing /opt/airflow/dags/dag_ingestion_kaggle_zip.py took 0.850 seconds
[2023-06-18T01:50:02.822+0000] {processor.py:153} INFO - Started process (PID=1039) to work on /opt/airflow/dags/dag_ingestion_kaggle_zip.py
[2023-06-18T01:50:02.824+0000] {processor.py:743} INFO - Processing file /opt/airflow/dags/dag_ingestion_kaggle_zip.py for tasks to queue
[2023-06-18T01:50:02.826+0000] {logging_mixin.py:137} INFO - [2023-06-18T01:50:02.826+0000] {dagbag.py:532} INFO - Filling up the DagBag from /opt/airflow/dags/dag_ingestion_kaggle_zip.py
[2023-06-18T01:50:04.585+0000] {processor.py:753} INFO - DAG(s) dict_keys(['data_ingestion_gcs_dag']) retrieved from /opt/airflow/dags/dag_ingestion_kaggle_zip.py
[2023-06-18T01:50:04.665+0000] {logging_mixin.py:137} INFO - [2023-06-18T01:50:04.663+0000] {dag.py:2693} INFO - Sync 1 DAGs
[2023-06-18T01:50:04.697+0000] {logging_mixin.py:137} INFO - [2023-06-18T01:50:04.697+0000] {dag.py:3444} INFO - Setting next_dagrun for data_ingestion_gcs_dag to 2023-06-18T00:00:00+00:00, run_after=2023-06-19T00:00:00+00:00
[2023-06-18T01:50:04.736+0000] {processor.py:175} INFO - Processing /opt/airflow/dags/dag_ingestion_kaggle_zip.py took 1.917 seconds
[2023-06-18T01:50:35.319+0000] {processor.py:153} INFO - Started process (PID=1075) to work on /opt/airflow/dags/dag_ingestion_kaggle_zip.py
[2023-06-18T01:50:35.321+0000] {processor.py:743} INFO - Processing file /opt/airflow/dags/dag_ingestion_kaggle_zip.py for tasks to queue
[2023-06-18T01:50:35.323+0000] {logging_mixin.py:137} INFO - [2023-06-18T01:50:35.322+0000] {dagbag.py:532} INFO - Filling up the DagBag from /opt/airflow/dags/dag_ingestion_kaggle_zip.py
[2023-06-18T01:50:36.272+0000] {processor.py:753} INFO - DAG(s) dict_keys(['data_ingestion_gcs_dag']) retrieved from /opt/airflow/dags/dag_ingestion_kaggle_zip.py
[2023-06-18T01:50:36.304+0000] {logging_mixin.py:137} INFO - [2023-06-18T01:50:36.303+0000] {dag.py:2693} INFO - Sync 1 DAGs
[2023-06-18T01:50:36.336+0000] {logging_mixin.py:137} INFO - [2023-06-18T01:50:36.336+0000] {dag.py:3444} INFO - Setting next_dagrun for data_ingestion_gcs_dag to 2023-06-18T00:00:00+00:00, run_after=2023-06-19T00:00:00+00:00
[2023-06-18T01:50:36.367+0000] {processor.py:175} INFO - Processing /opt/airflow/dags/dag_ingestion_kaggle_zip.py took 1.051 seconds
[2023-06-18T01:51:06.766+0000] {processor.py:153} INFO - Started process (PID=1112) to work on /opt/airflow/dags/dag_ingestion_kaggle_zip.py
[2023-06-18T01:51:06.768+0000] {processor.py:743} INFO - Processing file /opt/airflow/dags/dag_ingestion_kaggle_zip.py for tasks to queue
[2023-06-18T01:51:06.769+0000] {logging_mixin.py:137} INFO - [2023-06-18T01:51:06.769+0000] {dagbag.py:532} INFO - Filling up the DagBag from /opt/airflow/dags/dag_ingestion_kaggle_zip.py
[2023-06-18T01:51:07.571+0000] {processor.py:753} INFO - DAG(s) dict_keys(['data_ingestion_gcs_dag']) retrieved from /opt/airflow/dags/dag_ingestion_kaggle_zip.py
[2023-06-18T01:51:07.585+0000] {logging_mixin.py:137} INFO - [2023-06-18T01:51:07.585+0000] {dag.py:2693} INFO - Sync 1 DAGs
[2023-06-18T01:51:07.619+0000] {logging_mixin.py:137} INFO - [2023-06-18T01:51:07.619+0000] {dag.py:3444} INFO - Setting next_dagrun for data_ingestion_gcs_dag to 2023-06-18T00:00:00+00:00, run_after=2023-06-19T00:00:00+00:00
[2023-06-18T01:51:07.656+0000] {processor.py:175} INFO - Processing /opt/airflow/dags/dag_ingestion_kaggle_zip.py took 0.893 seconds
[2023-06-18T01:51:38.124+0000] {processor.py:153} INFO - Started process (PID=1159) to work on /opt/airflow/dags/dag_ingestion_kaggle_zip.py
[2023-06-18T01:51:38.126+0000] {processor.py:743} INFO - Processing file /opt/airflow/dags/dag_ingestion_kaggle_zip.py for tasks to queue
[2023-06-18T01:51:38.128+0000] {logging_mixin.py:137} INFO - [2023-06-18T01:51:38.128+0000] {dagbag.py:532} INFO - Filling up the DagBag from /opt/airflow/dags/dag_ingestion_kaggle_zip.py
[2023-06-18T01:51:39.025+0000] {processor.py:753} INFO - DAG(s) dict_keys(['data_ingestion_gcs_dag']) retrieved from /opt/airflow/dags/dag_ingestion_kaggle_zip.py
[2023-06-18T01:51:39.103+0000] {logging_mixin.py:137} INFO - [2023-06-18T01:51:39.103+0000] {dag.py:2693} INFO - Sync 1 DAGs
[2023-06-18T01:51:39.138+0000] {logging_mixin.py:137} INFO - [2023-06-18T01:51:39.138+0000] {dag.py:3444} INFO - Setting next_dagrun for data_ingestion_gcs_dag to 2023-06-18T00:00:00+00:00, run_after=2023-06-19T00:00:00+00:00
[2023-06-18T01:51:39.173+0000] {processor.py:175} INFO - Processing /opt/airflow/dags/dag_ingestion_kaggle_zip.py took 1.052 seconds
[2023-06-18T01:52:09.346+0000] {processor.py:153} INFO - Started process (PID=1195) to work on /opt/airflow/dags/dag_ingestion_kaggle_zip.py
[2023-06-18T01:52:09.348+0000] {processor.py:743} INFO - Processing file /opt/airflow/dags/dag_ingestion_kaggle_zip.py for tasks to queue
[2023-06-18T01:52:09.349+0000] {logging_mixin.py:137} INFO - [2023-06-18T01:52:09.349+0000] {dagbag.py:532} INFO - Filling up the DagBag from /opt/airflow/dags/dag_ingestion_kaggle_zip.py
[2023-06-18T01:52:10.089+0000] {processor.py:753} INFO - DAG(s) dict_keys(['data_ingestion_gcs_dag']) retrieved from /opt/airflow/dags/dag_ingestion_kaggle_zip.py
[2023-06-18T01:52:10.112+0000] {logging_mixin.py:137} INFO - [2023-06-18T01:52:10.112+0000] {dag.py:2693} INFO - Sync 1 DAGs
[2023-06-18T01:52:10.143+0000] {logging_mixin.py:137} INFO - [2023-06-18T01:52:10.143+0000] {dag.py:3444} INFO - Setting next_dagrun for data_ingestion_gcs_dag to 2023-06-18T00:00:00+00:00, run_after=2023-06-19T00:00:00+00:00
[2023-06-18T01:52:10.170+0000] {processor.py:175} INFO - Processing /opt/airflow/dags/dag_ingestion_kaggle_zip.py took 0.827 seconds
[2023-06-18T01:52:40.545+0000] {processor.py:153} INFO - Started process (PID=1232) to work on /opt/airflow/dags/dag_ingestion_kaggle_zip.py
[2023-06-18T01:52:40.546+0000] {processor.py:743} INFO - Processing file /opt/airflow/dags/dag_ingestion_kaggle_zip.py for tasks to queue
[2023-06-18T01:52:40.548+0000] {logging_mixin.py:137} INFO - [2023-06-18T01:52:40.548+0000] {dagbag.py:532} INFO - Filling up the DagBag from /opt/airflow/dags/dag_ingestion_kaggle_zip.py
[2023-06-18T01:52:41.546+0000] {processor.py:753} INFO - DAG(s) dict_keys(['data_ingestion_gcs_dag']) retrieved from /opt/airflow/dags/dag_ingestion_kaggle_zip.py
[2023-06-18T01:52:41.564+0000] {logging_mixin.py:137} INFO - [2023-06-18T01:52:41.563+0000] {dag.py:2693} INFO - Sync 1 DAGs
[2023-06-18T01:52:41.603+0000] {logging_mixin.py:137} INFO - [2023-06-18T01:52:41.603+0000] {dag.py:3444} INFO - Setting next_dagrun for data_ingestion_gcs_dag to 2023-06-18T00:00:00+00:00, run_after=2023-06-19T00:00:00+00:00
[2023-06-18T01:52:41.635+0000] {processor.py:175} INFO - Processing /opt/airflow/dags/dag_ingestion_kaggle_zip.py took 1.095 seconds
[2023-06-18T01:53:12.048+0000] {processor.py:153} INFO - Started process (PID=1281) to work on /opt/airflow/dags/dag_ingestion_kaggle_zip.py
[2023-06-18T01:53:12.050+0000] {processor.py:743} INFO - Processing file /opt/airflow/dags/dag_ingestion_kaggle_zip.py for tasks to queue
[2023-06-18T01:53:12.051+0000] {logging_mixin.py:137} INFO - [2023-06-18T01:53:12.051+0000] {dagbag.py:532} INFO - Filling up the DagBag from /opt/airflow/dags/dag_ingestion_kaggle_zip.py
[2023-06-18T01:53:12.964+0000] {processor.py:753} INFO - DAG(s) dict_keys(['data_ingestion_gcs_dag']) retrieved from /opt/airflow/dags/dag_ingestion_kaggle_zip.py
[2023-06-18T01:53:13.067+0000] {logging_mixin.py:137} INFO - [2023-06-18T01:53:13.066+0000] {dag.py:2693} INFO - Sync 1 DAGs
[2023-06-18T01:53:13.111+0000] {logging_mixin.py:137} INFO - [2023-06-18T01:53:13.110+0000] {dag.py:3444} INFO - Setting next_dagrun for data_ingestion_gcs_dag to 2023-06-18T00:00:00+00:00, run_after=2023-06-19T00:00:00+00:00
[2023-06-18T01:53:13.162+0000] {processor.py:175} INFO - Processing /opt/airflow/dags/dag_ingestion_kaggle_zip.py took 1.118 seconds
[2023-06-18T01:53:43.594+0000] {processor.py:153} INFO - Started process (PID=1318) to work on /opt/airflow/dags/dag_ingestion_kaggle_zip.py
[2023-06-18T01:53:43.596+0000] {processor.py:743} INFO - Processing file /opt/airflow/dags/dag_ingestion_kaggle_zip.py for tasks to queue
[2023-06-18T01:53:43.598+0000] {logging_mixin.py:137} INFO - [2023-06-18T01:53:43.598+0000] {dagbag.py:532} INFO - Filling up the DagBag from /opt/airflow/dags/dag_ingestion_kaggle_zip.py
[2023-06-18T01:53:44.450+0000] {processor.py:753} INFO - DAG(s) dict_keys(['data_ingestion_gcs_dag']) retrieved from /opt/airflow/dags/dag_ingestion_kaggle_zip.py
[2023-06-18T01:53:44.477+0000] {logging_mixin.py:137} INFO - [2023-06-18T01:53:44.476+0000] {dag.py:2693} INFO - Sync 1 DAGs
[2023-06-18T01:53:44.514+0000] {logging_mixin.py:137} INFO - [2023-06-18T01:53:44.514+0000] {dag.py:3444} INFO - Setting next_dagrun for data_ingestion_gcs_dag to 2023-06-18T00:00:00+00:00, run_after=2023-06-19T00:00:00+00:00
[2023-06-18T01:53:44.563+0000] {processor.py:175} INFO - Processing /opt/airflow/dags/dag_ingestion_kaggle_zip.py took 0.973 seconds
[2023-06-18T01:54:15.343+0000] {processor.py:153} INFO - Started process (PID=1361) to work on /opt/airflow/dags/dag_ingestion_kaggle_zip.py
[2023-06-18T01:54:15.345+0000] {processor.py:743} INFO - Processing file /opt/airflow/dags/dag_ingestion_kaggle_zip.py for tasks to queue
[2023-06-18T01:54:15.349+0000] {logging_mixin.py:137} INFO - [2023-06-18T01:54:15.348+0000] {dagbag.py:532} INFO - Filling up the DagBag from /opt/airflow/dags/dag_ingestion_kaggle_zip.py
[2023-06-18T01:54:16.740+0000] {processor.py:753} INFO - DAG(s) dict_keys(['data_ingestion_gcs_dag']) retrieved from /opt/airflow/dags/dag_ingestion_kaggle_zip.py
[2023-06-18T01:54:16.768+0000] {logging_mixin.py:137} INFO - [2023-06-18T01:54:16.767+0000] {dag.py:2693} INFO - Sync 1 DAGs
[2023-06-18T01:54:16.829+0000] {logging_mixin.py:137} INFO - [2023-06-18T01:54:16.829+0000] {dag.py:3444} INFO - Setting next_dagrun for data_ingestion_gcs_dag to 2023-06-18T00:00:00+00:00, run_after=2023-06-19T00:00:00+00:00
[2023-06-18T01:54:16.861+0000] {processor.py:175} INFO - Processing /opt/airflow/dags/dag_ingestion_kaggle_zip.py took 1.520 seconds
[2023-06-18T01:54:47.455+0000] {processor.py:153} INFO - Started process (PID=1402) to work on /opt/airflow/dags/dag_ingestion_kaggle_zip.py
[2023-06-18T01:54:47.456+0000] {processor.py:743} INFO - Processing file /opt/airflow/dags/dag_ingestion_kaggle_zip.py for tasks to queue
[2023-06-18T01:54:47.458+0000] {logging_mixin.py:137} INFO - [2023-06-18T01:54:47.458+0000] {dagbag.py:532} INFO - Filling up the DagBag from /opt/airflow/dags/dag_ingestion_kaggle_zip.py
[2023-06-18T01:54:48.356+0000] {processor.py:753} INFO - DAG(s) dict_keys(['data_ingestion_gcs_dag']) retrieved from /opt/airflow/dags/dag_ingestion_kaggle_zip.py
[2023-06-18T01:54:48.434+0000] {logging_mixin.py:137} INFO - [2023-06-18T01:54:48.434+0000] {dag.py:2693} INFO - Sync 1 DAGs
[2023-06-18T01:54:48.469+0000] {logging_mixin.py:137} INFO - [2023-06-18T01:54:48.469+0000] {dag.py:3444} INFO - Setting next_dagrun for data_ingestion_gcs_dag to 2023-06-18T00:00:00+00:00, run_after=2023-06-19T00:00:00+00:00
[2023-06-18T01:54:48.530+0000] {processor.py:175} INFO - Processing /opt/airflow/dags/dag_ingestion_kaggle_zip.py took 1.078 seconds
[2023-06-18T01:55:18.691+0000] {processor.py:153} INFO - Started process (PID=1439) to work on /opt/airflow/dags/dag_ingestion_kaggle_zip.py
[2023-06-18T01:55:18.692+0000] {processor.py:743} INFO - Processing file /opt/airflow/dags/dag_ingestion_kaggle_zip.py for tasks to queue
[2023-06-18T01:55:18.694+0000] {logging_mixin.py:137} INFO - [2023-06-18T01:55:18.694+0000] {dagbag.py:532} INFO - Filling up the DagBag from /opt/airflow/dags/dag_ingestion_kaggle_zip.py
[2023-06-18T01:55:19.383+0000] {processor.py:753} INFO - DAG(s) dict_keys(['data_ingestion_gcs_dag']) retrieved from /opt/airflow/dags/dag_ingestion_kaggle_zip.py
[2023-06-18T01:55:19.406+0000] {logging_mixin.py:137} INFO - [2023-06-18T01:55:19.406+0000] {dag.py:2693} INFO - Sync 1 DAGs
[2023-06-18T01:55:19.436+0000] {logging_mixin.py:137} INFO - [2023-06-18T01:55:19.435+0000] {dag.py:3444} INFO - Setting next_dagrun for data_ingestion_gcs_dag to 2023-06-18T00:00:00+00:00, run_after=2023-06-19T00:00:00+00:00
[2023-06-18T01:55:19.462+0000] {processor.py:175} INFO - Processing /opt/airflow/dags/dag_ingestion_kaggle_zip.py took 0.774 seconds
[2023-06-18T01:55:49.905+0000] {processor.py:153} INFO - Started process (PID=1488) to work on /opt/airflow/dags/dag_ingestion_kaggle_zip.py
[2023-06-18T01:55:49.907+0000] {processor.py:743} INFO - Processing file /opt/airflow/dags/dag_ingestion_kaggle_zip.py for tasks to queue
[2023-06-18T01:55:49.909+0000] {logging_mixin.py:137} INFO - [2023-06-18T01:55:49.909+0000] {dagbag.py:532} INFO - Filling up the DagBag from /opt/airflow/dags/dag_ingestion_kaggle_zip.py
[2023-06-18T01:55:51.840+0000] {processor.py:753} INFO - DAG(s) dict_keys(['data_ingestion_gcs_dag']) retrieved from /opt/airflow/dags/dag_ingestion_kaggle_zip.py
[2023-06-18T01:55:51.969+0000] {logging_mixin.py:137} INFO - [2023-06-18T01:55:51.969+0000] {dag.py:2693} INFO - Sync 1 DAGs
[2023-06-18T01:55:52.008+0000] {logging_mixin.py:137} INFO - [2023-06-18T01:55:52.008+0000] {dag.py:3444} INFO - Setting next_dagrun for data_ingestion_gcs_dag to 2023-06-18T00:00:00+00:00, run_after=2023-06-19T00:00:00+00:00
[2023-06-18T01:55:52.056+0000] {processor.py:175} INFO - Processing /opt/airflow/dags/dag_ingestion_kaggle_zip.py took 2.155 seconds
[2023-06-18T01:56:22.613+0000] {processor.py:153} INFO - Started process (PID=1525) to work on /opt/airflow/dags/dag_ingestion_kaggle_zip.py
[2023-06-18T01:56:22.615+0000] {processor.py:743} INFO - Processing file /opt/airflow/dags/dag_ingestion_kaggle_zip.py for tasks to queue
[2023-06-18T01:56:22.617+0000] {logging_mixin.py:137} INFO - [2023-06-18T01:56:22.617+0000] {dagbag.py:532} INFO - Filling up the DagBag from /opt/airflow/dags/dag_ingestion_kaggle_zip.py
[2023-06-18T01:56:23.361+0000] {processor.py:753} INFO - DAG(s) dict_keys(['data_ingestion_gcs_dag']) retrieved from /opt/airflow/dags/dag_ingestion_kaggle_zip.py
[2023-06-18T01:56:23.429+0000] {logging_mixin.py:137} INFO - [2023-06-18T01:56:23.428+0000] {dag.py:2693} INFO - Sync 1 DAGs
[2023-06-18T01:56:23.459+0000] {logging_mixin.py:137} INFO - [2023-06-18T01:56:23.459+0000] {dag.py:3444} INFO - Setting next_dagrun for data_ingestion_gcs_dag to 2023-06-18T00:00:00+00:00, run_after=2023-06-19T00:00:00+00:00
[2023-06-18T01:56:23.492+0000] {processor.py:175} INFO - Processing /opt/airflow/dags/dag_ingestion_kaggle_zip.py took 0.883 seconds
[2023-06-18T01:56:54.212+0000] {processor.py:153} INFO - Started process (PID=1561) to work on /opt/airflow/dags/dag_ingestion_kaggle_zip.py
[2023-06-18T01:56:54.213+0000] {processor.py:743} INFO - Processing file /opt/airflow/dags/dag_ingestion_kaggle_zip.py for tasks to queue
[2023-06-18T01:56:54.214+0000] {logging_mixin.py:137} INFO - [2023-06-18T01:56:54.214+0000] {dagbag.py:532} INFO - Filling up the DagBag from /opt/airflow/dags/dag_ingestion_kaggle_zip.py
[2023-06-18T01:56:54.893+0000] {processor.py:753} INFO - DAG(s) dict_keys(['data_ingestion_gcs_dag']) retrieved from /opt/airflow/dags/dag_ingestion_kaggle_zip.py
[2023-06-18T01:56:54.916+0000] {logging_mixin.py:137} INFO - [2023-06-18T01:56:54.916+0000] {dag.py:2693} INFO - Sync 1 DAGs
[2023-06-18T01:56:54.943+0000] {logging_mixin.py:137} INFO - [2023-06-18T01:56:54.943+0000] {dag.py:3444} INFO - Setting next_dagrun for data_ingestion_gcs_dag to 2023-06-18T00:00:00+00:00, run_after=2023-06-19T00:00:00+00:00
[2023-06-18T01:56:54.966+0000] {processor.py:175} INFO - Processing /opt/airflow/dags/dag_ingestion_kaggle_zip.py took 0.757 seconds
[2023-06-18T01:57:25.929+0000] {processor.py:153} INFO - Started process (PID=1595) to work on /opt/airflow/dags/dag_ingestion_kaggle_zip.py
[2023-06-18T01:57:25.930+0000] {processor.py:743} INFO - Processing file /opt/airflow/dags/dag_ingestion_kaggle_zip.py for tasks to queue
[2023-06-18T01:57:25.932+0000] {logging_mixin.py:137} INFO - [2023-06-18T01:57:25.932+0000] {dagbag.py:532} INFO - Filling up the DagBag from /opt/airflow/dags/dag_ingestion_kaggle_zip.py
[2023-06-18T01:57:26.739+0000] {processor.py:753} INFO - DAG(s) dict_keys(['data_ingestion_gcs_dag']) retrieved from /opt/airflow/dags/dag_ingestion_kaggle_zip.py
[2023-06-18T01:57:26.755+0000] {logging_mixin.py:137} INFO - [2023-06-18T01:57:26.754+0000] {dag.py:2693} INFO - Sync 1 DAGs
[2023-06-18T01:57:26.807+0000] {logging_mixin.py:137} INFO - [2023-06-18T01:57:26.807+0000] {dag.py:3444} INFO - Setting next_dagrun for data_ingestion_gcs_dag to 2023-06-18T00:00:00+00:00, run_after=2023-06-19T00:00:00+00:00
[2023-06-18T01:57:26.841+0000] {processor.py:175} INFO - Processing /opt/airflow/dags/dag_ingestion_kaggle_zip.py took 0.916 seconds
[2023-06-18T01:57:57.388+0000] {processor.py:153} INFO - Started process (PID=1643) to work on /opt/airflow/dags/dag_ingestion_kaggle_zip.py
[2023-06-18T01:57:57.390+0000] {processor.py:743} INFO - Processing file /opt/airflow/dags/dag_ingestion_kaggle_zip.py for tasks to queue
[2023-06-18T01:57:57.390+0000] {logging_mixin.py:137} INFO - [2023-06-18T01:57:57.390+0000] {dagbag.py:532} INFO - Filling up the DagBag from /opt/airflow/dags/dag_ingestion_kaggle_zip.py
[2023-06-18T01:57:58.134+0000] {processor.py:753} INFO - DAG(s) dict_keys(['data_ingestion_gcs_dag']) retrieved from /opt/airflow/dags/dag_ingestion_kaggle_zip.py
[2023-06-18T01:57:58.200+0000] {logging_mixin.py:137} INFO - [2023-06-18T01:57:58.199+0000] {dag.py:2693} INFO - Sync 1 DAGs
[2023-06-18T01:57:58.230+0000] {logging_mixin.py:137} INFO - [2023-06-18T01:57:58.229+0000] {dag.py:3444} INFO - Setting next_dagrun for data_ingestion_gcs_dag to 2023-06-18T00:00:00+00:00, run_after=2023-06-19T00:00:00+00:00
[2023-06-18T01:57:58.261+0000] {processor.py:175} INFO - Processing /opt/airflow/dags/dag_ingestion_kaggle_zip.py took 0.876 seconds
[2023-06-18T01:58:28.715+0000] {processor.py:153} INFO - Started process (PID=1681) to work on /opt/airflow/dags/dag_ingestion_kaggle_zip.py
[2023-06-18T01:58:28.717+0000] {processor.py:743} INFO - Processing file /opt/airflow/dags/dag_ingestion_kaggle_zip.py for tasks to queue
[2023-06-18T01:58:28.719+0000] {logging_mixin.py:137} INFO - [2023-06-18T01:58:28.718+0000] {dagbag.py:532} INFO - Filling up the DagBag from /opt/airflow/dags/dag_ingestion_kaggle_zip.py
[2023-06-18T01:58:29.461+0000] {processor.py:753} INFO - DAG(s) dict_keys(['data_ingestion_gcs_dag']) retrieved from /opt/airflow/dags/dag_ingestion_kaggle_zip.py
[2023-06-18T01:58:29.474+0000] {logging_mixin.py:137} INFO - [2023-06-18T01:58:29.473+0000] {dag.py:2693} INFO - Sync 1 DAGs
[2023-06-18T01:58:29.504+0000] {logging_mixin.py:137} INFO - [2023-06-18T01:58:29.504+0000] {dag.py:3444} INFO - Setting next_dagrun for data_ingestion_gcs_dag to 2023-06-18T00:00:00+00:00, run_after=2023-06-19T00:00:00+00:00
[2023-06-18T01:58:29.531+0000] {processor.py:175} INFO - Processing /opt/airflow/dags/dag_ingestion_kaggle_zip.py took 0.819 seconds
[2023-06-18T01:58:59.757+0000] {processor.py:153} INFO - Started process (PID=1715) to work on /opt/airflow/dags/dag_ingestion_kaggle_zip.py
[2023-06-18T01:58:59.760+0000] {processor.py:743} INFO - Processing file /opt/airflow/dags/dag_ingestion_kaggle_zip.py for tasks to queue
[2023-06-18T01:58:59.761+0000] {logging_mixin.py:137} INFO - [2023-06-18T01:58:59.761+0000] {dagbag.py:532} INFO - Filling up the DagBag from /opt/airflow/dags/dag_ingestion_kaggle_zip.py
[2023-06-18T01:59:00.933+0000] {processor.py:753} INFO - DAG(s) dict_keys(['data_ingestion_gcs_dag']) retrieved from /opt/airflow/dags/dag_ingestion_kaggle_zip.py
[2023-06-18T01:59:01.015+0000] {logging_mixin.py:137} INFO - [2023-06-18T01:59:01.014+0000] {dag.py:2693} INFO - Sync 1 DAGs
[2023-06-18T01:59:01.062+0000] {logging_mixin.py:137} INFO - [2023-06-18T01:59:01.062+0000] {dag.py:3444} INFO - Setting next_dagrun for data_ingestion_gcs_dag to 2023-06-18T00:00:00+00:00, run_after=2023-06-19T00:00:00+00:00
[2023-06-18T01:59:01.099+0000] {processor.py:175} INFO - Processing /opt/airflow/dags/dag_ingestion_kaggle_zip.py took 1.348 seconds
[2023-06-18T01:59:31.490+0000] {processor.py:153} INFO - Started process (PID=1763) to work on /opt/airflow/dags/dag_ingestion_kaggle_zip.py
[2023-06-18T01:59:31.492+0000] {processor.py:743} INFO - Processing file /opt/airflow/dags/dag_ingestion_kaggle_zip.py for tasks to queue
[2023-06-18T01:59:31.493+0000] {logging_mixin.py:137} INFO - [2023-06-18T01:59:31.493+0000] {dagbag.py:532} INFO - Filling up the DagBag from /opt/airflow/dags/dag_ingestion_kaggle_zip.py
[2023-06-18T01:59:35.511+0000] {processor.py:753} INFO - DAG(s) dict_keys(['data_ingestion_gcs_dag']) retrieved from /opt/airflow/dags/dag_ingestion_kaggle_zip.py
[2023-06-18T01:59:35.524+0000] {logging_mixin.py:137} INFO - [2023-06-18T01:59:35.523+0000] {dag.py:2693} INFO - Sync 1 DAGs
[2023-06-18T01:59:35.560+0000] {logging_mixin.py:137} INFO - [2023-06-18T01:59:35.560+0000] {dag.py:3444} INFO - Setting next_dagrun for data_ingestion_gcs_dag to 2023-06-18T00:00:00+00:00, run_after=2023-06-19T00:00:00+00:00
[2023-06-18T01:59:35.597+0000] {processor.py:175} INFO - Processing /opt/airflow/dags/dag_ingestion_kaggle_zip.py took 4.110 seconds
[2023-06-18T02:00:05.914+0000] {processor.py:153} INFO - Started process (PID=1802) to work on /opt/airflow/dags/dag_ingestion_kaggle_zip.py
[2023-06-18T02:00:05.918+0000] {processor.py:743} INFO - Processing file /opt/airflow/dags/dag_ingestion_kaggle_zip.py for tasks to queue
[2023-06-18T02:00:05.925+0000] {logging_mixin.py:137} INFO - [2023-06-18T02:00:05.924+0000] {dagbag.py:532} INFO - Filling up the DagBag from /opt/airflow/dags/dag_ingestion_kaggle_zip.py
[2023-06-18T02:00:07.935+0000] {processor.py:753} INFO - DAG(s) dict_keys(['data_ingestion_gcs_dag']) retrieved from /opt/airflow/dags/dag_ingestion_kaggle_zip.py
[2023-06-18T02:00:08.046+0000] {logging_mixin.py:137} INFO - [2023-06-18T02:00:08.045+0000] {dag.py:2693} INFO - Sync 1 DAGs
[2023-06-18T02:00:08.089+0000] {logging_mixin.py:137} INFO - [2023-06-18T02:00:08.088+0000] {dag.py:3444} INFO - Setting next_dagrun for data_ingestion_gcs_dag to 2023-06-18T00:00:00+00:00, run_after=2023-06-19T00:00:00+00:00
[2023-06-18T02:00:08.138+0000] {processor.py:175} INFO - Processing /opt/airflow/dags/dag_ingestion_kaggle_zip.py took 2.237 seconds
[2023-06-18T02:00:38.259+0000] {processor.py:153} INFO - Started process (PID=1838) to work on /opt/airflow/dags/dag_ingestion_kaggle_zip.py
[2023-06-18T02:00:38.262+0000] {processor.py:743} INFO - Processing file /opt/airflow/dags/dag_ingestion_kaggle_zip.py for tasks to queue
[2023-06-18T02:00:38.264+0000] {logging_mixin.py:137} INFO - [2023-06-18T02:00:38.263+0000] {dagbag.py:532} INFO - Filling up the DagBag from /opt/airflow/dags/dag_ingestion_kaggle_zip.py
[2023-06-18T02:00:39.294+0000] {processor.py:753} INFO - DAG(s) dict_keys(['data_ingestion_gcs_dag']) retrieved from /opt/airflow/dags/dag_ingestion_kaggle_zip.py
[2023-06-18T02:00:39.332+0000] {logging_mixin.py:137} INFO - [2023-06-18T02:00:39.331+0000] {dag.py:2693} INFO - Sync 1 DAGs
[2023-06-18T02:00:39.383+0000] {logging_mixin.py:137} INFO - [2023-06-18T02:00:39.382+0000] {dag.py:3444} INFO - Setting next_dagrun for data_ingestion_gcs_dag to 2023-06-18T00:00:00+00:00, run_after=2023-06-19T00:00:00+00:00
[2023-06-18T02:00:39.421+0000] {processor.py:175} INFO - Processing /opt/airflow/dags/dag_ingestion_kaggle_zip.py took 1.165 seconds
[2023-06-18T02:01:10.057+0000] {processor.py:153} INFO - Started process (PID=1874) to work on /opt/airflow/dags/dag_ingestion_kaggle_zip.py
[2023-06-18T02:01:10.058+0000] {processor.py:743} INFO - Processing file /opt/airflow/dags/dag_ingestion_kaggle_zip.py for tasks to queue
[2023-06-18T02:01:10.060+0000] {logging_mixin.py:137} INFO - [2023-06-18T02:01:10.060+0000] {dagbag.py:532} INFO - Filling up the DagBag from /opt/airflow/dags/dag_ingestion_kaggle_zip.py
[2023-06-18T02:01:10.822+0000] {processor.py:753} INFO - DAG(s) dict_keys(['data_ingestion_gcs_dag']) retrieved from /opt/airflow/dags/dag_ingestion_kaggle_zip.py
[2023-06-18T02:01:10.836+0000] {logging_mixin.py:137} INFO - [2023-06-18T02:01:10.835+0000] {dag.py:2693} INFO - Sync 1 DAGs
[2023-06-18T02:01:10.872+0000] {logging_mixin.py:137} INFO - [2023-06-18T02:01:10.872+0000] {dag.py:3444} INFO - Setting next_dagrun for data_ingestion_gcs_dag to 2023-06-18T00:00:00+00:00, run_after=2023-06-19T00:00:00+00:00
[2023-06-18T02:01:10.900+0000] {processor.py:175} INFO - Processing /opt/airflow/dags/dag_ingestion_kaggle_zip.py took 0.846 seconds
[2023-06-18T02:01:41.254+0000] {processor.py:153} INFO - Started process (PID=1919) to work on /opt/airflow/dags/dag_ingestion_kaggle_zip.py
[2023-06-18T02:01:41.258+0000] {processor.py:743} INFO - Processing file /opt/airflow/dags/dag_ingestion_kaggle_zip.py for tasks to queue
[2023-06-18T02:01:41.273+0000] {logging_mixin.py:137} INFO - [2023-06-18T02:01:41.273+0000] {dagbag.py:532} INFO - Filling up the DagBag from /opt/airflow/dags/dag_ingestion_kaggle_zip.py
[2023-06-18T02:01:42.688+0000] {processor.py:753} INFO - DAG(s) dict_keys(['data_ingestion_gcs_dag']) retrieved from /opt/airflow/dags/dag_ingestion_kaggle_zip.py
[2023-06-18T02:01:42.794+0000] {logging_mixin.py:137} INFO - [2023-06-18T02:01:42.793+0000] {dag.py:2693} INFO - Sync 1 DAGs
[2023-06-18T02:01:42.839+0000] {logging_mixin.py:137} INFO - [2023-06-18T02:01:42.839+0000] {dag.py:3444} INFO - Setting next_dagrun for data_ingestion_gcs_dag to 2023-06-18T00:00:00+00:00, run_after=2023-06-19T00:00:00+00:00
[2023-06-18T02:01:42.878+0000] {processor.py:175} INFO - Processing /opt/airflow/dags/dag_ingestion_kaggle_zip.py took 1.630 seconds
[2023-06-18T02:02:13.309+0000] {processor.py:153} INFO - Started process (PID=1957) to work on /opt/airflow/dags/dag_ingestion_kaggle_zip.py
[2023-06-18T02:02:13.311+0000] {processor.py:743} INFO - Processing file /opt/airflow/dags/dag_ingestion_kaggle_zip.py for tasks to queue
[2023-06-18T02:02:13.312+0000] {logging_mixin.py:137} INFO - [2023-06-18T02:02:13.312+0000] {dagbag.py:532} INFO - Filling up the DagBag from /opt/airflow/dags/dag_ingestion_kaggle_zip.py
[2023-06-18T02:02:14.192+0000] {processor.py:753} INFO - DAG(s) dict_keys(['data_ingestion_gcs_dag']) retrieved from /opt/airflow/dags/dag_ingestion_kaggle_zip.py
[2023-06-18T02:02:14.219+0000] {logging_mixin.py:137} INFO - [2023-06-18T02:02:14.217+0000] {dag.py:2693} INFO - Sync 1 DAGs
[2023-06-18T02:02:14.252+0000] {logging_mixin.py:137} INFO - [2023-06-18T02:02:14.252+0000] {dag.py:3444} INFO - Setting next_dagrun for data_ingestion_gcs_dag to 2023-06-18T00:00:00+00:00, run_after=2023-06-19T00:00:00+00:00
[2023-06-18T02:02:14.279+0000] {processor.py:175} INFO - Processing /opt/airflow/dags/dag_ingestion_kaggle_zip.py took 0.972 seconds
[2023-06-18T02:02:44.674+0000] {processor.py:153} INFO - Started process (PID=1993) to work on /opt/airflow/dags/dag_ingestion_kaggle_zip.py
[2023-06-18T02:02:44.676+0000] {processor.py:743} INFO - Processing file /opt/airflow/dags/dag_ingestion_kaggle_zip.py for tasks to queue
[2023-06-18T02:02:44.678+0000] {logging_mixin.py:137} INFO - [2023-06-18T02:02:44.677+0000] {dagbag.py:532} INFO - Filling up the DagBag from /opt/airflow/dags/dag_ingestion_kaggle_zip.py
[2023-06-18T02:02:45.430+0000] {processor.py:753} INFO - DAG(s) dict_keys(['data_ingestion_gcs_dag']) retrieved from /opt/airflow/dags/dag_ingestion_kaggle_zip.py
[2023-06-18T02:02:45.453+0000] {logging_mixin.py:137} INFO - [2023-06-18T02:02:45.452+0000] {dag.py:2693} INFO - Sync 1 DAGs
[2023-06-18T02:02:45.489+0000] {logging_mixin.py:137} INFO - [2023-06-18T02:02:45.489+0000] {dag.py:3444} INFO - Setting next_dagrun for data_ingestion_gcs_dag to 2023-06-18T00:00:00+00:00, run_after=2023-06-19T00:00:00+00:00
[2023-06-18T02:02:45.520+0000] {processor.py:175} INFO - Processing /opt/airflow/dags/dag_ingestion_kaggle_zip.py took 0.848 seconds
[2023-06-18T02:03:16.100+0000] {processor.py:153} INFO - Started process (PID=2030) to work on /opt/airflow/dags/dag_ingestion_kaggle_zip.py
[2023-06-18T02:03:16.102+0000] {processor.py:743} INFO - Processing file /opt/airflow/dags/dag_ingestion_kaggle_zip.py for tasks to queue
[2023-06-18T02:03:16.103+0000] {logging_mixin.py:137} INFO - [2023-06-18T02:03:16.103+0000] {dagbag.py:532} INFO - Filling up the DagBag from /opt/airflow/dags/dag_ingestion_kaggle_zip.py
[2023-06-18T02:03:17.251+0000] {processor.py:753} INFO - DAG(s) dict_keys(['data_ingestion_gcs_dag']) retrieved from /opt/airflow/dags/dag_ingestion_kaggle_zip.py
[2023-06-18T02:03:17.407+0000] {logging_mixin.py:137} INFO - [2023-06-18T02:03:17.406+0000] {dag.py:2693} INFO - Sync 1 DAGs
[2023-06-18T02:03:17.455+0000] {logging_mixin.py:137} INFO - [2023-06-18T02:03:17.454+0000] {dag.py:3444} INFO - Setting next_dagrun for data_ingestion_gcs_dag to 2023-06-18T00:00:00+00:00, run_after=2023-06-19T00:00:00+00:00
[2023-06-18T02:03:17.489+0000] {processor.py:175} INFO - Processing /opt/airflow/dags/dag_ingestion_kaggle_zip.py took 1.392 seconds
[2023-06-18T02:03:47.727+0000] {processor.py:153} INFO - Started process (PID=2078) to work on /opt/airflow/dags/dag_ingestion_kaggle_zip.py
[2023-06-18T02:03:47.729+0000] {processor.py:743} INFO - Processing file /opt/airflow/dags/dag_ingestion_kaggle_zip.py for tasks to queue
[2023-06-18T02:03:47.730+0000] {logging_mixin.py:137} INFO - [2023-06-18T02:03:47.730+0000] {dagbag.py:532} INFO - Filling up the DagBag from /opt/airflow/dags/dag_ingestion_kaggle_zip.py
[2023-06-18T02:03:49.176+0000] {processor.py:753} INFO - DAG(s) dict_keys(['data_ingestion_gcs_dag']) retrieved from /opt/airflow/dags/dag_ingestion_kaggle_zip.py
[2023-06-18T02:03:49.208+0000] {logging_mixin.py:137} INFO - [2023-06-18T02:03:49.207+0000] {dag.py:2693} INFO - Sync 1 DAGs
[2023-06-18T02:03:49.256+0000] {logging_mixin.py:137} INFO - [2023-06-18T02:03:49.256+0000] {dag.py:3444} INFO - Setting next_dagrun for data_ingestion_gcs_dag to 2023-06-18T00:00:00+00:00, run_after=2023-06-19T00:00:00+00:00
[2023-06-18T02:03:49.339+0000] {processor.py:175} INFO - Processing /opt/airflow/dags/dag_ingestion_kaggle_zip.py took 1.616 seconds
[2023-06-18T08:46:50.886+0000] {processor.py:153} INFO - Started process (PID=52) to work on /opt/airflow/dags/dag_ingestion_kaggle_zip.py
[2023-06-18T08:46:50.887+0000] {processor.py:743} INFO - Processing file /opt/airflow/dags/dag_ingestion_kaggle_zip.py for tasks to queue
[2023-06-18T08:46:50.889+0000] {logging_mixin.py:137} INFO - [2023-06-18T08:46:50.889+0000] {dagbag.py:532} INFO - Filling up the DagBag from /opt/airflow/dags/dag_ingestion_kaggle_zip.py
[2023-06-18T08:46:52.007+0000] {processor.py:753} INFO - DAG(s) dict_keys(['data_ingestion_gcs_dag']) retrieved from /opt/airflow/dags/dag_ingestion_kaggle_zip.py
[2023-06-18T08:46:52.029+0000] {logging_mixin.py:137} INFO - [2023-06-18T08:46:52.028+0000] {dag.py:2693} INFO - Sync 1 DAGs
[2023-06-18T08:46:52.076+0000] {logging_mixin.py:137} INFO - [2023-06-18T08:46:52.076+0000] {dag.py:3444} INFO - Setting next_dagrun for data_ingestion_gcs_dag to 2023-06-18T00:00:00+00:00, run_after=2023-06-19T00:00:00+00:00
[2023-06-18T08:46:52.108+0000] {processor.py:175} INFO - Processing /opt/airflow/dags/dag_ingestion_kaggle_zip.py took 1.225 seconds
[2023-06-18T08:47:26.471+0000] {processor.py:153} INFO - Started process (PID=100) to work on /opt/airflow/dags/dag_ingestion_kaggle_zip.py
[2023-06-18T08:47:26.473+0000] {processor.py:743} INFO - Processing file /opt/airflow/dags/dag_ingestion_kaggle_zip.py for tasks to queue
[2023-06-18T08:47:26.474+0000] {logging_mixin.py:137} INFO - [2023-06-18T08:47:26.474+0000] {dagbag.py:532} INFO - Filling up the DagBag from /opt/airflow/dags/dag_ingestion_kaggle_zip.py
[2023-06-18T08:47:27.239+0000] {processor.py:753} INFO - DAG(s) dict_keys(['data_ingestion_gcs_dag']) retrieved from /opt/airflow/dags/dag_ingestion_kaggle_zip.py
[2023-06-18T08:47:27.317+0000] {logging_mixin.py:137} INFO - [2023-06-18T08:47:27.316+0000] {dag.py:2693} INFO - Sync 1 DAGs
[2023-06-18T08:47:27.350+0000] {logging_mixin.py:137} INFO - [2023-06-18T08:47:27.349+0000] {dag.py:3444} INFO - Setting next_dagrun for data_ingestion_gcs_dag to 2023-06-18T00:00:00+00:00, run_after=2023-06-19T00:00:00+00:00
[2023-06-18T08:47:27.382+0000] {processor.py:175} INFO - Processing /opt/airflow/dags/dag_ingestion_kaggle_zip.py took 0.914 seconds
[2023-06-18T08:47:57.865+0000] {processor.py:153} INFO - Started process (PID=136) to work on /opt/airflow/dags/dag_ingestion_kaggle_zip.py
[2023-06-18T08:47:57.868+0000] {processor.py:743} INFO - Processing file /opt/airflow/dags/dag_ingestion_kaggle_zip.py for tasks to queue
[2023-06-18T08:47:57.869+0000] {logging_mixin.py:137} INFO - [2023-06-18T08:47:57.869+0000] {dagbag.py:532} INFO - Filling up the DagBag from /opt/airflow/dags/dag_ingestion_kaggle_zip.py
[2023-06-18T08:47:58.687+0000] {processor.py:753} INFO - DAG(s) dict_keys(['data_ingestion_gcs_dag']) retrieved from /opt/airflow/dags/dag_ingestion_kaggle_zip.py
[2023-06-18T08:47:58.701+0000] {logging_mixin.py:137} INFO - [2023-06-18T08:47:58.699+0000] {dag.py:2693} INFO - Sync 1 DAGs
[2023-06-18T08:47:58.727+0000] {logging_mixin.py:137} INFO - [2023-06-18T08:47:58.727+0000] {dag.py:3444} INFO - Setting next_dagrun for data_ingestion_gcs_dag to 2023-06-18T00:00:00+00:00, run_after=2023-06-19T00:00:00+00:00
[2023-06-18T08:47:58.753+0000] {processor.py:175} INFO - Processing /opt/airflow/dags/dag_ingestion_kaggle_zip.py took 0.891 seconds
[2023-06-18T08:48:32.440+0000] {processor.py:153} INFO - Started process (PID=186) to work on /opt/airflow/dags/dag_ingestion_kaggle_zip.py
[2023-06-18T08:48:32.442+0000] {processor.py:743} INFO - Processing file /opt/airflow/dags/dag_ingestion_kaggle_zip.py for tasks to queue
[2023-06-18T08:48:32.443+0000] {logging_mixin.py:137} INFO - [2023-06-18T08:48:32.443+0000] {dagbag.py:532} INFO - Filling up the DagBag from /opt/airflow/dags/dag_ingestion_kaggle_zip.py
[2023-06-18T08:48:33.585+0000] {processor.py:753} INFO - DAG(s) dict_keys(['data_ingestion_gcs_dag']) retrieved from /opt/airflow/dags/dag_ingestion_kaggle_zip.py
[2023-06-18T08:48:33.690+0000] {logging_mixin.py:137} INFO - [2023-06-18T08:48:33.689+0000] {dag.py:2693} INFO - Sync 1 DAGs
[2023-06-18T08:48:33.727+0000] {logging_mixin.py:137} INFO - [2023-06-18T08:48:33.726+0000] {dag.py:3444} INFO - Setting next_dagrun for data_ingestion_gcs_dag to 2023-06-18T00:00:00+00:00, run_after=2023-06-19T00:00:00+00:00
[2023-06-18T08:48:33.758+0000] {processor.py:175} INFO - Processing /opt/airflow/dags/dag_ingestion_kaggle_zip.py took 1.321 seconds
[2023-06-18T08:49:04.119+0000] {processor.py:153} INFO - Started process (PID=222) to work on /opt/airflow/dags/dag_ingestion_kaggle_zip.py
[2023-06-18T08:49:04.121+0000] {processor.py:743} INFO - Processing file /opt/airflow/dags/dag_ingestion_kaggle_zip.py for tasks to queue
[2023-06-18T08:49:04.122+0000] {logging_mixin.py:137} INFO - [2023-06-18T08:49:04.122+0000] {dagbag.py:532} INFO - Filling up the DagBag from /opt/airflow/dags/dag_ingestion_kaggle_zip.py
[2023-06-18T08:49:04.841+0000] {processor.py:753} INFO - DAG(s) dict_keys(['data_ingestion_gcs_dag']) retrieved from /opt/airflow/dags/dag_ingestion_kaggle_zip.py
[2023-06-18T08:49:04.852+0000] {logging_mixin.py:137} INFO - [2023-06-18T08:49:04.851+0000] {dag.py:2693} INFO - Sync 1 DAGs
[2023-06-18T08:49:04.880+0000] {logging_mixin.py:137} INFO - [2023-06-18T08:49:04.880+0000] {dag.py:3444} INFO - Setting next_dagrun for data_ingestion_gcs_dag to 2023-06-18T00:00:00+00:00, run_after=2023-06-19T00:00:00+00:00
[2023-06-18T08:49:04.905+0000] {processor.py:175} INFO - Processing /opt/airflow/dags/dag_ingestion_kaggle_zip.py took 0.789 seconds
[2023-06-18T08:49:36.727+0000] {processor.py:153} INFO - Started process (PID=258) to work on /opt/airflow/dags/dag_ingestion_kaggle_zip.py
[2023-06-18T08:49:36.732+0000] {processor.py:743} INFO - Processing file /opt/airflow/dags/dag_ingestion_kaggle_zip.py for tasks to queue
[2023-06-18T08:49:36.734+0000] {logging_mixin.py:137} INFO - [2023-06-18T08:49:36.734+0000] {dagbag.py:532} INFO - Filling up the DagBag from /opt/airflow/dags/dag_ingestion_kaggle_zip.py
[2023-06-18T08:49:37.912+0000] {processor.py:753} INFO - DAG(s) dict_keys(['data_ingestion_gcs_dag']) retrieved from /opt/airflow/dags/dag_ingestion_kaggle_zip.py
[2023-06-18T08:49:38.100+0000] {logging_mixin.py:137} INFO - [2023-06-18T08:49:38.099+0000] {dag.py:2693} INFO - Sync 1 DAGs
[2023-06-18T08:49:38.137+0000] {logging_mixin.py:137} INFO - [2023-06-18T08:49:38.137+0000] {dag.py:3444} INFO - Setting next_dagrun for data_ingestion_gcs_dag to 2023-06-18T00:00:00+00:00, run_after=2023-06-19T00:00:00+00:00
[2023-06-18T08:49:38.171+0000] {processor.py:175} INFO - Processing /opt/airflow/dags/dag_ingestion_kaggle_zip.py took 1.447 seconds
[2023-06-18T08:50:14.183+0000] {processor.py:153} INFO - Started process (PID=305) to work on /opt/airflow/dags/dag_ingestion_kaggle_zip.py
[2023-06-18T08:50:14.195+0000] {processor.py:743} INFO - Processing file /opt/airflow/dags/dag_ingestion_kaggle_zip.py for tasks to queue
[2023-06-18T08:50:14.212+0000] {logging_mixin.py:137} INFO - [2023-06-18T08:50:14.211+0000] {dagbag.py:532} INFO - Filling up the DagBag from /opt/airflow/dags/dag_ingestion_kaggle_zip.py
[2023-06-18T08:50:17.081+0000] {processor.py:753} INFO - DAG(s) dict_keys(['data_ingestion_gcs_dag']) retrieved from /opt/airflow/dags/dag_ingestion_kaggle_zip.py
[2023-06-18T08:50:17.100+0000] {logging_mixin.py:137} INFO - [2023-06-18T08:50:17.099+0000] {dag.py:2693} INFO - Sync 1 DAGs
[2023-06-18T08:50:17.147+0000] {logging_mixin.py:137} INFO - [2023-06-18T08:50:17.146+0000] {dag.py:3444} INFO - Setting next_dagrun for data_ingestion_gcs_dag to 2023-06-18T00:00:00+00:00, run_after=2023-06-19T00:00:00+00:00
[2023-06-18T08:50:17.238+0000] {processor.py:175} INFO - Processing /opt/airflow/dags/dag_ingestion_kaggle_zip.py took 3.065 seconds
[2023-06-18T08:50:55.404+0000] {processor.py:153} INFO - Started process (PID=341) to work on /opt/airflow/dags/dag_ingestion_kaggle_zip.py
[2023-06-18T08:50:55.405+0000] {processor.py:743} INFO - Processing file /opt/airflow/dags/dag_ingestion_kaggle_zip.py for tasks to queue
[2023-06-18T08:50:55.407+0000] {logging_mixin.py:137} INFO - [2023-06-18T08:50:55.407+0000] {dagbag.py:532} INFO - Filling up the DagBag from /opt/airflow/dags/dag_ingestion_kaggle_zip.py
[2023-06-18T08:50:57.427+0000] {processor.py:753} INFO - DAG(s) dict_keys(['data_ingestion_gcs_dag']) retrieved from /opt/airflow/dags/dag_ingestion_kaggle_zip.py
[2023-06-18T08:50:57.548+0000] {logging_mixin.py:137} INFO - [2023-06-18T08:50:57.547+0000] {dag.py:2693} INFO - Sync 1 DAGs
[2023-06-18T08:50:57.650+0000] {logging_mixin.py:137} INFO - [2023-06-18T08:50:57.650+0000] {dag.py:3444} INFO - Setting next_dagrun for data_ingestion_gcs_dag to 2023-06-18T00:00:00+00:00, run_after=2023-06-19T00:00:00+00:00
[2023-06-18T08:50:57.746+0000] {processor.py:175} INFO - Processing /opt/airflow/dags/dag_ingestion_kaggle_zip.py took 2.348 seconds
[2023-06-18T08:51:28.567+0000] {processor.py:153} INFO - Started process (PID=376) to work on /opt/airflow/dags/dag_ingestion_kaggle_zip.py
[2023-06-18T08:51:28.568+0000] {processor.py:743} INFO - Processing file /opt/airflow/dags/dag_ingestion_kaggle_zip.py for tasks to queue
[2023-06-18T08:51:28.570+0000] {logging_mixin.py:137} INFO - [2023-06-18T08:51:28.570+0000] {dagbag.py:532} INFO - Filling up the DagBag from /opt/airflow/dags/dag_ingestion_kaggle_zip.py
[2023-06-18T08:51:29.787+0000] {processor.py:753} INFO - DAG(s) dict_keys(['data_ingestion_gcs_dag']) retrieved from /opt/airflow/dags/dag_ingestion_kaggle_zip.py
[2023-06-18T08:51:29.804+0000] {logging_mixin.py:137} INFO - [2023-06-18T08:51:29.802+0000] {dag.py:2693} INFO - Sync 1 DAGs
[2023-06-18T08:51:29.845+0000] {logging_mixin.py:137} INFO - [2023-06-18T08:51:29.844+0000] {dag.py:3444} INFO - Setting next_dagrun for data_ingestion_gcs_dag to 2023-06-18T00:00:00+00:00, run_after=2023-06-19T00:00:00+00:00
[2023-06-18T08:51:29.877+0000] {processor.py:175} INFO - Processing /opt/airflow/dags/dag_ingestion_kaggle_zip.py took 1.313 seconds
[2023-06-18T08:52:02.157+0000] {processor.py:153} INFO - Started process (PID=412) to work on /opt/airflow/dags/dag_ingestion_kaggle_zip.py
[2023-06-18T08:52:02.159+0000] {processor.py:743} INFO - Processing file /opt/airflow/dags/dag_ingestion_kaggle_zip.py for tasks to queue
[2023-06-18T08:52:02.160+0000] {logging_mixin.py:137} INFO - [2023-06-18T08:52:02.160+0000] {dagbag.py:532} INFO - Filling up the DagBag from /opt/airflow/dags/dag_ingestion_kaggle_zip.py
[2023-06-18T08:52:03.244+0000] {processor.py:753} INFO - DAG(s) dict_keys(['data_ingestion_gcs_dag']) retrieved from /opt/airflow/dags/dag_ingestion_kaggle_zip.py
[2023-06-18T08:52:03.332+0000] {logging_mixin.py:137} INFO - [2023-06-18T08:52:03.332+0000] {dag.py:2693} INFO - Sync 1 DAGs
[2023-06-18T08:52:03.377+0000] {logging_mixin.py:137} INFO - [2023-06-18T08:52:03.377+0000] {dag.py:3444} INFO - Setting next_dagrun for data_ingestion_gcs_dag to 2023-06-18T00:00:00+00:00, run_after=2023-06-19T00:00:00+00:00
[2023-06-18T08:52:03.434+0000] {processor.py:175} INFO - Processing /opt/airflow/dags/dag_ingestion_kaggle_zip.py took 1.280 seconds
[2023-06-18T08:53:02.586+0000] {processor.py:153} INFO - Started process (PID=458) to work on /opt/airflow/dags/dag_ingestion_kaggle_zip.py
[2023-06-18T08:53:02.589+0000] {processor.py:743} INFO - Processing file /opt/airflow/dags/dag_ingestion_kaggle_zip.py for tasks to queue
[2023-06-18T08:53:02.595+0000] {logging_mixin.py:137} INFO - [2023-06-18T08:53:02.594+0000] {dagbag.py:532} INFO - Filling up the DagBag from /opt/airflow/dags/dag_ingestion_kaggle_zip.py
[2023-06-18T08:53:10.027+0000] {processor.py:753} INFO - DAG(s) dict_keys(['data_ingestion_gcs_dag']) retrieved from /opt/airflow/dags/dag_ingestion_kaggle_zip.py
[2023-06-18T08:53:10.145+0000] {logging_mixin.py:137} INFO - [2023-06-18T08:53:10.143+0000] {dag.py:2693} INFO - Sync 1 DAGs
[2023-06-18T08:53:10.274+0000] {logging_mixin.py:137} INFO - [2023-06-18T08:53:10.273+0000] {dag.py:3444} INFO - Setting next_dagrun for data_ingestion_gcs_dag to 2023-06-18T00:00:00+00:00, run_after=2023-06-19T00:00:00+00:00
[2023-06-18T08:53:10.367+0000] {processor.py:175} INFO - Processing /opt/airflow/dags/dag_ingestion_kaggle_zip.py took 7.805 seconds
