[2023-06-16T00:22:52.286+0000] {taskinstance.py:1084} INFO - Dependencies all met for dep_context=non-requeueable deps ti=<TaskInstance: data_ingestion_gcs_dag.download_dataset_task manual__2023-06-16T00:22:49.178007+00:00 [queued]>
[2023-06-16T00:22:52.299+0000] {taskinstance.py:1084} INFO - Dependencies all met for dep_context=requeueable deps ti=<TaskInstance: data_ingestion_gcs_dag.download_dataset_task manual__2023-06-16T00:22:49.178007+00:00 [queued]>
[2023-06-16T00:22:52.300+0000] {taskinstance.py:1282} INFO - 
--------------------------------------------------------------------------------
[2023-06-16T00:22:52.301+0000] {taskinstance.py:1283} INFO - Starting attempt 1 of 2
[2023-06-16T00:22:52.302+0000] {taskinstance.py:1284} INFO - 
--------------------------------------------------------------------------------
[2023-06-16T00:22:52.323+0000] {taskinstance.py:1303} INFO - Executing <Task(BashOperator): download_dataset_task> on 2023-06-16 00:22:49.178007+00:00
[2023-06-16T00:22:52.332+0000] {standard_task_runner.py:55} INFO - Started process 3398 to run task
[2023-06-16T00:22:52.335+0000] {standard_task_runner.py:82} INFO - Running: ['***', 'tasks', 'run', 'data_ingestion_gcs_dag', 'download_dataset_task', 'manual__2023-06-16T00:22:49.178007+00:00', '--job-id', '493', '--raw', '--subdir', 'DAGS_FOLDER/data_ingestion_gcs_dag.py', '--cfg-path', '/tmp/tmpf8f2papo']
[2023-06-16T00:22:52.337+0000] {standard_task_runner.py:83} INFO - Job 493: Subtask download_dataset_task
[2023-06-16T00:22:52.415+0000] {task_command.py:388} INFO - Running <TaskInstance: data_ingestion_gcs_dag.download_dataset_task manual__2023-06-16T00:22:49.178007+00:00 [running]> on host 5ecaba85f1b3
[2023-06-16T00:22:52.513+0000] {taskinstance.py:1511} INFO - Exporting the following env vars:
AIRFLOW_CTX_DAG_OWNER=***
AIRFLOW_CTX_DAG_ID=data_ingestion_gcs_dag
AIRFLOW_CTX_TASK_ID=download_dataset_task
AIRFLOW_CTX_EXECUTION_DATE=2023-06-16T00:22:49.178007+00:00
AIRFLOW_CTX_TRY_NUMBER=1
AIRFLOW_CTX_DAG_RUN_ID=manual__2023-06-16T00:22:49.178007+00:00
[2023-06-16T00:22:52.515+0000] {subprocess.py:63} INFO - Tmp dir root location: 
 /tmp
[2023-06-16T00:22:52.518+0000] {subprocess.py:75} INFO - Running command: ['/bin/bash', '-c', '\n        cd /opt/*** &&\n        if [ ! -d direct-messaging ]; then\n            mkdir direct-messaging &&\n            cd direct-messaging &&\n            wget kaggle datasets download -d mkechinov/direct-messaging -O direct-messaging.zip --quiet &&\n            unzip direct-messaging.zip && \n            rm direct-messaging.zip\n        elif [ -d direct-messaging ]; then\n            cd direct-messaging &&\n            ls\n        fi\n        ']
[2023-06-16T00:22:52.538+0000] {subprocess.py:86} INFO - Output:
[2023-06-16T00:22:52.555+0000] {subprocess.py:93} INFO - campaigns.csv
[2023-06-16T00:22:52.556+0000] {subprocess.py:93} INFO - holidays.parquet
[2023-06-16T00:22:52.557+0000] {subprocess.py:93} INFO - messages-demo.csv
[2023-06-16T00:22:52.558+0000] {subprocess.py:97} INFO - Command exited with return code 0
[2023-06-16T00:22:52.599+0000] {taskinstance.py:1326} INFO - Marking task as SUCCESS. dag_id=data_ingestion_gcs_dag, task_id=download_dataset_task, execution_date=20230616T002249, start_date=20230616T002252, end_date=20230616T002252
[2023-06-16T00:22:52.629+0000] {local_task_job.py:212} INFO - Task exited with return code 0
[2023-06-16T00:22:52.664+0000] {taskinstance.py:2585} INFO - 1 downstream tasks scheduled from follow-on schedule check
