[2023-06-15T11:35:40.692+0000] {taskinstance.py:1084} INFO - Dependencies all met for dep_context=non-requeueable deps ti=<TaskInstance: data_ingestion_gcs_dag.unzip_task manual__2023-06-15T11:35:29.256267+00:00 [queued]>
[2023-06-15T11:35:40.722+0000] {taskinstance.py:1084} INFO - Dependencies all met for dep_context=requeueable deps ti=<TaskInstance: data_ingestion_gcs_dag.unzip_task manual__2023-06-15T11:35:29.256267+00:00 [queued]>
[2023-06-15T11:35:40.723+0000] {taskinstance.py:1282} INFO - 
--------------------------------------------------------------------------------
[2023-06-15T11:35:40.724+0000] {taskinstance.py:1283} INFO - Starting attempt 1 of 2
[2023-06-15T11:35:40.725+0000] {taskinstance.py:1284} INFO - 
--------------------------------------------------------------------------------
[2023-06-15T11:35:40.754+0000] {taskinstance.py:1303} INFO - Executing <Task(BashOperator): unzip_task> on 2023-06-15 11:35:29.256267+00:00
[2023-06-15T11:35:40.795+0000] {standard_task_runner.py:55} INFO - Started process 16040 to run task
[2023-06-15T11:35:40.822+0000] {standard_task_runner.py:82} INFO - Running: ['***', 'tasks', 'run', 'data_ingestion_gcs_dag', 'unzip_task', 'manual__2023-06-15T11:35:29.256267+00:00', '--job-id', '388', '--raw', '--subdir', 'DAGS_FOLDER/data_ingestion_gcs_dag.py', '--cfg-path', '/tmp/tmpc5s7f55u']
[2023-06-15T11:35:40.826+0000] {standard_task_runner.py:83} INFO - Job 388: Subtask unzip_task
[2023-06-15T11:35:40.999+0000] {task_command.py:388} INFO - Running <TaskInstance: data_ingestion_gcs_dag.unzip_task manual__2023-06-15T11:35:29.256267+00:00 [running]> on host 658b05ff6f1a
[2023-06-15T11:35:41.263+0000] {taskinstance.py:1511} INFO - Exporting the following env vars:
AIRFLOW_CTX_DAG_OWNER=***
AIRFLOW_CTX_DAG_ID=data_ingestion_gcs_dag
AIRFLOW_CTX_TASK_ID=unzip_task
AIRFLOW_CTX_EXECUTION_DATE=2023-06-15T11:35:29.256267+00:00
AIRFLOW_CTX_TRY_NUMBER=1
AIRFLOW_CTX_DAG_RUN_ID=manual__2023-06-15T11:35:29.256267+00:00
[2023-06-15T11:35:41.267+0000] {subprocess.py:63} INFO - Tmp dir root location: 
 /tmp
[2023-06-15T11:35:41.274+0000] {subprocess.py:75} INFO - Running command: ['/bin/bash', '-c', 'unzip -o /opt/***/data-science-salaries-2023.zip -d /opt/***/']
[2023-06-15T11:35:41.350+0000] {subprocess.py:86} INFO - Output:
[2023-06-15T11:35:41.387+0000] {subprocess.py:93} INFO - Archive:  /opt/***/data-science-salaries-2023.zip
[2023-06-15T11:35:41.422+0000] {subprocess.py:93} INFO -   inflating: /opt/***/ds_salaries.csv
[2023-06-15T11:35:41.429+0000] {subprocess.py:97} INFO - Command exited with return code 0
[2023-06-15T11:35:41.488+0000] {taskinstance.py:1326} INFO - Marking task as SUCCESS. dag_id=data_ingestion_gcs_dag, task_id=unzip_task, execution_date=20230615T113529, start_date=20230615T113540, end_date=20230615T113541
[2023-06-15T11:35:41.559+0000] {local_task_job.py:212} INFO - Task exited with return code 0
[2023-06-15T11:35:41.587+0000] {taskinstance.py:2585} INFO - 0 downstream tasks scheduled from follow-on schedule check
