[2023-06-14T22:52:37.537+0000] {taskinstance.py:1084} INFO - Dependencies all met for dep_context=non-requeueable deps ti=<TaskInstance: data_ingestion_gcs_dag.local_to_gcs_task manual__2023-06-14T22:26:48.530666+00:00 [queued]>
[2023-06-14T22:52:37.569+0000] {taskinstance.py:1084} INFO - Dependencies all met for dep_context=requeueable deps ti=<TaskInstance: data_ingestion_gcs_dag.local_to_gcs_task manual__2023-06-14T22:26:48.530666+00:00 [queued]>
[2023-06-14T22:52:37.577+0000] {taskinstance.py:1282} INFO - 
--------------------------------------------------------------------------------
[2023-06-14T22:52:37.579+0000] {taskinstance.py:1283} INFO - Starting attempt 1 of 2
[2023-06-14T22:52:37.580+0000] {taskinstance.py:1284} INFO - 
--------------------------------------------------------------------------------
[2023-06-14T22:52:37.627+0000] {taskinstance.py:1303} INFO - Executing <Task(PythonOperator): local_to_gcs_task> on 2023-06-14 22:26:48.530666+00:00
[2023-06-14T22:52:37.661+0000] {standard_task_runner.py:55} INFO - Started process 1571 to run task
[2023-06-14T22:52:37.665+0000] {standard_task_runner.py:82} INFO - Running: ['***', 'tasks', 'run', 'data_ingestion_gcs_dag', 'local_to_gcs_task', 'manual__2023-06-14T22:26:48.530666+00:00', '--job-id', '192', '--raw', '--subdir', 'DAGS_FOLDER/data_ingestion_gcs_dag.py', '--cfg-path', '/tmp/tmpnqd0xho1']
[2023-06-14T22:52:37.670+0000] {standard_task_runner.py:83} INFO - Job 192: Subtask local_to_gcs_task
[2023-06-14T22:52:37.803+0000] {task_command.py:388} INFO - Running <TaskInstance: data_ingestion_gcs_dag.local_to_gcs_task manual__2023-06-14T22:26:48.530666+00:00 [running]> on host 570ce802d94a
[2023-06-14T22:52:37.950+0000] {taskinstance.py:1511} INFO - Exporting the following env vars:
AIRFLOW_CTX_DAG_OWNER=***
AIRFLOW_CTX_DAG_ID=data_ingestion_gcs_dag
AIRFLOW_CTX_TASK_ID=local_to_gcs_task
AIRFLOW_CTX_EXECUTION_DATE=2023-06-14T22:26:48.530666+00:00
AIRFLOW_CTX_TRY_NUMBER=1
AIRFLOW_CTX_DAG_RUN_ID=manual__2023-06-14T22:26:48.530666+00:00
[2023-06-14T22:52:38.117+0000] {python.py:177} INFO - Done. Returned value was: None
[2023-06-14T22:52:38.135+0000] {taskinstance.py:1326} INFO - Marking task as SUCCESS. dag_id=data_ingestion_gcs_dag, task_id=local_to_gcs_task, execution_date=20230614T222648, start_date=20230614T225237, end_date=20230614T225238
[2023-06-14T22:52:38.214+0000] {local_task_job.py:212} INFO - Task exited with return code 0
[2023-06-14T22:52:38.253+0000] {taskinstance.py:2585} INFO - 1 downstream tasks scheduled from follow-on schedule check
