[2023-06-14T12:08:51.149+0000] {taskinstance.py:1084} INFO - Dependencies all met for dep_context=non-requeueable deps ti=<TaskInstance: data_ingestion_gcs_dag.format_to_parquet_task manual__2023-06-14T12:05:30.961600+00:00 [queued]>
[2023-06-14T12:08:51.181+0000] {taskinstance.py:1084} INFO - Dependencies all met for dep_context=requeueable deps ti=<TaskInstance: data_ingestion_gcs_dag.format_to_parquet_task manual__2023-06-14T12:05:30.961600+00:00 [queued]>
[2023-06-14T12:08:51.183+0000] {taskinstance.py:1282} INFO - 
--------------------------------------------------------------------------------
[2023-06-14T12:08:51.196+0000] {taskinstance.py:1283} INFO - Starting attempt 1 of 2
[2023-06-14T12:08:51.198+0000] {taskinstance.py:1284} INFO - 
--------------------------------------------------------------------------------
[2023-06-14T12:08:51.272+0000] {taskinstance.py:1303} INFO - Executing <Task(PythonOperator): format_to_parquet_task> on 2023-06-14 12:05:30.961600+00:00
[2023-06-14T12:08:51.318+0000] {standard_task_runner.py:55} INFO - Started process 14127 to run task
[2023-06-14T12:08:51.326+0000] {standard_task_runner.py:82} INFO - Running: ['***', 'tasks', 'run', 'data_ingestion_gcs_dag', 'format_to_parquet_task', 'manual__2023-06-14T12:05:30.961600+00:00', '--job-id', '180', '--raw', '--subdir', 'DAGS_FOLDER/data_ingestion_gcs_dag.py', '--cfg-path', '/tmp/tmpsc1_jc04']
[2023-06-14T12:08:51.329+0000] {standard_task_runner.py:83} INFO - Job 180: Subtask format_to_parquet_task
[2023-06-14T12:08:51.482+0000] {task_command.py:388} INFO - Running <TaskInstance: data_ingestion_gcs_dag.format_to_parquet_task manual__2023-06-14T12:05:30.961600+00:00 [running]> on host 2adc0c380f97
[2023-06-14T12:08:51.608+0000] {taskinstance.py:1511} INFO - Exporting the following env vars:
AIRFLOW_CTX_DAG_OWNER=***
AIRFLOW_CTX_DAG_ID=data_ingestion_gcs_dag
AIRFLOW_CTX_TASK_ID=format_to_parquet_task
AIRFLOW_CTX_EXECUTION_DATE=2023-06-14T12:05:30.961600+00:00
AIRFLOW_CTX_TRY_NUMBER=1
AIRFLOW_CTX_DAG_RUN_ID=manual__2023-06-14T12:05:30.961600+00:00
[2023-06-14T12:08:51.612+0000] {data_ingestion_gcs_dag.py:44} ERROR - Can only accept source files in CSV format, for the moment
[2023-06-14T12:08:51.614+0000] {python.py:177} INFO - Done. Returned value was: None
[2023-06-14T12:08:51.632+0000] {taskinstance.py:1326} INFO - Marking task as SUCCESS. dag_id=data_ingestion_gcs_dag, task_id=format_to_parquet_task, execution_date=20230614T120530, start_date=20230614T120851, end_date=20230614T120851
[2023-06-14T12:08:51.699+0000] {local_task_job.py:212} INFO - Task exited with return code 0
[2023-06-14T12:08:51.735+0000] {taskinstance.py:2585} INFO - 0 downstream tasks scheduled from follow-on schedule check
