[2023-06-16T01:03:44.867+0000] {taskinstance.py:1084} INFO - Dependencies all met for dep_context=non-requeueable deps ti=<TaskInstance: data_ingestion_gcs_dag.download_dataset_task manual__2023-06-16T01:03:19.124519+00:00 [queued]>
[2023-06-16T01:03:44.896+0000] {taskinstance.py:1084} INFO - Dependencies all met for dep_context=requeueable deps ti=<TaskInstance: data_ingestion_gcs_dag.download_dataset_task manual__2023-06-16T01:03:19.124519+00:00 [queued]>
[2023-06-16T01:03:44.898+0000] {taskinstance.py:1282} INFO - 
--------------------------------------------------------------------------------
[2023-06-16T01:03:44.908+0000] {taskinstance.py:1283} INFO - Starting attempt 1 of 2
[2023-06-16T01:03:44.909+0000] {taskinstance.py:1284} INFO - 
--------------------------------------------------------------------------------
[2023-06-16T01:03:45.047+0000] {taskinstance.py:1303} INFO - Executing <Task(BashOperator): download_dataset_task> on 2023-06-16 01:03:19.124519+00:00
[2023-06-16T01:03:45.128+0000] {standard_task_runner.py:55} INFO - Started process 1924 to run task
[2023-06-16T01:03:45.226+0000] {standard_task_runner.py:82} INFO - Running: ['***', 'tasks', 'run', 'data_ingestion_gcs_dag', 'download_dataset_task', 'manual__2023-06-16T01:03:19.124519+00:00', '--job-id', '520', '--raw', '--subdir', 'DAGS_FOLDER/data_ingestion_gcs_dag.py', '--cfg-path', '/tmp/tmpx39iknq2']
[2023-06-16T01:03:45.269+0000] {standard_task_runner.py:83} INFO - Job 520: Subtask download_dataset_task
[2023-06-16T01:03:45.667+0000] {task_command.py:388} INFO - Running <TaskInstance: data_ingestion_gcs_dag.download_dataset_task manual__2023-06-16T01:03:19.124519+00:00 [running]> on host 2a315e4d94ac
[2023-06-16T01:03:45.796+0000] {taskinstance.py:1511} INFO - Exporting the following env vars:
AIRFLOW_CTX_DAG_OWNER=***
AIRFLOW_CTX_DAG_ID=data_ingestion_gcs_dag
AIRFLOW_CTX_TASK_ID=download_dataset_task
AIRFLOW_CTX_EXECUTION_DATE=2023-06-16T01:03:19.124519+00:00
AIRFLOW_CTX_TRY_NUMBER=1
AIRFLOW_CTX_DAG_RUN_ID=manual__2023-06-16T01:03:19.124519+00:00
[2023-06-16T01:03:45.799+0000] {subprocess.py:63} INFO - Tmp dir root location: 
 /tmp
[2023-06-16T01:03:45.805+0000] {subprocess.py:75} INFO - Running command: ['/bin/bash', '-c', '\n        cd /opt/*** &&\n        if [ ! -d weekly-patent-application-granted ]; then\n            mkdir weekly-patent-application-granted &&\n            cd weekly-patent-application-granted &&\n            kaggle datasets download -d aryansingh0909/weekly-patent-application-granted &&\n            unzip weekly-patent-application-granted.zip && \n            rm weekly-patent-application-granted.zip &&\n            ls\n        else\n            cd weekly-patent-application-granted &&\n            ls\n        fi\n        ']
[2023-06-16T01:03:45.848+0000] {subprocess.py:86} INFO - Output:
[2023-06-16T01:03:45.930+0000] {subprocess.py:93} INFO - application_details_granted_2016.parquet
[2023-06-16T01:03:45.931+0000] {subprocess.py:93} INFO - application_details_granted_2017.parquet
[2023-06-16T01:03:45.933+0000] {subprocess.py:93} INFO - application_details_granted_2018.parquet
[2023-06-16T01:03:45.934+0000] {subprocess.py:93} INFO - application_details_granted_2019.parquet
[2023-06-16T01:03:45.935+0000] {subprocess.py:93} INFO - application_details_granted_2020.parquet
[2023-06-16T01:03:45.937+0000] {subprocess.py:93} INFO - application_details_granted_2021.parquet
[2023-06-16T01:03:45.940+0000] {subprocess.py:93} INFO - application_details_granted_2022.parquet
[2023-06-16T01:03:45.941+0000] {subprocess.py:93} INFO - application_details_granted_2023.parquet
[2023-06-16T01:03:45.942+0000] {subprocess.py:97} INFO - Command exited with return code 0
[2023-06-16T01:03:46.051+0000] {taskinstance.py:1326} INFO - Marking task as SUCCESS. dag_id=data_ingestion_gcs_dag, task_id=download_dataset_task, execution_date=20230616T010319, start_date=20230616T010344, end_date=20230616T010346
[2023-06-16T01:03:46.179+0000] {local_task_job.py:212} INFO - Task exited with return code 0
[2023-06-16T01:03:46.248+0000] {taskinstance.py:2585} INFO - 1 downstream tasks scheduled from follow-on schedule check
