[2023-06-16T01:11:27.511+0000] {taskinstance.py:1084} INFO - Dependencies all met for dep_context=non-requeueable deps ti=<TaskInstance: data_ingestion_gcs_dag.download_dataset_task manual__2023-06-16T01:11:23.780656+00:00 [queued]>
[2023-06-16T01:11:27.525+0000] {taskinstance.py:1084} INFO - Dependencies all met for dep_context=requeueable deps ti=<TaskInstance: data_ingestion_gcs_dag.download_dataset_task manual__2023-06-16T01:11:23.780656+00:00 [queued]>
[2023-06-16T01:11:27.526+0000] {taskinstance.py:1282} INFO - 
--------------------------------------------------------------------------------
[2023-06-16T01:11:27.527+0000] {taskinstance.py:1283} INFO - Starting attempt 1 of 2
[2023-06-16T01:11:27.528+0000] {taskinstance.py:1284} INFO - 
--------------------------------------------------------------------------------
[2023-06-16T01:11:27.550+0000] {taskinstance.py:1303} INFO - Executing <Task(BashOperator): download_dataset_task> on 2023-06-16 01:11:23.780656+00:00
[2023-06-16T01:11:27.563+0000] {standard_task_runner.py:55} INFO - Started process 2386 to run task
[2023-06-16T01:11:27.566+0000] {standard_task_runner.py:82} INFO - Running: ['***', 'tasks', 'run', 'data_ingestion_gcs_dag', 'download_dataset_task', 'manual__2023-06-16T01:11:23.780656+00:00', '--job-id', '527', '--raw', '--subdir', 'DAGS_FOLDER/data_ingestion_gcs_dag.py', '--cfg-path', '/tmp/tmps403mnbl']
[2023-06-16T01:11:27.568+0000] {standard_task_runner.py:83} INFO - Job 527: Subtask download_dataset_task
[2023-06-16T01:11:27.662+0000] {task_command.py:388} INFO - Running <TaskInstance: data_ingestion_gcs_dag.download_dataset_task manual__2023-06-16T01:11:23.780656+00:00 [running]> on host 2a315e4d94ac
[2023-06-16T01:11:27.764+0000] {taskinstance.py:1511} INFO - Exporting the following env vars:
AIRFLOW_CTX_DAG_OWNER=***
AIRFLOW_CTX_DAG_ID=data_ingestion_gcs_dag
AIRFLOW_CTX_TASK_ID=download_dataset_task
AIRFLOW_CTX_EXECUTION_DATE=2023-06-16T01:11:23.780656+00:00
AIRFLOW_CTX_TRY_NUMBER=1
AIRFLOW_CTX_DAG_RUN_ID=manual__2023-06-16T01:11:23.780656+00:00
[2023-06-16T01:11:27.766+0000] {subprocess.py:63} INFO - Tmp dir root location: 
 /tmp
[2023-06-16T01:11:27.771+0000] {subprocess.py:75} INFO - Running command: ['/bin/bash', '-c', '\n        cd /opt/*** &&\n        if [ ! -d weekly-patent-application-granted ]; then\n            mkdir weekly-patent-application-granted &&\n            cd weekly-patent-application-granted &&\n            kaggle datasets download -d aryansingh0909/weekly-patent-application-granted &&\n            unzip weekly-patent-application-granted.zip && \n            rm weekly-patent-application-granted.zip &&\n            ls\n        else\n            cd weekly-patent-application-granted &&\n            ls\n        fi\n        ']
[2023-06-16T01:11:27.790+0000] {subprocess.py:86} INFO - Output:
[2023-06-16T01:11:27.795+0000] {subprocess.py:93} INFO - application_details_granted_2016.parquet
[2023-06-16T01:11:27.796+0000] {subprocess.py:93} INFO - application_details_granted_2017.parquet
[2023-06-16T01:11:27.797+0000] {subprocess.py:93} INFO - application_details_granted_2018.parquet
[2023-06-16T01:11:27.798+0000] {subprocess.py:93} INFO - application_details_granted_2019.parquet
[2023-06-16T01:11:27.798+0000] {subprocess.py:93} INFO - application_details_granted_2020.parquet
[2023-06-16T01:11:27.800+0000] {subprocess.py:93} INFO - application_details_granted_2021.parquet
[2023-06-16T01:11:27.801+0000] {subprocess.py:93} INFO - application_details_granted_2022.parquet
[2023-06-16T01:11:27.802+0000] {subprocess.py:93} INFO - application_details_granted_2023.parquet
[2023-06-16T01:11:27.803+0000] {subprocess.py:97} INFO - Command exited with return code 0
[2023-06-16T01:11:27.841+0000] {taskinstance.py:1326} INFO - Marking task as SUCCESS. dag_id=data_ingestion_gcs_dag, task_id=download_dataset_task, execution_date=20230616T011123, start_date=20230616T011127, end_date=20230616T011127
[2023-06-16T01:11:27.899+0000] {local_task_job.py:212} INFO - Task exited with return code 0
[2023-06-16T01:11:28.107+0000] {taskinstance.py:2585} INFO - 1 downstream tasks scheduled from follow-on schedule check
