[2023-06-15T01:33:48.264+0000] {taskinstance.py:1084} INFO - Dependencies all met for dep_context=non-requeueable deps ti=<TaskInstance: data_ingestion_gcs_dag.download_kaggle_dataset_task manual__2023-06-15T01:33:39.978862+00:00 [queued]>
[2023-06-15T01:33:48.281+0000] {taskinstance.py:1084} INFO - Dependencies all met for dep_context=requeueable deps ti=<TaskInstance: data_ingestion_gcs_dag.download_kaggle_dataset_task manual__2023-06-15T01:33:39.978862+00:00 [queued]>
[2023-06-15T01:33:48.282+0000] {taskinstance.py:1282} INFO - 
--------------------------------------------------------------------------------
[2023-06-15T01:33:48.284+0000] {taskinstance.py:1283} INFO - Starting attempt 1 of 2
[2023-06-15T01:33:48.285+0000] {taskinstance.py:1284} INFO - 
--------------------------------------------------------------------------------
[2023-06-15T01:33:48.325+0000] {taskinstance.py:1303} INFO - Executing <Task(PythonOperator): download_kaggle_dataset_task> on 2023-06-15 01:33:39.978862+00:00
[2023-06-15T01:33:48.348+0000] {standard_task_runner.py:55} INFO - Started process 8975 to run task
[2023-06-15T01:33:48.355+0000] {standard_task_runner.py:82} INFO - Running: ['***', 'tasks', 'run', 'data_ingestion_gcs_dag', 'download_kaggle_dataset_task', 'manual__2023-06-15T01:33:39.978862+00:00', '--job-id', '228', '--raw', '--subdir', 'DAGS_FOLDER/data_ingestion_gcs_dag.py', '--cfg-path', '/tmp/tmpwxxghokj']
[2023-06-15T01:33:48.360+0000] {standard_task_runner.py:83} INFO - Job 228: Subtask download_kaggle_dataset_task
[2023-06-15T01:33:48.514+0000] {task_command.py:388} INFO - Running <TaskInstance: data_ingestion_gcs_dag.download_kaggle_dataset_task manual__2023-06-15T01:33:39.978862+00:00 [running]> on host 570ce802d94a
[2023-06-15T01:33:48.644+0000] {taskinstance.py:1511} INFO - Exporting the following env vars:
AIRFLOW_CTX_DAG_OWNER=***
AIRFLOW_CTX_DAG_ID=data_ingestion_gcs_dag
AIRFLOW_CTX_TASK_ID=download_kaggle_dataset_task
AIRFLOW_CTX_EXECUTION_DATE=2023-06-15T01:33:39.978862+00:00
AIRFLOW_CTX_TRY_NUMBER=1
AIRFLOW_CTX_DAG_RUN_ID=manual__2023-06-15T01:33:39.978862+00:00
[2023-06-15T01:33:49.832+0000] {data_ingestion_gcs_dag.py:27} INFO - Downloaded sherrytp/airline-delay-analysis dataset to /opt/***
[2023-06-15T01:33:49.839+0000] {python.py:177} INFO - Done. Returned value was: None
[2023-06-15T01:33:49.865+0000] {taskinstance.py:1326} INFO - Marking task as SUCCESS. dag_id=data_ingestion_gcs_dag, task_id=download_kaggle_dataset_task, execution_date=20230615T013339, start_date=20230615T013348, end_date=20230615T013349
[2023-06-15T01:33:49.935+0000] {local_task_job.py:212} INFO - Task exited with return code 0
[2023-06-15T01:33:50.035+0000] {taskinstance.py:2585} INFO - 1 downstream tasks scheduled from follow-on schedule check
