[2023-06-15T05:04:35.466+0000] {taskinstance.py:1084} INFO - Dependencies all met for dep_context=non-requeueable deps ti=<TaskInstance: data_ingestion_gcs_dag.download_dataset_task manual__2023-06-15T05:04:13.896385+00:00 [queued]>
[2023-06-15T05:04:35.507+0000] {taskinstance.py:1084} INFO - Dependencies all met for dep_context=requeueable deps ti=<TaskInstance: data_ingestion_gcs_dag.download_dataset_task manual__2023-06-15T05:04:13.896385+00:00 [queued]>
[2023-06-15T05:04:35.509+0000] {taskinstance.py:1282} INFO - 
--------------------------------------------------------------------------------
[2023-06-15T05:04:35.511+0000] {taskinstance.py:1283} INFO - Starting attempt 1 of 2
[2023-06-15T05:04:35.513+0000] {taskinstance.py:1284} INFO - 
--------------------------------------------------------------------------------
[2023-06-15T05:04:35.569+0000] {taskinstance.py:1303} INFO - Executing <Task(BashOperator): download_dataset_task> on 2023-06-15 05:04:13.896385+00:00
[2023-06-15T05:04:35.594+0000] {standard_task_runner.py:55} INFO - Started process 6463 to run task
[2023-06-15T05:04:35.603+0000] {standard_task_runner.py:82} INFO - Running: ['***', 'tasks', 'run', 'data_ingestion_gcs_dag', 'download_dataset_task', 'manual__2023-06-15T05:04:13.896385+00:00', '--job-id', '293', '--raw', '--subdir', 'DAGS_FOLDER/data_ingestion_gcs_dag.py', '--cfg-path', '/tmp/tmppc307cy3']
[2023-06-15T05:04:35.608+0000] {standard_task_runner.py:83} INFO - Job 293: Subtask download_dataset_task
[2023-06-15T05:04:35.812+0000] {task_command.py:388} INFO - Running <TaskInstance: data_ingestion_gcs_dag.download_dataset_task manual__2023-06-15T05:04:13.896385+00:00 [running]> on host 7e4a92a12ba6
[2023-06-15T05:04:36.026+0000] {taskinstance.py:1511} INFO - Exporting the following env vars:
AIRFLOW_CTX_DAG_OWNER=***
AIRFLOW_CTX_DAG_ID=data_ingestion_gcs_dag
AIRFLOW_CTX_TASK_ID=download_dataset_task
AIRFLOW_CTX_EXECUTION_DATE=2023-06-15T05:04:13.896385+00:00
AIRFLOW_CTX_TRY_NUMBER=1
AIRFLOW_CTX_DAG_RUN_ID=manual__2023-06-15T05:04:13.896385+00:00
[2023-06-15T05:04:36.056+0000] {subprocess.py:63} INFO - Tmp dir root location: 
 /tmp
[2023-06-15T05:04:36.065+0000] {subprocess.py:75} INFO - Running command: ['/bin/bash', '-c', 'curl -sSL kaggle datasets download -d sherrytp/airline-delay-analysis > /opt/***/airline-delay-analysis']
[2023-06-15T05:04:36.102+0000] {subprocess.py:86} INFO - Output:
[2023-06-15T05:04:36.126+0000] {subprocess.py:93} INFO - /bin/bash: line 1: /opt/***/airline-delay-analysis: Is a directory
[2023-06-15T05:04:36.128+0000] {subprocess.py:97} INFO - Command exited with return code 1
[2023-06-15T05:04:36.157+0000] {taskinstance.py:1775} ERROR - Task failed with exception
Traceback (most recent call last):
  File "/home/airflow/.local/lib/python3.7/site-packages/airflow/operators/bash.py", line 197, in execute
    f"Bash command failed. The command returned a non-zero exit code {result.exit_code}."
airflow.exceptions.AirflowException: Bash command failed. The command returned a non-zero exit code 1.
[2023-06-15T05:04:36.175+0000] {taskinstance.py:1326} INFO - Marking task as UP_FOR_RETRY. dag_id=data_ingestion_gcs_dag, task_id=download_dataset_task, execution_date=20230615T050413, start_date=20230615T050435, end_date=20230615T050436
[2023-06-15T05:04:36.244+0000] {standard_task_runner.py:105} ERROR - Failed to execute job 293 for task download_dataset_task (Bash command failed. The command returned a non-zero exit code 1.; 6463)
[2023-06-15T05:04:36.303+0000] {local_task_job.py:212} INFO - Task exited with return code 1
[2023-06-15T05:04:36.372+0000] {taskinstance.py:2585} INFO - 0 downstream tasks scheduled from follow-on schedule check
