[2023-06-15T10:54:37.446+0000] {taskinstance.py:1084} INFO - Dependencies all met for dep_context=non-requeueable deps ti=<TaskInstance: data_ingestion_gcs_dag.local_to_gcs_task manual__2023-06-15T10:54:15.751714+00:00 [queued]>
[2023-06-15T10:54:37.463+0000] {taskinstance.py:1084} INFO - Dependencies all met for dep_context=requeueable deps ti=<TaskInstance: data_ingestion_gcs_dag.local_to_gcs_task manual__2023-06-15T10:54:15.751714+00:00 [queued]>
[2023-06-15T10:54:37.464+0000] {taskinstance.py:1282} INFO - 
--------------------------------------------------------------------------------
[2023-06-15T10:54:37.466+0000] {taskinstance.py:1283} INFO - Starting attempt 1 of 2
[2023-06-15T10:54:37.467+0000] {taskinstance.py:1284} INFO - 
--------------------------------------------------------------------------------
[2023-06-15T10:54:37.490+0000] {taskinstance.py:1303} INFO - Executing <Task(PythonOperator): local_to_gcs_task> on 2023-06-15 10:54:15.751714+00:00
[2023-06-15T10:54:37.503+0000] {standard_task_runner.py:55} INFO - Started process 13676 to run task
[2023-06-15T10:54:37.506+0000] {standard_task_runner.py:82} INFO - Running: ['***', 'tasks', 'run', 'data_ingestion_gcs_dag', 'local_to_gcs_task', 'manual__2023-06-15T10:54:15.751714+00:00', '--job-id', '373', '--raw', '--subdir', 'DAGS_FOLDER/data_ingestion_gcs_dag.py', '--cfg-path', '/tmp/tmp1xogzzm8']
[2023-06-15T10:54:37.508+0000] {standard_task_runner.py:83} INFO - Job 373: Subtask local_to_gcs_task
[2023-06-15T10:54:37.612+0000] {task_command.py:388} INFO - Running <TaskInstance: data_ingestion_gcs_dag.local_to_gcs_task manual__2023-06-15T10:54:15.751714+00:00 [running]> on host 658b05ff6f1a
[2023-06-15T10:54:37.756+0000] {taskinstance.py:1511} INFO - Exporting the following env vars:
AIRFLOW_CTX_DAG_OWNER=***
AIRFLOW_CTX_DAG_ID=data_ingestion_gcs_dag
AIRFLOW_CTX_TASK_ID=local_to_gcs_task
AIRFLOW_CTX_EXECUTION_DATE=2023-06-15T10:54:15.751714+00:00
AIRFLOW_CTX_TRY_NUMBER=1
AIRFLOW_CTX_DAG_RUN_ID=manual__2023-06-15T10:54:15.751714+00:00
[2023-06-15T10:54:38.981+0000] {python.py:177} INFO - Done. Returned value was: None
[2023-06-15T10:54:38.998+0000] {taskinstance.py:1326} INFO - Marking task as SUCCESS. dag_id=data_ingestion_gcs_dag, task_id=local_to_gcs_task, execution_date=20230615T105415, start_date=20230615T105437, end_date=20230615T105438
[2023-06-15T10:54:39.058+0000] {local_task_job.py:212} INFO - Task exited with return code 0
[2023-06-15T10:54:39.092+0000] {taskinstance.py:2585} INFO - 1 downstream tasks scheduled from follow-on schedule check
