[2023-06-15T13:15:45.352+0000] {taskinstance.py:1084} INFO - Dependencies all met for dep_context=non-requeueable deps ti=<TaskInstance: data_ingestion_gcs_dag.local_to_gcs_task manual__2023-06-15T13:14:58.642534+00:00 [queued]>
[2023-06-15T13:15:45.379+0000] {taskinstance.py:1084} INFO - Dependencies all met for dep_context=requeueable deps ti=<TaskInstance: data_ingestion_gcs_dag.local_to_gcs_task manual__2023-06-15T13:14:58.642534+00:00 [queued]>
[2023-06-15T13:15:45.380+0000] {taskinstance.py:1282} INFO - 
--------------------------------------------------------------------------------
[2023-06-15T13:15:45.382+0000] {taskinstance.py:1283} INFO - Starting attempt 1 of 2
[2023-06-15T13:15:45.385+0000] {taskinstance.py:1284} INFO - 
--------------------------------------------------------------------------------
[2023-06-15T13:15:45.423+0000] {taskinstance.py:1303} INFO - Executing <Task(PythonOperator): local_to_gcs_task> on 2023-06-15 13:14:58.642534+00:00
[2023-06-15T13:15:45.477+0000] {standard_task_runner.py:55} INFO - Started process 21700 to run task
[2023-06-15T13:15:45.482+0000] {standard_task_runner.py:82} INFO - Running: ['***', 'tasks', 'run', 'data_ingestion_gcs_dag', 'local_to_gcs_task', 'manual__2023-06-15T13:14:58.642534+00:00', '--job-id', '433', '--raw', '--subdir', 'DAGS_FOLDER/data_ingestion_gcs_dag.py', '--cfg-path', '/tmp/tmpozuq8f4s']
[2023-06-15T13:15:45.485+0000] {standard_task_runner.py:83} INFO - Job 433: Subtask local_to_gcs_task
[2023-06-15T13:15:45.625+0000] {task_command.py:388} INFO - Running <TaskInstance: data_ingestion_gcs_dag.local_to_gcs_task manual__2023-06-15T13:14:58.642534+00:00 [running]> on host 658b05ff6f1a
[2023-06-15T13:15:45.756+0000] {taskinstance.py:1511} INFO - Exporting the following env vars:
AIRFLOW_CTX_DAG_OWNER=***
AIRFLOW_CTX_DAG_ID=data_ingestion_gcs_dag
AIRFLOW_CTX_TASK_ID=local_to_gcs_task
AIRFLOW_CTX_EXECUTION_DATE=2023-06-15T13:14:58.642534+00:00
AIRFLOW_CTX_TRY_NUMBER=1
AIRFLOW_CTX_DAG_RUN_ID=manual__2023-06-15T13:14:58.642534+00:00
[2023-06-15T13:15:45.964+0000] {taskinstance.py:1775} ERROR - Task failed with exception
Traceback (most recent call last):
  File "/home/airflow/.local/lib/python3.7/site-packages/airflow/operators/python.py", line 175, in execute
    return_value = self.execute_callable()
  File "/home/airflow/.local/lib/python3.7/site-packages/airflow/operators/python.py", line 192, in execute_callable
    return self.python_callable(*self.op_args, **self.op_kwargs)
  File "/opt/airflow/dags/data_ingestion_gcs_dag.py", line 52, in upload_to_gcs
    blob.upload_from_filename(local_file)
  File "/home/airflow/.local/lib/python3.7/site-packages/google/cloud/storage/blob.py", line 2681, in upload_from_filename
    with open(filename, "rb") as file_obj:
FileNotFoundError: [Errno 2] No such file or directory: '/opt/airflow/data-science-salaries-2023/data-science-salaries-2023.csv'
[2023-06-15T13:15:46.027+0000] {taskinstance.py:1326} INFO - Marking task as UP_FOR_RETRY. dag_id=data_ingestion_gcs_dag, task_id=local_to_gcs_task, execution_date=20230615T131458, start_date=20230615T131545, end_date=20230615T131546
[2023-06-15T13:15:46.071+0000] {standard_task_runner.py:105} ERROR - Failed to execute job 433 for task local_to_gcs_task ([Errno 2] No such file or directory: '/opt/airflow/data-science-salaries-2023/data-science-salaries-2023.csv'; 21700)
[2023-06-15T13:15:46.106+0000] {local_task_job.py:212} INFO - Task exited with return code 1
[2023-06-15T13:15:46.154+0000] {taskinstance.py:2585} INFO - 0 downstream tasks scheduled from follow-on schedule check
