[2023-06-15T01:37:33.934+0000] {taskinstance.py:1084} INFO - Dependencies all met for dep_context=non-requeueable deps ti=<TaskInstance: data_ingestion_gcs_dag.download_kaggle_dataset_task manual__2023-06-15T01:36:39.451881+00:00 [queued]>
[2023-06-15T01:37:33.954+0000] {taskinstance.py:1084} INFO - Dependencies all met for dep_context=requeueable deps ti=<TaskInstance: data_ingestion_gcs_dag.download_kaggle_dataset_task manual__2023-06-15T01:36:39.451881+00:00 [queued]>
[2023-06-15T01:37:33.955+0000] {taskinstance.py:1282} INFO - 
--------------------------------------------------------------------------------
[2023-06-15T01:37:33.956+0000] {taskinstance.py:1283} INFO - Starting attempt 1 of 2
[2023-06-15T01:37:33.957+0000] {taskinstance.py:1284} INFO - 
--------------------------------------------------------------------------------
[2023-06-15T01:37:33.983+0000] {taskinstance.py:1303} INFO - Executing <Task(PythonOperator): download_kaggle_dataset_task> on 2023-06-15 01:36:39.451881+00:00
[2023-06-15T01:37:34.000+0000] {standard_task_runner.py:55} INFO - Started process 9270 to run task
[2023-06-15T01:37:34.004+0000] {standard_task_runner.py:82} INFO - Running: ['***', 'tasks', 'run', 'data_ingestion_gcs_dag', 'download_kaggle_dataset_task', 'manual__2023-06-15T01:36:39.451881+00:00', '--job-id', '232', '--raw', '--subdir', 'DAGS_FOLDER/data_ingestion_gcs_dag.py', '--cfg-path', '/tmp/tmpgf0tfibk']
[2023-06-15T01:37:34.007+0000] {standard_task_runner.py:83} INFO - Job 232: Subtask download_kaggle_dataset_task
[2023-06-15T01:37:34.115+0000] {task_command.py:388} INFO - Running <TaskInstance: data_ingestion_gcs_dag.download_kaggle_dataset_task manual__2023-06-15T01:36:39.451881+00:00 [running]> on host 570ce802d94a
[2023-06-15T01:37:34.397+0000] {taskinstance.py:1511} INFO - Exporting the following env vars:
AIRFLOW_CTX_DAG_OWNER=***
AIRFLOW_CTX_DAG_ID=data_ingestion_gcs_dag
AIRFLOW_CTX_TASK_ID=download_kaggle_dataset_task
AIRFLOW_CTX_EXECUTION_DATE=2023-06-15T01:36:39.451881+00:00
AIRFLOW_CTX_TRY_NUMBER=1
AIRFLOW_CTX_DAG_RUN_ID=manual__2023-06-15T01:36:39.451881+00:00
[2023-06-15T01:37:35.548+0000] {data_ingestion_gcs_dag.py:27} INFO - Downloaded and unzipped sherrytp/airline-delay-analysis dataset to /opt/***
[2023-06-15T01:37:35.549+0000] {data_ingestion_gcs_dag.py:30} INFO - File in the directory: logs
[2023-06-15T01:37:35.549+0000] {data_ingestion_gcs_dag.py:30} INFO - File in the directory: dags
[2023-06-15T01:37:35.550+0000] {data_ingestion_gcs_dag.py:30} INFO - File in the directory: ***-worker.pid
[2023-06-15T01:37:35.551+0000] {data_ingestion_gcs_dag.py:30} INFO - File in the directory: webserver_config.py
[2023-06-15T01:37:35.551+0000] {data_ingestion_gcs_dag.py:30} INFO - File in the directory: airline-delay-analysis.zip
[2023-06-15T01:37:35.552+0000] {data_ingestion_gcs_dag.py:30} INFO - File in the directory: airline-delay-analysis
[2023-06-15T01:37:35.552+0000] {data_ingestion_gcs_dag.py:30} INFO - File in the directory: airline delay analysis
[2023-06-15T01:37:35.553+0000] {data_ingestion_gcs_dag.py:30} INFO - File in the directory: plugins
[2023-06-15T01:37:35.553+0000] {data_ingestion_gcs_dag.py:30} INFO - File in the directory: ***.cfg
[2023-06-15T01:37:35.554+0000] {data_ingestion_gcs_dag.py:30} INFO - File in the directory: requirements.txt
[2023-06-15T01:37:35.558+0000] {python.py:177} INFO - Done. Returned value was: None
[2023-06-15T01:37:35.571+0000] {taskinstance.py:1326} INFO - Marking task as SUCCESS. dag_id=data_ingestion_gcs_dag, task_id=download_kaggle_dataset_task, execution_date=20230615T013639, start_date=20230615T013733, end_date=20230615T013735
[2023-06-15T01:37:35.611+0000] {local_task_job.py:212} INFO - Task exited with return code 0
[2023-06-15T01:37:35.655+0000] {taskinstance.py:2585} INFO - 1 downstream tasks scheduled from follow-on schedule check
