[2023-06-14T09:22:58.552+0000] {taskinstance.py:1084} INFO - Dependencies all met for dep_context=non-requeueable deps ti=<TaskInstance: data_ingestion_gcs_dag.format_to_parquet_task manual__2023-06-14T09:22:24.250603+00:00 [queued]>
[2023-06-14T09:22:58.570+0000] {taskinstance.py:1084} INFO - Dependencies all met for dep_context=requeueable deps ti=<TaskInstance: data_ingestion_gcs_dag.format_to_parquet_task manual__2023-06-14T09:22:24.250603+00:00 [queued]>
[2023-06-14T09:22:58.571+0000] {taskinstance.py:1282} INFO - 
--------------------------------------------------------------------------------
[2023-06-14T09:22:58.572+0000] {taskinstance.py:1283} INFO - Starting attempt 1 of 2
[2023-06-14T09:22:58.574+0000] {taskinstance.py:1284} INFO - 
--------------------------------------------------------------------------------
[2023-06-14T09:22:58.599+0000] {taskinstance.py:1303} INFO - Executing <Task(PythonOperator): format_to_parquet_task> on 2023-06-14 09:22:24.250603+00:00
[2023-06-14T09:22:58.610+0000] {standard_task_runner.py:55} INFO - Started process 4259 to run task
[2023-06-14T09:22:58.613+0000] {standard_task_runner.py:82} INFO - Running: ['***', 'tasks', 'run', 'data_ingestion_gcs_dag', 'format_to_parquet_task', 'manual__2023-06-14T09:22:24.250603+00:00', '--job-id', '117', '--raw', '--subdir', 'DAGS_FOLDER/data_ingestion_gcs_dag.py', '--cfg-path', '/tmp/tmpm08od0fn']
[2023-06-14T09:22:58.616+0000] {standard_task_runner.py:83} INFO - Job 117: Subtask format_to_parquet_task
[2023-06-14T09:22:58.753+0000] {task_command.py:388} INFO - Running <TaskInstance: data_ingestion_gcs_dag.format_to_parquet_task manual__2023-06-14T09:22:24.250603+00:00 [running]> on host 2adc0c380f97
[2023-06-14T09:22:58.993+0000] {taskinstance.py:1511} INFO - Exporting the following env vars:
AIRFLOW_CTX_DAG_OWNER=***
AIRFLOW_CTX_DAG_ID=data_ingestion_gcs_dag
AIRFLOW_CTX_TASK_ID=format_to_parquet_task
AIRFLOW_CTX_EXECUTION_DATE=2023-06-14T09:22:24.250603+00:00
AIRFLOW_CTX_TRY_NUMBER=1
AIRFLOW_CTX_DAG_RUN_ID=manual__2023-06-14T09:22:24.250603+00:00
[2023-06-14T09:22:58.995+0000] {data_ingestion_gcs_dag.py:44} ERROR - Can only accept source files in CSV format, for the moment
[2023-06-14T09:22:58.995+0000] {python.py:177} INFO - Done. Returned value was: None
[2023-06-14T09:22:59.011+0000] {taskinstance.py:1326} INFO - Marking task as SUCCESS. dag_id=data_ingestion_gcs_dag, task_id=format_to_parquet_task, execution_date=20230614T092224, start_date=20230614T092258, end_date=20230614T092259
[2023-06-14T09:22:59.072+0000] {local_task_job.py:212} INFO - Task exited with return code 0
[2023-06-14T09:22:59.133+0000] {taskinstance.py:2585} INFO - 1 downstream tasks scheduled from follow-on schedule check
