[2023-06-14T01:47:11.744+0000] {taskinstance.py:1084} INFO - Dependencies all met for dep_context=non-requeueable deps ti=<TaskInstance: data_ingestion_gcs_dag.local_to_gcs_task scheduled__2023-06-13T00:00:00+00:00 [queued]>
[2023-06-14T01:47:11.758+0000] {taskinstance.py:1084} INFO - Dependencies all met for dep_context=requeueable deps ti=<TaskInstance: data_ingestion_gcs_dag.local_to_gcs_task scheduled__2023-06-13T00:00:00+00:00 [queued]>
[2023-06-14T01:47:11.759+0000] {taskinstance.py:1282} INFO - 
--------------------------------------------------------------------------------
[2023-06-14T01:47:11.760+0000] {taskinstance.py:1283} INFO - Starting attempt 1 of 2
[2023-06-14T01:47:11.761+0000] {taskinstance.py:1284} INFO - 
--------------------------------------------------------------------------------
[2023-06-14T01:47:11.785+0000] {taskinstance.py:1303} INFO - Executing <Task(PythonOperator): local_to_gcs_task> on 2023-06-13 00:00:00+00:00
[2023-06-14T01:47:11.798+0000] {standard_task_runner.py:55} INFO - Started process 263 to run task
[2023-06-14T01:47:11.802+0000] {standard_task_runner.py:82} INFO - Running: ['***', 'tasks', 'run', 'data_ingestion_gcs_dag', 'local_to_gcs_task', 'scheduled__2023-06-13T00:00:00+00:00', '--job-id', '102', '--raw', '--subdir', 'DAGS_FOLDER/data_ingestion_gcs_dag.py', '--cfg-path', '/tmp/tmpc1tcucvt']
[2023-06-14T01:47:11.804+0000] {standard_task_runner.py:83} INFO - Job 102: Subtask local_to_gcs_task
[2023-06-14T01:47:11.890+0000] {task_command.py:388} INFO - Running <TaskInstance: data_ingestion_gcs_dag.local_to_gcs_task scheduled__2023-06-13T00:00:00+00:00 [running]> on host 2adc0c380f97
[2023-06-14T01:47:11.980+0000] {taskinstance.py:1511} INFO - Exporting the following env vars:
AIRFLOW_CTX_DAG_OWNER=***
AIRFLOW_CTX_DAG_ID=data_ingestion_gcs_dag
AIRFLOW_CTX_TASK_ID=local_to_gcs_task
AIRFLOW_CTX_EXECUTION_DATE=2023-06-13T00:00:00+00:00
AIRFLOW_CTX_TRY_NUMBER=1
AIRFLOW_CTX_DAG_RUN_ID=scheduled__2023-06-13T00:00:00+00:00
[2023-06-14T02:36:23.529+0000] {python.py:177} INFO - Done. Returned value was: None
[2023-06-14T02:36:24.584+0000] {taskinstance.py:1326} INFO - Marking task as SUCCESS. dag_id=data_ingestion_gcs_dag, task_id=local_to_gcs_task, execution_date=20230613T000000, start_date=20230614T014711, end_date=20230614T023624
[2023-06-14T02:36:25.401+0000] {local_task_job.py:212} INFO - Task exited with return code 0
[2023-06-14T02:36:25.836+0000] {taskinstance.py:2585} INFO - 0 downstream tasks scheduled from follow-on schedule check
