[2023-06-15T07:20:21.133+0000] {taskinstance.py:1084} INFO - Dependencies all met for dep_context=non-requeueable deps ti=<TaskInstance: data_ingestion_gcs_dag.unzip_task manual__2023-06-15T07:20:10.524334+00:00 [queued]>
[2023-06-15T07:20:21.149+0000] {taskinstance.py:1084} INFO - Dependencies all met for dep_context=requeueable deps ti=<TaskInstance: data_ingestion_gcs_dag.unzip_task manual__2023-06-15T07:20:10.524334+00:00 [queued]>
[2023-06-15T07:20:21.150+0000] {taskinstance.py:1282} INFO - 
--------------------------------------------------------------------------------
[2023-06-15T07:20:21.151+0000] {taskinstance.py:1283} INFO - Starting attempt 1 of 2
[2023-06-15T07:20:21.151+0000] {taskinstance.py:1284} INFO - 
--------------------------------------------------------------------------------
[2023-06-15T07:20:21.174+0000] {taskinstance.py:1303} INFO - Executing <Task(BashOperator): unzip_task> on 2023-06-15 07:20:10.524334+00:00
[2023-06-15T07:20:21.184+0000] {standard_task_runner.py:55} INFO - Started process 5616 to run task
[2023-06-15T07:20:21.187+0000] {standard_task_runner.py:82} INFO - Running: ['***', 'tasks', 'run', 'data_ingestion_gcs_dag', 'unzip_task', 'manual__2023-06-15T07:20:10.524334+00:00', '--job-id', '324', '--raw', '--subdir', 'DAGS_FOLDER/data_ingestion_gcs_dag.py', '--cfg-path', '/tmp/tmpwbytqz3_']
[2023-06-15T07:20:21.190+0000] {standard_task_runner.py:83} INFO - Job 324: Subtask unzip_task
[2023-06-15T07:20:21.288+0000] {task_command.py:388} INFO - Running <TaskInstance: data_ingestion_gcs_dag.unzip_task manual__2023-06-15T07:20:10.524334+00:00 [running]> on host 658b05ff6f1a
[2023-06-15T07:20:21.468+0000] {taskinstance.py:1511} INFO - Exporting the following env vars:
AIRFLOW_CTX_DAG_OWNER=***
AIRFLOW_CTX_DAG_ID=data_ingestion_gcs_dag
AIRFLOW_CTX_TASK_ID=unzip_task
AIRFLOW_CTX_EXECUTION_DATE=2023-06-15T07:20:10.524334+00:00
AIRFLOW_CTX_TRY_NUMBER=1
AIRFLOW_CTX_DAG_RUN_ID=manual__2023-06-15T07:20:10.524334+00:00
[2023-06-15T07:20:21.477+0000] {subprocess.py:63} INFO - Tmp dir root location: 
 /tmp
[2023-06-15T07:20:21.490+0000] {subprocess.py:75} INFO - Running command: ['/bin/bash', '-c', 'unzip -o /opt/***/datasets/airline-delay-analysis.zip -d /opt/***/datasets/']
[2023-06-15T07:20:21.523+0000] {subprocess.py:86} INFO - Output:
[2023-06-15T07:20:21.542+0000] {subprocess.py:93} INFO - Archive:  /opt/***/datasets/airline-delay-analysis.zip
[2023-06-15T07:20:27.636+0000] {subprocess.py:93} INFO -   inflating: /opt/***/datasets/airline delay analysis/20.csv
[2023-06-15T07:20:56.464+0000] {subprocess.py:93} INFO -   inflating: /opt/***/datasets/airline delay analysis/2009.csv
[2023-06-15T07:21:08.926+0000] {subprocess.py:93} INFO -   inflating: /opt/***/datasets/airline delay analysis/2010.csv
[2023-06-15T07:21:20.154+0000] {subprocess.py:93} INFO -   inflating: /opt/***/datasets/airline delay analysis/2011.csv
[2023-06-15T07:21:31.080+0000] {subprocess.py:93} INFO -   inflating: /opt/***/datasets/airline delay analysis/2012.csv
[2023-06-15T07:21:40.297+0000] {subprocess.py:93} INFO -   inflating: /opt/***/datasets/airline delay analysis/2013.csv
[2023-06-15T07:21:50.024+0000] {subprocess.py:93} INFO -   inflating: /opt/***/datasets/airline delay analysis/2014.csv
[2023-06-15T07:21:59.404+0000] {subprocess.py:93} INFO -   inflating: /opt/***/datasets/airline delay analysis/2015.csv
[2023-06-15T07:22:08.812+0000] {subprocess.py:93} INFO -   inflating: /opt/***/datasets/airline delay analysis/2016.csv
[2023-06-15T07:22:16.437+0000] {subprocess.py:93} INFO -   inflating: /opt/***/datasets/airline delay analysis/2017.csv
[2023-06-15T07:22:26.398+0000] {subprocess.py:93} INFO -   inflating: /opt/***/datasets/airline delay analysis/2018.csv
[2023-06-15T07:22:35.033+0000] {subprocess.py:93} INFO -   inflating: /opt/***/datasets/airline delay analysis/2019.csv
[2023-06-15T07:22:35.110+0000] {subprocess.py:97} INFO - Command exited with return code 0
[2023-06-15T07:22:37.455+0000] {taskinstance.py:1326} INFO - Marking task as SUCCESS. dag_id=data_ingestion_gcs_dag, task_id=unzip_task, execution_date=20230615T072010, start_date=20230615T072021, end_date=20230615T072237
[2023-06-15T07:22:38.071+0000] {local_task_job.py:212} INFO - Task exited with return code 0
[2023-06-15T07:22:38.441+0000] {taskinstance.py:2585} INFO - 1 downstream tasks scheduled from follow-on schedule check
