[2023-06-16T00:29:13.869+0000] {taskinstance.py:1084} INFO - Dependencies all met for dep_context=non-requeueable deps ti=<TaskInstance: data_ingestion_gcs_dag.format_to_parquet_task manual__2023-06-16T00:22:49.178007+00:00 [queued]>
[2023-06-16T00:29:13.891+0000] {taskinstance.py:1084} INFO - Dependencies all met for dep_context=requeueable deps ti=<TaskInstance: data_ingestion_gcs_dag.format_to_parquet_task manual__2023-06-16T00:22:49.178007+00:00 [queued]>
[2023-06-16T00:29:13.892+0000] {taskinstance.py:1282} INFO - 
--------------------------------------------------------------------------------
[2023-06-16T00:29:13.893+0000] {taskinstance.py:1283} INFO - Starting attempt 2 of 2
[2023-06-16T00:29:13.894+0000] {taskinstance.py:1284} INFO - 
--------------------------------------------------------------------------------
[2023-06-16T00:29:13.920+0000] {taskinstance.py:1303} INFO - Executing <Task(PythonOperator): format_to_parquet_task> on 2023-06-16 00:22:49.178007+00:00
[2023-06-16T00:29:13.932+0000] {standard_task_runner.py:55} INFO - Started process 3728 to run task
[2023-06-16T00:29:13.979+0000] {standard_task_runner.py:82} INFO - Running: ['***', 'tasks', 'run', 'data_ingestion_gcs_dag', 'format_to_parquet_task', 'manual__2023-06-16T00:22:49.178007+00:00', '--job-id', '495', '--raw', '--subdir', 'DAGS_FOLDER/data_ingestion_gcs_dag.py', '--cfg-path', '/tmp/tmp3cybexr9']
[2023-06-16T00:29:14.019+0000] {standard_task_runner.py:83} INFO - Job 495: Subtask format_to_parquet_task
[2023-06-16T00:29:14.781+0000] {task_command.py:388} INFO - Running <TaskInstance: data_ingestion_gcs_dag.format_to_parquet_task manual__2023-06-16T00:22:49.178007+00:00 [running]> on host 5ecaba85f1b3
[2023-06-16T00:29:14.913+0000] {taskinstance.py:1511} INFO - Exporting the following env vars:
AIRFLOW_CTX_DAG_OWNER=***
AIRFLOW_CTX_DAG_ID=data_ingestion_gcs_dag
AIRFLOW_CTX_TASK_ID=format_to_parquet_task
AIRFLOW_CTX_EXECUTION_DATE=2023-06-16T00:22:49.178007+00:00
AIRFLOW_CTX_TRY_NUMBER=2
AIRFLOW_CTX_DAG_RUN_ID=manual__2023-06-16T00:22:49.178007+00:00
[2023-06-16T00:29:14.915+0000] {data_ingestion_gcs_dag.py:27} ERROR - Can only accept source files in CSV format, for the moment
[2023-06-16T00:29:14.916+0000] {logging_mixin.py:137} INFO - now next iteration: messages-demo.csv
[2023-06-16T00:29:14.917+0000] {logging_mixin.py:137} INFO - file path succed : messages-demo.csv
[2023-06-16T00:30:04.988+0000] {local_task_job.py:212} INFO - Task exited with return code Negsignal.SIGKILL
[2023-06-16T00:30:05.885+0000] {taskinstance.py:2585} INFO - 0 downstream tasks scheduled from follow-on schedule check
