[2023-06-14T11:39:14.342+0000] {taskinstance.py:1084} INFO - Dependencies all met for dep_context=non-requeueable deps ti=<TaskInstance: data_ingestion_gcs_dag.list_files_task manual__2023-06-14T11:38:38.739861+00:00 [queued]>
[2023-06-14T11:39:14.358+0000] {taskinstance.py:1084} INFO - Dependencies all met for dep_context=requeueable deps ti=<TaskInstance: data_ingestion_gcs_dag.list_files_task manual__2023-06-14T11:38:38.739861+00:00 [queued]>
[2023-06-14T11:39:14.359+0000] {taskinstance.py:1282} INFO - 
--------------------------------------------------------------------------------
[2023-06-14T11:39:14.361+0000] {taskinstance.py:1283} INFO - Starting attempt 1 of 2
[2023-06-14T11:39:14.361+0000] {taskinstance.py:1284} INFO - 
--------------------------------------------------------------------------------
[2023-06-14T11:39:14.384+0000] {taskinstance.py:1303} INFO - Executing <Task(PythonOperator): list_files_task> on 2023-06-14 11:38:38.739861+00:00
[2023-06-14T11:39:14.407+0000] {standard_task_runner.py:55} INFO - Started process 12168 to run task
[2023-06-14T11:39:14.410+0000] {standard_task_runner.py:82} INFO - Running: ['***', 'tasks', 'run', 'data_ingestion_gcs_dag', 'list_files_task', 'manual__2023-06-14T11:38:38.739861+00:00', '--job-id', '156', '--raw', '--subdir', 'DAGS_FOLDER/data_ingestion_gcs_dag.py', '--cfg-path', '/tmp/tmpp3vs4v9e']
[2023-06-14T11:39:14.413+0000] {standard_task_runner.py:83} INFO - Job 156: Subtask list_files_task
[2023-06-14T11:39:14.511+0000] {task_command.py:388} INFO - Running <TaskInstance: data_ingestion_gcs_dag.list_files_task manual__2023-06-14T11:38:38.739861+00:00 [running]> on host 2adc0c380f97
[2023-06-14T11:39:14.637+0000] {taskinstance.py:1511} INFO - Exporting the following env vars:
AIRFLOW_CTX_DAG_OWNER=***
AIRFLOW_CTX_DAG_ID=data_ingestion_gcs_dag
AIRFLOW_CTX_TASK_ID=list_files_task
AIRFLOW_CTX_EXECUTION_DATE=2023-06-14T11:38:38.739861+00:00
AIRFLOW_CTX_TRY_NUMBER=1
AIRFLOW_CTX_DAG_RUN_ID=manual__2023-06-14T11:38:38.739861+00:00
[2023-06-14T11:39:16.080+0000] {python.py:177} INFO - Done. Returned value was: ['gs://myproject1-delay-airline/raw/airline-delay-analysis.zip']
[2023-06-14T11:39:16.325+0000] {taskinstance.py:1326} INFO - Marking task as SUCCESS. dag_id=data_ingestion_gcs_dag, task_id=list_files_task, execution_date=20230614T113838, start_date=20230614T113914, end_date=20230614T113916
[2023-06-14T11:39:16.474+0000] {local_task_job.py:212} INFO - Task exited with return code 0
[2023-06-14T11:39:16.611+0000] {taskinstance.py:2585} INFO - 1 downstream tasks scheduled from follow-on schedule check
