[2023-06-14T09:36:36.446+0000] {taskinstance.py:1084} INFO - Dependencies all met for dep_context=non-requeueable deps ti=<TaskInstance: data_ingestion_gcs_dag.create_folder_in_bucket_task manual__2023-06-14T09:36:26.081036+00:00 [queued]>
[2023-06-14T09:36:36.474+0000] {taskinstance.py:1084} INFO - Dependencies all met for dep_context=requeueable deps ti=<TaskInstance: data_ingestion_gcs_dag.create_folder_in_bucket_task manual__2023-06-14T09:36:26.081036+00:00 [queued]>
[2023-06-14T09:36:36.475+0000] {taskinstance.py:1282} INFO - 
--------------------------------------------------------------------------------
[2023-06-14T09:36:36.477+0000] {taskinstance.py:1283} INFO - Starting attempt 1 of 2
[2023-06-14T09:36:36.478+0000] {taskinstance.py:1284} INFO - 
--------------------------------------------------------------------------------
[2023-06-14T09:36:36.508+0000] {taskinstance.py:1303} INFO - Executing <Task(PythonOperator): create_folder_in_bucket_task> on 2023-06-14 09:36:26.081036+00:00
[2023-06-14T09:36:36.535+0000] {standard_task_runner.py:55} INFO - Started process 5034 to run task
[2023-06-14T09:36:36.545+0000] {standard_task_runner.py:82} INFO - Running: ['***', 'tasks', 'run', 'data_ingestion_gcs_dag', 'create_folder_in_bucket_task', 'manual__2023-06-14T09:36:26.081036+00:00', '--job-id', '125', '--raw', '--subdir', 'DAGS_FOLDER/data_ingestion_gcs_dag.py', '--cfg-path', '/tmp/tmp9nl450lq']
[2023-06-14T09:36:36.548+0000] {standard_task_runner.py:83} INFO - Job 125: Subtask create_folder_in_bucket_task
[2023-06-14T09:36:36.677+0000] {task_command.py:388} INFO - Running <TaskInstance: data_ingestion_gcs_dag.create_folder_in_bucket_task manual__2023-06-14T09:36:26.081036+00:00 [running]> on host 2adc0c380f97
[2023-06-14T09:36:36.796+0000] {taskinstance.py:1511} INFO - Exporting the following env vars:
AIRFLOW_CTX_DAG_OWNER=***
AIRFLOW_CTX_DAG_ID=data_ingestion_gcs_dag
AIRFLOW_CTX_TASK_ID=create_folder_in_bucket_task
AIRFLOW_CTX_EXECUTION_DATE=2023-06-14T09:36:26.081036+00:00
AIRFLOW_CTX_TRY_NUMBER=1
AIRFLOW_CTX_DAG_RUN_ID=manual__2023-06-14T09:36:26.081036+00:00
[2023-06-14T09:36:37.814+0000] {python.py:177} INFO - Done. Returned value was: None
[2023-06-14T09:36:37.832+0000] {taskinstance.py:1326} INFO - Marking task as SUCCESS. dag_id=data_ingestion_gcs_dag, task_id=create_folder_in_bucket_task, execution_date=20230614T093626, start_date=20230614T093636, end_date=20230614T093637
[2023-06-14T09:36:37.888+0000] {local_task_job.py:212} INFO - Task exited with return code 0
[2023-06-14T09:36:37.932+0000] {taskinstance.py:2585} INFO - 1 downstream tasks scheduled from follow-on schedule check
