[2023-06-15T17:38:01.023+0000] {taskinstance.py:1084} INFO - Dependencies all met for dep_context=non-requeueable deps ti=<TaskInstance: data_ingestion_gcs_dag.download_dataset_task manual__2023-06-15T17:36:16.608293+00:00 [queued]>
[2023-06-15T17:38:01.119+0000] {taskinstance.py:1084} INFO - Dependencies all met for dep_context=requeueable deps ti=<TaskInstance: data_ingestion_gcs_dag.download_dataset_task manual__2023-06-15T17:36:16.608293+00:00 [queued]>
[2023-06-15T17:38:01.123+0000] {taskinstance.py:1282} INFO - 
--------------------------------------------------------------------------------
[2023-06-15T17:38:01.124+0000] {taskinstance.py:1283} INFO - Starting attempt 1 of 2
[2023-06-15T17:38:01.126+0000] {taskinstance.py:1284} INFO - 
--------------------------------------------------------------------------------
[2023-06-15T17:38:01.246+0000] {taskinstance.py:1303} INFO - Executing <Task(BashOperator): download_dataset_task> on 2023-06-15 17:36:16.608293+00:00
[2023-06-15T17:38:01.313+0000] {standard_task_runner.py:55} INFO - Started process 1133 to run task
[2023-06-15T17:38:01.313+0000] {standard_task_runner.py:82} INFO - Running: ['***', 'tasks', 'run', 'data_ingestion_gcs_dag', 'download_dataset_task', 'manual__2023-06-15T17:36:16.608293+00:00', '--job-id', '460', '--raw', '--subdir', 'DAGS_FOLDER/data_ingestion_gcs_dag.py', '--cfg-path', '/tmp/tmp50iaznuv']
[2023-06-15T17:38:01.357+0000] {standard_task_runner.py:83} INFO - Job 460: Subtask download_dataset_task
[2023-06-15T17:38:01.759+0000] {task_command.py:388} INFO - Running <TaskInstance: data_ingestion_gcs_dag.download_dataset_task manual__2023-06-15T17:36:16.608293+00:00 [running]> on host 658b05ff6f1a
[2023-06-15T17:38:02.112+0000] {taskinstance.py:1511} INFO - Exporting the following env vars:
AIRFLOW_CTX_DAG_OWNER=***
AIRFLOW_CTX_DAG_ID=data_ingestion_gcs_dag
AIRFLOW_CTX_TASK_ID=download_dataset_task
AIRFLOW_CTX_EXECUTION_DATE=2023-06-15T17:36:16.608293+00:00
AIRFLOW_CTX_TRY_NUMBER=1
AIRFLOW_CTX_DAG_RUN_ID=manual__2023-06-15T17:36:16.608293+00:00
[2023-06-15T17:38:02.126+0000] {subprocess.py:63} INFO - Tmp dir root location: 
 /tmp
[2023-06-15T17:38:02.150+0000] {subprocess.py:75} INFO - Running command: ['/bin/bash', '-c', '\n        cd /opt/*** &&\n        if [ ! -d direct-messaging ]; then\n            mkdir direct-messaging &&\n            cd direct-messaging &&\n            kaggle datasets download -d mkechinov/direct-messaging --force &&\n            unzip direct-messaging.zip && \n            rm direct-messaging.zip\n        fi\n        ']
[2023-06-15T17:38:02.216+0000] {subprocess.py:86} INFO - Output:
[2023-06-15T17:38:02.252+0000] {subprocess.py:97} INFO - Command exited with return code 0
[2023-06-15T17:38:02.356+0000] {taskinstance.py:1326} INFO - Marking task as SUCCESS. dag_id=data_ingestion_gcs_dag, task_id=download_dataset_task, execution_date=20230615T173616, start_date=20230615T173801, end_date=20230615T173802
[2023-06-15T17:38:02.532+0000] {local_task_job.py:212} INFO - Task exited with return code 0
[2023-06-15T17:38:02.631+0000] {taskinstance.py:2585} INFO - 1 downstream tasks scheduled from follow-on schedule check
