[2023-06-15T08:00:21.469+0000] {taskinstance.py:1084} INFO - Dependencies all met for dep_context=non-requeueable deps ti=<TaskInstance: data_ingestion_gcs_dag.download_dataset_task manual__2023-06-15T08:00:06.798720+00:00 [queued]>
[2023-06-15T08:00:21.489+0000] {taskinstance.py:1084} INFO - Dependencies all met for dep_context=requeueable deps ti=<TaskInstance: data_ingestion_gcs_dag.download_dataset_task manual__2023-06-15T08:00:06.798720+00:00 [queued]>
[2023-06-15T08:00:21.491+0000] {taskinstance.py:1282} INFO - 
--------------------------------------------------------------------------------
[2023-06-15T08:00:21.492+0000] {taskinstance.py:1283} INFO - Starting attempt 1 of 2
[2023-06-15T08:00:21.493+0000] {taskinstance.py:1284} INFO - 
--------------------------------------------------------------------------------
[2023-06-15T08:00:21.520+0000] {taskinstance.py:1303} INFO - Executing <Task(BashOperator): download_dataset_task> on 2023-06-15 08:00:06.798720+00:00
[2023-06-15T08:00:21.541+0000] {standard_task_runner.py:55} INFO - Started process 7911 to run task
[2023-06-15T08:00:21.545+0000] {standard_task_runner.py:82} INFO - Running: ['***', 'tasks', 'run', 'data_ingestion_gcs_dag', 'download_dataset_task', 'manual__2023-06-15T08:00:06.798720+00:00', '--job-id', '347', '--raw', '--subdir', 'DAGS_FOLDER/data_ingestion_gcs_dag.py', '--cfg-path', '/tmp/tmpea8909ms']
[2023-06-15T08:00:21.547+0000] {standard_task_runner.py:83} INFO - Job 347: Subtask download_dataset_task
[2023-06-15T08:00:21.644+0000] {task_command.py:388} INFO - Running <TaskInstance: data_ingestion_gcs_dag.download_dataset_task manual__2023-06-15T08:00:06.798720+00:00 [running]> on host 658b05ff6f1a
[2023-06-15T08:00:21.759+0000] {taskinstance.py:1511} INFO - Exporting the following env vars:
AIRFLOW_CTX_DAG_OWNER=***
AIRFLOW_CTX_DAG_ID=data_ingestion_gcs_dag
AIRFLOW_CTX_TASK_ID=download_dataset_task
AIRFLOW_CTX_EXECUTION_DATE=2023-06-15T08:00:06.798720+00:00
AIRFLOW_CTX_TRY_NUMBER=1
AIRFLOW_CTX_DAG_RUN_ID=manual__2023-06-15T08:00:06.798720+00:00
[2023-06-15T08:00:21.763+0000] {subprocess.py:63} INFO - Tmp dir root location: 
 /tmp
[2023-06-15T08:00:21.781+0000] {subprocess.py:75} INFO - Running command: ['/bin/bash', '-c', 'kaggle datasets download -d arnabchaki/data-science-salaries-2023 > /opt/***/data-science-salaries-2023.csv']
[2023-06-15T08:00:21.838+0000] {subprocess.py:86} INFO - Output:
[2023-06-15T08:00:23.804+0000] {subprocess.py:93} INFO -   0%|          | 0.00/25.4k [00:00<?, ?B/s]100%|██████████| 25.4k/25.4k [00:00<00:00, 387kB/s]
[2023-06-15T08:00:24.086+0000] {subprocess.py:97} INFO - Command exited with return code 0
[2023-06-15T08:00:24.162+0000] {taskinstance.py:1326} INFO - Marking task as SUCCESS. dag_id=data_ingestion_gcs_dag, task_id=download_dataset_task, execution_date=20230615T080006, start_date=20230615T080021, end_date=20230615T080024
[2023-06-15T08:00:24.206+0000] {local_task_job.py:212} INFO - Task exited with return code 0
[2023-06-15T08:00:24.256+0000] {taskinstance.py:2585} INFO - 1 downstream tasks scheduled from follow-on schedule check
