[2023-06-15T02:26:51.785+0000] {taskinstance.py:1084} INFO - Dependencies all met for dep_context=non-requeueable deps ti=<TaskInstance: data_ingestion_gcs_dag.format_to_parquet_task manual__2023-06-15T02:22:36.867563+00:00 [queued]>
[2023-06-15T02:26:51.806+0000] {taskinstance.py:1084} INFO - Dependencies all met for dep_context=requeueable deps ti=<TaskInstance: data_ingestion_gcs_dag.format_to_parquet_task manual__2023-06-15T02:22:36.867563+00:00 [queued]>
[2023-06-15T02:26:51.807+0000] {taskinstance.py:1282} INFO - 
--------------------------------------------------------------------------------
[2023-06-15T02:26:51.808+0000] {taskinstance.py:1283} INFO - Starting attempt 1 of 2
[2023-06-15T02:26:51.809+0000] {taskinstance.py:1284} INFO - 
--------------------------------------------------------------------------------
[2023-06-15T02:26:51.841+0000] {taskinstance.py:1303} INFO - Executing <Task(PythonOperator): format_to_parquet_task> on 2023-06-15 02:22:36.867563+00:00
[2023-06-15T02:26:51.855+0000] {standard_task_runner.py:55} INFO - Started process 12273 to run task
[2023-06-15T02:26:51.859+0000] {standard_task_runner.py:82} INFO - Running: ['***', 'tasks', 'run', 'data_ingestion_gcs_dag', 'format_to_parquet_task', 'manual__2023-06-15T02:22:36.867563+00:00', '--job-id', '256', '--raw', '--subdir', 'DAGS_FOLDER/data_ingestion_gcs_dag.py', '--cfg-path', '/tmp/tmp8i6_x3v6']
[2023-06-15T02:26:51.861+0000] {standard_task_runner.py:83} INFO - Job 256: Subtask format_to_parquet_task
[2023-06-15T02:26:51.963+0000] {task_command.py:388} INFO - Running <TaskInstance: data_ingestion_gcs_dag.format_to_parquet_task manual__2023-06-15T02:22:36.867563+00:00 [running]> on host 570ce802d94a
[2023-06-15T02:26:52.093+0000] {taskinstance.py:1511} INFO - Exporting the following env vars:
AIRFLOW_CTX_DAG_OWNER=***
AIRFLOW_CTX_DAG_ID=data_ingestion_gcs_dag
AIRFLOW_CTX_TASK_ID=format_to_parquet_task
AIRFLOW_CTX_EXECUTION_DATE=2023-06-15T02:22:36.867563+00:00
AIRFLOW_CTX_TRY_NUMBER=1
AIRFLOW_CTX_DAG_RUN_ID=manual__2023-06-15T02:22:36.867563+00:00
[2023-06-15T02:28:15.242+0000] {taskinstance.py:1775} ERROR - Task failed with exception
Traceback (most recent call last):
  File "/home/airflow/.local/lib/python3.7/site-packages/airflow/operators/python.py", line 175, in execute
    return_value = self.execute_callable()
  File "/home/airflow/.local/lib/python3.7/site-packages/airflow/operators/python.py", line 192, in execute_callable
    return self.python_callable(*self.op_args, **self.op_kwargs)
  File "/opt/airflow/dags/data_ingestion_gcs_dag.py", line 41, in format_to_parquet
    table = pv.read_csv(src_file)
  File "pyarrow/_csv.pyx", line 1212, in pyarrow._csv.read_csv
  File "pyarrow/_csv.pyx", line 1077, in pyarrow._csv._get_reader
  File "pyarrow/io.pxi", line 1694, in pyarrow.lib.get_input_stream
  File "pyarrow/io.pxi", line 1665, in pyarrow.lib.get_native_file
  File "pyarrow/io.pxi", line 943, in pyarrow.lib.OSFile.__cinit__
  File "pyarrow/io.pxi", line 953, in pyarrow.lib.OSFile._open_readable
  File "pyarrow/error.pxi", line 144, in pyarrow.lib.pyarrow_internal_check_status
  File "pyarrow/error.pxi", line 113, in pyarrow.lib.check_status
FileNotFoundError: [Errno 2] Failed to open local file '/opt/airflow/airline-delay-analysis/airline-delay-analysis.csv'. Detail: [errno 2] No such file or directory
[2023-06-15T02:28:15.407+0000] {taskinstance.py:1326} INFO - Marking task as UP_FOR_RETRY. dag_id=data_ingestion_gcs_dag, task_id=format_to_parquet_task, execution_date=20230615T022236, start_date=20230615T022651, end_date=20230615T022815
[2023-06-15T02:28:15.520+0000] {standard_task_runner.py:105} ERROR - Failed to execute job 256 for task format_to_parquet_task ([Errno 2] Failed to open local file '/opt/airflow/airline-delay-analysis/airline-delay-analysis.csv'. Detail: [errno 2] No such file or directory; 12273)
[2023-06-15T02:28:15.578+0000] {local_task_job.py:212} INFO - Task exited with return code 1
[2023-06-15T02:28:15.697+0000] {taskinstance.py:2585} INFO - 0 downstream tasks scheduled from follow-on schedule check
