[2023-06-16T01:11:36.546+0000] {taskinstance.py:1084} INFO - Dependencies all met for dep_context=non-requeueable deps ti=<TaskInstance: data_ingestion_gcs_dag.local_to_gcs_task manual__2023-06-16T01:11:23.780656+00:00 [queued]>
[2023-06-16T01:11:36.560+0000] {taskinstance.py:1084} INFO - Dependencies all met for dep_context=requeueable deps ti=<TaskInstance: data_ingestion_gcs_dag.local_to_gcs_task manual__2023-06-16T01:11:23.780656+00:00 [queued]>
[2023-06-16T01:11:36.561+0000] {taskinstance.py:1282} INFO - 
--------------------------------------------------------------------------------
[2023-06-16T01:11:36.562+0000] {taskinstance.py:1283} INFO - Starting attempt 1 of 2
[2023-06-16T01:11:36.563+0000] {taskinstance.py:1284} INFO - 
--------------------------------------------------------------------------------
[2023-06-16T01:11:36.586+0000] {taskinstance.py:1303} INFO - Executing <Task(PythonOperator): local_to_gcs_task> on 2023-06-16 01:11:23.780656+00:00
[2023-06-16T01:11:36.594+0000] {standard_task_runner.py:55} INFO - Started process 2411 to run task
[2023-06-16T01:11:36.598+0000] {standard_task_runner.py:82} INFO - Running: ['***', 'tasks', 'run', 'data_ingestion_gcs_dag', 'local_to_gcs_task', 'manual__2023-06-16T01:11:23.780656+00:00', '--job-id', '529', '--raw', '--subdir', 'DAGS_FOLDER/data_ingestion_gcs_dag.py', '--cfg-path', '/tmp/tmpbfs0rd0r']
[2023-06-16T01:11:36.600+0000] {standard_task_runner.py:83} INFO - Job 529: Subtask local_to_gcs_task
[2023-06-16T01:11:36.683+0000] {task_command.py:388} INFO - Running <TaskInstance: data_ingestion_gcs_dag.local_to_gcs_task manual__2023-06-16T01:11:23.780656+00:00 [running]> on host 2a315e4d94ac
[2023-06-16T01:11:36.769+0000] {taskinstance.py:1511} INFO - Exporting the following env vars:
AIRFLOW_CTX_DAG_OWNER=***
AIRFLOW_CTX_DAG_ID=data_ingestion_gcs_dag
AIRFLOW_CTX_TASK_ID=local_to_gcs_task
AIRFLOW_CTX_EXECUTION_DATE=2023-06-16T01:11:23.780656+00:00
AIRFLOW_CTX_TRY_NUMBER=1
AIRFLOW_CTX_DAG_RUN_ID=manual__2023-06-16T01:11:23.780656+00:00
[2023-06-16T01:11:54.178+0000] {python.py:177} INFO - Done. Returned value was: None
[2023-06-16T01:11:54.204+0000] {taskinstance.py:1326} INFO - Marking task as SUCCESS. dag_id=data_ingestion_gcs_dag, task_id=local_to_gcs_task, execution_date=20230616T011123, start_date=20230616T011136, end_date=20230616T011154
[2023-06-16T01:11:54.246+0000] {local_task_job.py:212} INFO - Task exited with return code 0
[2023-06-16T01:11:54.266+0000] {taskinstance.py:2585} INFO - 0 downstream tasks scheduled from follow-on schedule check
