[2023-06-15T07:58:38.223+0000] {taskinstance.py:1084} INFO - Dependencies all met for dep_context=non-requeueable deps ti=<TaskInstance: data_ingestion_gcs_dag.download_dataset_task manual__2023-06-15T07:58:35.108136+00:00 [queued]>
[2023-06-15T07:58:38.242+0000] {taskinstance.py:1084} INFO - Dependencies all met for dep_context=requeueable deps ti=<TaskInstance: data_ingestion_gcs_dag.download_dataset_task manual__2023-06-15T07:58:35.108136+00:00 [queued]>
[2023-06-15T07:58:38.243+0000] {taskinstance.py:1282} INFO - 
--------------------------------------------------------------------------------
[2023-06-15T07:58:38.244+0000] {taskinstance.py:1283} INFO - Starting attempt 1 of 2
[2023-06-15T07:58:38.245+0000] {taskinstance.py:1284} INFO - 
--------------------------------------------------------------------------------
[2023-06-15T07:58:38.273+0000] {taskinstance.py:1303} INFO - Executing <Task(BashOperator): download_dataset_task> on 2023-06-15 07:58:35.108136+00:00
[2023-06-15T07:58:38.287+0000] {standard_task_runner.py:55} INFO - Started process 7787 to run task
[2023-06-15T07:58:38.291+0000] {standard_task_runner.py:82} INFO - Running: ['***', 'tasks', 'run', 'data_ingestion_gcs_dag', 'download_dataset_task', 'manual__2023-06-15T07:58:35.108136+00:00', '--job-id', '343', '--raw', '--subdir', 'DAGS_FOLDER/data_ingestion_gcs_dag.py', '--cfg-path', '/tmp/tmpewsi9mvs']
[2023-06-15T07:58:38.294+0000] {standard_task_runner.py:83} INFO - Job 343: Subtask download_dataset_task
[2023-06-15T07:58:38.392+0000] {task_command.py:388} INFO - Running <TaskInstance: data_ingestion_gcs_dag.download_dataset_task manual__2023-06-15T07:58:35.108136+00:00 [running]> on host 658b05ff6f1a
[2023-06-15T07:58:38.493+0000] {taskinstance.py:1511} INFO - Exporting the following env vars:
AIRFLOW_CTX_DAG_OWNER=***
AIRFLOW_CTX_DAG_ID=data_ingestion_gcs_dag
AIRFLOW_CTX_TASK_ID=download_dataset_task
AIRFLOW_CTX_EXECUTION_DATE=2023-06-15T07:58:35.108136+00:00
AIRFLOW_CTX_TRY_NUMBER=1
AIRFLOW_CTX_DAG_RUN_ID=manual__2023-06-15T07:58:35.108136+00:00
[2023-06-15T07:58:38.496+0000] {subprocess.py:63} INFO - Tmp dir root location: 
 /tmp
[2023-06-15T07:58:38.503+0000] {subprocess.py:75} INFO - Running command: ['/bin/bash', '-c', 'kaggle datasets download -d arnabchaki/data-science-salaries-2023 > /opt/***/data-science-salaries-2023']
[2023-06-15T07:58:38.542+0000] {subprocess.py:86} INFO - Output:
[2023-06-15T07:58:40.178+0000] {subprocess.py:93} INFO -   0%|          | 0.00/25.4k [00:00<?, ?B/s]100%|██████████| 25.4k/25.4k [00:00<00:00, 3.82MB/s]
[2023-06-15T07:58:40.345+0000] {subprocess.py:97} INFO - Command exited with return code 0
[2023-06-15T07:58:40.386+0000] {taskinstance.py:1326} INFO - Marking task as SUCCESS. dag_id=data_ingestion_gcs_dag, task_id=download_dataset_task, execution_date=20230615T075835, start_date=20230615T075838, end_date=20230615T075840
[2023-06-15T07:58:40.442+0000] {local_task_job.py:212} INFO - Task exited with return code 0
[2023-06-15T07:58:40.486+0000] {taskinstance.py:2585} INFO - 1 downstream tasks scheduled from follow-on schedule check
