[2023-06-14T11:45:56.016+0000] {taskinstance.py:1084} INFO - Dependencies all met for dep_context=non-requeueable deps ti=<TaskInstance: data_ingestion_gcs_dag.create_folder_in_bucket_task manual__2023-06-14T11:45:33.755447+00:00 [queued]>
[2023-06-14T11:45:56.036+0000] {taskinstance.py:1084} INFO - Dependencies all met for dep_context=requeueable deps ti=<TaskInstance: data_ingestion_gcs_dag.create_folder_in_bucket_task manual__2023-06-14T11:45:33.755447+00:00 [queued]>
[2023-06-14T11:45:56.038+0000] {taskinstance.py:1282} INFO - 
--------------------------------------------------------------------------------
[2023-06-14T11:45:56.039+0000] {taskinstance.py:1283} INFO - Starting attempt 1 of 2
[2023-06-14T11:45:56.040+0000] {taskinstance.py:1284} INFO - 
--------------------------------------------------------------------------------
[2023-06-14T11:45:56.071+0000] {taskinstance.py:1303} INFO - Executing <Task(PythonOperator): create_folder_in_bucket_task> on 2023-06-14 11:45:33.755447+00:00
[2023-06-14T11:45:56.086+0000] {standard_task_runner.py:55} INFO - Started process 12568 to run task
[2023-06-14T11:45:56.091+0000] {standard_task_runner.py:82} INFO - Running: ['***', 'tasks', 'run', 'data_ingestion_gcs_dag', 'create_folder_in_bucket_task', 'manual__2023-06-14T11:45:33.755447+00:00', '--job-id', '159', '--raw', '--subdir', 'DAGS_FOLDER/data_ingestion_gcs_dag.py', '--cfg-path', '/tmp/tmpumc3lkzy']
[2023-06-14T11:45:56.094+0000] {standard_task_runner.py:83} INFO - Job 159: Subtask create_folder_in_bucket_task
[2023-06-14T11:45:56.206+0000] {task_command.py:388} INFO - Running <TaskInstance: data_ingestion_gcs_dag.create_folder_in_bucket_task manual__2023-06-14T11:45:33.755447+00:00 [running]> on host 2adc0c380f97
[2023-06-14T11:45:56.346+0000] {taskinstance.py:1511} INFO - Exporting the following env vars:
AIRFLOW_CTX_DAG_OWNER=***
AIRFLOW_CTX_DAG_ID=data_ingestion_gcs_dag
AIRFLOW_CTX_TASK_ID=create_folder_in_bucket_task
AIRFLOW_CTX_EXECUTION_DATE=2023-06-14T11:45:33.755447+00:00
AIRFLOW_CTX_TRY_NUMBER=1
AIRFLOW_CTX_DAG_RUN_ID=manual__2023-06-14T11:45:33.755447+00:00
[2023-06-14T11:45:57.856+0000] {python.py:177} INFO - Done. Returned value was: None
[2023-06-14T11:45:57.871+0000] {taskinstance.py:1326} INFO - Marking task as SUCCESS. dag_id=data_ingestion_gcs_dag, task_id=create_folder_in_bucket_task, execution_date=20230614T114533, start_date=20230614T114556, end_date=20230614T114557
[2023-06-14T11:45:57.936+0000] {local_task_job.py:212} INFO - Task exited with return code 0
[2023-06-14T11:45:57.985+0000] {taskinstance.py:2585} INFO - 1 downstream tasks scheduled from follow-on schedule check
