[2023-06-14T12:04:15.887+0000] {taskinstance.py:1084} INFO - Dependencies all met for dep_context=non-requeueable deps ti=<TaskInstance: data_ingestion_gcs_dag.create_folder_in_bucket_task manual__2023-06-14T12:04:04.029505+00:00 [queued]>
[2023-06-14T12:04:15.909+0000] {taskinstance.py:1084} INFO - Dependencies all met for dep_context=requeueable deps ti=<TaskInstance: data_ingestion_gcs_dag.create_folder_in_bucket_task manual__2023-06-14T12:04:04.029505+00:00 [queued]>
[2023-06-14T12:04:15.910+0000] {taskinstance.py:1282} INFO - 
--------------------------------------------------------------------------------
[2023-06-14T12:04:15.911+0000] {taskinstance.py:1283} INFO - Starting attempt 1 of 2
[2023-06-14T12:04:15.912+0000] {taskinstance.py:1284} INFO - 
--------------------------------------------------------------------------------
[2023-06-14T12:04:15.948+0000] {taskinstance.py:1303} INFO - Executing <Task(PythonOperator): create_folder_in_bucket_task> on 2023-06-14 12:04:04.029505+00:00
[2023-06-14T12:04:16.004+0000] {standard_task_runner.py:55} INFO - Started process 13755 to run task
[2023-06-14T12:04:16.084+0000] {standard_task_runner.py:82} INFO - Running: ['***', 'tasks', 'run', 'data_ingestion_gcs_dag', 'create_folder_in_bucket_task', 'manual__2023-06-14T12:04:04.029505+00:00', '--job-id', '173', '--raw', '--subdir', 'DAGS_FOLDER/data_ingestion_gcs_dag.py', '--cfg-path', '/tmp/tmp2dxkcwhb']
[2023-06-14T12:04:16.161+0000] {standard_task_runner.py:83} INFO - Job 173: Subtask create_folder_in_bucket_task
[2023-06-14T12:04:17.049+0000] {task_command.py:388} INFO - Running <TaskInstance: data_ingestion_gcs_dag.create_folder_in_bucket_task manual__2023-06-14T12:04:04.029505+00:00 [running]> on host 2adc0c380f97
[2023-06-14T12:04:17.330+0000] {taskinstance.py:1511} INFO - Exporting the following env vars:
AIRFLOW_CTX_DAG_OWNER=***
AIRFLOW_CTX_DAG_ID=data_ingestion_gcs_dag
AIRFLOW_CTX_TASK_ID=create_folder_in_bucket_task
AIRFLOW_CTX_EXECUTION_DATE=2023-06-14T12:04:04.029505+00:00
AIRFLOW_CTX_TRY_NUMBER=1
AIRFLOW_CTX_DAG_RUN_ID=manual__2023-06-14T12:04:04.029505+00:00
[2023-06-14T12:04:18.739+0000] {python.py:177} INFO - Done. Returned value was: None
[2023-06-14T12:04:18.760+0000] {taskinstance.py:1326} INFO - Marking task as SUCCESS. dag_id=data_ingestion_gcs_dag, task_id=create_folder_in_bucket_task, execution_date=20230614T120404, start_date=20230614T120415, end_date=20230614T120418
[2023-06-14T12:04:18.821+0000] {local_task_job.py:212} INFO - Task exited with return code 0
[2023-06-14T12:04:18.871+0000] {taskinstance.py:2585} INFO - 1 downstream tasks scheduled from follow-on schedule check
