[2023-06-15T01:30:23.047+0000] {taskinstance.py:1084} INFO - Dependencies all met for dep_context=non-requeueable deps ti=<TaskInstance: data_ingestion_gcs_dag.download_kaggle_dataset_task manual__2023-06-15T01:30:19.631283+00:00 [queued]>
[2023-06-15T01:30:23.060+0000] {taskinstance.py:1084} INFO - Dependencies all met for dep_context=requeueable deps ti=<TaskInstance: data_ingestion_gcs_dag.download_kaggle_dataset_task manual__2023-06-15T01:30:19.631283+00:00 [queued]>
[2023-06-15T01:30:23.061+0000] {taskinstance.py:1282} INFO - 
--------------------------------------------------------------------------------
[2023-06-15T01:30:23.062+0000] {taskinstance.py:1283} INFO - Starting attempt 1 of 2
[2023-06-15T01:30:23.062+0000] {taskinstance.py:1284} INFO - 
--------------------------------------------------------------------------------
[2023-06-15T01:30:23.081+0000] {taskinstance.py:1303} INFO - Executing <Task(PythonOperator): download_kaggle_dataset_task> on 2023-06-15 01:30:19.631283+00:00
[2023-06-15T01:30:23.094+0000] {standard_task_runner.py:55} INFO - Started process 8702 to run task
[2023-06-15T01:30:23.099+0000] {standard_task_runner.py:82} INFO - Running: ['***', 'tasks', 'run', 'data_ingestion_gcs_dag', 'download_kaggle_dataset_task', 'manual__2023-06-15T01:30:19.631283+00:00', '--job-id', '224', '--raw', '--subdir', 'DAGS_FOLDER/data_ingestion_gcs_dag.py', '--cfg-path', '/tmp/tmpc9o7e04f']
[2023-06-15T01:30:23.101+0000] {standard_task_runner.py:83} INFO - Job 224: Subtask download_kaggle_dataset_task
[2023-06-15T01:30:23.247+0000] {task_command.py:388} INFO - Running <TaskInstance: data_ingestion_gcs_dag.download_kaggle_dataset_task manual__2023-06-15T01:30:19.631283+00:00 [running]> on host 570ce802d94a
[2023-06-15T01:30:23.394+0000] {taskinstance.py:1511} INFO - Exporting the following env vars:
AIRFLOW_CTX_DAG_OWNER=***
AIRFLOW_CTX_DAG_ID=data_ingestion_gcs_dag
AIRFLOW_CTX_TASK_ID=download_kaggle_dataset_task
AIRFLOW_CTX_EXECUTION_DATE=2023-06-15T01:30:19.631283+00:00
AIRFLOW_CTX_TRY_NUMBER=1
AIRFLOW_CTX_DAG_RUN_ID=manual__2023-06-15T01:30:19.631283+00:00
[2023-06-15T01:30:24.452+0000] {python.py:177} INFO - Done. Returned value was: None
[2023-06-15T01:30:24.466+0000] {taskinstance.py:1326} INFO - Marking task as SUCCESS. dag_id=data_ingestion_gcs_dag, task_id=download_kaggle_dataset_task, execution_date=20230615T013019, start_date=20230615T013023, end_date=20230615T013024
[2023-06-15T01:30:24.529+0000] {local_task_job.py:212} INFO - Task exited with return code 0
[2023-06-15T01:30:24.567+0000] {taskinstance.py:2585} INFO - 1 downstream tasks scheduled from follow-on schedule check
