[2023-06-15T04:27:13.666+0000] {taskinstance.py:1084} INFO - Dependencies all met for dep_context=non-requeueable deps ti=<TaskInstance: data_ingestion_gcs_dag.download_dataset_task manual__2023-06-15T04:19:11.809448+00:00 [queued]>
[2023-06-15T04:27:13.679+0000] {taskinstance.py:1084} INFO - Dependencies all met for dep_context=requeueable deps ti=<TaskInstance: data_ingestion_gcs_dag.download_dataset_task manual__2023-06-15T04:19:11.809448+00:00 [queued]>
[2023-06-15T04:27:13.680+0000] {taskinstance.py:1282} INFO - 
--------------------------------------------------------------------------------
[2023-06-15T04:27:13.681+0000] {taskinstance.py:1283} INFO - Starting attempt 1 of 2
[2023-06-15T04:27:13.681+0000] {taskinstance.py:1284} INFO - 
--------------------------------------------------------------------------------
[2023-06-15T04:27:13.699+0000] {taskinstance.py:1303} INFO - Executing <Task(BashOperator): download_dataset_task> on 2023-06-15 04:19:11.809448+00:00
[2023-06-15T04:27:13.708+0000] {standard_task_runner.py:55} INFO - Started process 4499 to run task
[2023-06-15T04:27:13.711+0000] {standard_task_runner.py:82} INFO - Running: ['***', 'tasks', 'run', 'data_ingestion_gcs_dag', 'download_dataset_task', 'manual__2023-06-15T04:19:11.809448+00:00', '--job-id', '289', '--raw', '--subdir', 'DAGS_FOLDER/data_ingestion_gcs_dag.py', '--cfg-path', '/tmp/tmpz0ritd9z']
[2023-06-15T04:27:13.714+0000] {standard_task_runner.py:83} INFO - Job 289: Subtask download_dataset_task
[2023-06-15T04:27:13.795+0000] {task_command.py:388} INFO - Running <TaskInstance: data_ingestion_gcs_dag.download_dataset_task manual__2023-06-15T04:19:11.809448+00:00 [running]> on host 7e4a92a12ba6
[2023-06-15T04:27:13.890+0000] {taskinstance.py:1511} INFO - Exporting the following env vars:
AIRFLOW_CTX_DAG_OWNER=***
AIRFLOW_CTX_DAG_ID=data_ingestion_gcs_dag
AIRFLOW_CTX_TASK_ID=download_dataset_task
AIRFLOW_CTX_EXECUTION_DATE=2023-06-15T04:19:11.809448+00:00
AIRFLOW_CTX_TRY_NUMBER=1
AIRFLOW_CTX_DAG_RUN_ID=manual__2023-06-15T04:19:11.809448+00:00
[2023-06-15T04:27:13.893+0000] {subprocess.py:63} INFO - Tmp dir root location: 
 /tmp
[2023-06-15T04:27:13.899+0000] {subprocess.py:75} INFO - Running command: ['/bin/bash', '-c', 'kaggle datasets download -d sherrytp/airline-delay-analysis -p /opt/***/airline-delay-analysis && unzip -o /opt/***/airline-delay-analysis/airline-delay-analysis.zip -d /opt/***/airline-delay-analysis']
[2023-06-15T04:27:13.943+0000] {subprocess.py:86} INFO - Output:
[2023-06-15T04:27:15.339+0000] {subprocess.py:93} INFO - airline-delay-analysis.zip: Skipping, found more recently modified local copy (use --force to force download)
[2023-06-15T04:27:15.612+0000] {subprocess.py:93} INFO - Archive:  /opt/***/airline-delay-analysis/airline-delay-analysis.zip
[2023-06-15T04:27:19.035+0000] {subprocess.py:93} INFO -   inflating: /opt/***/airline-delay-analysis/airline delay analysis/20.csv
[2023-06-15T04:27:41.557+0000] {subprocess.py:93} INFO -   inflating: /opt/***/airline-delay-analysis/airline delay analysis/2009.csv
[2023-06-15T04:27:50.476+0000] {subprocess.py:93} INFO -   inflating: /opt/***/airline-delay-analysis/airline delay analysis/2010.csv
[2023-06-15T04:28:01.401+0000] {subprocess.py:93} INFO -   inflating: /opt/***/airline-delay-analysis/airline delay analysis/2011.csv
[2023-06-15T04:28:07.946+0000] {subprocess.py:93} INFO -   inflating: /opt/***/airline-delay-analysis/airline delay analysis/2012.csv
[2023-06-15T04:28:15.813+0000] {subprocess.py:93} INFO -   inflating: /opt/***/airline-delay-analysis/airline delay analysis/2013.csv
[2023-06-15T04:28:23.698+0000] {subprocess.py:93} INFO -   inflating: /opt/***/airline-delay-analysis/airline delay analysis/2014.csv
[2023-06-15T04:28:31.723+0000] {subprocess.py:93} INFO -   inflating: /opt/***/airline-delay-analysis/airline delay analysis/2015.csv
[2023-06-15T04:28:38.239+0000] {subprocess.py:93} INFO -   inflating: /opt/***/airline-delay-analysis/airline delay analysis/2016.csv
[2023-06-15T04:28:43.732+0000] {subprocess.py:93} INFO -   inflating: /opt/***/airline-delay-analysis/airline delay analysis/2017.csv
[2023-06-15T04:28:52.623+0000] {subprocess.py:93} INFO -   inflating: /opt/***/airline-delay-analysis/airline delay analysis/2018.csv
[2023-06-15T04:29:03.759+0000] {subprocess.py:93} INFO -   inflating: /opt/***/airline-delay-analysis/airline delay analysis/2019.csv
[2023-06-15T04:29:03.777+0000] {subprocess.py:97} INFO - Command exited with return code 0
[2023-06-15T04:29:04.102+0000] {taskinstance.py:1326} INFO - Marking task as SUCCESS. dag_id=data_ingestion_gcs_dag, task_id=download_dataset_task, execution_date=20230615T041911, start_date=20230615T042713, end_date=20230615T042904
[2023-06-15T04:29:04.282+0000] {local_task_job.py:212} INFO - Task exited with return code 0
[2023-06-15T04:29:04.469+0000] {taskinstance.py:2585} INFO - 0 downstream tasks scheduled from follow-on schedule check
