[2023-06-13T18:40:59.494+0000] {taskinstance.py:1084} INFO - Dependencies all met for dep_context=non-requeueable deps ti=<TaskInstance: data_ingestion_gcs_dag.format_to_parquet_task manual__2023-06-13T18:40:45.780376+00:00 [queued]>
[2023-06-13T18:40:59.507+0000] {taskinstance.py:1084} INFO - Dependencies all met for dep_context=requeueable deps ti=<TaskInstance: data_ingestion_gcs_dag.format_to_parquet_task manual__2023-06-13T18:40:45.780376+00:00 [queued]>
[2023-06-13T18:40:59.508+0000] {taskinstance.py:1282} INFO - 
--------------------------------------------------------------------------------
[2023-06-13T18:40:59.510+0000] {taskinstance.py:1283} INFO - Starting attempt 1 of 2
[2023-06-13T18:40:59.510+0000] {taskinstance.py:1284} INFO - 
--------------------------------------------------------------------------------
[2023-06-13T18:40:59.535+0000] {taskinstance.py:1303} INFO - Executing <Task(PythonOperator): format_to_parquet_task> on 2023-06-13 18:40:45.780376+00:00
[2023-06-13T18:40:59.546+0000] {standard_task_runner.py:55} INFO - Started process 3573 to run task
[2023-06-13T18:40:59.549+0000] {standard_task_runner.py:82} INFO - Running: ['***', 'tasks', 'run', 'data_ingestion_gcs_dag', 'format_to_parquet_task', 'manual__2023-06-13T18:40:45.780376+00:00', '--job-id', '49', '--raw', '--subdir', 'DAGS_FOLDER/data_ingestion_gcs_dag.py', '--cfg-path', '/tmp/tmp77lcto94']
[2023-06-13T18:40:59.551+0000] {standard_task_runner.py:83} INFO - Job 49: Subtask format_to_parquet_task
[2023-06-13T18:40:59.629+0000] {task_command.py:388} INFO - Running <TaskInstance: data_ingestion_gcs_dag.format_to_parquet_task manual__2023-06-13T18:40:45.780376+00:00 [running]> on host 2adc0c380f97
[2023-06-13T18:40:59.724+0000] {taskinstance.py:1511} INFO - Exporting the following env vars:
AIRFLOW_CTX_DAG_OWNER=***
AIRFLOW_CTX_DAG_ID=data_ingestion_gcs_dag
AIRFLOW_CTX_TASK_ID=format_to_parquet_task
AIRFLOW_CTX_EXECUTION_DATE=2023-06-13T18:40:45.780376+00:00
AIRFLOW_CTX_TRY_NUMBER=1
AIRFLOW_CTX_DAG_RUN_ID=manual__2023-06-13T18:40:45.780376+00:00
[2023-06-13T18:40:59.726+0000] {data_ingestion_gcs_dag.py:41} ERROR - Can only accept source files in CSV format, for the moment
[2023-06-13T18:40:59.727+0000] {python.py:177} INFO - Done. Returned value was: None
[2023-06-13T18:40:59.740+0000] {taskinstance.py:1326} INFO - Marking task as SUCCESS. dag_id=data_ingestion_gcs_dag, task_id=format_to_parquet_task, execution_date=20230613T184045, start_date=20230613T184059, end_date=20230613T184059
[2023-06-13T18:40:59.762+0000] {local_task_job.py:212} INFO - Task exited with return code 0
[2023-06-13T18:40:59.801+0000] {taskinstance.py:2585} INFO - 1 downstream tasks scheduled from follow-on schedule check
