[2023-06-15T08:10:12.001+0000] {taskinstance.py:1084} INFO - Dependencies all met for dep_context=non-requeueable deps ti=<TaskInstance: data_ingestion_gcs_dag.download_dataset_task manual__2023-06-15T08:09:57.973074+00:00 [queued]>
[2023-06-15T08:10:12.037+0000] {taskinstance.py:1084} INFO - Dependencies all met for dep_context=requeueable deps ti=<TaskInstance: data_ingestion_gcs_dag.download_dataset_task manual__2023-06-15T08:09:57.973074+00:00 [queued]>
[2023-06-15T08:10:12.039+0000] {taskinstance.py:1282} INFO - 
--------------------------------------------------------------------------------
[2023-06-15T08:10:12.042+0000] {taskinstance.py:1283} INFO - Starting attempt 1 of 2
[2023-06-15T08:10:12.043+0000] {taskinstance.py:1284} INFO - 
--------------------------------------------------------------------------------
[2023-06-15T08:10:12.116+0000] {taskinstance.py:1303} INFO - Executing <Task(BashOperator): download_dataset_task> on 2023-06-15 08:09:57.973074+00:00
[2023-06-15T08:10:12.241+0000] {standard_task_runner.py:55} INFO - Started process 8551 to run task
[2023-06-15T08:10:12.335+0000] {standard_task_runner.py:82} INFO - Running: ['***', 'tasks', 'run', 'data_ingestion_gcs_dag', 'download_dataset_task', 'manual__2023-06-15T08:09:57.973074+00:00', '--job-id', '360', '--raw', '--subdir', 'DAGS_FOLDER/data_ingestion_gcs_dag.py', '--cfg-path', '/tmp/tmpbjcmr1ui']
[2023-06-15T08:10:12.374+0000] {standard_task_runner.py:83} INFO - Job 360: Subtask download_dataset_task
[2023-06-15T08:10:12.727+0000] {task_command.py:388} INFO - Running <TaskInstance: data_ingestion_gcs_dag.download_dataset_task manual__2023-06-15T08:09:57.973074+00:00 [running]> on host 658b05ff6f1a
[2023-06-15T08:10:13.303+0000] {taskinstance.py:1511} INFO - Exporting the following env vars:
AIRFLOW_CTX_DAG_OWNER=***
AIRFLOW_CTX_DAG_ID=data_ingestion_gcs_dag
AIRFLOW_CTX_TASK_ID=download_dataset_task
AIRFLOW_CTX_EXECUTION_DATE=2023-06-15T08:09:57.973074+00:00
AIRFLOW_CTX_TRY_NUMBER=1
AIRFLOW_CTX_DAG_RUN_ID=manual__2023-06-15T08:09:57.973074+00:00
[2023-06-15T08:10:13.315+0000] {subprocess.py:63} INFO - Tmp dir root location: 
 /tmp
[2023-06-15T08:10:13.399+0000] {subprocess.py:75} INFO - Running command: ['/bin/bash', '-c', 'kaggle datasets download -d arnabchaki/data-science-salaries-2023 > /opt/***/data-science-salaries-2023.csv']
[2023-06-15T08:10:13.608+0000] {subprocess.py:86} INFO - Output:
[2023-06-15T08:10:17.017+0000] {subprocess.py:93} INFO -   0%|          | 0.00/25.4k [00:00<?, ?B/s]100%|██████████| 25.4k/25.4k [00:00<00:00, 2.25MB/s]
[2023-06-15T08:10:17.335+0000] {subprocess.py:97} INFO - Command exited with return code 0
[2023-06-15T08:10:17.441+0000] {taskinstance.py:1326} INFO - Marking task as SUCCESS. dag_id=data_ingestion_gcs_dag, task_id=download_dataset_task, execution_date=20230615T080957, start_date=20230615T081012, end_date=20230615T081017
[2023-06-15T08:10:17.540+0000] {local_task_job.py:212} INFO - Task exited with return code 0
[2023-06-15T08:10:17.635+0000] {taskinstance.py:2585} INFO - 1 downstream tasks scheduled from follow-on schedule check
