[2023-06-15T15:37:35.432+0000] {taskinstance.py:1084} INFO - Dependencies all met for dep_context=non-requeueable deps ti=<TaskInstance: data_ingestion_gcs_dag.download_dataset_task manual__2023-06-15T15:37:16.758500+00:00 [queued]>
[2023-06-15T15:37:35.485+0000] {taskinstance.py:1084} INFO - Dependencies all met for dep_context=requeueable deps ti=<TaskInstance: data_ingestion_gcs_dag.download_dataset_task manual__2023-06-15T15:37:16.758500+00:00 [queued]>
[2023-06-15T15:37:35.486+0000] {taskinstance.py:1282} INFO - 
--------------------------------------------------------------------------------
[2023-06-15T15:37:35.488+0000] {taskinstance.py:1283} INFO - Starting attempt 1 of 2
[2023-06-15T15:37:35.489+0000] {taskinstance.py:1284} INFO - 
--------------------------------------------------------------------------------
[2023-06-15T15:37:35.537+0000] {taskinstance.py:1303} INFO - Executing <Task(BashOperator): download_dataset_task> on 2023-06-15 15:37:16.758500+00:00
[2023-06-15T15:37:35.591+0000] {standard_task_runner.py:55} INFO - Started process 27300 to run task
[2023-06-15T15:37:35.659+0000] {standard_task_runner.py:82} INFO - Running: ['***', 'tasks', 'run', 'data_ingestion_gcs_dag', 'download_dataset_task', 'manual__2023-06-15T15:37:16.758500+00:00', '--job-id', '439', '--raw', '--subdir', 'DAGS_FOLDER/data_ingestion_gcs_dag.py', '--cfg-path', '/tmp/tmpw068ow8w']
[2023-06-15T15:37:35.671+0000] {standard_task_runner.py:83} INFO - Job 439: Subtask download_dataset_task
[2023-06-15T15:37:36.453+0000] {task_command.py:388} INFO - Running <TaskInstance: data_ingestion_gcs_dag.download_dataset_task manual__2023-06-15T15:37:16.758500+00:00 [running]> on host 658b05ff6f1a
[2023-06-15T15:37:36.784+0000] {taskinstance.py:1511} INFO - Exporting the following env vars:
AIRFLOW_CTX_DAG_OWNER=***
AIRFLOW_CTX_DAG_ID=data_ingestion_gcs_dag
AIRFLOW_CTX_TASK_ID=download_dataset_task
AIRFLOW_CTX_EXECUTION_DATE=2023-06-15T15:37:16.758500+00:00
AIRFLOW_CTX_TRY_NUMBER=1
AIRFLOW_CTX_DAG_RUN_ID=manual__2023-06-15T15:37:16.758500+00:00
[2023-06-15T15:37:36.790+0000] {subprocess.py:63} INFO - Tmp dir root location: 
 /tmp
[2023-06-15T15:37:36.810+0000] {subprocess.py:75} INFO - Running command: ['/bin/bash', '-c', '\n            cd /opt/*** &&\n            cd airline-delay-analysis &&\n            rm -f airline-delay-analysis.zip &&\n            rm ds_salaries.csv &&\n            kaggle datasets download -d sherrytp/airline-delay-analysis --force && \n            unzip airline-delay-analysis.zip && \n            rm airline-delay-analysis.zip\n            ']
[2023-06-15T15:37:36.930+0000] {subprocess.py:86} INFO - Output:
[2023-06-15T15:37:37.051+0000] {subprocess.py:93} INFO - rm: cannot remove 'ds_salaries.csv': No such file or directory
[2023-06-15T15:37:37.052+0000] {subprocess.py:97} INFO - Command exited with return code 1
[2023-06-15T15:37:37.075+0000] {taskinstance.py:1775} ERROR - Task failed with exception
Traceback (most recent call last):
  File "/home/airflow/.local/lib/python3.7/site-packages/airflow/operators/bash.py", line 197, in execute
    f"Bash command failed. The command returned a non-zero exit code {result.exit_code}."
airflow.exceptions.AirflowException: Bash command failed. The command returned a non-zero exit code 1.
[2023-06-15T15:37:37.087+0000] {taskinstance.py:1326} INFO - Marking task as UP_FOR_RETRY. dag_id=data_ingestion_gcs_dag, task_id=download_dataset_task, execution_date=20230615T153716, start_date=20230615T153735, end_date=20230615T153737
[2023-06-15T15:37:37.125+0000] {standard_task_runner.py:105} ERROR - Failed to execute job 439 for task download_dataset_task (Bash command failed. The command returned a non-zero exit code 1.; 27300)
[2023-06-15T15:37:37.149+0000] {local_task_job.py:212} INFO - Task exited with return code 1
[2023-06-15T15:37:37.214+0000] {taskinstance.py:2585} INFO - 0 downstream tasks scheduled from follow-on schedule check
