[2023-06-15T05:34:58.667+0000] {taskinstance.py:1084} INFO - Dependencies all met for dep_context=non-requeueable deps ti=<TaskInstance: data_ingestion_gcs_dag.download_dataset_task manual__2023-06-15T05:28:30.466915+00:00 [queued]>
[2023-06-15T05:34:58.691+0000] {taskinstance.py:1084} INFO - Dependencies all met for dep_context=requeueable deps ti=<TaskInstance: data_ingestion_gcs_dag.download_dataset_task manual__2023-06-15T05:28:30.466915+00:00 [queued]>
[2023-06-15T05:34:58.692+0000] {taskinstance.py:1282} INFO - 
--------------------------------------------------------------------------------
[2023-06-15T05:34:58.694+0000] {taskinstance.py:1283} INFO - Starting attempt 2 of 2
[2023-06-15T05:34:58.695+0000] {taskinstance.py:1284} INFO - 
--------------------------------------------------------------------------------
[2023-06-15T05:34:58.737+0000] {taskinstance.py:1303} INFO - Executing <Task(BashOperator): download_dataset_task> on 2023-06-15 05:28:30.466915+00:00
[2023-06-15T05:34:58.778+0000] {standard_task_runner.py:55} INFO - Started process 90 to run task
[2023-06-15T05:34:58.785+0000] {standard_task_runner.py:82} INFO - Running: ['***', 'tasks', 'run', 'data_ingestion_gcs_dag', 'download_dataset_task', 'manual__2023-06-15T05:28:30.466915+00:00', '--job-id', '306', '--raw', '--subdir', 'DAGS_FOLDER/data_ingestion_gcs_dag.py', '--cfg-path', '/tmp/tmpjsi_5m4d']
[2023-06-15T05:34:58.789+0000] {standard_task_runner.py:83} INFO - Job 306: Subtask download_dataset_task
[2023-06-15T05:34:59.075+0000] {task_command.py:388} INFO - Running <TaskInstance: data_ingestion_gcs_dag.download_dataset_task manual__2023-06-15T05:28:30.466915+00:00 [running]> on host 658b05ff6f1a
[2023-06-15T05:34:59.377+0000] {taskinstance.py:1511} INFO - Exporting the following env vars:
AIRFLOW_CTX_DAG_OWNER=***
AIRFLOW_CTX_DAG_ID=data_ingestion_gcs_dag
AIRFLOW_CTX_TASK_ID=download_dataset_task
AIRFLOW_CTX_EXECUTION_DATE=2023-06-15T05:28:30.466915+00:00
AIRFLOW_CTX_TRY_NUMBER=2
AIRFLOW_CTX_DAG_RUN_ID=manual__2023-06-15T05:28:30.466915+00:00
[2023-06-15T05:34:59.385+0000] {subprocess.py:63} INFO - Tmp dir root location: 
 /tmp
[2023-06-15T05:34:59.388+0000] {subprocess.py:75} INFO - Running command: ['/bin/bash', '-c', 'kaggle datasets download -d sherrytp/airline-delay-analysis > /opt/***/']
[2023-06-15T05:34:59.430+0000] {subprocess.py:86} INFO - Output:
[2023-06-15T05:34:59.490+0000] {subprocess.py:93} INFO - /bin/bash: line 1: /opt/***/: Is a directory
[2023-06-15T05:34:59.496+0000] {subprocess.py:97} INFO - Command exited with return code 1
[2023-06-15T05:34:59.526+0000] {taskinstance.py:1775} ERROR - Task failed with exception
Traceback (most recent call last):
  File "/home/airflow/.local/lib/python3.7/site-packages/airflow/operators/bash.py", line 197, in execute
    f"Bash command failed. The command returned a non-zero exit code {result.exit_code}."
airflow.exceptions.AirflowException: Bash command failed. The command returned a non-zero exit code 1.
[2023-06-15T05:34:59.551+0000] {taskinstance.py:1326} INFO - Marking task as FAILED. dag_id=data_ingestion_gcs_dag, task_id=download_dataset_task, execution_date=20230615T052830, start_date=20230615T053458, end_date=20230615T053459
[2023-06-15T05:34:59.673+0000] {standard_task_runner.py:105} ERROR - Failed to execute job 306 for task download_dataset_task (Bash command failed. The command returned a non-zero exit code 1.; 90)
[2023-06-15T05:34:59.709+0000] {local_task_job.py:212} INFO - Task exited with return code 1
[2023-06-15T05:34:59.794+0000] {taskinstance.py:2585} INFO - 0 downstream tasks scheduled from follow-on schedule check
