[2023-06-14T23:07:59.029+0000] {taskinstance.py:1084} INFO - Dependencies all met for dep_context=non-requeueable deps ti=<TaskInstance: data_ingestion_gcs_dag.download_dataset_task manual__2023-06-14T23:07:52.709751+00:00 [queued]>
[2023-06-14T23:07:59.054+0000] {taskinstance.py:1084} INFO - Dependencies all met for dep_context=requeueable deps ti=<TaskInstance: data_ingestion_gcs_dag.download_dataset_task manual__2023-06-14T23:07:52.709751+00:00 [queued]>
[2023-06-14T23:07:59.055+0000] {taskinstance.py:1282} INFO - 
--------------------------------------------------------------------------------
[2023-06-14T23:07:59.057+0000] {taskinstance.py:1283} INFO - Starting attempt 1 of 2
[2023-06-14T23:07:59.058+0000] {taskinstance.py:1284} INFO - 
--------------------------------------------------------------------------------
[2023-06-14T23:07:59.100+0000] {taskinstance.py:1303} INFO - Executing <Task(BashOperator): download_dataset_task> on 2023-06-14 23:07:52.709751+00:00
[2023-06-14T23:07:59.113+0000] {standard_task_runner.py:55} INFO - Started process 2422 to run task
[2023-06-14T23:07:59.119+0000] {standard_task_runner.py:82} INFO - Running: ['***', 'tasks', 'run', 'data_ingestion_gcs_dag', 'download_dataset_task', 'manual__2023-06-14T23:07:52.709751+00:00', '--job-id', '198', '--raw', '--subdir', 'DAGS_FOLDER/data_ingestion_gcs_dag.py', '--cfg-path', '/tmp/tmp0tp_xiho']
[2023-06-14T23:07:59.121+0000] {standard_task_runner.py:83} INFO - Job 198: Subtask download_dataset_task
[2023-06-14T23:07:59.262+0000] {task_command.py:388} INFO - Running <TaskInstance: data_ingestion_gcs_dag.download_dataset_task manual__2023-06-14T23:07:52.709751+00:00 [running]> on host 570ce802d94a
[2023-06-14T23:07:59.415+0000] {taskinstance.py:1511} INFO - Exporting the following env vars:
AIRFLOW_CTX_DAG_OWNER=***
AIRFLOW_CTX_DAG_ID=data_ingestion_gcs_dag
AIRFLOW_CTX_TASK_ID=download_dataset_task
AIRFLOW_CTX_EXECUTION_DATE=2023-06-14T23:07:52.709751+00:00
AIRFLOW_CTX_TRY_NUMBER=1
AIRFLOW_CTX_DAG_RUN_ID=manual__2023-06-14T23:07:52.709751+00:00
[2023-06-14T23:07:59.420+0000] {subprocess.py:63} INFO - Tmp dir root location: 
 /tmp
[2023-06-14T23:07:59.424+0000] {subprocess.py:75} INFO - Running command: ['/bin/bash', '-c', 'kaggle datasets download -d sherrytp/airline-delay-analysis -p /opt/***/airline-delay-analysis && unzip /opt/***/airline-delay-analysis/airline-delay-analysis.zip -d /opt/***/airline-delay-analysis']
[2023-06-14T23:07:59.457+0000] {subprocess.py:86} INFO - Output:
[2023-06-14T23:08:01.412+0000] {subprocess.py:93} INFO - airline-delay-analysis.zip: Skipping, found more recently modified local copy (use --force to force download)
[2023-06-14T23:08:01.625+0000] {subprocess.py:93} INFO - Archive:  /opt/***/airline-delay-analysis/airline-delay-analysis.zip
[2023-06-14T23:08:01.626+0000] {subprocess.py:93} INFO - replace /opt/***/airline-delay-analysis/airline delay analysis/20.csv? [y]es, [n]o, [A]ll, [N]one, [r]ename:  NULL
[2023-06-14T23:08:01.627+0000] {subprocess.py:93} INFO - (EOF or read error, treating as "[N]one" ...)
[2023-06-14T23:08:01.628+0000] {subprocess.py:97} INFO - Command exited with return code 1
[2023-06-14T23:08:01.650+0000] {taskinstance.py:1775} ERROR - Task failed with exception
Traceback (most recent call last):
  File "/home/airflow/.local/lib/python3.7/site-packages/airflow/operators/bash.py", line 197, in execute
    f"Bash command failed. The command returned a non-zero exit code {result.exit_code}."
airflow.exceptions.AirflowException: Bash command failed. The command returned a non-zero exit code 1.
[2023-06-14T23:08:01.659+0000] {taskinstance.py:1326} INFO - Marking task as UP_FOR_RETRY. dag_id=data_ingestion_gcs_dag, task_id=download_dataset_task, execution_date=20230614T230752, start_date=20230614T230759, end_date=20230614T230801
[2023-06-14T23:08:01.695+0000] {standard_task_runner.py:105} ERROR - Failed to execute job 198 for task download_dataset_task (Bash command failed. The command returned a non-zero exit code 1.; 2422)
[2023-06-14T23:08:01.755+0000] {local_task_job.py:212} INFO - Task exited with return code 1
[2023-06-14T23:08:01.818+0000] {taskinstance.py:2585} INFO - 0 downstream tasks scheduled from follow-on schedule check
