[2023-06-16T01:00:33.377+0000] {taskinstance.py:1084} INFO - Dependencies all met for dep_context=non-requeueable deps ti=<TaskInstance: data_ingestion_gcs_dag.download_dataset_task manual__2023-06-16T01:00:17.602002+00:00 [queued]>
[2023-06-16T01:00:33.396+0000] {taskinstance.py:1084} INFO - Dependencies all met for dep_context=requeueable deps ti=<TaskInstance: data_ingestion_gcs_dag.download_dataset_task manual__2023-06-16T01:00:17.602002+00:00 [queued]>
[2023-06-16T01:00:33.397+0000] {taskinstance.py:1282} INFO - 
--------------------------------------------------------------------------------
[2023-06-16T01:00:33.398+0000] {taskinstance.py:1283} INFO - Starting attempt 1 of 2
[2023-06-16T01:00:33.399+0000] {taskinstance.py:1284} INFO - 
--------------------------------------------------------------------------------
[2023-06-16T01:00:33.423+0000] {taskinstance.py:1303} INFO - Executing <Task(BashOperator): download_dataset_task> on 2023-06-16 01:00:17.602002+00:00
[2023-06-16T01:00:33.541+0000] {standard_task_runner.py:55} INFO - Started process 1728 to run task
[2023-06-16T01:00:33.544+0000] {standard_task_runner.py:82} INFO - Running: ['***', 'tasks', 'run', 'data_ingestion_gcs_dag', 'download_dataset_task', 'manual__2023-06-16T01:00:17.602002+00:00', '--job-id', '517', '--raw', '--subdir', 'DAGS_FOLDER/data_ingestion_gcs_dag.py', '--cfg-path', '/tmp/tmp09lmtmvm']
[2023-06-16T01:00:33.546+0000] {standard_task_runner.py:83} INFO - Job 517: Subtask download_dataset_task
[2023-06-16T01:00:33.782+0000] {task_command.py:388} INFO - Running <TaskInstance: data_ingestion_gcs_dag.download_dataset_task manual__2023-06-16T01:00:17.602002+00:00 [running]> on host 2a315e4d94ac
[2023-06-16T01:00:34.050+0000] {taskinstance.py:1511} INFO - Exporting the following env vars:
AIRFLOW_CTX_DAG_OWNER=***
AIRFLOW_CTX_DAG_ID=data_ingestion_gcs_dag
AIRFLOW_CTX_TASK_ID=download_dataset_task
AIRFLOW_CTX_EXECUTION_DATE=2023-06-16T01:00:17.602002+00:00
AIRFLOW_CTX_TRY_NUMBER=1
AIRFLOW_CTX_DAG_RUN_ID=manual__2023-06-16T01:00:17.602002+00:00
[2023-06-16T01:00:34.058+0000] {subprocess.py:63} INFO - Tmp dir root location: 
 /tmp
[2023-06-16T01:00:34.074+0000] {subprocess.py:75} INFO - Running command: ['/bin/bash', '-c', '\n        cd /opt/*** &&\n        if [ ! -d weekly-patent-application-granted ]; then\n            mkdir weekly-patent-application-granted &&\n            cd weekly-patent-application-granted &&\n            kaggle datasets download -d aryansingh0909/weekly-patent-application-granted &&\n            unzip weekly-patent-application-granted.zip && \n            rm weekly-patent-application-granted.zip &&\n            ls\n        else\n            cd weekly-patent-application-granted &&\n            ls\n        fi\n        ']
[2023-06-16T01:00:34.123+0000] {subprocess.py:86} INFO - Output:
[2023-06-16T01:00:36.662+0000] {subprocess.py:93} INFO - Downloading weekly-patent-application-granted.zip to /opt/***/weekly-patent-application-granted
[2023-06-16T01:00:39.922+0000] {subprocess.py:93} INFO -   0%|          | 0.00/6.18M [00:00<?, ?B/s] 16%|█▌        | 1.00M/6.18M [00:00<00:03, 1.40MB/s] 32%|███▏      | 2.00M/6.18M [00:01<00:02, 1.87MB/s] 49%|████▊     | 3.00M/6.18M [00:01<00:01, 2.06MB/s] 65%|██████▍   | 4.00M/6.18M [00:02<00:01, 1.82MB/s] 81%|████████  | 5.00M/6.18M [00:02<00:00, 2.30MB/s] 97%|█████████▋| 6.00M/6.18M [00:03<00:00, 2.01MB/s]100%|██████████| 6.18M/6.18M [00:03<00:00, 2.01MB/s]
[2023-06-16T01:00:40.006+0000] {subprocess.py:93} INFO - 
[2023-06-16T01:00:40.534+0000] {subprocess.py:93} INFO - Archive:  weekly-patent-application-granted.zip
[2023-06-16T01:00:40.570+0000] {subprocess.py:93} INFO -   inflating: application_details_granted_2016.csv
[2023-06-16T01:00:40.650+0000] {subprocess.py:93} INFO -   inflating: application_details_granted_2017.csv
[2023-06-16T01:00:40.827+0000] {subprocess.py:93} INFO -   inflating: application_details_granted_2018.csv
[2023-06-16T01:00:41.020+0000] {subprocess.py:93} INFO -   inflating: application_details_granted_2019.csv
[2023-06-16T01:00:41.280+0000] {subprocess.py:93} INFO -   inflating: application_details_granted_2020.csv
[2023-06-16T01:00:41.503+0000] {subprocess.py:93} INFO -   inflating: application_details_granted_2021.csv
[2023-06-16T01:00:41.815+0000] {subprocess.py:93} INFO -   inflating: application_details_granted_2022.csv
[2023-06-16T01:00:41.933+0000] {subprocess.py:93} INFO -   inflating: application_details_granted_2023.csv
[2023-06-16T01:00:42.037+0000] {subprocess.py:93} INFO - application_details_granted_2016.csv
[2023-06-16T01:00:42.042+0000] {subprocess.py:93} INFO - application_details_granted_2017.csv
[2023-06-16T01:00:42.045+0000] {subprocess.py:93} INFO - application_details_granted_2018.csv
[2023-06-16T01:00:42.048+0000] {subprocess.py:93} INFO - application_details_granted_2019.csv
[2023-06-16T01:00:42.050+0000] {subprocess.py:93} INFO - application_details_granted_2020.csv
[2023-06-16T01:00:42.053+0000] {subprocess.py:93} INFO - application_details_granted_2021.csv
[2023-06-16T01:00:42.058+0000] {subprocess.py:93} INFO - application_details_granted_2022.csv
[2023-06-16T01:00:42.060+0000] {subprocess.py:93} INFO - application_details_granted_2023.csv
[2023-06-16T01:00:42.067+0000] {subprocess.py:97} INFO - Command exited with return code 0
[2023-06-16T01:00:42.434+0000] {taskinstance.py:1326} INFO - Marking task as SUCCESS. dag_id=data_ingestion_gcs_dag, task_id=download_dataset_task, execution_date=20230616T010017, start_date=20230616T010033, end_date=20230616T010042
[2023-06-16T01:00:42.701+0000] {local_task_job.py:212} INFO - Task exited with return code 0
[2023-06-16T01:00:43.015+0000] {taskinstance.py:2585} INFO - 1 downstream tasks scheduled from follow-on schedule check
