[2023-06-14T11:38:48.477+0000] {taskinstance.py:1084} INFO - Dependencies all met for dep_context=non-requeueable deps ti=<TaskInstance: data_ingestion_gcs_dag.download_dataset_task manual__2023-06-14T11:38:38.739861+00:00 [queued]>
[2023-06-14T11:38:48.499+0000] {taskinstance.py:1084} INFO - Dependencies all met for dep_context=requeueable deps ti=<TaskInstance: data_ingestion_gcs_dag.download_dataset_task manual__2023-06-14T11:38:38.739861+00:00 [queued]>
[2023-06-14T11:38:48.501+0000] {taskinstance.py:1282} INFO - 
--------------------------------------------------------------------------------
[2023-06-14T11:38:48.503+0000] {taskinstance.py:1283} INFO - Starting attempt 1 of 2
[2023-06-14T11:38:48.504+0000] {taskinstance.py:1284} INFO - 
--------------------------------------------------------------------------------
[2023-06-14T11:38:48.539+0000] {taskinstance.py:1303} INFO - Executing <Task(PythonOperator): download_dataset_task> on 2023-06-14 11:38:38.739861+00:00
[2023-06-14T11:38:48.554+0000] {standard_task_runner.py:55} INFO - Started process 12097 to run task
[2023-06-14T11:38:48.567+0000] {standard_task_runner.py:82} INFO - Running: ['***', 'tasks', 'run', 'data_ingestion_gcs_dag', 'download_dataset_task', 'manual__2023-06-14T11:38:38.739861+00:00', '--job-id', '153', '--raw', '--subdir', 'DAGS_FOLDER/data_ingestion_gcs_dag.py', '--cfg-path', '/tmp/tmpfe4dbocb']
[2023-06-14T11:38:48.571+0000] {standard_task_runner.py:83} INFO - Job 153: Subtask download_dataset_task
[2023-06-14T11:38:48.702+0000] {task_command.py:388} INFO - Running <TaskInstance: data_ingestion_gcs_dag.download_dataset_task manual__2023-06-14T11:38:38.739861+00:00 [running]> on host 2adc0c380f97
[2023-06-14T11:38:48.855+0000] {taskinstance.py:1511} INFO - Exporting the following env vars:
AIRFLOW_CTX_DAG_OWNER=***
AIRFLOW_CTX_DAG_ID=data_ingestion_gcs_dag
AIRFLOW_CTX_TASK_ID=download_dataset_task
AIRFLOW_CTX_EXECUTION_DATE=2023-06-14T11:38:38.739861+00:00
AIRFLOW_CTX_TRY_NUMBER=1
AIRFLOW_CTX_DAG_RUN_ID=manual__2023-06-14T11:38:38.739861+00:00
[2023-06-14T11:38:50.065+0000] {python.py:177} INFO - Done. Returned value was: None
[2023-06-14T11:38:50.199+0000] {taskinstance.py:1326} INFO - Marking task as SUCCESS. dag_id=data_ingestion_gcs_dag, task_id=download_dataset_task, execution_date=20230614T113838, start_date=20230614T113848, end_date=20230614T113850
[2023-06-14T11:38:50.351+0000] {local_task_job.py:212} INFO - Task exited with return code 0
[2023-06-14T11:38:50.445+0000] {taskinstance.py:2585} INFO - 1 downstream tasks scheduled from follow-on schedule check
