[2023-06-14T10:56:23.150+0000] {taskinstance.py:1084} INFO - Dependencies all met for dep_context=non-requeueable deps ti=<TaskInstance: data_ingestion_gcs_dag.download_dataset_task manual__2023-06-14T10:56:08.405936+00:00 [queued]>
[2023-06-14T10:56:23.167+0000] {taskinstance.py:1084} INFO - Dependencies all met for dep_context=requeueable deps ti=<TaskInstance: data_ingestion_gcs_dag.download_dataset_task manual__2023-06-14T10:56:08.405936+00:00 [queued]>
[2023-06-14T10:56:23.168+0000] {taskinstance.py:1282} INFO - 
--------------------------------------------------------------------------------
[2023-06-14T10:56:23.169+0000] {taskinstance.py:1283} INFO - Starting attempt 1 of 2
[2023-06-14T10:56:23.171+0000] {taskinstance.py:1284} INFO - 
--------------------------------------------------------------------------------
[2023-06-14T10:56:23.198+0000] {taskinstance.py:1303} INFO - Executing <Task(PythonOperator): download_dataset_task> on 2023-06-14 10:56:08.405936+00:00
[2023-06-14T10:56:23.235+0000] {standard_task_runner.py:55} INFO - Started process 9594 to run task
[2023-06-14T10:56:23.238+0000] {standard_task_runner.py:82} INFO - Running: ['***', 'tasks', 'run', 'data_ingestion_gcs_dag', 'download_dataset_task', 'manual__2023-06-14T10:56:08.405936+00:00', '--job-id', '140', '--raw', '--subdir', 'DAGS_FOLDER/data_ingestion_gcs_dag.py', '--cfg-path', '/tmp/tmpptf2k5lh']
[2023-06-14T10:56:23.241+0000] {standard_task_runner.py:83} INFO - Job 140: Subtask download_dataset_task
[2023-06-14T10:56:23.325+0000] {task_command.py:388} INFO - Running <TaskInstance: data_ingestion_gcs_dag.download_dataset_task manual__2023-06-14T10:56:08.405936+00:00 [running]> on host 2adc0c380f97
[2023-06-14T10:56:23.422+0000] {taskinstance.py:1511} INFO - Exporting the following env vars:
AIRFLOW_CTX_DAG_OWNER=***
AIRFLOW_CTX_DAG_ID=data_ingestion_gcs_dag
AIRFLOW_CTX_TASK_ID=download_dataset_task
AIRFLOW_CTX_EXECUTION_DATE=2023-06-14T10:56:08.405936+00:00
AIRFLOW_CTX_TRY_NUMBER=1
AIRFLOW_CTX_DAG_RUN_ID=manual__2023-06-14T10:56:08.405936+00:00
[2023-06-14T10:56:24.568+0000] {python.py:177} INFO - Done. Returned value was: None
[2023-06-14T10:56:24.582+0000] {taskinstance.py:1326} INFO - Marking task as SUCCESS. dag_id=data_ingestion_gcs_dag, task_id=download_dataset_task, execution_date=20230614T105608, start_date=20230614T105623, end_date=20230614T105624
[2023-06-14T10:56:24.617+0000] {local_task_job.py:212} INFO - Task exited with return code 0
[2023-06-14T10:56:24.670+0000] {taskinstance.py:2585} INFO - 1 downstream tasks scheduled from follow-on schedule check
