[2023-06-15T17:36:29.850+0000] {taskinstance.py:1084} INFO - Dependencies all met for dep_context=non-requeueable deps ti=<TaskInstance: data_ingestion_gcs_dag.format_to_parquet_task manual__2023-06-15T17:36:14.731496+00:00 [queued]>
[2023-06-15T17:36:29.868+0000] {taskinstance.py:1084} INFO - Dependencies all met for dep_context=requeueable deps ti=<TaskInstance: data_ingestion_gcs_dag.format_to_parquet_task manual__2023-06-15T17:36:14.731496+00:00 [queued]>
[2023-06-15T17:36:29.869+0000] {taskinstance.py:1282} INFO - 
--------------------------------------------------------------------------------
[2023-06-15T17:36:29.870+0000] {taskinstance.py:1283} INFO - Starting attempt 1 of 2
[2023-06-15T17:36:29.872+0000] {taskinstance.py:1284} INFO - 
--------------------------------------------------------------------------------
[2023-06-15T17:36:29.904+0000] {taskinstance.py:1303} INFO - Executing <Task(PythonOperator): format_to_parquet_task> on 2023-06-15 17:36:14.731496+00:00
[2023-06-15T17:36:29.915+0000] {standard_task_runner.py:55} INFO - Started process 1078 to run task
[2023-06-15T17:36:29.919+0000] {standard_task_runner.py:82} INFO - Running: ['***', 'tasks', 'run', 'data_ingestion_gcs_dag', 'format_to_parquet_task', 'manual__2023-06-15T17:36:14.731496+00:00', '--job-id', '459', '--raw', '--subdir', 'DAGS_FOLDER/data_ingestion_gcs_dag.py', '--cfg-path', '/tmp/tmpbfpozw90']
[2023-06-15T17:36:29.922+0000] {standard_task_runner.py:83} INFO - Job 459: Subtask format_to_parquet_task
[2023-06-15T17:36:30.019+0000] {task_command.py:388} INFO - Running <TaskInstance: data_ingestion_gcs_dag.format_to_parquet_task manual__2023-06-15T17:36:14.731496+00:00 [running]> on host 658b05ff6f1a
[2023-06-15T17:36:30.152+0000] {taskinstance.py:1511} INFO - Exporting the following env vars:
AIRFLOW_CTX_DAG_OWNER=***
AIRFLOW_CTX_DAG_ID=data_ingestion_gcs_dag
AIRFLOW_CTX_TASK_ID=format_to_parquet_task
AIRFLOW_CTX_EXECUTION_DATE=2023-06-15T17:36:14.731496+00:00
AIRFLOW_CTX_TRY_NUMBER=1
AIRFLOW_CTX_DAG_RUN_ID=manual__2023-06-15T17:36:14.731496+00:00
[2023-06-15T17:36:30.162+0000] {data_ingestion_gcs_dag.py:27} ERROR - Can only accept source files in CSV format, for the moment
[2023-06-15T17:37:14.966+0000] {local_task_job.py:212} INFO - Task exited with return code Negsignal.SIGKILL
[2023-06-15T17:37:15.924+0000] {taskinstance.py:2585} INFO - 0 downstream tasks scheduled from follow-on schedule check
