[2023-06-16T01:23:00.917+0000] {taskinstance.py:1084} INFO - Dependencies all met for dep_context=non-requeueable deps ti=<TaskInstance: data_ingestion_gcs_dag.format_to_parquet_task manual__2023-06-16T01:22:33.305145+00:00 [queued]>
[2023-06-16T01:23:00.929+0000] {taskinstance.py:1084} INFO - Dependencies all met for dep_context=requeueable deps ti=<TaskInstance: data_ingestion_gcs_dag.format_to_parquet_task manual__2023-06-16T01:22:33.305145+00:00 [queued]>
[2023-06-16T01:23:00.930+0000] {taskinstance.py:1282} INFO - 
--------------------------------------------------------------------------------
[2023-06-16T01:23:00.931+0000] {taskinstance.py:1283} INFO - Starting attempt 1 of 2
[2023-06-16T01:23:00.932+0000] {taskinstance.py:1284} INFO - 
--------------------------------------------------------------------------------
[2023-06-16T01:23:00.952+0000] {taskinstance.py:1303} INFO - Executing <Task(PythonOperator): format_to_parquet_task> on 2023-06-16 01:22:33.305145+00:00
[2023-06-16T01:23:00.959+0000] {standard_task_runner.py:55} INFO - Started process 3080 to run task
[2023-06-16T01:23:00.962+0000] {standard_task_runner.py:82} INFO - Running: ['***', 'tasks', 'run', 'data_ingestion_gcs_dag', 'format_to_parquet_task', 'manual__2023-06-16T01:22:33.305145+00:00', '--job-id', '531', '--raw', '--subdir', 'DAGS_FOLDER/data_ingestion_gcs_dag.py', '--cfg-path', '/tmp/tmpuu71ntxn']
[2023-06-16T01:23:00.964+0000] {standard_task_runner.py:83} INFO - Job 531: Subtask format_to_parquet_task
[2023-06-16T01:23:01.288+0000] {task_command.py:388} INFO - Running <TaskInstance: data_ingestion_gcs_dag.format_to_parquet_task manual__2023-06-16T01:22:33.305145+00:00 [running]> on host 2a315e4d94ac
[2023-06-16T01:23:04.316+0000] {taskinstance.py:1511} INFO - Exporting the following env vars:
AIRFLOW_CTX_DAG_OWNER=***
AIRFLOW_CTX_DAG_ID=data_ingestion_gcs_dag
AIRFLOW_CTX_TASK_ID=format_to_parquet_task
AIRFLOW_CTX_EXECUTION_DATE=2023-06-16T01:22:33.305145+00:00
AIRFLOW_CTX_TRY_NUMBER=1
AIRFLOW_CTX_DAG_RUN_ID=manual__2023-06-16T01:22:33.305145+00:00
[2023-06-16T01:23:04.319+0000] {logging_mixin.py:137} INFO - now next iteration: covid_19_clean_complete.csv
[2023-06-16T01:23:04.319+0000] {logging_mixin.py:137} INFO - file path succed : covid_19_clean_complete.csv
[2023-06-16T01:23:04.841+0000] {logging_mixin.py:137} INFO - table succeed: covid_19_clean_complete.csv
[2023-06-16T01:23:05.008+0000] {logging_mixin.py:137} INFO - write succeed: covid_19_clean_complete.csv
[2023-06-16T01:23:05.010+0000] {logging_mixin.py:137} INFO - now next iteration: full_grouped.csv
[2023-06-16T01:23:05.011+0000] {logging_mixin.py:137} INFO - file path succed : full_grouped.csv
[2023-06-16T01:23:05.168+0000] {logging_mixin.py:137} INFO - table succeed: full_grouped.csv
[2023-06-16T01:23:05.183+0000] {logging_mixin.py:137} INFO - write succeed: full_grouped.csv
[2023-06-16T01:23:05.184+0000] {logging_mixin.py:137} INFO - now next iteration: usa_county_wise.csv
[2023-06-16T01:23:05.185+0000] {logging_mixin.py:137} INFO - file path succed : usa_county_wise.csv
[2023-06-16T01:23:05.639+0000] {logging_mixin.py:137} INFO - table succeed: usa_county_wise.csv
[2023-06-16T01:23:05.970+0000] {logging_mixin.py:137} INFO - write succeed: usa_county_wise.csv
[2023-06-16T01:23:05.980+0000] {logging_mixin.py:137} INFO - now next iteration: worldometer_data.csv
[2023-06-16T01:23:05.981+0000] {logging_mixin.py:137} INFO - file path succed : worldometer_data.csv
[2023-06-16T01:23:06.130+0000] {logging_mixin.py:137} INFO - table succeed: worldometer_data.csv
[2023-06-16T01:23:06.135+0000] {logging_mixin.py:137} INFO - write succeed: worldometer_data.csv
[2023-06-16T01:23:06.136+0000] {logging_mixin.py:137} INFO - now next iteration: country_wise_latest.csv
[2023-06-16T01:23:06.137+0000] {logging_mixin.py:137} INFO - file path succed : country_wise_latest.csv
[2023-06-16T01:23:06.277+0000] {logging_mixin.py:137} INFO - table succeed: country_wise_latest.csv
[2023-06-16T01:23:06.280+0000] {logging_mixin.py:137} INFO - write succeed: country_wise_latest.csv
[2023-06-16T01:23:06.284+0000] {logging_mixin.py:137} INFO - now next iteration: day_wise.csv
[2023-06-16T01:23:06.285+0000] {logging_mixin.py:137} INFO - file path succed : day_wise.csv
[2023-06-16T01:23:06.441+0000] {logging_mixin.py:137} INFO - table succeed: day_wise.csv
[2023-06-16T01:23:06.444+0000] {logging_mixin.py:137} INFO - write succeed: day_wise.csv
[2023-06-16T01:23:06.445+0000] {python.py:177} INFO - Done. Returned value was: None
[2023-06-16T01:23:06.460+0000] {taskinstance.py:1326} INFO - Marking task as SUCCESS. dag_id=data_ingestion_gcs_dag, task_id=format_to_parquet_task, execution_date=20230616T012233, start_date=20230616T012300, end_date=20230616T012306
[2023-06-16T01:23:06.542+0000] {local_task_job.py:212} INFO - Task exited with return code 0
[2023-06-16T01:23:06.633+0000] {taskinstance.py:2585} INFO - 1 downstream tasks scheduled from follow-on schedule check
