[2023-06-15T08:14:03.719+0000] {taskinstance.py:1084} INFO - Dependencies all met for dep_context=non-requeueable deps ti=<TaskInstance: data_ingestion_gcs_dag.local_to_gcs_task manual__2023-06-15T08:13:29.721059+00:00 [queued]>
[2023-06-15T08:14:03.736+0000] {taskinstance.py:1084} INFO - Dependencies all met for dep_context=requeueable deps ti=<TaskInstance: data_ingestion_gcs_dag.local_to_gcs_task manual__2023-06-15T08:13:29.721059+00:00 [queued]>
[2023-06-15T08:14:03.737+0000] {taskinstance.py:1282} INFO - 
--------------------------------------------------------------------------------
[2023-06-15T08:14:03.738+0000] {taskinstance.py:1283} INFO - Starting attempt 1 of 2
[2023-06-15T08:14:03.739+0000] {taskinstance.py:1284} INFO - 
--------------------------------------------------------------------------------
[2023-06-15T08:14:03.762+0000] {taskinstance.py:1303} INFO - Executing <Task(PythonOperator): local_to_gcs_task> on 2023-06-15 08:13:29.721059+00:00
[2023-06-15T08:14:03.773+0000] {standard_task_runner.py:55} INFO - Started process 8823 to run task
[2023-06-15T08:14:03.777+0000] {standard_task_runner.py:82} INFO - Running: ['***', 'tasks', 'run', 'data_ingestion_gcs_dag', 'local_to_gcs_task', 'manual__2023-06-15T08:13:29.721059+00:00', '--job-id', '367', '--raw', '--subdir', 'DAGS_FOLDER/data_ingestion_gcs_dag.py', '--cfg-path', '/tmp/tmpcvb9aef9']
[2023-06-15T08:14:03.779+0000] {standard_task_runner.py:83} INFO - Job 367: Subtask local_to_gcs_task
[2023-06-15T08:14:03.979+0000] {task_command.py:388} INFO - Running <TaskInstance: data_ingestion_gcs_dag.local_to_gcs_task manual__2023-06-15T08:13:29.721059+00:00 [running]> on host 658b05ff6f1a
[2023-06-15T08:14:04.106+0000] {taskinstance.py:1511} INFO - Exporting the following env vars:
AIRFLOW_CTX_DAG_OWNER=***
AIRFLOW_CTX_DAG_ID=data_ingestion_gcs_dag
AIRFLOW_CTX_TASK_ID=local_to_gcs_task
AIRFLOW_CTX_EXECUTION_DATE=2023-06-15T08:13:29.721059+00:00
AIRFLOW_CTX_TRY_NUMBER=1
AIRFLOW_CTX_DAG_RUN_ID=manual__2023-06-15T08:13:29.721059+00:00
[2023-06-15T08:14:04.968+0000] {python.py:177} INFO - Done. Returned value was: None
[2023-06-15T08:14:04.985+0000] {taskinstance.py:1326} INFO - Marking task as SUCCESS. dag_id=data_ingestion_gcs_dag, task_id=local_to_gcs_task, execution_date=20230615T081329, start_date=20230615T081403, end_date=20230615T081404
[2023-06-15T08:14:05.079+0000] {local_task_job.py:212} INFO - Task exited with return code 0
[2023-06-15T08:14:05.113+0000] {taskinstance.py:2585} INFO - 1 downstream tasks scheduled from follow-on schedule check
