[2023-06-14T12:02:01.354+0000] {taskinstance.py:1084} INFO - Dependencies all met for dep_context=non-requeueable deps ti=<TaskInstance: data_ingestion_gcs_dag.format_to_parquet_and_upload_task manual__2023-06-14T11:55:55.576906+00:00 [queued]>
[2023-06-14T12:02:01.384+0000] {taskinstance.py:1084} INFO - Dependencies all met for dep_context=requeueable deps ti=<TaskInstance: data_ingestion_gcs_dag.format_to_parquet_and_upload_task manual__2023-06-14T11:55:55.576906+00:00 [queued]>
[2023-06-14T12:02:01.385+0000] {taskinstance.py:1282} INFO - 
--------------------------------------------------------------------------------
[2023-06-14T12:02:01.387+0000] {taskinstance.py:1283} INFO - Starting attempt 2 of 2
[2023-06-14T12:02:01.388+0000] {taskinstance.py:1284} INFO - 
--------------------------------------------------------------------------------
[2023-06-14T12:02:01.423+0000] {taskinstance.py:1303} INFO - Executing <Task(PythonOperator): format_to_parquet_and_upload_task> on 2023-06-14 11:55:55.576906+00:00
[2023-06-14T12:02:01.445+0000] {standard_task_runner.py:55} INFO - Started process 13585 to run task
[2023-06-14T12:02:01.453+0000] {standard_task_runner.py:82} INFO - Running: ['***', 'tasks', 'run', 'data_ingestion_gcs_dag', 'format_to_parquet_and_upload_task', 'manual__2023-06-14T11:55:55.576906+00:00', '--job-id', '171', '--raw', '--subdir', 'DAGS_FOLDER/data_ingestion_gcs_dag.py', '--cfg-path', '/tmp/tmprztcy46e']
[2023-06-14T12:02:01.458+0000] {standard_task_runner.py:83} INFO - Job 171: Subtask format_to_parquet_and_upload_task
[2023-06-14T12:02:01.591+0000] {task_command.py:388} INFO - Running <TaskInstance: data_ingestion_gcs_dag.format_to_parquet_and_upload_task manual__2023-06-14T11:55:55.576906+00:00 [running]> on host 2adc0c380f97
[2023-06-14T12:02:01.730+0000] {taskinstance.py:1511} INFO - Exporting the following env vars:
AIRFLOW_CTX_DAG_OWNER=***
AIRFLOW_CTX_DAG_ID=data_ingestion_gcs_dag
AIRFLOW_CTX_TASK_ID=format_to_parquet_and_upload_task
AIRFLOW_CTX_EXECUTION_DATE=2023-06-14T11:55:55.576906+00:00
AIRFLOW_CTX_TRY_NUMBER=2
AIRFLOW_CTX_DAG_RUN_ID=manual__2023-06-14T11:55:55.576906+00:00
[2023-06-14T12:02:01.732+0000] {taskinstance.py:1775} ERROR - Task failed with exception
Traceback (most recent call last):
  File "/home/airflow/.local/lib/python3.7/site-packages/airflow/operators/python.py", line 175, in execute
    return_value = self.execute_callable()
  File "/home/airflow/.local/lib/python3.7/site-packages/airflow/operators/python.py", line 192, in execute_callable
    return self.python_callable(*self.op_args, **self.op_kwargs)
  File "/opt/airflow/dags/data_ingestion_gcs_dag.py", line 38, in format_to_parquet_and_upload
    with zipfile.ZipFile(src_file, 'r') as zip_ref:
  File "/usr/local/lib/python3.7/zipfile.py", line 1240, in __init__
    self.fp = io.open(file, filemode)
FileNotFoundError: [Errno 2] No such file or directory: '/opt/airflow/airline-delay-analysis.zip'
[2023-06-14T12:02:01.755+0000] {taskinstance.py:1326} INFO - Marking task as FAILED. dag_id=data_ingestion_gcs_dag, task_id=format_to_parquet_and_upload_task, execution_date=20230614T115555, start_date=20230614T120201, end_date=20230614T120201
[2023-06-14T12:02:01.783+0000] {standard_task_runner.py:105} ERROR - Failed to execute job 171 for task format_to_parquet_and_upload_task ([Errno 2] No such file or directory: '/opt/airflow/airline-delay-analysis.zip'; 13585)
[2023-06-14T12:02:01.825+0000] {local_task_job.py:212} INFO - Task exited with return code 1
[2023-06-14T12:02:01.864+0000] {taskinstance.py:2585} INFO - 0 downstream tasks scheduled from follow-on schedule check
