[2023-06-14T10:56:26.771+0000] {taskinstance.py:1084} INFO - Dependencies all met for dep_context=non-requeueable deps ti=<TaskInstance: data_ingestion_gcs_dag.format_to_parquet_task manual__2023-06-14T10:56:08.405936+00:00 [queued]>
[2023-06-14T10:56:26.790+0000] {taskinstance.py:1084} INFO - Dependencies all met for dep_context=requeueable deps ti=<TaskInstance: data_ingestion_gcs_dag.format_to_parquet_task manual__2023-06-14T10:56:08.405936+00:00 [queued]>
[2023-06-14T10:56:26.792+0000] {taskinstance.py:1282} INFO - 
--------------------------------------------------------------------------------
[2023-06-14T10:56:26.794+0000] {taskinstance.py:1283} INFO - Starting attempt 1 of 2
[2023-06-14T10:56:26.794+0000] {taskinstance.py:1284} INFO - 
--------------------------------------------------------------------------------
[2023-06-14T10:56:26.817+0000] {taskinstance.py:1303} INFO - Executing <Task(PythonOperator): format_to_parquet_task> on 2023-06-14 10:56:08.405936+00:00
[2023-06-14T10:56:26.831+0000] {standard_task_runner.py:55} INFO - Started process 9613 to run task
[2023-06-14T10:56:26.836+0000] {standard_task_runner.py:82} INFO - Running: ['***', 'tasks', 'run', 'data_ingestion_gcs_dag', 'format_to_parquet_task', 'manual__2023-06-14T10:56:08.405936+00:00', '--job-id', '141', '--raw', '--subdir', 'DAGS_FOLDER/data_ingestion_gcs_dag.py', '--cfg-path', '/tmp/tmpzbp1sevt']
[2023-06-14T10:56:26.839+0000] {standard_task_runner.py:83} INFO - Job 141: Subtask format_to_parquet_task
[2023-06-14T10:56:26.946+0000] {task_command.py:388} INFO - Running <TaskInstance: data_ingestion_gcs_dag.format_to_parquet_task manual__2023-06-14T10:56:08.405936+00:00 [running]> on host 2adc0c380f97
[2023-06-14T10:56:27.054+0000] {taskinstance.py:1511} INFO - Exporting the following env vars:
AIRFLOW_CTX_DAG_OWNER=***
AIRFLOW_CTX_DAG_ID=data_ingestion_gcs_dag
AIRFLOW_CTX_TASK_ID=format_to_parquet_task
AIRFLOW_CTX_EXECUTION_DATE=2023-06-14T10:56:08.405936+00:00
AIRFLOW_CTX_TRY_NUMBER=1
AIRFLOW_CTX_DAG_RUN_ID=manual__2023-06-14T10:56:08.405936+00:00
[2023-06-14T10:56:27.056+0000] {data_ingestion_gcs_dag.py:55} ERROR - Can only accept source files in CSV format, for the moment
[2023-06-14T10:56:27.058+0000] {python.py:177} INFO - Done. Returned value was: None
[2023-06-14T10:56:27.073+0000] {taskinstance.py:1326} INFO - Marking task as SUCCESS. dag_id=data_ingestion_gcs_dag, task_id=format_to_parquet_task, execution_date=20230614T105608, start_date=20230614T105626, end_date=20230614T105627
[2023-06-14T10:56:27.128+0000] {local_task_job.py:212} INFO - Task exited with return code 0
[2023-06-14T10:56:27.170+0000] {taskinstance.py:2585} INFO - 1 downstream tasks scheduled from follow-on schedule check
