[2023-06-14T12:04:21.277+0000] {taskinstance.py:1084} INFO - Dependencies all met for dep_context=non-requeueable deps ti=<TaskInstance: data_ingestion_gcs_dag.download_dataset_task manual__2023-06-14T12:04:04.029505+00:00 [queued]>
[2023-06-14T12:04:21.295+0000] {taskinstance.py:1084} INFO - Dependencies all met for dep_context=requeueable deps ti=<TaskInstance: data_ingestion_gcs_dag.download_dataset_task manual__2023-06-14T12:04:04.029505+00:00 [queued]>
[2023-06-14T12:04:21.297+0000] {taskinstance.py:1282} INFO - 
--------------------------------------------------------------------------------
[2023-06-14T12:04:21.298+0000] {taskinstance.py:1283} INFO - Starting attempt 1 of 2
[2023-06-14T12:04:21.300+0000] {taskinstance.py:1284} INFO - 
--------------------------------------------------------------------------------
[2023-06-14T12:04:21.348+0000] {taskinstance.py:1303} INFO - Executing <Task(PythonOperator): download_dataset_task> on 2023-06-14 12:04:04.029505+00:00
[2023-06-14T12:04:21.367+0000] {standard_task_runner.py:55} INFO - Started process 13778 to run task
[2023-06-14T12:04:21.376+0000] {standard_task_runner.py:82} INFO - Running: ['***', 'tasks', 'run', 'data_ingestion_gcs_dag', 'download_dataset_task', 'manual__2023-06-14T12:04:04.029505+00:00', '--job-id', '174', '--raw', '--subdir', 'DAGS_FOLDER/data_ingestion_gcs_dag.py', '--cfg-path', '/tmp/tmpi3_3oy5k']
[2023-06-14T12:04:21.379+0000] {standard_task_runner.py:83} INFO - Job 174: Subtask download_dataset_task
[2023-06-14T12:04:21.615+0000] {task_command.py:388} INFO - Running <TaskInstance: data_ingestion_gcs_dag.download_dataset_task manual__2023-06-14T12:04:04.029505+00:00 [running]> on host 2adc0c380f97
[2023-06-14T12:04:21.894+0000] {taskinstance.py:1511} INFO - Exporting the following env vars:
AIRFLOW_CTX_DAG_OWNER=***
AIRFLOW_CTX_DAG_ID=data_ingestion_gcs_dag
AIRFLOW_CTX_TASK_ID=download_dataset_task
AIRFLOW_CTX_EXECUTION_DATE=2023-06-14T12:04:04.029505+00:00
AIRFLOW_CTX_TRY_NUMBER=1
AIRFLOW_CTX_DAG_RUN_ID=manual__2023-06-14T12:04:04.029505+00:00
[2023-06-14T12:04:23.212+0000] {python.py:177} INFO - Done. Returned value was: None
[2023-06-14T12:04:23.234+0000] {taskinstance.py:1326} INFO - Marking task as SUCCESS. dag_id=data_ingestion_gcs_dag, task_id=download_dataset_task, execution_date=20230614T120404, start_date=20230614T120421, end_date=20230614T120423
[2023-06-14T12:04:23.285+0000] {local_task_job.py:212} INFO - Task exited with return code 0
[2023-06-14T12:04:23.331+0000] {taskinstance.py:2585} INFO - 1 downstream tasks scheduled from follow-on schedule check
