[2023-06-15T06:53:31.596+0000] {taskinstance.py:1084} INFO - Dependencies all met for dep_context=non-requeueable deps ti=<TaskInstance: data_ingestion_gcs_dag.local_to_gcs_task manual__2023-06-15T06:29:57.777228+00:00 [queued]>
[2023-06-15T06:53:31.617+0000] {taskinstance.py:1084} INFO - Dependencies all met for dep_context=requeueable deps ti=<TaskInstance: data_ingestion_gcs_dag.local_to_gcs_task manual__2023-06-15T06:29:57.777228+00:00 [queued]>
[2023-06-15T06:53:31.619+0000] {taskinstance.py:1282} INFO - 
--------------------------------------------------------------------------------
[2023-06-15T06:53:31.620+0000] {taskinstance.py:1283} INFO - Starting attempt 1 of 2
[2023-06-15T06:53:31.621+0000] {taskinstance.py:1284} INFO - 
--------------------------------------------------------------------------------
[2023-06-15T06:53:31.653+0000] {taskinstance.py:1303} INFO - Executing <Task(PythonOperator): local_to_gcs_task> on 2023-06-15 06:29:57.777228+00:00
[2023-06-15T06:53:31.663+0000] {standard_task_runner.py:55} INFO - Started process 4116 to run task
[2023-06-15T06:53:31.671+0000] {standard_task_runner.py:82} INFO - Running: ['***', 'tasks', 'run', 'data_ingestion_gcs_dag', 'local_to_gcs_task', 'manual__2023-06-15T06:29:57.777228+00:00', '--job-id', '322', '--raw', '--subdir', 'DAGS_FOLDER/data_ingestion_gcs_dag.py', '--cfg-path', '/tmp/tmpvt6ik69b']
[2023-06-15T06:53:31.674+0000] {standard_task_runner.py:83} INFO - Job 322: Subtask local_to_gcs_task
[2023-06-15T06:53:31.800+0000] {task_command.py:388} INFO - Running <TaskInstance: data_ingestion_gcs_dag.local_to_gcs_task manual__2023-06-15T06:29:57.777228+00:00 [running]> on host 658b05ff6f1a
[2023-06-15T06:53:31.923+0000] {taskinstance.py:1511} INFO - Exporting the following env vars:
AIRFLOW_CTX_DAG_OWNER=***
AIRFLOW_CTX_DAG_ID=data_ingestion_gcs_dag
AIRFLOW_CTX_TASK_ID=local_to_gcs_task
AIRFLOW_CTX_EXECUTION_DATE=2023-06-15T06:29:57.777228+00:00
AIRFLOW_CTX_TRY_NUMBER=1
AIRFLOW_CTX_DAG_RUN_ID=manual__2023-06-15T06:29:57.777228+00:00
[2023-06-15T06:53:32.170+0000] {python.py:177} INFO - Done. Returned value was: None
[2023-06-15T06:53:32.186+0000] {taskinstance.py:1326} INFO - Marking task as SUCCESS. dag_id=data_ingestion_gcs_dag, task_id=local_to_gcs_task, execution_date=20230615T062957, start_date=20230615T065331, end_date=20230615T065332
[2023-06-15T06:53:32.248+0000] {local_task_job.py:212} INFO - Task exited with return code 0
[2023-06-15T06:53:32.279+0000] {taskinstance.py:2585} INFO - 0 downstream tasks scheduled from follow-on schedule check
