[2023-06-14T23:54:30.256+0000] {taskinstance.py:1084} INFO - Dependencies all met for dep_context=non-requeueable deps ti=<TaskInstance: data_ingestion_gcs_dag.download_kaggle_dataset_task manual__2023-06-14T23:54:19.315446+00:00 [queued]>
[2023-06-14T23:54:30.288+0000] {taskinstance.py:1084} INFO - Dependencies all met for dep_context=requeueable deps ti=<TaskInstance: data_ingestion_gcs_dag.download_kaggle_dataset_task manual__2023-06-14T23:54:19.315446+00:00 [queued]>
[2023-06-14T23:54:30.289+0000] {taskinstance.py:1282} INFO - 
--------------------------------------------------------------------------------
[2023-06-14T23:54:30.291+0000] {taskinstance.py:1283} INFO - Starting attempt 1 of 2
[2023-06-14T23:54:30.292+0000] {taskinstance.py:1284} INFO - 
--------------------------------------------------------------------------------
[2023-06-14T23:54:30.320+0000] {taskinstance.py:1303} INFO - Executing <Task(PythonOperator): download_kaggle_dataset_task> on 2023-06-14 23:54:19.315446+00:00
[2023-06-14T23:54:30.363+0000] {standard_task_runner.py:82} INFO - Running: ['***', 'tasks', 'run', 'data_ingestion_gcs_dag', 'download_kaggle_dataset_task', 'manual__2023-06-14T23:54:19.315446+00:00', '--job-id', '209', '--raw', '--subdir', 'DAGS_FOLDER/data_ingestion_gcs_dag.py', '--cfg-path', '/tmp/tmp12eqh2ao']
[2023-06-14T23:54:30.346+0000] {standard_task_runner.py:55} INFO - Started process 5173 to run task
[2023-06-14T23:54:30.366+0000] {standard_task_runner.py:83} INFO - Job 209: Subtask download_kaggle_dataset_task
[2023-06-14T23:54:30.499+0000] {task_command.py:388} INFO - Running <TaskInstance: data_ingestion_gcs_dag.download_kaggle_dataset_task manual__2023-06-14T23:54:19.315446+00:00 [running]> on host 570ce802d94a
[2023-06-14T23:54:30.631+0000] {taskinstance.py:1511} INFO - Exporting the following env vars:
AIRFLOW_CTX_DAG_OWNER=***
AIRFLOW_CTX_DAG_ID=data_ingestion_gcs_dag
AIRFLOW_CTX_TASK_ID=download_kaggle_dataset_task
AIRFLOW_CTX_EXECUTION_DATE=2023-06-14T23:54:19.315446+00:00
AIRFLOW_CTX_TRY_NUMBER=1
AIRFLOW_CTX_DAG_RUN_ID=manual__2023-06-14T23:54:19.315446+00:00
[2023-06-15T00:17:00.403+0000] {python.py:177} INFO - Done. Returned value was: None
[2023-06-15T00:17:05.320+0000] {taskinstance.py:1326} INFO - Marking task as SUCCESS. dag_id=data_ingestion_gcs_dag, task_id=download_kaggle_dataset_task, execution_date=20230614T235419, start_date=20230614T235430, end_date=20230615T001705
[2023-06-15T00:17:05.899+0000] {local_task_job.py:212} INFO - Task exited with return code 0
[2023-06-15T00:17:06.307+0000] {taskinstance.py:2585} INFO - 1 downstream tasks scheduled from follow-on schedule check
