[2023-06-14T23:38:36.168+0000] {taskinstance.py:1084} INFO - Dependencies all met for dep_context=non-requeueable deps ti=<TaskInstance: data_ingestion_gcs_dag.download_dataset_task manual__2023-06-14T23:38:27.238348+00:00 [queued]>
[2023-06-14T23:38:36.190+0000] {taskinstance.py:1084} INFO - Dependencies all met for dep_context=requeueable deps ti=<TaskInstance: data_ingestion_gcs_dag.download_dataset_task manual__2023-06-14T23:38:27.238348+00:00 [queued]>
[2023-06-14T23:38:36.191+0000] {taskinstance.py:1282} INFO - 
--------------------------------------------------------------------------------
[2023-06-14T23:38:36.192+0000] {taskinstance.py:1283} INFO - Starting attempt 1 of 2
[2023-06-14T23:38:36.193+0000] {taskinstance.py:1284} INFO - 
--------------------------------------------------------------------------------
[2023-06-14T23:38:36.218+0000] {taskinstance.py:1303} INFO - Executing <Task(BashOperator): download_dataset_task> on 2023-06-14 23:38:27.238348+00:00
[2023-06-14T23:38:36.246+0000] {standard_task_runner.py:55} INFO - Started process 4250 to run task
[2023-06-14T23:38:36.254+0000] {standard_task_runner.py:82} INFO - Running: ['***', 'tasks', 'run', 'data_ingestion_gcs_dag', 'download_dataset_task', 'manual__2023-06-14T23:38:27.238348+00:00', '--job-id', '207', '--raw', '--subdir', 'DAGS_FOLDER/data_ingestion_gcs_dag.py', '--cfg-path', '/tmp/tmpzoshc6g0']
[2023-06-14T23:38:36.255+0000] {standard_task_runner.py:83} INFO - Job 207: Subtask download_dataset_task
[2023-06-14T23:38:36.445+0000] {task_command.py:388} INFO - Running <TaskInstance: data_ingestion_gcs_dag.download_dataset_task manual__2023-06-14T23:38:27.238348+00:00 [running]> on host 570ce802d94a
[2023-06-14T23:38:37.100+0000] {taskinstance.py:1511} INFO - Exporting the following env vars:
AIRFLOW_CTX_DAG_OWNER=***
AIRFLOW_CTX_DAG_ID=data_ingestion_gcs_dag
AIRFLOW_CTX_TASK_ID=download_dataset_task
AIRFLOW_CTX_EXECUTION_DATE=2023-06-14T23:38:27.238348+00:00
AIRFLOW_CTX_TRY_NUMBER=1
AIRFLOW_CTX_DAG_RUN_ID=manual__2023-06-14T23:38:27.238348+00:00
[2023-06-14T23:38:37.192+0000] {subprocess.py:63} INFO - Tmp dir root location: 
 /tmp
[2023-06-14T23:38:37.202+0000] {subprocess.py:75} INFO - Running command: ['/bin/bash', '-c', 'kaggle datasets download -d sherrytp/airline-delay-analysis -p /opt/***/airline-delay-analysis && unzip -o /opt/***/airline-delay-analysis/airline-delay-analysis.zip -d /opt/***/airline-delay-analysis']
[2023-06-14T23:38:37.276+0000] {subprocess.py:86} INFO - Output:
[2023-06-14T23:38:40.132+0000] {subprocess.py:93} INFO - airline-delay-analysis.zip: Skipping, found more recently modified local copy (use --force to force download)
[2023-06-14T23:38:40.290+0000] {subprocess.py:93} INFO - Archive:  /opt/***/airline-delay-analysis/airline-delay-analysis.zip
[2023-06-14T23:38:49.713+0000] {subprocess.py:93} INFO -   inflating: /opt/***/airline-delay-analysis/airline delay analysis/20.csv
[2023-06-14T23:39:08.453+0000] {subprocess.py:93} INFO -   inflating: /opt/***/airline-delay-analysis/airline delay analysis/2009.csv
[2023-06-14T23:39:15.323+0000] {subprocess.py:93} INFO -   inflating: /opt/***/airline-delay-analysis/airline delay analysis/2010.csv
[2023-06-14T23:39:25.496+0000] {subprocess.py:93} INFO -   inflating: /opt/***/airline-delay-analysis/airline delay analysis/2011.csv
[2023-06-14T23:39:33.304+0000] {subprocess.py:93} INFO -   inflating: /opt/***/airline-delay-analysis/airline delay analysis/2012.csv
[2023-06-14T23:39:42.099+0000] {subprocess.py:93} INFO -   inflating: /opt/***/airline-delay-analysis/airline delay analysis/2013.csv
[2023-06-14T23:39:47.950+0000] {subprocess.py:93} INFO -   inflating: /opt/***/airline-delay-analysis/airline delay analysis/2014.csv
[2023-06-14T23:39:55.736+0000] {subprocess.py:93} INFO -   inflating: /opt/***/airline-delay-analysis/airline delay analysis/2015.csv
[2023-06-14T23:40:01.788+0000] {subprocess.py:93} INFO -   inflating: /opt/***/airline-delay-analysis/airline delay analysis/2016.csv
[2023-06-14T23:40:07.596+0000] {subprocess.py:93} INFO -   inflating: /opt/***/airline-delay-analysis/airline delay analysis/2017.csv
[2023-06-14T23:40:16.577+0000] {subprocess.py:93} INFO -   inflating: /opt/***/airline-delay-analysis/airline delay analysis/2018.csv
[2023-06-14T23:40:23.071+0000] {subprocess.py:93} INFO -   inflating: /opt/***/airline-delay-analysis/airline delay analysis/2019.csv
[2023-06-14T23:40:23.183+0000] {subprocess.py:97} INFO - Command exited with return code 0
[2023-06-14T23:40:23.818+0000] {taskinstance.py:1326} INFO - Marking task as SUCCESS. dag_id=data_ingestion_gcs_dag, task_id=download_dataset_task, execution_date=20230614T233827, start_date=20230614T233836, end_date=20230614T234023
[2023-06-14T23:40:24.206+0000] {local_task_job.py:212} INFO - Task exited with return code 0
[2023-06-14T23:40:24.532+0000] {taskinstance.py:2585} INFO - 1 downstream tasks scheduled from follow-on schedule check
