[2023-06-16T00:38:11.672+0000] {taskinstance.py:1084} INFO - Dependencies all met for dep_context=non-requeueable deps ti=<TaskInstance: data_ingestion_gcs_dag.download_dataset_task manual__2023-06-16T00:37:57.674735+00:00 [queued]>
[2023-06-16T00:38:11.687+0000] {taskinstance.py:1084} INFO - Dependencies all met for dep_context=requeueable deps ti=<TaskInstance: data_ingestion_gcs_dag.download_dataset_task manual__2023-06-16T00:37:57.674735+00:00 [queued]>
[2023-06-16T00:38:11.688+0000] {taskinstance.py:1282} INFO - 
--------------------------------------------------------------------------------
[2023-06-16T00:38:11.689+0000] {taskinstance.py:1283} INFO - Starting attempt 1 of 2
[2023-06-16T00:38:11.690+0000] {taskinstance.py:1284} INFO - 
--------------------------------------------------------------------------------
[2023-06-16T00:38:11.710+0000] {taskinstance.py:1303} INFO - Executing <Task(BashOperator): download_dataset_task> on 2023-06-16 00:37:57.674735+00:00
[2023-06-16T00:38:11.722+0000] {standard_task_runner.py:55} INFO - Started process 439 to run task
[2023-06-16T00:38:11.725+0000] {standard_task_runner.py:82} INFO - Running: ['***', 'tasks', 'run', 'data_ingestion_gcs_dag', 'download_dataset_task', 'manual__2023-06-16T00:37:57.674735+00:00', '--job-id', '505', '--raw', '--subdir', 'DAGS_FOLDER/data_ingestion_gcs_dag.py', '--cfg-path', '/tmp/tmpiqrlozu4']
[2023-06-16T00:38:11.727+0000] {standard_task_runner.py:83} INFO - Job 505: Subtask download_dataset_task
[2023-06-16T00:38:11.812+0000] {task_command.py:388} INFO - Running <TaskInstance: data_ingestion_gcs_dag.download_dataset_task manual__2023-06-16T00:37:57.674735+00:00 [running]> on host 2a315e4d94ac
[2023-06-16T00:38:11.911+0000] {taskinstance.py:1511} INFO - Exporting the following env vars:
AIRFLOW_CTX_DAG_OWNER=***
AIRFLOW_CTX_DAG_ID=data_ingestion_gcs_dag
AIRFLOW_CTX_TASK_ID=download_dataset_task
AIRFLOW_CTX_EXECUTION_DATE=2023-06-16T00:37:57.674735+00:00
AIRFLOW_CTX_TRY_NUMBER=1
AIRFLOW_CTX_DAG_RUN_ID=manual__2023-06-16T00:37:57.674735+00:00
[2023-06-16T00:38:11.914+0000] {subprocess.py:63} INFO - Tmp dir root location: 
 /tmp
[2023-06-16T00:38:11.923+0000] {subprocess.py:75} INFO - Running command: ['/bin/bash', '-c', '\n        cd /opt/*** &&\n        if [ ! -d direct-messaging ]; then\n            mkdir direct-messaging &&\n            cd direct-messaging &&\n            kaggle datasets download -d mkechinov/direct-messaging &&\n            unzip direct-messaging.zip && \n            rm direct-messaging.zip &&\n            ls\n        elif [ -d direct-messaging ]; then\n            cd direct-messaging &&\n            ls\n        fi\n        ']
[2023-06-16T00:38:11.941+0000] {subprocess.py:86} INFO - Output:
[2023-06-16T00:38:11.955+0000] {subprocess.py:97} INFO - Command exited with return code 0
[2023-06-16T00:38:11.994+0000] {taskinstance.py:1326} INFO - Marking task as SUCCESS. dag_id=data_ingestion_gcs_dag, task_id=download_dataset_task, execution_date=20230616T003757, start_date=20230616T003811, end_date=20230616T003811
[2023-06-16T00:38:12.059+0000] {local_task_job.py:212} INFO - Task exited with return code 0
[2023-06-16T00:38:12.099+0000] {taskinstance.py:2585} INFO - 1 downstream tasks scheduled from follow-on schedule check
