[2023-06-15T11:38:37.641+0000] {taskinstance.py:1084} INFO - Dependencies all met for dep_context=non-requeueable deps ti=<TaskInstance: data_ingestion_gcs_dag.unzip_task manual__2023-06-15T11:38:27.424071+00:00 [queued]>
[2023-06-15T11:38:37.656+0000] {taskinstance.py:1084} INFO - Dependencies all met for dep_context=requeueable deps ti=<TaskInstance: data_ingestion_gcs_dag.unzip_task manual__2023-06-15T11:38:27.424071+00:00 [queued]>
[2023-06-15T11:38:37.658+0000] {taskinstance.py:1282} INFO - 
--------------------------------------------------------------------------------
[2023-06-15T11:38:37.659+0000] {taskinstance.py:1283} INFO - Starting attempt 1 of 2
[2023-06-15T11:38:37.660+0000] {taskinstance.py:1284} INFO - 
--------------------------------------------------------------------------------
[2023-06-15T11:38:37.679+0000] {taskinstance.py:1303} INFO - Executing <Task(BashOperator): unzip_task> on 2023-06-15 11:38:27.424071+00:00
[2023-06-15T11:38:37.694+0000] {standard_task_runner.py:55} INFO - Started process 16259 to run task
[2023-06-15T11:38:37.697+0000] {standard_task_runner.py:82} INFO - Running: ['***', 'tasks', 'run', 'data_ingestion_gcs_dag', 'unzip_task', 'manual__2023-06-15T11:38:27.424071+00:00', '--job-id', '395', '--raw', '--subdir', 'DAGS_FOLDER/data_ingestion_gcs_dag.py', '--cfg-path', '/tmp/tmpr51efbpg']
[2023-06-15T11:38:37.700+0000] {standard_task_runner.py:83} INFO - Job 395: Subtask unzip_task
[2023-06-15T11:38:37.825+0000] {task_command.py:388} INFO - Running <TaskInstance: data_ingestion_gcs_dag.unzip_task manual__2023-06-15T11:38:27.424071+00:00 [running]> on host 658b05ff6f1a
[2023-06-15T11:38:37.941+0000] {taskinstance.py:1511} INFO - Exporting the following env vars:
AIRFLOW_CTX_DAG_OWNER=***
AIRFLOW_CTX_DAG_ID=data_ingestion_gcs_dag
AIRFLOW_CTX_TASK_ID=unzip_task
AIRFLOW_CTX_EXECUTION_DATE=2023-06-15T11:38:27.424071+00:00
AIRFLOW_CTX_TRY_NUMBER=1
AIRFLOW_CTX_DAG_RUN_ID=manual__2023-06-15T11:38:27.424071+00:00
[2023-06-15T11:38:37.945+0000] {subprocess.py:63} INFO - Tmp dir root location: 
 /tmp
[2023-06-15T11:38:37.948+0000] {subprocess.py:75} INFO - Running command: ['/bin/bash', '-c', 'unzip -o /opt/***/data-science-salaries-2023.zip -d /opt/***/']
[2023-06-15T11:38:37.978+0000] {subprocess.py:86} INFO - Output:
[2023-06-15T11:38:37.991+0000] {subprocess.py:93} INFO - Archive:  /opt/***/data-science-salaries-2023.zip
[2023-06-15T11:38:38.011+0000] {subprocess.py:93} INFO -   inflating: /opt/***/ds_salaries.csv
[2023-06-15T11:38:38.012+0000] {subprocess.py:97} INFO - Command exited with return code 0
[2023-06-15T11:38:38.046+0000] {taskinstance.py:1326} INFO - Marking task as SUCCESS. dag_id=data_ingestion_gcs_dag, task_id=unzip_task, execution_date=20230615T113827, start_date=20230615T113837, end_date=20230615T113838
[2023-06-15T11:38:38.114+0000] {local_task_job.py:212} INFO - Task exited with return code 0
[2023-06-15T11:38:38.159+0000] {taskinstance.py:2585} INFO - 1 downstream tasks scheduled from follow-on schedule check
