[2023-06-16T01:11:30.211+0000] {taskinstance.py:1084} INFO - Dependencies all met for dep_context=non-requeueable deps ti=<TaskInstance: data_ingestion_gcs_dag.format_to_parquet_task manual__2023-06-16T01:11:23.780656+00:00 [queued]>
[2023-06-16T01:11:30.224+0000] {taskinstance.py:1084} INFO - Dependencies all met for dep_context=requeueable deps ti=<TaskInstance: data_ingestion_gcs_dag.format_to_parquet_task manual__2023-06-16T01:11:23.780656+00:00 [queued]>
[2023-06-16T01:11:30.225+0000] {taskinstance.py:1282} INFO - 
--------------------------------------------------------------------------------
[2023-06-16T01:11:30.226+0000] {taskinstance.py:1283} INFO - Starting attempt 1 of 2
[2023-06-16T01:11:30.226+0000] {taskinstance.py:1284} INFO - 
--------------------------------------------------------------------------------
[2023-06-16T01:11:30.245+0000] {taskinstance.py:1303} INFO - Executing <Task(PythonOperator): format_to_parquet_task> on 2023-06-16 01:11:23.780656+00:00
[2023-06-16T01:11:30.255+0000] {standard_task_runner.py:55} INFO - Started process 2406 to run task
[2023-06-16T01:11:30.258+0000] {standard_task_runner.py:82} INFO - Running: ['***', 'tasks', 'run', 'data_ingestion_gcs_dag', 'format_to_parquet_task', 'manual__2023-06-16T01:11:23.780656+00:00', '--job-id', '528', '--raw', '--subdir', 'DAGS_FOLDER/data_ingestion_gcs_dag.py', '--cfg-path', '/tmp/tmpe58nh3ol']
[2023-06-16T01:11:30.261+0000] {standard_task_runner.py:83} INFO - Job 528: Subtask format_to_parquet_task
[2023-06-16T01:11:30.353+0000] {task_command.py:388} INFO - Running <TaskInstance: data_ingestion_gcs_dag.format_to_parquet_task manual__2023-06-16T01:11:23.780656+00:00 [running]> on host 2a315e4d94ac
[2023-06-16T01:11:30.448+0000] {taskinstance.py:1511} INFO - Exporting the following env vars:
AIRFLOW_CTX_DAG_OWNER=***
AIRFLOW_CTX_DAG_ID=data_ingestion_gcs_dag
AIRFLOW_CTX_TASK_ID=format_to_parquet_task
AIRFLOW_CTX_EXECUTION_DATE=2023-06-16T01:11:23.780656+00:00
AIRFLOW_CTX_TRY_NUMBER=1
AIRFLOW_CTX_DAG_RUN_ID=manual__2023-06-16T01:11:23.780656+00:00
[2023-06-16T01:11:30.450+0000] {data_ingestion_gcs_dag.py:27} ERROR - Can only accept source files in CSV format, for the moment
[2023-06-16T01:11:30.451+0000] {data_ingestion_gcs_dag.py:27} ERROR - Can only accept source files in CSV format, for the moment
[2023-06-16T01:11:30.452+0000] {data_ingestion_gcs_dag.py:27} ERROR - Can only accept source files in CSV format, for the moment
[2023-06-16T01:11:30.453+0000] {data_ingestion_gcs_dag.py:27} ERROR - Can only accept source files in CSV format, for the moment
[2023-06-16T01:11:30.454+0000] {data_ingestion_gcs_dag.py:27} ERROR - Can only accept source files in CSV format, for the moment
[2023-06-16T01:11:30.455+0000] {data_ingestion_gcs_dag.py:27} ERROR - Can only accept source files in CSV format, for the moment
[2023-06-16T01:11:30.455+0000] {data_ingestion_gcs_dag.py:27} ERROR - Can only accept source files in CSV format, for the moment
[2023-06-16T01:11:30.456+0000] {data_ingestion_gcs_dag.py:27} ERROR - Can only accept source files in CSV format, for the moment
[2023-06-16T01:11:30.457+0000] {python.py:177} INFO - Done. Returned value was: None
[2023-06-16T01:11:30.470+0000] {taskinstance.py:1326} INFO - Marking task as SUCCESS. dag_id=data_ingestion_gcs_dag, task_id=format_to_parquet_task, execution_date=20230616T011123, start_date=20230616T011130, end_date=20230616T011130
[2023-06-16T01:11:30.512+0000] {local_task_job.py:212} INFO - Task exited with return code 0
[2023-06-16T01:11:30.556+0000] {taskinstance.py:2585} INFO - 0 downstream tasks scheduled from follow-on schedule check
