[2023-06-15T07:20:18.995+0000] {taskinstance.py:1084} INFO - Dependencies all met for dep_context=non-requeueable deps ti=<TaskInstance: data_ingestion_gcs_dag.download_dataset_task manual__2023-06-15T07:20:10.524334+00:00 [queued]>
[2023-06-15T07:20:19.045+0000] {taskinstance.py:1084} INFO - Dependencies all met for dep_context=requeueable deps ti=<TaskInstance: data_ingestion_gcs_dag.download_dataset_task manual__2023-06-15T07:20:10.524334+00:00 [queued]>
[2023-06-15T07:20:19.046+0000] {taskinstance.py:1282} INFO - 
--------------------------------------------------------------------------------
[2023-06-15T07:20:19.047+0000] {taskinstance.py:1283} INFO - Starting attempt 1 of 2
[2023-06-15T07:20:19.048+0000] {taskinstance.py:1284} INFO - 
--------------------------------------------------------------------------------
[2023-06-15T07:20:19.086+0000] {taskinstance.py:1303} INFO - Executing <Task(PythonOperator): download_dataset_task> on 2023-06-15 07:20:10.524334+00:00
[2023-06-15T07:20:19.099+0000] {standard_task_runner.py:55} INFO - Started process 5602 to run task
[2023-06-15T07:20:19.102+0000] {standard_task_runner.py:82} INFO - Running: ['***', 'tasks', 'run', 'data_ingestion_gcs_dag', 'download_dataset_task', 'manual__2023-06-15T07:20:10.524334+00:00', '--job-id', '323', '--raw', '--subdir', 'DAGS_FOLDER/data_ingestion_gcs_dag.py', '--cfg-path', '/tmp/tmp9_7p33qc']
[2023-06-15T07:20:19.104+0000] {standard_task_runner.py:83} INFO - Job 323: Subtask download_dataset_task
[2023-06-15T07:20:19.193+0000] {task_command.py:388} INFO - Running <TaskInstance: data_ingestion_gcs_dag.download_dataset_task manual__2023-06-15T07:20:10.524334+00:00 [running]> on host 658b05ff6f1a
[2023-06-15T07:20:19.360+0000] {taskinstance.py:1511} INFO - Exporting the following env vars:
AIRFLOW_CTX_DAG_OWNER=***
AIRFLOW_CTX_DAG_ID=data_ingestion_gcs_dag
AIRFLOW_CTX_TASK_ID=download_dataset_task
AIRFLOW_CTX_EXECUTION_DATE=2023-06-15T07:20:10.524334+00:00
AIRFLOW_CTX_TRY_NUMBER=1
AIRFLOW_CTX_DAG_RUN_ID=manual__2023-06-15T07:20:10.524334+00:00
[2023-06-15T07:20:19.366+0000] {data_ingestion_gcs_dag.py:68} INFO - File already exists, skipping download.
[2023-06-15T07:20:19.367+0000] {python.py:177} INFO - Done. Returned value was: None
[2023-06-15T07:20:19.380+0000] {taskinstance.py:1326} INFO - Marking task as SUCCESS. dag_id=data_ingestion_gcs_dag, task_id=download_dataset_task, execution_date=20230615T072010, start_date=20230615T072019, end_date=20230615T072019
[2023-06-15T07:20:19.448+0000] {local_task_job.py:212} INFO - Task exited with return code 0
[2023-06-15T07:20:19.493+0000] {taskinstance.py:2585} INFO - 1 downstream tasks scheduled from follow-on schedule check
