[2023-06-15T06:51:21.598+0000] {taskinstance.py:1084} INFO - Dependencies all met for dep_context=non-requeueable deps ti=<TaskInstance: data_ingestion_gcs_dag.unzip_task manual__2023-06-15T06:29:57.777228+00:00 [queued]>
[2023-06-15T06:51:21.653+0000] {taskinstance.py:1084} INFO - Dependencies all met for dep_context=requeueable deps ti=<TaskInstance: data_ingestion_gcs_dag.unzip_task manual__2023-06-15T06:29:57.777228+00:00 [queued]>
[2023-06-15T06:51:21.655+0000] {taskinstance.py:1282} INFO - 
--------------------------------------------------------------------------------
[2023-06-15T06:51:21.656+0000] {taskinstance.py:1283} INFO - Starting attempt 1 of 2
[2023-06-15T06:51:21.658+0000] {taskinstance.py:1284} INFO - 
--------------------------------------------------------------------------------
[2023-06-15T06:51:21.710+0000] {taskinstance.py:1303} INFO - Executing <Task(BashOperator): unzip_task> on 2023-06-15 06:29:57.777228+00:00
[2023-06-15T06:51:21.721+0000] {standard_task_runner.py:55} INFO - Started process 4010 to run task
[2023-06-15T06:51:21.725+0000] {standard_task_runner.py:82} INFO - Running: ['***', 'tasks', 'run', 'data_ingestion_gcs_dag', 'unzip_task', 'manual__2023-06-15T06:29:57.777228+00:00', '--job-id', '320', '--raw', '--subdir', 'DAGS_FOLDER/data_ingestion_gcs_dag.py', '--cfg-path', '/tmp/tmpkpiwz8f8']
[2023-06-15T06:51:21.728+0000] {standard_task_runner.py:83} INFO - Job 320: Subtask unzip_task
[2023-06-15T06:51:21.881+0000] {task_command.py:388} INFO - Running <TaskInstance: data_ingestion_gcs_dag.unzip_task manual__2023-06-15T06:29:57.777228+00:00 [running]> on host 658b05ff6f1a
[2023-06-15T06:51:22.264+0000] {taskinstance.py:1511} INFO - Exporting the following env vars:
AIRFLOW_CTX_DAG_OWNER=***
AIRFLOW_CTX_DAG_ID=data_ingestion_gcs_dag
AIRFLOW_CTX_TASK_ID=unzip_task
AIRFLOW_CTX_EXECUTION_DATE=2023-06-15T06:29:57.777228+00:00
AIRFLOW_CTX_TRY_NUMBER=1
AIRFLOW_CTX_DAG_RUN_ID=manual__2023-06-15T06:29:57.777228+00:00
[2023-06-15T06:51:22.296+0000] {subprocess.py:63} INFO - Tmp dir root location: 
 /tmp
[2023-06-15T06:51:22.308+0000] {subprocess.py:75} INFO - Running command: ['/bin/bash', '-c', 'unzip -o /opt/***/datasets/airline-delay-analysis.zip -d /opt/***/datasets/']
[2023-06-15T06:51:22.378+0000] {subprocess.py:86} INFO - Output:
[2023-06-15T06:51:22.503+0000] {subprocess.py:93} INFO - Archive:  /opt/***/datasets/airline-delay-analysis.zip
[2023-06-15T06:51:33.655+0000] {subprocess.py:93} INFO -   inflating: /opt/***/datasets/airline delay analysis/20.csv
[2023-06-15T06:51:58.104+0000] {subprocess.py:93} INFO -   inflating: /opt/***/datasets/airline delay analysis/2009.csv
[2023-06-15T06:52:07.565+0000] {subprocess.py:93} INFO -   inflating: /opt/***/datasets/airline delay analysis/2010.csv
[2023-06-15T06:52:17.008+0000] {subprocess.py:93} INFO -   inflating: /opt/***/datasets/airline delay analysis/2011.csv
[2023-06-15T06:52:26.388+0000] {subprocess.py:93} INFO -   inflating: /opt/***/datasets/airline delay analysis/2012.csv
[2023-06-15T06:52:35.863+0000] {subprocess.py:93} INFO -   inflating: /opt/***/datasets/airline delay analysis/2013.csv
[2023-06-15T06:52:44.671+0000] {subprocess.py:93} INFO -   inflating: /opt/***/datasets/airline delay analysis/2014.csv
[2023-06-15T06:52:51.721+0000] {subprocess.py:93} INFO -   inflating: /opt/***/datasets/airline delay analysis/2015.csv
[2023-06-15T06:53:00.299+0000] {subprocess.py:93} INFO -   inflating: /opt/***/datasets/airline delay analysis/2016.csv
[2023-06-15T06:53:07.314+0000] {subprocess.py:93} INFO -   inflating: /opt/***/datasets/airline delay analysis/2017.csv
[2023-06-15T06:53:17.301+0000] {subprocess.py:93} INFO -   inflating: /opt/***/datasets/airline delay analysis/2018.csv
[2023-06-15T06:53:24.694+0000] {subprocess.py:93} INFO -   inflating: /opt/***/datasets/airline delay analysis/2019.csv
[2023-06-15T06:53:24.749+0000] {subprocess.py:97} INFO - Command exited with return code 0
[2023-06-15T06:53:25.118+0000] {taskinstance.py:1326} INFO - Marking task as SUCCESS. dag_id=data_ingestion_gcs_dag, task_id=unzip_task, execution_date=20230615T062957, start_date=20230615T065121, end_date=20230615T065325
[2023-06-15T06:53:25.300+0000] {local_task_job.py:212} INFO - Task exited with return code 0
[2023-06-15T06:53:25.457+0000] {taskinstance.py:2585} INFO - 1 downstream tasks scheduled from follow-on schedule check
