[2023-06-16T00:42:27.519+0000] {taskinstance.py:1084} INFO - Dependencies all met for dep_context=non-requeueable deps ti=<TaskInstance: data_ingestion_gcs_dag.download_dataset_task manual__2023-06-16T00:42:11.277552+00:00 [queued]>
[2023-06-16T00:42:27.535+0000] {taskinstance.py:1084} INFO - Dependencies all met for dep_context=requeueable deps ti=<TaskInstance: data_ingestion_gcs_dag.download_dataset_task manual__2023-06-16T00:42:11.277552+00:00 [queued]>
[2023-06-16T00:42:27.536+0000] {taskinstance.py:1282} INFO - 
--------------------------------------------------------------------------------
[2023-06-16T00:42:27.538+0000] {taskinstance.py:1283} INFO - Starting attempt 1 of 2
[2023-06-16T00:42:27.539+0000] {taskinstance.py:1284} INFO - 
--------------------------------------------------------------------------------
[2023-06-16T00:42:27.569+0000] {taskinstance.py:1303} INFO - Executing <Task(BashOperator): download_dataset_task> on 2023-06-16 00:42:11.277552+00:00
[2023-06-16T00:42:27.641+0000] {standard_task_runner.py:55} INFO - Started process 699 to run task
[2023-06-16T00:42:27.645+0000] {standard_task_runner.py:82} INFO - Running: ['***', 'tasks', 'run', 'data_ingestion_gcs_dag', 'download_dataset_task', 'manual__2023-06-16T00:42:11.277552+00:00', '--job-id', '508', '--raw', '--subdir', 'DAGS_FOLDER/data_ingestion_gcs_dag.py', '--cfg-path', '/tmp/tmp2hl7u32j']
[2023-06-16T00:42:27.647+0000] {standard_task_runner.py:83} INFO - Job 508: Subtask download_dataset_task
[2023-06-16T00:42:27.734+0000] {task_command.py:388} INFO - Running <TaskInstance: data_ingestion_gcs_dag.download_dataset_task manual__2023-06-16T00:42:11.277552+00:00 [running]> on host 2a315e4d94ac
[2023-06-16T00:42:27.842+0000] {taskinstance.py:1511} INFO - Exporting the following env vars:
AIRFLOW_CTX_DAG_OWNER=***
AIRFLOW_CTX_DAG_ID=data_ingestion_gcs_dag
AIRFLOW_CTX_TASK_ID=download_dataset_task
AIRFLOW_CTX_EXECUTION_DATE=2023-06-16T00:42:11.277552+00:00
AIRFLOW_CTX_TRY_NUMBER=1
AIRFLOW_CTX_DAG_RUN_ID=manual__2023-06-16T00:42:11.277552+00:00
[2023-06-16T00:42:27.845+0000] {subprocess.py:63} INFO - Tmp dir root location: 
 /tmp
[2023-06-16T00:42:27.857+0000] {subprocess.py:75} INFO - Running command: ['/bin/bash', '-c', '\n        cd /opt/*** &&\n        if [ ! -d direct-messaging ]; then\n            mkdir direct-messaging &&\n            cd direct-messaging &&\n            kaggle datasets download -d mkechinov/direct-messaging &&\n            unzip direct-messaging.zip && \n            rm direct-messaging.zip &&\n            ls\n        else\n            cd direct-messaging &&\n            ls\n        fi\n        ']
[2023-06-16T00:42:27.879+0000] {subprocess.py:86} INFO - Output:
[2023-06-16T00:42:27.902+0000] {subprocess.py:97} INFO - Command exited with return code 0
[2023-06-16T00:42:27.945+0000] {taskinstance.py:1326} INFO - Marking task as SUCCESS. dag_id=data_ingestion_gcs_dag, task_id=download_dataset_task, execution_date=20230616T004211, start_date=20230616T004227, end_date=20230616T004227
[2023-06-16T00:42:27.978+0000] {local_task_job.py:212} INFO - Task exited with return code 0
[2023-06-16T00:42:28.018+0000] {taskinstance.py:2585} INFO - 1 downstream tasks scheduled from follow-on schedule check
