[2023-06-14T10:03:32.272+0000] {taskinstance.py:1084} INFO - Dependencies all met for dep_context=non-requeueable deps ti=<TaskInstance: data_ingestion_gcs_dag.local_to_gcs_task manual__2023-06-14T10:03:04.075164+00:00 [queued]>
[2023-06-14T10:03:32.294+0000] {taskinstance.py:1084} INFO - Dependencies all met for dep_context=requeueable deps ti=<TaskInstance: data_ingestion_gcs_dag.local_to_gcs_task manual__2023-06-14T10:03:04.075164+00:00 [queued]>
[2023-06-14T10:03:32.295+0000] {taskinstance.py:1282} INFO - 
--------------------------------------------------------------------------------
[2023-06-14T10:03:32.296+0000] {taskinstance.py:1283} INFO - Starting attempt 1 of 2
[2023-06-14T10:03:32.297+0000] {taskinstance.py:1284} INFO - 
--------------------------------------------------------------------------------
[2023-06-14T10:03:32.322+0000] {taskinstance.py:1303} INFO - Executing <Task(PythonOperator): local_to_gcs_task> on 2023-06-14 10:03:04.075164+00:00
[2023-06-14T10:03:32.334+0000] {standard_task_runner.py:55} INFO - Started process 6592 to run task
[2023-06-14T10:03:32.338+0000] {standard_task_runner.py:82} INFO - Running: ['***', 'tasks', 'run', 'data_ingestion_gcs_dag', 'local_to_gcs_task', 'manual__2023-06-14T10:03:04.075164+00:00', '--job-id', '135', '--raw', '--subdir', 'DAGS_FOLDER/data_ingestion_gcs_dag.py', '--cfg-path', '/tmp/tmpezinyh8s']
[2023-06-14T10:03:32.340+0000] {standard_task_runner.py:83} INFO - Job 135: Subtask local_to_gcs_task
[2023-06-14T10:03:32.427+0000] {task_command.py:388} INFO - Running <TaskInstance: data_ingestion_gcs_dag.local_to_gcs_task manual__2023-06-14T10:03:04.075164+00:00 [running]> on host 2adc0c380f97
[2023-06-14T10:03:32.517+0000] {taskinstance.py:1511} INFO - Exporting the following env vars:
AIRFLOW_CTX_DAG_OWNER=***
AIRFLOW_CTX_DAG_ID=data_ingestion_gcs_dag
AIRFLOW_CTX_TASK_ID=local_to_gcs_task
AIRFLOW_CTX_EXECUTION_DATE=2023-06-14T10:03:04.075164+00:00
AIRFLOW_CTX_TRY_NUMBER=1
AIRFLOW_CTX_DAG_RUN_ID=manual__2023-06-14T10:03:04.075164+00:00
[2023-06-14T10:21:06.131+0000] {python.py:177} INFO - Done. Returned value was: None
[2023-06-14T10:21:08.165+0000] {taskinstance.py:1326} INFO - Marking task as SUCCESS. dag_id=data_ingestion_gcs_dag, task_id=local_to_gcs_task, execution_date=20230614T100304, start_date=20230614T100332, end_date=20230614T102108
[2023-06-14T10:21:09.097+0000] {local_task_job.py:212} INFO - Task exited with return code 0
[2023-06-14T10:21:09.796+0000] {taskinstance.py:2585} INFO - 1 downstream tasks scheduled from follow-on schedule check
