[2023-06-16T00:08:59.353+0000] {taskinstance.py:1084} INFO - Dependencies all met for dep_context=non-requeueable deps ti=<TaskInstance: data_ingestion_gcs_dag.download_dataset_task manual__2023-06-15T23:58:36.147329+00:00 [queued]>
[2023-06-16T00:08:59.369+0000] {taskinstance.py:1084} INFO - Dependencies all met for dep_context=requeueable deps ti=<TaskInstance: data_ingestion_gcs_dag.download_dataset_task manual__2023-06-15T23:58:36.147329+00:00 [queued]>
[2023-06-16T00:08:59.370+0000] {taskinstance.py:1282} INFO - 
--------------------------------------------------------------------------------
[2023-06-16T00:08:59.371+0000] {taskinstance.py:1283} INFO - Starting attempt 2 of 2
[2023-06-16T00:08:59.371+0000] {taskinstance.py:1284} INFO - 
--------------------------------------------------------------------------------
[2023-06-16T00:08:59.392+0000] {taskinstance.py:1303} INFO - Executing <Task(BashOperator): download_dataset_task> on 2023-06-15 23:58:36.147329+00:00
[2023-06-16T00:08:59.401+0000] {standard_task_runner.py:55} INFO - Started process 2580 to run task
[2023-06-16T00:08:59.404+0000] {standard_task_runner.py:82} INFO - Running: ['***', 'tasks', 'run', 'data_ingestion_gcs_dag', 'download_dataset_task', 'manual__2023-06-15T23:58:36.147329+00:00', '--job-id', '485', '--raw', '--subdir', 'DAGS_FOLDER/data_ingestion_gcs_dag.py', '--cfg-path', '/tmp/tmpiwmvwrx7']
[2023-06-16T00:08:59.407+0000] {standard_task_runner.py:83} INFO - Job 485: Subtask download_dataset_task
[2023-06-16T00:08:59.484+0000] {task_command.py:388} INFO - Running <TaskInstance: data_ingestion_gcs_dag.download_dataset_task manual__2023-06-15T23:58:36.147329+00:00 [running]> on host 5ecaba85f1b3
[2023-06-16T00:08:59.581+0000] {taskinstance.py:1511} INFO - Exporting the following env vars:
AIRFLOW_CTX_DAG_OWNER=***
AIRFLOW_CTX_DAG_ID=data_ingestion_gcs_dag
AIRFLOW_CTX_TASK_ID=download_dataset_task
AIRFLOW_CTX_EXECUTION_DATE=2023-06-15T23:58:36.147329+00:00
AIRFLOW_CTX_TRY_NUMBER=2
AIRFLOW_CTX_DAG_RUN_ID=manual__2023-06-15T23:58:36.147329+00:00
[2023-06-16T00:08:59.585+0000] {subprocess.py:63} INFO - Tmp dir root location: 
 /tmp
[2023-06-16T00:08:59.588+0000] {subprocess.py:75} INFO - Running command: ['/bin/bash', '-c', '\n        cd /opt/*** &&\n        if [ ! -d direct-messaging ]; then\n            mkdir direct-messaging &&\n            cd direct-messaging &&\n            kaggle datasets download -d mkechinov/direct-messaging --force &&\n            unzip direct-messaging.zip && \n            rm direct-messaging.zip\n        fi &&\n        cd direct-messaging &&\n        ls\n        ']
[2023-06-16T00:08:59.617+0000] {subprocess.py:86} INFO - Output:
[2023-06-16T00:08:59.642+0000] {subprocess.py:93} INFO - campaigns.csv
[2023-06-16T00:08:59.642+0000] {subprocess.py:93} INFO - holidays.csv
[2023-06-16T00:08:59.643+0000] {subprocess.py:93} INFO - messages-demo.csv
[2023-06-16T00:08:59.644+0000] {subprocess.py:97} INFO - Command exited with return code 0
[2023-06-16T00:08:59.678+0000] {taskinstance.py:1326} INFO - Marking task as SUCCESS. dag_id=data_ingestion_gcs_dag, task_id=download_dataset_task, execution_date=20230615T235836, start_date=20230616T000859, end_date=20230616T000859
[2023-06-16T00:08:59.737+0000] {local_task_job.py:212} INFO - Task exited with return code 0
[2023-06-16T00:08:59.773+0000] {taskinstance.py:2585} INFO - 1 downstream tasks scheduled from follow-on schedule check
