[2023-06-16T00:42:30.666+0000] {taskinstance.py:1084} INFO - Dependencies all met for dep_context=non-requeueable deps ti=<TaskInstance: data_ingestion_gcs_dag.format_to_parquet_task manual__2023-06-16T00:42:11.277552+00:00 [queued]>
[2023-06-16T00:42:30.682+0000] {taskinstance.py:1084} INFO - Dependencies all met for dep_context=requeueable deps ti=<TaskInstance: data_ingestion_gcs_dag.format_to_parquet_task manual__2023-06-16T00:42:11.277552+00:00 [queued]>
[2023-06-16T00:42:30.683+0000] {taskinstance.py:1282} INFO - 
--------------------------------------------------------------------------------
[2023-06-16T00:42:30.684+0000] {taskinstance.py:1283} INFO - Starting attempt 1 of 2
[2023-06-16T00:42:30.685+0000] {taskinstance.py:1284} INFO - 
--------------------------------------------------------------------------------
[2023-06-16T00:42:30.708+0000] {taskinstance.py:1303} INFO - Executing <Task(PythonOperator): format_to_parquet_task> on 2023-06-16 00:42:11.277552+00:00
[2023-06-16T00:42:30.715+0000] {standard_task_runner.py:55} INFO - Started process 706 to run task
[2023-06-16T00:42:30.718+0000] {standard_task_runner.py:82} INFO - Running: ['***', 'tasks', 'run', 'data_ingestion_gcs_dag', 'format_to_parquet_task', 'manual__2023-06-16T00:42:11.277552+00:00', '--job-id', '509', '--raw', '--subdir', 'DAGS_FOLDER/data_ingestion_gcs_dag.py', '--cfg-path', '/tmp/tmpqiv19r20']
[2023-06-16T00:42:30.720+0000] {standard_task_runner.py:83} INFO - Job 509: Subtask format_to_parquet_task
[2023-06-16T00:42:30.805+0000] {task_command.py:388} INFO - Running <TaskInstance: data_ingestion_gcs_dag.format_to_parquet_task manual__2023-06-16T00:42:11.277552+00:00 [running]> on host 2a315e4d94ac
[2023-06-16T00:42:30.899+0000] {taskinstance.py:1511} INFO - Exporting the following env vars:
AIRFLOW_CTX_DAG_OWNER=***
AIRFLOW_CTX_DAG_ID=data_ingestion_gcs_dag
AIRFLOW_CTX_TASK_ID=format_to_parquet_task
AIRFLOW_CTX_EXECUTION_DATE=2023-06-16T00:42:11.277552+00:00
AIRFLOW_CTX_TRY_NUMBER=1
AIRFLOW_CTX_DAG_RUN_ID=manual__2023-06-16T00:42:11.277552+00:00
[2023-06-16T00:42:30.901+0000] {python.py:177} INFO - Done. Returned value was: None
[2023-06-16T00:42:30.913+0000] {taskinstance.py:1326} INFO - Marking task as SUCCESS. dag_id=data_ingestion_gcs_dag, task_id=format_to_parquet_task, execution_date=20230616T004211, start_date=20230616T004230, end_date=20230616T004230
[2023-06-16T00:42:30.971+0000] {local_task_job.py:212} INFO - Task exited with return code 0
[2023-06-16T00:42:30.998+0000] {taskinstance.py:2585} INFO - 1 downstream tasks scheduled from follow-on schedule check
