[2023-06-15T02:24:51.207+0000] {taskinstance.py:1084} INFO - Dependencies all met for dep_context=non-requeueable deps ti=<TaskInstance: data_ingestion_gcs_dag.format_to_parquet_task manual__2023-06-15T02:20:21.535894+00:00 [queued]>
[2023-06-15T02:24:51.246+0000] {taskinstance.py:1084} INFO - Dependencies all met for dep_context=requeueable deps ti=<TaskInstance: data_ingestion_gcs_dag.format_to_parquet_task manual__2023-06-15T02:20:21.535894+00:00 [queued]>
[2023-06-15T02:24:51.248+0000] {taskinstance.py:1282} INFO - 
--------------------------------------------------------------------------------
[2023-06-15T02:24:51.250+0000] {taskinstance.py:1283} INFO - Starting attempt 2 of 2
[2023-06-15T02:24:51.251+0000] {taskinstance.py:1284} INFO - 
--------------------------------------------------------------------------------
[2023-06-15T02:24:51.302+0000] {taskinstance.py:1303} INFO - Executing <Task(PythonOperator): format_to_parquet_task> on 2023-06-15 02:20:21.535894+00:00
[2023-06-15T02:24:51.325+0000] {standard_task_runner.py:55} INFO - Started process 12172 to run task
[2023-06-15T02:24:51.346+0000] {standard_task_runner.py:82} INFO - Running: ['***', 'tasks', 'run', 'data_ingestion_gcs_dag', 'format_to_parquet_task', 'manual__2023-06-15T02:20:21.535894+00:00', '--job-id', '253', '--raw', '--subdir', 'DAGS_FOLDER/data_ingestion_gcs_dag.py', '--cfg-path', '/tmp/tmpdt2ryceg']
[2023-06-15T02:24:51.347+0000] {standard_task_runner.py:83} INFO - Job 253: Subtask format_to_parquet_task
[2023-06-15T02:24:51.646+0000] {task_command.py:388} INFO - Running <TaskInstance: data_ingestion_gcs_dag.format_to_parquet_task manual__2023-06-15T02:20:21.535894+00:00 [running]> on host 570ce802d94a
[2023-06-15T02:24:51.890+0000] {taskinstance.py:1511} INFO - Exporting the following env vars:
AIRFLOW_CTX_DAG_OWNER=***
AIRFLOW_CTX_DAG_ID=data_ingestion_gcs_dag
AIRFLOW_CTX_TASK_ID=format_to_parquet_task
AIRFLOW_CTX_EXECUTION_DATE=2023-06-15T02:20:21.535894+00:00
AIRFLOW_CTX_TRY_NUMBER=2
AIRFLOW_CTX_DAG_RUN_ID=manual__2023-06-15T02:20:21.535894+00:00
[2023-06-15T02:25:06.706+0000] {local_task_job.py:277} WARNING - State of this instance has been externally set to failed. Terminating instance.
[2023-06-15T02:25:06.714+0000] {process_utils.py:133} INFO - Sending Signals.SIGTERM to group 12172. PIDs of all processes in the group: [12172]
[2023-06-15T02:25:06.715+0000] {process_utils.py:84} INFO - Sending the signal Signals.SIGTERM to group 12172
[2023-06-15T02:25:06.716+0000] {taskinstance.py:1482} ERROR - Received SIGTERM. Terminating subprocesses.
[2023-06-15T02:25:06.859+0000] {process_utils.py:79} INFO - Process psutil.Process(pid=12172, status='terminated', exitcode=0, started='02:24:51') (12172) terminated with exit code 0
