[2023-06-16T01:09:08.827+0000] {taskinstance.py:1084} INFO - Dependencies all met for dep_context=non-requeueable deps ti=<TaskInstance: data_ingestion_gcs_dag.local_to_gcs_task manual__2023-06-16T01:03:19.124519+00:00 [queued]>
[2023-06-16T01:09:08.844+0000] {taskinstance.py:1084} INFO - Dependencies all met for dep_context=requeueable deps ti=<TaskInstance: data_ingestion_gcs_dag.local_to_gcs_task manual__2023-06-16T01:03:19.124519+00:00 [queued]>
[2023-06-16T01:09:08.845+0000] {taskinstance.py:1282} INFO - 
--------------------------------------------------------------------------------
[2023-06-16T01:09:08.846+0000] {taskinstance.py:1283} INFO - Starting attempt 2 of 2
[2023-06-16T01:09:08.847+0000] {taskinstance.py:1284} INFO - 
--------------------------------------------------------------------------------
[2023-06-16T01:09:08.880+0000] {taskinstance.py:1303} INFO - Executing <Task(PythonOperator): local_to_gcs_task> on 2023-06-16 01:03:19.124519+00:00
[2023-06-16T01:09:08.936+0000] {standard_task_runner.py:55} INFO - Started process 2245 to run task
[2023-06-16T01:09:08.946+0000] {standard_task_runner.py:82} INFO - Running: ['***', 'tasks', 'run', 'data_ingestion_gcs_dag', 'local_to_gcs_task', 'manual__2023-06-16T01:03:19.124519+00:00', '--job-id', '523', '--raw', '--subdir', 'DAGS_FOLDER/data_ingestion_gcs_dag.py', '--cfg-path', '/tmp/tmpwb6jzcpb']
[2023-06-16T01:09:08.972+0000] {standard_task_runner.py:83} INFO - Job 523: Subtask local_to_gcs_task
[2023-06-16T01:09:09.321+0000] {task_command.py:388} INFO - Running <TaskInstance: data_ingestion_gcs_dag.local_to_gcs_task manual__2023-06-16T01:03:19.124519+00:00 [running]> on host 2a315e4d94ac
[2023-06-16T01:09:09.566+0000] {taskinstance.py:1511} INFO - Exporting the following env vars:
AIRFLOW_CTX_DAG_OWNER=***
AIRFLOW_CTX_DAG_ID=data_ingestion_gcs_dag
AIRFLOW_CTX_TASK_ID=local_to_gcs_task
AIRFLOW_CTX_EXECUTION_DATE=2023-06-16T01:03:19.124519+00:00
AIRFLOW_CTX_TRY_NUMBER=2
AIRFLOW_CTX_DAG_RUN_ID=manual__2023-06-16T01:03:19.124519+00:00
[2023-06-16T01:09:12.580+0000] {taskinstance.py:1775} ERROR - Task failed with exception
Traceback (most recent call last):
  File "/home/airflow/.local/lib/python3.7/site-packages/airflow/operators/python.py", line 175, in execute
    return_value = self.execute_callable()
  File "/home/airflow/.local/lib/python3.7/site-packages/airflow/operators/python.py", line 192, in execute_callable
    return self.python_callable(*self.op_args, **self.op_kwargs)
  File "/opt/airflow/dags/data_ingestion_gcs_dag.py", line 43, in upload_to_gcs
    bucket = client.bucket(bucket)
  File "/home/airflow/.local/lib/python3.7/site-packages/google/cloud/storage/client.py", line 302, in bucket
    return Bucket(client=self, name=bucket_name, user_project=user_project)
  File "/home/airflow/.local/lib/python3.7/site-packages/google/cloud/storage/bucket.py", line 667, in __init__
    name = _validate_name(name)
  File "/home/airflow/.local/lib/python3.7/site-packages/google/cloud/storage/_helpers.py", line 99, in _validate_name
    if not all([name[0].isalnum(), name[-1].isalnum()]):
TypeError: 'Bucket' object is not subscriptable
[2023-06-16T01:09:12.615+0000] {taskinstance.py:1326} INFO - Marking task as FAILED. dag_id=data_ingestion_gcs_dag, task_id=local_to_gcs_task, execution_date=20230616T010319, start_date=20230616T010908, end_date=20230616T010912
[2023-06-16T01:09:12.651+0000] {standard_task_runner.py:105} ERROR - Failed to execute job 523 for task local_to_gcs_task ('Bucket' object is not subscriptable; 2245)
[2023-06-16T01:09:12.684+0000] {local_task_job.py:212} INFO - Task exited with return code 1
[2023-06-16T01:09:12.706+0000] {taskinstance.py:2585} INFO - 0 downstream tasks scheduled from follow-on schedule check
