[2023-06-15T08:08:36.556+0000] {taskinstance.py:1084} INFO - Dependencies all met for dep_context=non-requeueable deps ti=<TaskInstance: data_ingestion_gcs_dag.local_to_gcs_task manual__2023-06-15T08:08:01.533196+00:00 [queued]>
[2023-06-15T08:08:36.576+0000] {taskinstance.py:1084} INFO - Dependencies all met for dep_context=requeueable deps ti=<TaskInstance: data_ingestion_gcs_dag.local_to_gcs_task manual__2023-06-15T08:08:01.533196+00:00 [queued]>
[2023-06-15T08:08:36.577+0000] {taskinstance.py:1282} INFO - 
--------------------------------------------------------------------------------
[2023-06-15T08:08:36.578+0000] {taskinstance.py:1283} INFO - Starting attempt 1 of 2
[2023-06-15T08:08:36.580+0000] {taskinstance.py:1284} INFO - 
--------------------------------------------------------------------------------
[2023-06-15T08:08:36.613+0000] {taskinstance.py:1303} INFO - Executing <Task(PythonOperator): local_to_gcs_task> on 2023-06-15 08:08:01.533196+00:00
[2023-06-15T08:08:36.623+0000] {standard_task_runner.py:55} INFO - Started process 8465 to run task
[2023-06-15T08:08:36.634+0000] {standard_task_runner.py:82} INFO - Running: ['***', 'tasks', 'run', 'data_ingestion_gcs_dag', 'local_to_gcs_task', 'manual__2023-06-15T08:08:01.533196+00:00', '--job-id', '357', '--raw', '--subdir', 'DAGS_FOLDER/data_ingestion_gcs_dag.py', '--cfg-path', '/tmp/tmpbz9qf8y1']
[2023-06-15T08:08:36.637+0000] {standard_task_runner.py:83} INFO - Job 357: Subtask local_to_gcs_task
[2023-06-15T08:08:36.766+0000] {task_command.py:388} INFO - Running <TaskInstance: data_ingestion_gcs_dag.local_to_gcs_task manual__2023-06-15T08:08:01.533196+00:00 [running]> on host 658b05ff6f1a
[2023-06-15T08:08:36.905+0000] {taskinstance.py:1511} INFO - Exporting the following env vars:
AIRFLOW_CTX_DAG_OWNER=***
AIRFLOW_CTX_DAG_ID=data_ingestion_gcs_dag
AIRFLOW_CTX_TASK_ID=local_to_gcs_task
AIRFLOW_CTX_EXECUTION_DATE=2023-06-15T08:08:01.533196+00:00
AIRFLOW_CTX_TRY_NUMBER=1
AIRFLOW_CTX_DAG_RUN_ID=manual__2023-06-15T08:08:01.533196+00:00
[2023-06-15T08:08:37.920+0000] {python.py:177} INFO - Done. Returned value was: None
[2023-06-15T08:08:37.933+0000] {taskinstance.py:1326} INFO - Marking task as SUCCESS. dag_id=data_ingestion_gcs_dag, task_id=local_to_gcs_task, execution_date=20230615T080801, start_date=20230615T080836, end_date=20230615T080837
[2023-06-15T08:08:37.978+0000] {local_task_job.py:212} INFO - Task exited with return code 0
[2023-06-15T08:08:38.004+0000] {taskinstance.py:2585} INFO - 1 downstream tasks scheduled from follow-on schedule check
