[2023-06-15T02:20:27.362+0000] {taskinstance.py:1084} INFO - Dependencies all met for dep_context=non-requeueable deps ti=<TaskInstance: data_ingestion_gcs_dag.download_kaggle_dataset_task manual__2023-06-15T02:20:21.535894+00:00 [queued]>
[2023-06-15T02:20:27.377+0000] {taskinstance.py:1084} INFO - Dependencies all met for dep_context=requeueable deps ti=<TaskInstance: data_ingestion_gcs_dag.download_kaggle_dataset_task manual__2023-06-15T02:20:21.535894+00:00 [queued]>
[2023-06-15T02:20:27.378+0000] {taskinstance.py:1282} INFO - 
--------------------------------------------------------------------------------
[2023-06-15T02:20:27.380+0000] {taskinstance.py:1283} INFO - Starting attempt 1 of 2
[2023-06-15T02:20:27.381+0000] {taskinstance.py:1284} INFO - 
--------------------------------------------------------------------------------
[2023-06-15T02:20:27.401+0000] {taskinstance.py:1303} INFO - Executing <Task(PythonOperator): download_kaggle_dataset_task> on 2023-06-15 02:20:21.535894+00:00
[2023-06-15T02:20:27.418+0000] {standard_task_runner.py:55} INFO - Started process 11880 to run task
[2023-06-15T02:20:27.422+0000] {standard_task_runner.py:82} INFO - Running: ['***', 'tasks', 'run', 'data_ingestion_gcs_dag', 'download_kaggle_dataset_task', 'manual__2023-06-15T02:20:21.535894+00:00', '--job-id', '247', '--raw', '--subdir', 'DAGS_FOLDER/data_ingestion_gcs_dag.py', '--cfg-path', '/tmp/tmp8olmm8hp']
[2023-06-15T02:20:27.425+0000] {standard_task_runner.py:83} INFO - Job 247: Subtask download_kaggle_dataset_task
[2023-06-15T02:20:27.521+0000] {task_command.py:388} INFO - Running <TaskInstance: data_ingestion_gcs_dag.download_kaggle_dataset_task manual__2023-06-15T02:20:21.535894+00:00 [running]> on host 570ce802d94a
[2023-06-15T02:20:27.619+0000] {taskinstance.py:1511} INFO - Exporting the following env vars:
AIRFLOW_CTX_DAG_OWNER=***
AIRFLOW_CTX_DAG_ID=data_ingestion_gcs_dag
AIRFLOW_CTX_TASK_ID=download_kaggle_dataset_task
AIRFLOW_CTX_EXECUTION_DATE=2023-06-15T02:20:21.535894+00:00
AIRFLOW_CTX_TRY_NUMBER=1
AIRFLOW_CTX_DAG_RUN_ID=manual__2023-06-15T02:20:21.535894+00:00
[2023-06-15T02:20:28.665+0000] {python.py:177} INFO - Done. Returned value was: None
[2023-06-15T02:20:28.678+0000] {taskinstance.py:1326} INFO - Marking task as SUCCESS. dag_id=data_ingestion_gcs_dag, task_id=download_kaggle_dataset_task, execution_date=20230615T022021, start_date=20230615T022027, end_date=20230615T022028
[2023-06-15T02:20:28.723+0000] {local_task_job.py:212} INFO - Task exited with return code 0
[2023-06-15T02:20:28.762+0000] {taskinstance.py:2585} INFO - 1 downstream tasks scheduled from follow-on schedule check
