[2023-06-13T19:48:04.893+0000] {taskinstance.py:1084} INFO - Dependencies all met for dep_context=non-requeueable deps ti=<TaskInstance: data_ingestion_gcs_dag.download_dataset_task manual__2023-06-13T19:47:57.166280+00:00 [queued]>
[2023-06-13T19:48:04.916+0000] {taskinstance.py:1084} INFO - Dependencies all met for dep_context=requeueable deps ti=<TaskInstance: data_ingestion_gcs_dag.download_dataset_task manual__2023-06-13T19:47:57.166280+00:00 [queued]>
[2023-06-13T19:48:04.918+0000] {taskinstance.py:1282} INFO - 
--------------------------------------------------------------------------------
[2023-06-13T19:48:04.920+0000] {taskinstance.py:1283} INFO - Starting attempt 1 of 2
[2023-06-13T19:48:04.921+0000] {taskinstance.py:1284} INFO - 
--------------------------------------------------------------------------------
[2023-06-13T19:48:04.951+0000] {taskinstance.py:1303} INFO - Executing <Task(BashOperator): download_dataset_task> on 2023-06-13 19:47:57.166280+00:00
[2023-06-13T19:48:04.965+0000] {standard_task_runner.py:55} INFO - Started process 7182 to run task
[2023-06-13T19:48:04.971+0000] {standard_task_runner.py:82} INFO - Running: ['***', 'tasks', 'run', 'data_ingestion_gcs_dag', 'download_dataset_task', 'manual__2023-06-13T19:47:57.166280+00:00', '--job-id', '60', '--raw', '--subdir', 'DAGS_FOLDER/data_ingestion_gcs_dag.py', '--cfg-path', '/tmp/tmpa5p6wrdn']
[2023-06-13T19:48:04.972+0000] {standard_task_runner.py:83} INFO - Job 60: Subtask download_dataset_task
[2023-06-13T19:48:05.075+0000] {task_command.py:388} INFO - Running <TaskInstance: data_ingestion_gcs_dag.download_dataset_task manual__2023-06-13T19:47:57.166280+00:00 [running]> on host 2adc0c380f97
[2023-06-13T19:48:05.202+0000] {taskinstance.py:1511} INFO - Exporting the following env vars:
AIRFLOW_CTX_DAG_OWNER=***
AIRFLOW_CTX_DAG_ID=data_ingestion_gcs_dag
AIRFLOW_CTX_TASK_ID=download_dataset_task
AIRFLOW_CTX_EXECUTION_DATE=2023-06-13T19:47:57.166280+00:00
AIRFLOW_CTX_TRY_NUMBER=1
AIRFLOW_CTX_DAG_RUN_ID=manual__2023-06-13T19:47:57.166280+00:00
[2023-06-13T19:48:05.238+0000] {subprocess.py:63} INFO - Tmp dir root location: 
 /tmp
[2023-06-13T19:48:05.243+0000] {subprocess.py:75} INFO - Running command: ['/bin/bash', '-c', 'kaggle datasets download -d sherrytp/airline-delay-analysis -p /opt/***/airline-delay-analysis']
[2023-06-13T19:48:05.294+0000] {subprocess.py:86} INFO - Output:
[2023-06-13T19:48:07.548+0000] {subprocess.py:93} INFO - airline-delay-analysis.zip: Skipping, found more recently modified local copy (use --force to force download)
[2023-06-13T19:48:07.790+0000] {subprocess.py:97} INFO - Command exited with return code 0
[2023-06-13T19:48:07.841+0000] {taskinstance.py:1326} INFO - Marking task as SUCCESS. dag_id=data_ingestion_gcs_dag, task_id=download_dataset_task, execution_date=20230613T194757, start_date=20230613T194804, end_date=20230613T194807
[2023-06-13T19:48:07.921+0000] {local_task_job.py:212} INFO - Task exited with return code 0
[2023-06-13T19:48:07.972+0000] {taskinstance.py:2585} INFO - 1 downstream tasks scheduled from follow-on schedule check
