[2023-06-15T13:11:32.949+0000] {taskinstance.py:1084} INFO - Dependencies all met for dep_context=non-requeueable deps ti=<TaskInstance: data_ingestion_gcs_dag.download_dataset_task manual__2023-06-15T13:11:30.295195+00:00 [queued]>
[2023-06-15T13:11:32.971+0000] {taskinstance.py:1084} INFO - Dependencies all met for dep_context=requeueable deps ti=<TaskInstance: data_ingestion_gcs_dag.download_dataset_task manual__2023-06-15T13:11:30.295195+00:00 [queued]>
[2023-06-15T13:11:32.972+0000] {taskinstance.py:1282} INFO - 
--------------------------------------------------------------------------------
[2023-06-15T13:11:32.973+0000] {taskinstance.py:1283} INFO - Starting attempt 1 of 2
[2023-06-15T13:11:32.975+0000] {taskinstance.py:1284} INFO - 
--------------------------------------------------------------------------------
[2023-06-15T13:11:33.016+0000] {taskinstance.py:1303} INFO - Executing <Task(BashOperator): download_dataset_task> on 2023-06-15 13:11:30.295195+00:00
[2023-06-15T13:11:33.025+0000] {standard_task_runner.py:55} INFO - Started process 21411 to run task
[2023-06-15T13:11:33.030+0000] {standard_task_runner.py:82} INFO - Running: ['***', 'tasks', 'run', 'data_ingestion_gcs_dag', 'download_dataset_task', 'manual__2023-06-15T13:11:30.295195+00:00', '--job-id', '428', '--raw', '--subdir', 'DAGS_FOLDER/data_ingestion_gcs_dag.py', '--cfg-path', '/tmp/tmpdrlxvocm']
[2023-06-15T13:11:33.032+0000] {standard_task_runner.py:83} INFO - Job 428: Subtask download_dataset_task
[2023-06-15T13:11:33.237+0000] {task_command.py:388} INFO - Running <TaskInstance: data_ingestion_gcs_dag.download_dataset_task manual__2023-06-15T13:11:30.295195+00:00 [running]> on host 658b05ff6f1a
[2023-06-15T13:11:33.388+0000] {taskinstance.py:1511} INFO - Exporting the following env vars:
AIRFLOW_CTX_DAG_OWNER=***
AIRFLOW_CTX_DAG_ID=data_ingestion_gcs_dag
AIRFLOW_CTX_TASK_ID=download_dataset_task
AIRFLOW_CTX_EXECUTION_DATE=2023-06-15T13:11:30.295195+00:00
AIRFLOW_CTX_TRY_NUMBER=1
AIRFLOW_CTX_DAG_RUN_ID=manual__2023-06-15T13:11:30.295195+00:00
[2023-06-15T13:11:33.391+0000] {subprocess.py:63} INFO - Tmp dir root location: 
 /tmp
[2023-06-15T13:11:33.396+0000] {subprocess.py:75} INFO - Running command: ['/bin/bash', '-c', '\n            cd /opt/*** &&\n            mkdir data-science-salaries-2023 && \n            cd data-science-salaries-2023 &&\n            kaggle datasets download -d arnabchaki/data-science-salaries-2023 --force && \n            unzip data-science-salaries-2023.zip && \n            rm data-science-salaries-2023.zip\n            ']
[2023-06-15T13:11:33.436+0000] {subprocess.py:86} INFO - Output:
[2023-06-15T13:11:33.442+0000] {subprocess.py:93} INFO - mkdir: cannot create directory ‘data-science-salaries-2023’: File exists
[2023-06-15T13:11:33.444+0000] {subprocess.py:97} INFO - Command exited with return code 1
[2023-06-15T13:11:33.465+0000] {taskinstance.py:1775} ERROR - Task failed with exception
Traceback (most recent call last):
  File "/home/airflow/.local/lib/python3.7/site-packages/airflow/operators/bash.py", line 197, in execute
    f"Bash command failed. The command returned a non-zero exit code {result.exit_code}."
airflow.exceptions.AirflowException: Bash command failed. The command returned a non-zero exit code 1.
[2023-06-15T13:11:33.478+0000] {taskinstance.py:1326} INFO - Marking task as UP_FOR_RETRY. dag_id=data_ingestion_gcs_dag, task_id=download_dataset_task, execution_date=20230615T131130, start_date=20230615T131132, end_date=20230615T131133
[2023-06-15T13:11:33.521+0000] {standard_task_runner.py:105} ERROR - Failed to execute job 428 for task download_dataset_task (Bash command failed. The command returned a non-zero exit code 1.; 21411)
[2023-06-15T13:11:33.572+0000] {local_task_job.py:212} INFO - Task exited with return code 1
[2023-06-15T13:11:33.685+0000] {taskinstance.py:2585} INFO - 0 downstream tasks scheduled from follow-on schedule check
