[2023-06-14T10:03:19.828+0000] {taskinstance.py:1084} INFO - Dependencies all met for dep_context=non-requeueable deps ti=<TaskInstance: data_ingestion_gcs_dag.create_folder_in_bucket_task manual__2023-06-14T10:03:04.075164+00:00 [queued]>
[2023-06-14T10:03:19.845+0000] {taskinstance.py:1084} INFO - Dependencies all met for dep_context=requeueable deps ti=<TaskInstance: data_ingestion_gcs_dag.create_folder_in_bucket_task manual__2023-06-14T10:03:04.075164+00:00 [queued]>
[2023-06-14T10:03:19.846+0000] {taskinstance.py:1282} INFO - 
--------------------------------------------------------------------------------
[2023-06-14T10:03:19.847+0000] {taskinstance.py:1283} INFO - Starting attempt 1 of 2
[2023-06-14T10:03:19.848+0000] {taskinstance.py:1284} INFO - 
--------------------------------------------------------------------------------
[2023-06-14T10:03:19.871+0000] {taskinstance.py:1303} INFO - Executing <Task(PythonOperator): create_folder_in_bucket_task> on 2023-06-14 10:03:04.075164+00:00
[2023-06-14T10:03:19.891+0000] {standard_task_runner.py:55} INFO - Started process 6523 to run task
[2023-06-14T10:03:19.895+0000] {standard_task_runner.py:82} INFO - Running: ['***', 'tasks', 'run', 'data_ingestion_gcs_dag', 'create_folder_in_bucket_task', 'manual__2023-06-14T10:03:04.075164+00:00', '--job-id', '132', '--raw', '--subdir', 'DAGS_FOLDER/data_ingestion_gcs_dag.py', '--cfg-path', '/tmp/tmp9gcb1sct']
[2023-06-14T10:03:19.897+0000] {standard_task_runner.py:83} INFO - Job 132: Subtask create_folder_in_bucket_task
[2023-06-14T10:03:20.023+0000] {task_command.py:388} INFO - Running <TaskInstance: data_ingestion_gcs_dag.create_folder_in_bucket_task manual__2023-06-14T10:03:04.075164+00:00 [running]> on host 2adc0c380f97
[2023-06-14T10:03:20.191+0000] {taskinstance.py:1511} INFO - Exporting the following env vars:
AIRFLOW_CTX_DAG_OWNER=***
AIRFLOW_CTX_DAG_ID=data_ingestion_gcs_dag
AIRFLOW_CTX_TASK_ID=create_folder_in_bucket_task
AIRFLOW_CTX_EXECUTION_DATE=2023-06-14T10:03:04.075164+00:00
AIRFLOW_CTX_TRY_NUMBER=1
AIRFLOW_CTX_DAG_RUN_ID=manual__2023-06-14T10:03:04.075164+00:00
[2023-06-14T10:03:22.243+0000] {python.py:177} INFO - Done. Returned value was: None
[2023-06-14T10:03:22.259+0000] {taskinstance.py:1326} INFO - Marking task as SUCCESS. dag_id=data_ingestion_gcs_dag, task_id=create_folder_in_bucket_task, execution_date=20230614T100304, start_date=20230614T100319, end_date=20230614T100322
[2023-06-14T10:03:22.320+0000] {local_task_job.py:212} INFO - Task exited with return code 0
[2023-06-14T10:03:22.373+0000] {taskinstance.py:2585} INFO - 1 downstream tasks scheduled from follow-on schedule check
