[2023-06-17T13:23:41.084+0000] {taskinstance.py:1084} INFO - Dependencies all met for dep_context=non-requeueable deps ti=<TaskInstance: data_ingestion_gcs_dag.format_to_parquet_task manual__2023-06-17T13:22:45.090631+00:00 [queued]>
[2023-06-17T13:23:41.111+0000] {taskinstance.py:1084} INFO - Dependencies all met for dep_context=requeueable deps ti=<TaskInstance: data_ingestion_gcs_dag.format_to_parquet_task manual__2023-06-17T13:22:45.090631+00:00 [queued]>
[2023-06-17T13:23:41.112+0000] {taskinstance.py:1282} INFO - 
--------------------------------------------------------------------------------
[2023-06-17T13:23:41.113+0000] {taskinstance.py:1283} INFO - Starting attempt 1 of 2
[2023-06-17T13:23:41.114+0000] {taskinstance.py:1284} INFO - 
--------------------------------------------------------------------------------
[2023-06-17T13:23:41.154+0000] {taskinstance.py:1303} INFO - Executing <Task(PythonOperator): format_to_parquet_task> on 2023-06-17 13:22:45.090631+00:00
[2023-06-17T13:23:41.168+0000] {standard_task_runner.py:55} INFO - Started process 4092 to run task
[2023-06-17T13:23:41.173+0000] {standard_task_runner.py:82} INFO - Running: ['***', 'tasks', 'run', 'data_ingestion_gcs_dag', 'format_to_parquet_task', 'manual__2023-06-17T13:22:45.090631+00:00', '--job-id', '543', '--raw', '--subdir', 'DAGS_FOLDER/data_ingestion_gcs_dag.py', '--cfg-path', '/tmp/tmptz4_xrb_']
[2023-06-17T13:23:41.177+0000] {standard_task_runner.py:83} INFO - Job 543: Subtask format_to_parquet_task
[2023-06-17T13:23:41.315+0000] {task_command.py:388} INFO - Running <TaskInstance: data_ingestion_gcs_dag.format_to_parquet_task manual__2023-06-17T13:22:45.090631+00:00 [running]> on host bc6447f4875a
[2023-06-17T13:23:41.450+0000] {taskinstance.py:1511} INFO - Exporting the following env vars:
AIRFLOW_CTX_DAG_OWNER=***
AIRFLOW_CTX_DAG_ID=data_ingestion_gcs_dag
AIRFLOW_CTX_TASK_ID=format_to_parquet_task
AIRFLOW_CTX_EXECUTION_DATE=2023-06-17T13:22:45.090631+00:00
AIRFLOW_CTX_TRY_NUMBER=1
AIRFLOW_CTX_DAG_RUN_ID=manual__2023-06-17T13:22:45.090631+00:00
[2023-06-17T13:23:41.454+0000] {logging_mixin.py:137} INFO - now next iteration: covid_19_clean_complete.csv
[2023-06-17T13:23:41.455+0000] {logging_mixin.py:137} INFO - file path succed : covid_19_clean_complete.csv
[2023-06-17T13:23:41.738+0000] {logging_mixin.py:137} INFO - table succeed: covid_19_clean_complete.csv
[2023-06-17T13:23:41.811+0000] {logging_mixin.py:137} INFO - write succeed: covid_19_clean_complete.csv
[2023-06-17T13:23:41.814+0000] {logging_mixin.py:137} INFO - now next iteration: full_grouped.csv
[2023-06-17T13:23:41.816+0000] {logging_mixin.py:137} INFO - file path succed : full_grouped.csv
[2023-06-17T13:23:41.995+0000] {logging_mixin.py:137} INFO - table succeed: full_grouped.csv
[2023-06-17T13:23:42.015+0000] {logging_mixin.py:137} INFO - write succeed: full_grouped.csv
[2023-06-17T13:23:42.017+0000] {logging_mixin.py:137} INFO - now next iteration: usa_county_wise.csv
[2023-06-17T13:23:42.017+0000] {logging_mixin.py:137} INFO - file path succed : usa_county_wise.csv
[2023-06-17T13:23:42.478+0000] {logging_mixin.py:137} INFO - table succeed: usa_county_wise.csv
[2023-06-17T13:23:42.887+0000] {logging_mixin.py:137} INFO - write succeed: usa_county_wise.csv
[2023-06-17T13:23:42.900+0000] {logging_mixin.py:137} INFO - now next iteration: worldometer_data.csv
[2023-06-17T13:23:42.901+0000] {logging_mixin.py:137} INFO - file path succed : worldometer_data.csv
[2023-06-17T13:23:43.057+0000] {logging_mixin.py:137} INFO - table succeed: worldometer_data.csv
[2023-06-17T13:23:43.060+0000] {logging_mixin.py:137} INFO - write succeed: worldometer_data.csv
[2023-06-17T13:23:43.061+0000] {logging_mixin.py:137} INFO - now next iteration: country_wise_latest.csv
[2023-06-17T13:23:43.062+0000] {logging_mixin.py:137} INFO - file path succed : country_wise_latest.csv
[2023-06-17T13:23:43.210+0000] {logging_mixin.py:137} INFO - table succeed: country_wise_latest.csv
[2023-06-17T13:23:43.212+0000] {logging_mixin.py:137} INFO - write succeed: country_wise_latest.csv
[2023-06-17T13:23:43.214+0000] {logging_mixin.py:137} INFO - now next iteration: day_wise.csv
[2023-06-17T13:23:43.215+0000] {logging_mixin.py:137} INFO - file path succed : day_wise.csv
[2023-06-17T13:23:43.365+0000] {logging_mixin.py:137} INFO - table succeed: day_wise.csv
[2023-06-17T13:23:43.369+0000] {logging_mixin.py:137} INFO - write succeed: day_wise.csv
[2023-06-17T13:23:43.370+0000] {python.py:177} INFO - Done. Returned value was: None
[2023-06-17T13:23:43.422+0000] {taskinstance.py:1326} INFO - Marking task as SUCCESS. dag_id=data_ingestion_gcs_dag, task_id=format_to_parquet_task, execution_date=20230617T132245, start_date=20230617T132341, end_date=20230617T132343
[2023-06-17T13:23:43.480+0000] {local_task_job.py:212} INFO - Task exited with return code 0
[2023-06-17T13:23:43.511+0000] {taskinstance.py:2585} INFO - 1 downstream tasks scheduled from follow-on schedule check
