[2023-06-16T00:35:29.535+0000] {taskinstance.py:1084} INFO - Dependencies all met for dep_context=non-requeueable deps ti=<TaskInstance: data_ingestion_gcs_dag.local_to_gcs_task manual__2023-06-16T00:35:16.508099+00:00 [queued]>
[2023-06-16T00:35:29.547+0000] {taskinstance.py:1084} INFO - Dependencies all met for dep_context=requeueable deps ti=<TaskInstance: data_ingestion_gcs_dag.local_to_gcs_task manual__2023-06-16T00:35:16.508099+00:00 [queued]>
[2023-06-16T00:35:29.548+0000] {taskinstance.py:1282} INFO - 
--------------------------------------------------------------------------------
[2023-06-16T00:35:29.550+0000] {taskinstance.py:1283} INFO - Starting attempt 1 of 2
[2023-06-16T00:35:29.550+0000] {taskinstance.py:1284} INFO - 
--------------------------------------------------------------------------------
[2023-06-16T00:35:29.571+0000] {taskinstance.py:1303} INFO - Executing <Task(PythonOperator): local_to_gcs_task> on 2023-06-16 00:35:16.508099+00:00
[2023-06-16T00:35:29.580+0000] {standard_task_runner.py:55} INFO - Started process 271 to run task
[2023-06-16T00:35:29.583+0000] {standard_task_runner.py:82} INFO - Running: ['***', 'tasks', 'run', 'data_ingestion_gcs_dag', 'local_to_gcs_task', 'manual__2023-06-16T00:35:16.508099+00:00', '--job-id', '501', '--raw', '--subdir', 'DAGS_FOLDER/data_ingestion_gcs_dag.py', '--cfg-path', '/tmp/tmpycu2f5k7']
[2023-06-16T00:35:29.586+0000] {standard_task_runner.py:83} INFO - Job 501: Subtask local_to_gcs_task
[2023-06-16T00:35:29.673+0000] {task_command.py:388} INFO - Running <TaskInstance: data_ingestion_gcs_dag.local_to_gcs_task manual__2023-06-16T00:35:16.508099+00:00 [running]> on host 2a315e4d94ac
[2023-06-16T00:35:29.822+0000] {taskinstance.py:1511} INFO - Exporting the following env vars:
AIRFLOW_CTX_DAG_OWNER=***
AIRFLOW_CTX_DAG_ID=data_ingestion_gcs_dag
AIRFLOW_CTX_TASK_ID=local_to_gcs_task
AIRFLOW_CTX_EXECUTION_DATE=2023-06-16T00:35:16.508099+00:00
AIRFLOW_CTX_TRY_NUMBER=1
AIRFLOW_CTX_DAG_RUN_ID=manual__2023-06-16T00:35:16.508099+00:00
[2023-06-16T00:35:29.825+0000] {python.py:177} INFO - Done. Returned value was: None
[2023-06-16T00:35:29.848+0000] {taskinstance.py:1326} INFO - Marking task as SUCCESS. dag_id=data_ingestion_gcs_dag, task_id=local_to_gcs_task, execution_date=20230616T003516, start_date=20230616T003529, end_date=20230616T003529
[2023-06-16T00:35:29.916+0000] {local_task_job.py:212} INFO - Task exited with return code 0
[2023-06-16T00:35:29.941+0000] {taskinstance.py:2585} INFO - 0 downstream tasks scheduled from follow-on schedule check
