[2023-06-15T04:13:48.417+0000] {taskinstance.py:1084} INFO - Dependencies all met for dep_context=non-requeueable deps ti=<TaskInstance: data_ingestion_gcs_dag.create_bq_external_table_task manual__2023-06-15T04:03:18.639865+00:00 [queued]>
[2023-06-15T04:13:48.440+0000] {taskinstance.py:1084} INFO - Dependencies all met for dep_context=requeueable deps ti=<TaskInstance: data_ingestion_gcs_dag.create_bq_external_table_task manual__2023-06-15T04:03:18.639865+00:00 [queued]>
[2023-06-15T04:13:48.441+0000] {taskinstance.py:1282} INFO - 
--------------------------------------------------------------------------------
[2023-06-15T04:13:48.442+0000] {taskinstance.py:1283} INFO - Starting attempt 1 of 2
[2023-06-15T04:13:48.444+0000] {taskinstance.py:1284} INFO - 
--------------------------------------------------------------------------------
[2023-06-15T04:13:48.474+0000] {taskinstance.py:1303} INFO - Executing <Task(PythonOperator): create_bq_external_table_task> on 2023-06-15 04:03:18.639865+00:00
[2023-06-15T04:13:48.531+0000] {standard_task_runner.py:55} INFO - Started process 3761 to run task
[2023-06-15T04:13:48.539+0000] {standard_task_runner.py:82} INFO - Running: ['***', 'tasks', 'run', 'data_ingestion_gcs_dag', 'create_bq_external_table_task', 'manual__2023-06-15T04:03:18.639865+00:00', '--job-id', '281', '--raw', '--subdir', 'DAGS_FOLDER/data_ingestion_gcs_dag.py', '--cfg-path', '/tmp/tmpbgza8fwz']
[2023-06-15T04:13:48.543+0000] {standard_task_runner.py:83} INFO - Job 281: Subtask create_bq_external_table_task
[2023-06-15T04:13:49.072+0000] {task_command.py:388} INFO - Running <TaskInstance: data_ingestion_gcs_dag.create_bq_external_table_task manual__2023-06-15T04:03:18.639865+00:00 [running]> on host 7e4a92a12ba6
[2023-06-15T04:13:49.384+0000] {taskinstance.py:1511} INFO - Exporting the following env vars:
AIRFLOW_CTX_DAG_OWNER=***
AIRFLOW_CTX_DAG_ID=data_ingestion_gcs_dag
AIRFLOW_CTX_TASK_ID=create_bq_external_table_task
AIRFLOW_CTX_EXECUTION_DATE=2023-06-15T04:03:18.639865+00:00
AIRFLOW_CTX_TRY_NUMBER=1
AIRFLOW_CTX_DAG_RUN_ID=manual__2023-06-15T04:03:18.639865+00:00
[2023-06-15T04:13:50.268+0000] {crypto.py:83} WARNING - empty cryptography key - values will not be stored encrypted.
[2023-06-15T04:13:50.269+0000] {base.py:73} INFO - Using connection ID 'google_cloud_default' for task execution.
[2023-06-15T04:13:51.538+0000] {taskinstance.py:1775} ERROR - Task failed with exception
Traceback (most recent call last):
  File "/home/airflow/.local/lib/python3.7/site-packages/airflow/operators/python.py", line 175, in execute
    return_value = self.execute_callable()
  File "/home/airflow/.local/lib/python3.7/site-packages/airflow/operators/python.py", line 192, in execute_callable
    return self.python_callable(*self.op_args, **self.op_kwargs)
  File "/opt/airflow/dags/data_ingestion_gcs_dag.py", line 79, in create_bq_external_table
    bigquery_external_table_task.execute(context={})
  File "/home/airflow/.local/lib/python3.7/site-packages/airflow/providers/google/cloud/operators/bigquery.py", line 1629, in execute
    table_resource=self.table_resource,
  File "/home/airflow/.local/lib/python3.7/site-packages/airflow/providers/google/common/hooks/base_google.py", line 468, in inner_wrapper
    return func(self, *args, **kwargs)
  File "/home/airflow/.local/lib/python3.7/site-packages/airflow/providers/google/cloud/hooks/bigquery.py", line 407, in create_empty_table
    table=table, exists_ok=exists_ok, retry=retry
  File "/home/airflow/.local/lib/python3.7/site-packages/google/cloud/bigquery/client.py", line 755, in create_table
    timeout=timeout,
  File "/home/airflow/.local/lib/python3.7/site-packages/google/cloud/bigquery/client.py", line 782, in _call_api
    return call()
  File "/home/airflow/.local/lib/python3.7/site-packages/google/api_core/retry.py", line 288, in retry_wrapped_func
    on_error=on_error,
  File "/home/airflow/.local/lib/python3.7/site-packages/google/api_core/retry.py", line 190, in retry_target
    return target()
  File "/home/airflow/.local/lib/python3.7/site-packages/google/cloud/_http/__init__.py", line 494, in api_request
    raise exceptions.from_http_response(response)
google.api_core.exceptions.BadRequest: 400 POST https://bigquery.googleapis.com/bigquery/v2/projects/prime-byway-387902/datasets/project1_data/tables?prettyPrint=false: Table definition must specify source_uri
[2023-06-15T04:13:51.603+0000] {taskinstance.py:1326} INFO - Marking task as UP_FOR_RETRY. dag_id=data_ingestion_gcs_dag, task_id=create_bq_external_table_task, execution_date=20230615T040318, start_date=20230615T041348, end_date=20230615T041351
[2023-06-15T04:13:51.640+0000] {standard_task_runner.py:105} ERROR - Failed to execute job 281 for task create_bq_external_table_task (400 POST https://bigquery.googleapis.com/bigquery/v2/projects/prime-byway-387902/datasets/project1_data/tables?prettyPrint=false: Table definition must specify source_uri; 3761)
[2023-06-15T04:13:51.676+0000] {local_task_job.py:212} INFO - Task exited with return code 1
[2023-06-15T04:13:51.702+0000] {taskinstance.py:2585} INFO - 0 downstream tasks scheduled from follow-on schedule check
