[2023-06-15T07:58:45.439+0000] {taskinstance.py:1084} INFO - Dependencies all met for dep_context=non-requeueable deps ti=<TaskInstance: data_ingestion_gcs_dag.local_to_gcs_task manual__2023-06-15T07:58:35.108136+00:00 [queued]>
[2023-06-15T07:58:45.451+0000] {taskinstance.py:1084} INFO - Dependencies all met for dep_context=requeueable deps ti=<TaskInstance: data_ingestion_gcs_dag.local_to_gcs_task manual__2023-06-15T07:58:35.108136+00:00 [queued]>
[2023-06-15T07:58:45.452+0000] {taskinstance.py:1282} INFO - 
--------------------------------------------------------------------------------
[2023-06-15T07:58:45.453+0000] {taskinstance.py:1283} INFO - Starting attempt 1 of 2
[2023-06-15T07:58:45.454+0000] {taskinstance.py:1284} INFO - 
--------------------------------------------------------------------------------
[2023-06-15T07:58:45.474+0000] {taskinstance.py:1303} INFO - Executing <Task(PythonOperator): local_to_gcs_task> on 2023-06-15 07:58:35.108136+00:00
[2023-06-15T07:58:45.484+0000] {standard_task_runner.py:55} INFO - Started process 7826 to run task
[2023-06-15T07:58:45.487+0000] {standard_task_runner.py:82} INFO - Running: ['***', 'tasks', 'run', 'data_ingestion_gcs_dag', 'local_to_gcs_task', 'manual__2023-06-15T07:58:35.108136+00:00', '--job-id', '345', '--raw', '--subdir', 'DAGS_FOLDER/data_ingestion_gcs_dag.py', '--cfg-path', '/tmp/tmpbar6bvwz']
[2023-06-15T07:58:45.490+0000] {standard_task_runner.py:83} INFO - Job 345: Subtask local_to_gcs_task
[2023-06-15T07:58:45.566+0000] {task_command.py:388} INFO - Running <TaskInstance: data_ingestion_gcs_dag.local_to_gcs_task manual__2023-06-15T07:58:35.108136+00:00 [running]> on host 658b05ff6f1a
[2023-06-15T07:58:45.656+0000] {taskinstance.py:1511} INFO - Exporting the following env vars:
AIRFLOW_CTX_DAG_OWNER=***
AIRFLOW_CTX_DAG_ID=data_ingestion_gcs_dag
AIRFLOW_CTX_TASK_ID=local_to_gcs_task
AIRFLOW_CTX_EXECUTION_DATE=2023-06-15T07:58:35.108136+00:00
AIRFLOW_CTX_TRY_NUMBER=1
AIRFLOW_CTX_DAG_RUN_ID=manual__2023-06-15T07:58:35.108136+00:00
[2023-06-15T07:58:46.538+0000] {python.py:177} INFO - Done. Returned value was: None
[2023-06-15T07:58:46.552+0000] {taskinstance.py:1326} INFO - Marking task as SUCCESS. dag_id=data_ingestion_gcs_dag, task_id=local_to_gcs_task, execution_date=20230615T075835, start_date=20230615T075845, end_date=20230615T075846
[2023-06-15T07:58:46.586+0000] {local_task_job.py:212} INFO - Task exited with return code 0
[2023-06-15T07:58:46.614+0000] {taskinstance.py:2585} INFO - 1 downstream tasks scheduled from follow-on schedule check
