[2023-06-15T12:59:50.251+0000] {taskinstance.py:1084} INFO - Dependencies all met for dep_context=non-requeueable deps ti=<TaskInstance: data_ingestion_gcs_dag.download_dataset_task manual__2023-06-15T12:59:43.166609+00:00 [queued]>
[2023-06-15T12:59:50.271+0000] {taskinstance.py:1084} INFO - Dependencies all met for dep_context=requeueable deps ti=<TaskInstance: data_ingestion_gcs_dag.download_dataset_task manual__2023-06-15T12:59:43.166609+00:00 [queued]>
[2023-06-15T12:59:50.272+0000] {taskinstance.py:1282} INFO - 
--------------------------------------------------------------------------------
[2023-06-15T12:59:50.273+0000] {taskinstance.py:1283} INFO - Starting attempt 1 of 2
[2023-06-15T12:59:50.274+0000] {taskinstance.py:1284} INFO - 
--------------------------------------------------------------------------------
[2023-06-15T12:59:50.314+0000] {taskinstance.py:1303} INFO - Executing <Task(BashOperator): download_dataset_task> on 2023-06-15 12:59:43.166609+00:00
[2023-06-15T12:59:50.328+0000] {standard_task_runner.py:55} INFO - Started process 20701 to run task
[2023-06-15T12:59:50.332+0000] {standard_task_runner.py:82} INFO - Running: ['***', 'tasks', 'run', 'data_ingestion_gcs_dag', 'download_dataset_task', 'manual__2023-06-15T12:59:43.166609+00:00', '--job-id', '417', '--raw', '--subdir', 'DAGS_FOLDER/data_ingestion_gcs_dag.py', '--cfg-path', '/tmp/tmpr9hbtu5r']
[2023-06-15T12:59:50.335+0000] {standard_task_runner.py:83} INFO - Job 417: Subtask download_dataset_task
[2023-06-15T12:59:50.491+0000] {task_command.py:388} INFO - Running <TaskInstance: data_ingestion_gcs_dag.download_dataset_task manual__2023-06-15T12:59:43.166609+00:00 [running]> on host 658b05ff6f1a
[2023-06-15T12:59:50.617+0000] {taskinstance.py:1511} INFO - Exporting the following env vars:
AIRFLOW_CTX_DAG_OWNER=***
AIRFLOW_CTX_DAG_ID=data_ingestion_gcs_dag
AIRFLOW_CTX_TASK_ID=download_dataset_task
AIRFLOW_CTX_EXECUTION_DATE=2023-06-15T12:59:43.166609+00:00
AIRFLOW_CTX_TRY_NUMBER=1
AIRFLOW_CTX_DAG_RUN_ID=manual__2023-06-15T12:59:43.166609+00:00
[2023-06-15T12:59:50.620+0000] {subprocess.py:63} INFO - Tmp dir root location: 
 /tmp
[2023-06-15T12:59:50.630+0000] {subprocess.py:75} INFO - Running command: ['/bin/bash', '-c', '\n            cd /opt/*** && kaggle datasets download -d arnabchaki/data-science-salaries-2023 --force && y && unzip data-science-salaries-2023.zip && rm data-science-salaries-2023.zip\n            ']
[2023-06-15T12:59:50.663+0000] {subprocess.py:86} INFO - Output:
[2023-06-15T12:59:52.157+0000] {subprocess.py:93} INFO - Downloading data-science-salaries-2023.zip to /opt/***
[2023-06-15T12:59:52.192+0000] {subprocess.py:93} INFO -   0%|          | 0.00/25.4k [00:00<?, ?B/s]100%|██████████| 25.4k/25.4k [00:00<00:00, 768kB/s]
[2023-06-15T12:59:52.193+0000] {subprocess.py:93} INFO - 
[2023-06-15T12:59:52.354+0000] {subprocess.py:93} INFO - /bin/bash: line 2: y: command not found
[2023-06-15T12:59:52.356+0000] {subprocess.py:97} INFO - Command exited with return code 127
[2023-06-15T12:59:52.372+0000] {taskinstance.py:1775} ERROR - Task failed with exception
Traceback (most recent call last):
  File "/home/airflow/.local/lib/python3.7/site-packages/airflow/operators/bash.py", line 197, in execute
    f"Bash command failed. The command returned a non-zero exit code {result.exit_code}."
airflow.exceptions.AirflowException: Bash command failed. The command returned a non-zero exit code 127.
[2023-06-15T12:59:52.380+0000] {taskinstance.py:1326} INFO - Marking task as UP_FOR_RETRY. dag_id=data_ingestion_gcs_dag, task_id=download_dataset_task, execution_date=20230615T125943, start_date=20230615T125950, end_date=20230615T125952
[2023-06-15T12:59:52.407+0000] {standard_task_runner.py:105} ERROR - Failed to execute job 417 for task download_dataset_task (Bash command failed. The command returned a non-zero exit code 127.; 20701)
[2023-06-15T12:59:52.434+0000] {local_task_job.py:212} INFO - Task exited with return code 1
[2023-06-15T12:59:52.475+0000] {taskinstance.py:2585} INFO - 0 downstream tasks scheduled from follow-on schedule check
