[2023-06-15T05:13:43.976+0000] {taskinstance.py:1084} INFO - Dependencies all met for dep_context=non-requeueable deps ti=<TaskInstance: data_ingestion_gcs_dag.download_dataset_task manual__2023-06-15T05:13:15.613234+00:00 [queued]>
[2023-06-15T05:13:43.993+0000] {taskinstance.py:1084} INFO - Dependencies all met for dep_context=requeueable deps ti=<TaskInstance: data_ingestion_gcs_dag.download_dataset_task manual__2023-06-15T05:13:15.613234+00:00 [queued]>
[2023-06-15T05:13:43.994+0000] {taskinstance.py:1282} INFO - 
--------------------------------------------------------------------------------
[2023-06-15T05:13:43.996+0000] {taskinstance.py:1283} INFO - Starting attempt 1 of 2
[2023-06-15T05:13:43.996+0000] {taskinstance.py:1284} INFO - 
--------------------------------------------------------------------------------
[2023-06-15T05:13:44.026+0000] {taskinstance.py:1303} INFO - Executing <Task(BashOperator): download_dataset_task> on 2023-06-15 05:13:15.613234+00:00
[2023-06-15T05:13:44.040+0000] {standard_task_runner.py:55} INFO - Started process 6899 to run task
[2023-06-15T05:13:44.044+0000] {standard_task_runner.py:82} INFO - Running: ['***', 'tasks', 'run', 'data_ingestion_gcs_dag', 'download_dataset_task', 'manual__2023-06-15T05:13:15.613234+00:00', '--job-id', '297', '--raw', '--subdir', 'DAGS_FOLDER/data_ingestion_gcs_dag.py', '--cfg-path', '/tmp/tmpk1x03olf']
[2023-06-15T05:13:44.047+0000] {standard_task_runner.py:83} INFO - Job 297: Subtask download_dataset_task
[2023-06-15T05:13:44.181+0000] {task_command.py:388} INFO - Running <TaskInstance: data_ingestion_gcs_dag.download_dataset_task manual__2023-06-15T05:13:15.613234+00:00 [running]> on host 7e4a92a12ba6
[2023-06-15T05:13:44.322+0000] {taskinstance.py:1511} INFO - Exporting the following env vars:
AIRFLOW_CTX_DAG_OWNER=***
AIRFLOW_CTX_DAG_ID=data_ingestion_gcs_dag
AIRFLOW_CTX_TASK_ID=download_dataset_task
AIRFLOW_CTX_EXECUTION_DATE=2023-06-15T05:13:15.613234+00:00
AIRFLOW_CTX_TRY_NUMBER=1
AIRFLOW_CTX_DAG_RUN_ID=manual__2023-06-15T05:13:15.613234+00:00
[2023-06-15T05:13:44.324+0000] {subprocess.py:63} INFO - Tmp dir root location: 
 /tmp
[2023-06-15T05:13:44.344+0000] {subprocess.py:75} INFO - Running command: ['/bin/bash', '-c', 'kaggle datasets download -d sherrytp/airline-delay-analysis > /opt/***/airline-delay-analysis']
[2023-06-15T05:13:44.382+0000] {subprocess.py:86} INFO - Output:
[2023-06-15T05:13:44.439+0000] {subprocess.py:93} INFO - /bin/bash: line 1: /opt/***/airline-delay-analysis: Is a directory
[2023-06-15T05:13:44.443+0000] {subprocess.py:97} INFO - Command exited with return code 1
[2023-06-15T05:13:44.465+0000] {taskinstance.py:1775} ERROR - Task failed with exception
Traceback (most recent call last):
  File "/home/airflow/.local/lib/python3.7/site-packages/airflow/operators/bash.py", line 197, in execute
    f"Bash command failed. The command returned a non-zero exit code {result.exit_code}."
airflow.exceptions.AirflowException: Bash command failed. The command returned a non-zero exit code 1.
[2023-06-15T05:13:44.473+0000] {taskinstance.py:1326} INFO - Marking task as UP_FOR_RETRY. dag_id=data_ingestion_gcs_dag, task_id=download_dataset_task, execution_date=20230615T051315, start_date=20230615T051343, end_date=20230615T051344
[2023-06-15T05:13:44.504+0000] {standard_task_runner.py:105} ERROR - Failed to execute job 297 for task download_dataset_task (Bash command failed. The command returned a non-zero exit code 1.; 6899)
[2023-06-15T05:13:44.546+0000] {local_task_job.py:212} INFO - Task exited with return code 1
[2023-06-15T05:13:44.589+0000] {taskinstance.py:2585} INFO - 0 downstream tasks scheduled from follow-on schedule check
