[2023-06-17T00:00:10.574+0000] {taskinstance.py:1084} INFO - Dependencies all met for dep_context=non-requeueable deps ti=<TaskInstance: data_ingestion_gcs_dag.format_to_parquet_task scheduled__2023-06-16T00:00:00+00:00 [queued]>
[2023-06-17T00:00:10.590+0000] {taskinstance.py:1084} INFO - Dependencies all met for dep_context=requeueable deps ti=<TaskInstance: data_ingestion_gcs_dag.format_to_parquet_task scheduled__2023-06-16T00:00:00+00:00 [queued]>
[2023-06-17T00:00:10.591+0000] {taskinstance.py:1282} INFO - 
--------------------------------------------------------------------------------
[2023-06-17T00:00:10.592+0000] {taskinstance.py:1283} INFO - Starting attempt 1 of 2
[2023-06-17T00:00:10.593+0000] {taskinstance.py:1284} INFO - 
--------------------------------------------------------------------------------
[2023-06-17T00:00:10.619+0000] {taskinstance.py:1303} INFO - Executing <Task(PythonOperator): format_to_parquet_task> on 2023-06-16 00:00:00+00:00
[2023-06-17T00:00:10.631+0000] {standard_task_runner.py:55} INFO - Started process 4144 to run task
[2023-06-17T00:00:10.638+0000] {standard_task_runner.py:82} INFO - Running: ['***', 'tasks', 'run', 'data_ingestion_gcs_dag', 'format_to_parquet_task', 'scheduled__2023-06-16T00:00:00+00:00', '--job-id', '538', '--raw', '--subdir', 'DAGS_FOLDER/data_ingestion_gcs_dag.py', '--cfg-path', '/tmp/tmpdlbh7xa0']
[2023-06-17T00:00:10.640+0000] {standard_task_runner.py:83} INFO - Job 538: Subtask format_to_parquet_task
[2023-06-17T00:00:10.809+0000] {task_command.py:388} INFO - Running <TaskInstance: data_ingestion_gcs_dag.format_to_parquet_task scheduled__2023-06-16T00:00:00+00:00 [running]> on host 2a315e4d94ac
[2023-06-17T00:00:10.983+0000] {taskinstance.py:1511} INFO - Exporting the following env vars:
AIRFLOW_CTX_DAG_OWNER=***
AIRFLOW_CTX_DAG_ID=data_ingestion_gcs_dag
AIRFLOW_CTX_TASK_ID=format_to_parquet_task
AIRFLOW_CTX_EXECUTION_DATE=2023-06-16T00:00:00+00:00
AIRFLOW_CTX_TRY_NUMBER=1
AIRFLOW_CTX_DAG_RUN_ID=scheduled__2023-06-16T00:00:00+00:00
[2023-06-17T00:00:10.999+0000] {data_ingestion_gcs_dag.py:28} ERROR - Can only accept source files in CSV format, for the moment
[2023-06-17T00:00:11.009+0000] {data_ingestion_gcs_dag.py:28} ERROR - Can only accept source files in CSV format, for the moment
[2023-06-17T00:00:11.010+0000] {data_ingestion_gcs_dag.py:28} ERROR - Can only accept source files in CSV format, for the moment
[2023-06-17T00:00:11.012+0000] {data_ingestion_gcs_dag.py:28} ERROR - Can only accept source files in CSV format, for the moment
[2023-06-17T00:00:11.013+0000] {data_ingestion_gcs_dag.py:28} ERROR - Can only accept source files in CSV format, for the moment
[2023-06-17T00:00:11.014+0000] {data_ingestion_gcs_dag.py:28} ERROR - Can only accept source files in CSV format, for the moment
[2023-06-17T00:00:11.015+0000] {python.py:177} INFO - Done. Returned value was: None
[2023-06-17T00:00:11.029+0000] {taskinstance.py:1326} INFO - Marking task as SUCCESS. dag_id=data_ingestion_gcs_dag, task_id=format_to_parquet_task, execution_date=20230616T000000, start_date=20230617T000010, end_date=20230617T000011
[2023-06-17T00:00:11.097+0000] {local_task_job.py:212} INFO - Task exited with return code 0
[2023-06-17T00:00:11.155+0000] {taskinstance.py:2585} INFO - 1 downstream tasks scheduled from follow-on schedule check
