[2023-06-16T00:35:25.142+0000] {taskinstance.py:1084} INFO - Dependencies all met for dep_context=non-requeueable deps ti=<TaskInstance: data_ingestion_gcs_dag.download_dataset_task manual__2023-06-16T00:35:16.508099+00:00 [queued]>
[2023-06-16T00:35:25.159+0000] {taskinstance.py:1084} INFO - Dependencies all met for dep_context=requeueable deps ti=<TaskInstance: data_ingestion_gcs_dag.download_dataset_task manual__2023-06-16T00:35:16.508099+00:00 [queued]>
[2023-06-16T00:35:25.160+0000] {taskinstance.py:1282} INFO - 
--------------------------------------------------------------------------------
[2023-06-16T00:35:25.161+0000] {taskinstance.py:1283} INFO - Starting attempt 1 of 2
[2023-06-16T00:35:25.162+0000] {taskinstance.py:1284} INFO - 
--------------------------------------------------------------------------------
[2023-06-16T00:35:25.182+0000] {taskinstance.py:1303} INFO - Executing <Task(BashOperator): download_dataset_task> on 2023-06-16 00:35:16.508099+00:00
[2023-06-16T00:35:25.190+0000] {standard_task_runner.py:55} INFO - Started process 250 to run task
[2023-06-16T00:35:25.193+0000] {standard_task_runner.py:82} INFO - Running: ['***', 'tasks', 'run', 'data_ingestion_gcs_dag', 'download_dataset_task', 'manual__2023-06-16T00:35:16.508099+00:00', '--job-id', '499', '--raw', '--subdir', 'DAGS_FOLDER/data_ingestion_gcs_dag.py', '--cfg-path', '/tmp/tmpvs7nhsiw']
[2023-06-16T00:35:25.195+0000] {standard_task_runner.py:83} INFO - Job 499: Subtask download_dataset_task
[2023-06-16T00:35:25.296+0000] {task_command.py:388} INFO - Running <TaskInstance: data_ingestion_gcs_dag.download_dataset_task manual__2023-06-16T00:35:16.508099+00:00 [running]> on host 2a315e4d94ac
[2023-06-16T00:35:25.395+0000] {taskinstance.py:1511} INFO - Exporting the following env vars:
AIRFLOW_CTX_DAG_OWNER=***
AIRFLOW_CTX_DAG_ID=data_ingestion_gcs_dag
AIRFLOW_CTX_TASK_ID=download_dataset_task
AIRFLOW_CTX_EXECUTION_DATE=2023-06-16T00:35:16.508099+00:00
AIRFLOW_CTX_TRY_NUMBER=1
AIRFLOW_CTX_DAG_RUN_ID=manual__2023-06-16T00:35:16.508099+00:00
[2023-06-16T00:35:25.398+0000] {subprocess.py:63} INFO - Tmp dir root location: 
 /tmp
[2023-06-16T00:35:25.402+0000] {subprocess.py:75} INFO - Running command: ['/bin/bash', '-c', '\n        cd /opt/*** &&\n        if [ ! -d direct-messaging ]; then\n            mkdir direct-messaging &&\n            cd direct-messaging &&\n            kaggle datasets download -d mkechinov/direct-messaging &&\n            unzip direct-messaging.zip && \n            rm direct-messaging.zip\n        elif [ -d direct-messaging ]; then\n            cd direct-messaging &&\n            ls\n        fi\n        ']
[2023-06-16T00:35:25.422+0000] {subprocess.py:86} INFO - Output:
[2023-06-16T00:35:25.447+0000] {subprocess.py:97} INFO - Command exited with return code 0
[2023-06-16T00:35:25.539+0000] {taskinstance.py:1326} INFO - Marking task as SUCCESS. dag_id=data_ingestion_gcs_dag, task_id=download_dataset_task, execution_date=20230616T003516, start_date=20230616T003525, end_date=20230616T003525
[2023-06-16T00:35:25.607+0000] {local_task_job.py:212} INFO - Task exited with return code 0
[2023-06-16T00:35:25.652+0000] {taskinstance.py:2585} INFO - 1 downstream tasks scheduled from follow-on schedule check
