[2023-06-15T01:24:31.156+0000] {taskinstance.py:1084} INFO - Dependencies all met for dep_context=non-requeueable deps ti=<TaskInstance: data_ingestion_gcs_dag.download_kaggle_dataset_task manual__2023-06-15T01:24:24.144538+00:00 [queued]>
[2023-06-15T01:24:31.189+0000] {taskinstance.py:1084} INFO - Dependencies all met for dep_context=requeueable deps ti=<TaskInstance: data_ingestion_gcs_dag.download_kaggle_dataset_task manual__2023-06-15T01:24:24.144538+00:00 [queued]>
[2023-06-15T01:24:31.190+0000] {taskinstance.py:1282} INFO - 
--------------------------------------------------------------------------------
[2023-06-15T01:24:31.192+0000] {taskinstance.py:1283} INFO - Starting attempt 1 of 2
[2023-06-15T01:24:31.193+0000] {taskinstance.py:1284} INFO - 
--------------------------------------------------------------------------------
[2023-06-15T01:24:31.230+0000] {taskinstance.py:1303} INFO - Executing <Task(PythonOperator): download_kaggle_dataset_task> on 2023-06-15 01:24:24.144538+00:00
[2023-06-15T01:24:31.271+0000] {standard_task_runner.py:55} INFO - Started process 8277 to run task
[2023-06-15T01:24:31.280+0000] {standard_task_runner.py:82} INFO - Running: ['***', 'tasks', 'run', 'data_ingestion_gcs_dag', 'download_kaggle_dataset_task', 'manual__2023-06-15T01:24:24.144538+00:00', '--job-id', '219', '--raw', '--subdir', 'DAGS_FOLDER/data_ingestion_gcs_dag.py', '--cfg-path', '/tmp/tmpmy4mrzbb']
[2023-06-15T01:24:31.285+0000] {standard_task_runner.py:83} INFO - Job 219: Subtask download_kaggle_dataset_task
[2023-06-15T01:24:31.426+0000] {task_command.py:388} INFO - Running <TaskInstance: data_ingestion_gcs_dag.download_kaggle_dataset_task manual__2023-06-15T01:24:24.144538+00:00 [running]> on host 570ce802d94a
[2023-06-15T01:24:31.701+0000] {taskinstance.py:1511} INFO - Exporting the following env vars:
AIRFLOW_CTX_DAG_OWNER=***
AIRFLOW_CTX_DAG_ID=data_ingestion_gcs_dag
AIRFLOW_CTX_TASK_ID=download_kaggle_dataset_task
AIRFLOW_CTX_EXECUTION_DATE=2023-06-15T01:24:24.144538+00:00
AIRFLOW_CTX_TRY_NUMBER=1
AIRFLOW_CTX_DAG_RUN_ID=manual__2023-06-15T01:24:24.144538+00:00
[2023-06-15T01:24:32.917+0000] {python.py:177} INFO - Done. Returned value was: None
[2023-06-15T01:24:32.948+0000] {taskinstance.py:1326} INFO - Marking task as SUCCESS. dag_id=data_ingestion_gcs_dag, task_id=download_kaggle_dataset_task, execution_date=20230615T012424, start_date=20230615T012431, end_date=20230615T012432
[2023-06-15T01:24:33.029+0000] {local_task_job.py:212} INFO - Task exited with return code 0
[2023-06-15T01:24:33.119+0000] {taskinstance.py:2585} INFO - 1 downstream tasks scheduled from follow-on schedule check
