[2023-06-15T07:45:05.253+0000] {taskinstance.py:1084} INFO - Dependencies all met for dep_context=non-requeueable deps ti=<TaskInstance: data_ingestion_gcs_dag.unzip_task manual__2023-06-15T07:44:59.613645+00:00 [queued]>
[2023-06-15T07:45:05.271+0000] {taskinstance.py:1084} INFO - Dependencies all met for dep_context=requeueable deps ti=<TaskInstance: data_ingestion_gcs_dag.unzip_task manual__2023-06-15T07:44:59.613645+00:00 [queued]>
[2023-06-15T07:45:05.273+0000] {taskinstance.py:1282} INFO - 
--------------------------------------------------------------------------------
[2023-06-15T07:45:05.274+0000] {taskinstance.py:1283} INFO - Starting attempt 1 of 2
[2023-06-15T07:45:05.275+0000] {taskinstance.py:1284} INFO - 
--------------------------------------------------------------------------------
[2023-06-15T07:45:05.297+0000] {taskinstance.py:1303} INFO - Executing <Task(BashOperator): unzip_task> on 2023-06-15 07:44:59.613645+00:00
[2023-06-15T07:45:05.311+0000] {standard_task_runner.py:55} INFO - Started process 7015 to run task
[2023-06-15T07:45:05.314+0000] {standard_task_runner.py:82} INFO - Running: ['***', 'tasks', 'run', 'data_ingestion_gcs_dag', 'unzip_task', 'manual__2023-06-15T07:44:59.613645+00:00', '--job-id', '331', '--raw', '--subdir', 'DAGS_FOLDER/data_ingestion_gcs_dag.py', '--cfg-path', '/tmp/tmpe5xq6q1q']
[2023-06-15T07:45:05.316+0000] {standard_task_runner.py:83} INFO - Job 331: Subtask unzip_task
[2023-06-15T07:45:05.406+0000] {task_command.py:388} INFO - Running <TaskInstance: data_ingestion_gcs_dag.unzip_task manual__2023-06-15T07:44:59.613645+00:00 [running]> on host 658b05ff6f1a
[2023-06-15T07:45:05.507+0000] {taskinstance.py:1511} INFO - Exporting the following env vars:
AIRFLOW_CTX_DAG_OWNER=***
AIRFLOW_CTX_DAG_ID=data_ingestion_gcs_dag
AIRFLOW_CTX_TASK_ID=unzip_task
AIRFLOW_CTX_EXECUTION_DATE=2023-06-15T07:44:59.613645+00:00
AIRFLOW_CTX_TRY_NUMBER=1
AIRFLOW_CTX_DAG_RUN_ID=manual__2023-06-15T07:44:59.613645+00:00
[2023-06-15T07:45:05.513+0000] {subprocess.py:63} INFO - Tmp dir root location: 
 /tmp
[2023-06-15T07:45:05.520+0000] {subprocess.py:75} INFO - Running command: ['/bin/bash', '-c', 'if ! file -b --mime-type /opt/***/datasets/data-science-salaries-2023.zip | grep -q "application/zip"; then echo "Not a zip file"; else unzip -o /opt/***/datasets/data-science-salaries-2023.zip -d /opt/***/datasets/; fi']
[2023-06-15T07:45:05.546+0000] {subprocess.py:86} INFO - Output:
[2023-06-15T07:45:05.557+0000] {subprocess.py:93} INFO - /bin/bash: line 1: file: command not found
[2023-06-15T07:45:05.564+0000] {subprocess.py:93} INFO - Not a zip file
[2023-06-15T07:45:05.565+0000] {subprocess.py:97} INFO - Command exited with return code 0
[2023-06-15T07:45:05.606+0000] {taskinstance.py:1326} INFO - Marking task as SUCCESS. dag_id=data_ingestion_gcs_dag, task_id=unzip_task, execution_date=20230615T074459, start_date=20230615T074505, end_date=20230615T074505
[2023-06-15T07:45:05.648+0000] {local_task_job.py:212} INFO - Task exited with return code 0
[2023-06-15T07:45:05.691+0000] {taskinstance.py:2585} INFO - 0 downstream tasks scheduled from follow-on schedule check
