[2023-06-13T17:44:07.261+0000] {taskinstance.py:1084} INFO - Dependencies all met for dep_context=non-requeueable deps ti=<TaskInstance: data_ingestion_gcs_dag.download_dataset_task manual__2023-06-13T17:38:39.136413+00:00 [queued]>
[2023-06-13T17:44:07.277+0000] {taskinstance.py:1084} INFO - Dependencies all met for dep_context=requeueable deps ti=<TaskInstance: data_ingestion_gcs_dag.download_dataset_task manual__2023-06-13T17:38:39.136413+00:00 [queued]>
[2023-06-13T17:44:07.278+0000] {taskinstance.py:1282} INFO - 
--------------------------------------------------------------------------------
[2023-06-13T17:44:07.279+0000] {taskinstance.py:1283} INFO - Starting attempt 2 of 2
[2023-06-13T17:44:07.280+0000] {taskinstance.py:1284} INFO - 
--------------------------------------------------------------------------------
[2023-06-13T17:44:07.302+0000] {taskinstance.py:1303} INFO - Executing <Task(BashOperator): download_dataset_task> on 2023-06-13 17:38:39.136413+00:00
[2023-06-13T17:44:07.312+0000] {standard_task_runner.py:55} INFO - Started process 498 to run task
[2023-06-13T17:44:07.315+0000] {standard_task_runner.py:82} INFO - Running: ['***', 'tasks', 'run', 'data_ingestion_gcs_dag', 'download_dataset_task', 'manual__2023-06-13T17:38:39.136413+00:00', '--job-id', '43', '--raw', '--subdir', 'DAGS_FOLDER/data_ingestion_gcs_dag.py', '--cfg-path', '/tmp/tmp8klr9178']
[2023-06-13T17:44:07.317+0000] {standard_task_runner.py:83} INFO - Job 43: Subtask download_dataset_task
[2023-06-13T17:44:07.400+0000] {task_command.py:388} INFO - Running <TaskInstance: data_ingestion_gcs_dag.download_dataset_task manual__2023-06-13T17:38:39.136413+00:00 [running]> on host 2adc0c380f97
[2023-06-13T17:44:07.491+0000] {taskinstance.py:1511} INFO - Exporting the following env vars:
AIRFLOW_CTX_DAG_OWNER=***
AIRFLOW_CTX_DAG_ID=data_ingestion_gcs_dag
AIRFLOW_CTX_TASK_ID=download_dataset_task
AIRFLOW_CTX_EXECUTION_DATE=2023-06-13T17:38:39.136413+00:00
AIRFLOW_CTX_TRY_NUMBER=2
AIRFLOW_CTX_DAG_RUN_ID=manual__2023-06-13T17:38:39.136413+00:00
[2023-06-13T17:44:07.494+0000] {subprocess.py:63} INFO - Tmp dir root location: 
 /tmp
[2023-06-13T17:44:07.501+0000] {subprocess.py:75} INFO - Running command: ['/bin/bash', '-c', 'kaggle datasets download -d sherrytp/airline_delay_analysis -p /opt/***']
[2023-06-13T17:44:07.520+0000] {subprocess.py:86} INFO - Output:
[2023-06-13T17:44:08.300+0000] {subprocess.py:93} INFO - 403 - Forbidden
[2023-06-13T17:44:08.535+0000] {subprocess.py:97} INFO - Command exited with return code 1
[2023-06-13T17:44:08.564+0000] {taskinstance.py:1775} ERROR - Task failed with exception
Traceback (most recent call last):
  File "/home/airflow/.local/lib/python3.7/site-packages/airflow/operators/bash.py", line 197, in execute
    f"Bash command failed. The command returned a non-zero exit code {result.exit_code}."
airflow.exceptions.AirflowException: Bash command failed. The command returned a non-zero exit code 1.
[2023-06-13T17:44:08.669+0000] {taskinstance.py:1326} INFO - Marking task as FAILED. dag_id=data_ingestion_gcs_dag, task_id=download_dataset_task, execution_date=20230613T173839, start_date=20230613T174407, end_date=20230613T174408
[2023-06-13T17:44:08.832+0000] {standard_task_runner.py:105} ERROR - Failed to execute job 43 for task download_dataset_task (Bash command failed. The command returned a non-zero exit code 1.; 498)
[2023-06-13T17:44:08.848+0000] {local_task_job.py:212} INFO - Task exited with return code 1
[2023-06-13T17:44:08.902+0000] {taskinstance.py:2585} INFO - 0 downstream tasks scheduled from follow-on schedule check
