[2023-06-13T17:38:56.247+0000] {taskinstance.py:1084} INFO - Dependencies all met for dep_context=non-requeueable deps ti=<TaskInstance: data_ingestion_gcs_dag.download_dataset_task manual__2023-06-13T17:38:39.136413+00:00 [queued]>
[2023-06-13T17:38:56.265+0000] {taskinstance.py:1084} INFO - Dependencies all met for dep_context=requeueable deps ti=<TaskInstance: data_ingestion_gcs_dag.download_dataset_task manual__2023-06-13T17:38:39.136413+00:00 [queued]>
[2023-06-13T17:38:56.266+0000] {taskinstance.py:1282} INFO - 
--------------------------------------------------------------------------------
[2023-06-13T17:38:56.267+0000] {taskinstance.py:1283} INFO - Starting attempt 1 of 2
[2023-06-13T17:38:56.268+0000] {taskinstance.py:1284} INFO - 
--------------------------------------------------------------------------------
[2023-06-13T17:38:56.297+0000] {taskinstance.py:1303} INFO - Executing <Task(BashOperator): download_dataset_task> on 2023-06-13 17:38:39.136413+00:00
[2023-06-13T17:38:56.313+0000] {standard_task_runner.py:55} INFO - Started process 198 to run task
[2023-06-13T17:38:56.316+0000] {standard_task_runner.py:82} INFO - Running: ['***', 'tasks', 'run', 'data_ingestion_gcs_dag', 'download_dataset_task', 'manual__2023-06-13T17:38:39.136413+00:00', '--job-id', '42', '--raw', '--subdir', 'DAGS_FOLDER/data_ingestion_gcs_dag.py', '--cfg-path', '/tmp/tmpmkczmf9f']
[2023-06-13T17:38:56.319+0000] {standard_task_runner.py:83} INFO - Job 42: Subtask download_dataset_task
[2023-06-13T17:38:56.416+0000] {task_command.py:388} INFO - Running <TaskInstance: data_ingestion_gcs_dag.download_dataset_task manual__2023-06-13T17:38:39.136413+00:00 [running]> on host 2adc0c380f97
[2023-06-13T17:38:56.530+0000] {taskinstance.py:1511} INFO - Exporting the following env vars:
AIRFLOW_CTX_DAG_OWNER=***
AIRFLOW_CTX_DAG_ID=data_ingestion_gcs_dag
AIRFLOW_CTX_TASK_ID=download_dataset_task
AIRFLOW_CTX_EXECUTION_DATE=2023-06-13T17:38:39.136413+00:00
AIRFLOW_CTX_TRY_NUMBER=1
AIRFLOW_CTX_DAG_RUN_ID=manual__2023-06-13T17:38:39.136413+00:00
[2023-06-13T17:38:56.533+0000] {subprocess.py:63} INFO - Tmp dir root location: 
 /tmp
[2023-06-13T17:38:56.537+0000] {subprocess.py:75} INFO - Running command: ['/bin/bash', '-c', 'kaggle datasets download -d sherrytp/airline_delay_analysis -p /opt/***']
[2023-06-13T17:38:56.566+0000] {subprocess.py:86} INFO - Output:
[2023-06-13T17:38:57.428+0000] {subprocess.py:93} INFO - 403 - Forbidden
[2023-06-13T17:38:57.561+0000] {subprocess.py:97} INFO - Command exited with return code 1
[2023-06-13T17:38:57.580+0000] {taskinstance.py:1775} ERROR - Task failed with exception
Traceback (most recent call last):
  File "/home/airflow/.local/lib/python3.7/site-packages/airflow/operators/bash.py", line 197, in execute
    f"Bash command failed. The command returned a non-zero exit code {result.exit_code}."
airflow.exceptions.AirflowException: Bash command failed. The command returned a non-zero exit code 1.
[2023-06-13T17:38:57.586+0000] {taskinstance.py:1326} INFO - Marking task as UP_FOR_RETRY. dag_id=data_ingestion_gcs_dag, task_id=download_dataset_task, execution_date=20230613T173839, start_date=20230613T173856, end_date=20230613T173857
[2023-06-13T17:38:57.613+0000] {standard_task_runner.py:105} ERROR - Failed to execute job 42 for task download_dataset_task (Bash command failed. The command returned a non-zero exit code 1.; 198)
[2023-06-13T17:38:57.655+0000] {local_task_job.py:212} INFO - Task exited with return code 1
[2023-06-13T17:38:57.698+0000] {taskinstance.py:2585} INFO - 0 downstream tasks scheduled from follow-on schedule check
