[2023-06-15T12:52:10.092+0000] {taskinstance.py:1084} INFO - Dependencies all met for dep_context=non-requeueable deps ti=<TaskInstance: data_ingestion_gcs_dag.download_dataset_task manual__2023-06-15T12:52:02.914902+00:00 [queued]>
[2023-06-15T12:52:10.108+0000] {taskinstance.py:1084} INFO - Dependencies all met for dep_context=requeueable deps ti=<TaskInstance: data_ingestion_gcs_dag.download_dataset_task manual__2023-06-15T12:52:02.914902+00:00 [queued]>
[2023-06-15T12:52:10.109+0000] {taskinstance.py:1282} INFO - 
--------------------------------------------------------------------------------
[2023-06-15T12:52:10.110+0000] {taskinstance.py:1283} INFO - Starting attempt 1 of 2
[2023-06-15T12:52:10.111+0000] {taskinstance.py:1284} INFO - 
--------------------------------------------------------------------------------
[2023-06-15T12:52:10.132+0000] {taskinstance.py:1303} INFO - Executing <Task(BashOperator): download_dataset_task> on 2023-06-15 12:52:02.914902+00:00
[2023-06-15T12:52:10.149+0000] {standard_task_runner.py:55} INFO - Started process 20224 to run task
[2023-06-15T12:52:10.152+0000] {standard_task_runner.py:82} INFO - Running: ['***', 'tasks', 'run', 'data_ingestion_gcs_dag', 'download_dataset_task', 'manual__2023-06-15T12:52:02.914902+00:00', '--job-id', '413', '--raw', '--subdir', 'DAGS_FOLDER/data_ingestion_gcs_dag.py', '--cfg-path', '/tmp/tmp_8ku_6cz']
[2023-06-15T12:52:10.154+0000] {standard_task_runner.py:83} INFO - Job 413: Subtask download_dataset_task
[2023-06-15T12:52:10.242+0000] {task_command.py:388} INFO - Running <TaskInstance: data_ingestion_gcs_dag.download_dataset_task manual__2023-06-15T12:52:02.914902+00:00 [running]> on host 658b05ff6f1a
[2023-06-15T12:52:10.358+0000] {taskinstance.py:1511} INFO - Exporting the following env vars:
AIRFLOW_CTX_DAG_OWNER=***
AIRFLOW_CTX_DAG_ID=data_ingestion_gcs_dag
AIRFLOW_CTX_TASK_ID=download_dataset_task
AIRFLOW_CTX_EXECUTION_DATE=2023-06-15T12:52:02.914902+00:00
AIRFLOW_CTX_TRY_NUMBER=1
AIRFLOW_CTX_DAG_RUN_ID=manual__2023-06-15T12:52:02.914902+00:00
[2023-06-15T12:52:10.361+0000] {subprocess.py:63} INFO - Tmp dir root location: 
 /tmp
[2023-06-15T12:52:10.372+0000] {subprocess.py:75} INFO - Running command: ['/bin/bash', '-c', '\n            rm data-science-salaries-2023.csv &&\n            rm data-science-salaries-2023.zip &&\n            mkdir -p /opt/***/data-science-salaries-2023 &&\n            cd /opt/*** && kaggle datasets download -d arnabchaki/data-science-salaries-2023 && unzip data-science-salaries-2023.zip && rm data-science-salaries-2023.zip']
[2023-06-15T12:52:10.419+0000] {subprocess.py:86} INFO - Output:
[2023-06-15T12:52:10.435+0000] {subprocess.py:93} INFO - rm: cannot remove 'data-science-salaries-2023.csv': No such file or directory
[2023-06-15T12:52:10.437+0000] {subprocess.py:97} INFO - Command exited with return code 1
[2023-06-15T12:52:10.453+0000] {taskinstance.py:1775} ERROR - Task failed with exception
Traceback (most recent call last):
  File "/home/airflow/.local/lib/python3.7/site-packages/airflow/operators/bash.py", line 197, in execute
    f"Bash command failed. The command returned a non-zero exit code {result.exit_code}."
airflow.exceptions.AirflowException: Bash command failed. The command returned a non-zero exit code 1.
[2023-06-15T12:52:10.459+0000] {taskinstance.py:1326} INFO - Marking task as UP_FOR_RETRY. dag_id=data_ingestion_gcs_dag, task_id=download_dataset_task, execution_date=20230615T125202, start_date=20230615T125210, end_date=20230615T125210
[2023-06-15T12:52:10.484+0000] {standard_task_runner.py:105} ERROR - Failed to execute job 413 for task download_dataset_task (Bash command failed. The command returned a non-zero exit code 1.; 20224)
[2023-06-15T12:52:10.525+0000] {local_task_job.py:212} INFO - Task exited with return code 1
[2023-06-15T12:52:10.562+0000] {taskinstance.py:2585} INFO - 0 downstream tasks scheduled from follow-on schedule check
